[0.089s] Invoking command in '/home/pinky/pinky_pro/build/pinky_navigation': CMAKE_PREFIX_PATH=${CMAKE_PREFIX_PATH}:/home/pinky/pinky_pro/install/pinky_led:/home/pinky/pinky_pro/install/pinky_emotion:/home/pinky/pinky_pro/install/pinky_bringup:/opt/ros/jazzy DEBUGINFOD_URLS=https://debuginfod.ubuntu.com /usr/bin/cmake --build /home/pinky/pinky_pro/build/pinky_navigation -- -j4 -l4
[0.366s] Invoked command in '/home/pinky/pinky_pro/build/pinky_navigation' returned '0': CMAKE_PREFIX_PATH=${CMAKE_PREFIX_PATH}:/home/pinky/pinky_pro/install/pinky_led:/home/pinky/pinky_pro/install/pinky_emotion:/home/pinky/pinky_pro/install/pinky_bringup:/opt/ros/jazzy DEBUGINFOD_URLS=https://debuginfod.ubuntu.com /usr/bin/cmake --build /home/pinky/pinky_pro/build/pinky_navigation -- -j4 -l4
[0.435s] Invoking command in '/home/pinky/pinky_pro/build/pinky_navigation': CMAKE_PREFIX_PATH=${CMAKE_PREFIX_PATH}:/home/pinky/pinky_pro/install/pinky_led:/home/pinky/pinky_pro/install/pinky_emotion:/home/pinky/pinky_pro/install/pinky_bringup:/opt/ros/jazzy DEBUGINFOD_URLS=https://debuginfod.ubuntu.com /usr/bin/cmake --install /home/pinky/pinky_pro/build/pinky_navigation
[0.495s] -- Install configuration: ""
[0.500s] -- Up-to-date: /home/pinky/pinky_pro/install/pinky_navigation/lib/pinky_navigation/nav2_web_server.py
[0.501s] -- Up-to-date: /home/pinky/pinky_pro/install/pinky_navigation/lib/pinky_navigation/index.html
[0.501s] -- Up-to-date: /home/pinky/pinky_pro/install/pinky_navigation/lib/pinky_navigation/pinklab_logo.png
[0.502s] -- Up-to-date: /home/pinky/pinky_pro/install/pinky_navigation/share/pinky_navigation/launch
[0.502s] -- Up-to-date: /home/pinky/pinky_pro/install/pinky_navigation/share/pinky_navigation/launch/nav2_view.launch.xml
[0.502s] -- Up-to-date: /home/pinky/pinky_pro/install/pinky_navigation/share/pinky_navigation/launch/gz_nav2_view.launch.xml
[0.503s] -- Up-to-date: /home/pinky/pinky_pro/install/pinky_navigation/share/pinky_navigation/launch/web_slam.launch.xml
[0.503s] -- Up-to-date: /home/pinky/pinky_pro/install/pinky_navigation/share/pinky_navigation/launch/web_nav2.launch.xml
[0.504s] -- Up-to-date: /home/pinky/pinky_pro/install/pinky_navigation/share/pinky_navigation/launch/gz_bringup_launch.xml
[0.504s] -- Up-to-date: /home/pinky/pinky_pro/install/pinky_navigation/share/pinky_navigation/launch/localization_launch.xml
[0.504s] -- Up-to-date: /home/pinky/pinky_pro/install/pinky_navigation/share/pinky_navigation/launch/gz_web_nav2.launch.xml
[0.505s] -- Up-to-date: /home/pinky/pinky_pro/install/pinky_navigation/share/pinky_navigation/launch/gz_map_view.launch.xml
[0.505s] -- Up-to-date: /home/pinky/pinky_pro/install/pinky_navigation/share/pinky_navigation/launch/map_view.launch.xml
[0.506s] -- Up-to-date: /home/pinky/pinky_pro/install/pinky_navigation/share/pinky_navigation/launch/map_building.launch.xml
[0.507s] -- Up-to-date: /home/pinky/pinky_pro/install/pinky_navigation/share/pinky_navigation/launch/gz_map_building.launch.xml
[0.508s] -- Up-to-date: /home/pinky/pinky_pro/install/pinky_navigation/share/pinky_navigation/launch/gz_web_slam.launch.xml
[0.509s] -- Up-to-date: /home/pinky/pinky_pro/install/pinky_navigation/share/pinky_navigation/launch/bringup_launch.xml
[0.509s] -- Up-to-date: /home/pinky/pinky_pro/install/pinky_navigation/share/pinky_navigation/launch/navigation_launch.xml
[0.510s] -- Up-to-date: /home/pinky/pinky_pro/install/pinky_navigation/share/pinky_navigation/params
[0.511s] -- Up-to-date: /home/pinky/pinky_pro/install/pinky_navigation/share/pinky_navigation/params/nav2_params.yaml
[0.511s] -- Installing: /home/pinky/pinky_pro/install/pinky_navigation/share/pinky_navigation/params/mapper_params.yaml
[0.512s] -- Up-to-date: /home/pinky/pinky_pro/install/pinky_navigation/share/pinky_navigation/map
[0.512s] -- Up-to-date: /home/pinky/pinky_pro/install/pinky_navigation/share/pinky_navigation/map/my_map.yaml
[0.513s] -- Up-to-date: /home/pinky/pinky_pro/install/pinky_navigation/share/pinky_navigation/map/my_map.pgm
[0.513s] -- Up-to-date: /home/pinky/pinky_pro/install/pinky_navigation/share/pinky_navigation/map/pinklab.yaml
[0.514s] -- Up-to-date: /home/pinky/pinky_pro/install/pinky_navigation/share/pinky_navigation/map/pinklab.png
[0.515s] -- Up-to-date: /home/pinky/pinky_pro/install/pinky_navigation/share/pinky_navigation/rviz
[0.515s] -- Up-to-date: /home/pinky/pinky_pro/install/pinky_navigation/share/pinky_navigation/rviz/nav2_view.rviz
[0.516s] -- Up-to-date: /home/pinky/pinky_pro/install/pinky_navigation/share/pinky_navigation/rviz/map_building.rviz
[0.517s] -- Up-to-date: /home/pinky/pinky_pro/install/pinky_navigation/share/ament_index/resource_index/package_run_dependencies/pinky_navigation
[0.518s] -- Up-to-date: /home/pinky/pinky_pro/install/pinky_navigation/share/ament_index/resource_index/parent_prefix_path/pinky_navigation
[0.519s] -- Up-to-date: /home/pinky/pinky_pro/install/pinky_navigation/share/pinky_navigation/environment/ament_prefix_path.sh
[0.519s] -- Up-to-date: /home/pinky/pinky_pro/install/pinky_navigation/share/pinky_navigation/environment/ament_prefix_path.dsv
[0.523s] -- Up-to-date: /home/pinky/pinky_pro/install/pinky_navigation/share/pinky_navigation/environment/path.sh
[0.525s] -- Up-to-date: /home/pinky/pinky_pro/install/pinky_navigation/share/pinky_navigation/environment/path.dsv
[0.525s] -- Up-to-date: /home/pinky/pinky_pro/install/pinky_navigation/share/pinky_navigation/local_setup.bash
[0.526s] -- Up-to-date: /home/pinky/pinky_pro/install/pinky_navigation/share/pinky_navigation/local_setup.sh
[0.527s] -- Up-to-date: /home/pinky/pinky_pro/install/pinky_navigation/share/pinky_navigation/local_setup.zsh
[0.528s] -- Up-to-date: /home/pinky/pinky_pro/install/pinky_navigation/share/pinky_navigation/local_setup.dsv
[0.529s] -- Installing: /home/pinky/pinky_pro/install/pinky_navigation/share/pinky_navigation/package.dsv
[0.530s] -- Up-to-date: /home/pinky/pinky_pro/install/pinky_navigation/share/ament_index/resource_index/packages/pinky_navigation
[0.530s] -- Up-to-date: /home/pinky/pinky_pro/install/pinky_navigation/share/pinky_navigation/cmake/pinky_navigationConfig.cmake
[0.531s] -- Up-to-date: /home/pinky/pinky_pro/install/pinky_navigation/share/pinky_navigation/cmake/pinky_navigationConfig-version.cmake
[0.534s] -- Up-to-date: /home/pinky/pinky_pro/install/pinky_navigation/share/pinky_navigation/package.xml
[0.536s] Invoked command in '/home/pinky/pinky_pro/build/pinky_navigation' returned '0': CMAKE_PREFIX_PATH=${CMAKE_PREFIX_PATH}:/home/pinky/pinky_pro/install/pinky_led:/home/pinky/pinky_pro/install/pinky_emotion:/home/pinky/pinky_pro/install/pinky_bringup:/opt/ros/jazzy DEBUGINFOD_URLS=https://debuginfod.ubuntu.com /usr/bin/cmake --install /home/pinky/pinky_pro/build/pinky_navigation
