[0.090s] Invoking command in '/home/pinky/pinky_pro/build/pinky_sensor_adc': CMAKE_PREFIX_PATH=${CMAKE_PREFIX_PATH}:/home/pinky/pinky_pro/install/pinky_led:/home/pinky/pinky_pro/install/pinky_emotion:/home/pinky/pinky_pro/install/pinky_bringup:/opt/ros/jazzy DEBUGINFOD_URLS=https://debuginfod.ubuntu.com /usr/bin/cmake --build /home/pinky/pinky_pro/build/pinky_sensor_adc -- -j4 -l4
[0.723s] [100%] Built target main_node
[0.821s] Invoked command in '/home/pinky/pinky_pro/build/pinky_sensor_adc' returned '0': CMAKE_PREFIX_PATH=${CMAKE_PREFIX_PATH}:/home/pinky/pinky_pro/install/pinky_led:/home/pinky/pinky_pro/install/pinky_emotion:/home/pinky/pinky_pro/install/pinky_bringup:/opt/ros/jazzy DEBUGINFOD_URLS=https://debuginfod.ubuntu.com /usr/bin/cmake --build /home/pinky/pinky_pro/build/pinky_sensor_adc -- -j4 -l4
[0.830s] Invoking command in '/home/pinky/pinky_pro/build/pinky_sensor_adc': CMAKE_PREFIX_PATH=${CMAKE_PREFIX_PATH}:/home/pinky/pinky_pro/install/pinky_led:/home/pinky/pinky_pro/install/pinky_emotion:/home/pinky/pinky_pro/install/pinky_bringup:/opt/ros/jazzy DEBUGINFOD_URLS=https://debuginfod.ubuntu.com /usr/bin/cmake --install /home/pinky/pinky_pro/build/pinky_sensor_adc
[0.905s] -- Install configuration: ""
[0.911s] -- Up-to-date: /home/pinky/pinky_pro/install/pinky_sensor_adc/lib/pinky_sensor_adc/main_node
[0.912s] -- Up-to-date: /home/pinky/pinky_pro/install/pinky_sensor_adc/share/ament_index/resource_index/package_run_dependencies/pinky_sensor_adc
[0.915s] -- Up-to-date: /home/pinky/pinky_pro/install/pinky_sensor_adc/share/ament_index/resource_index/parent_prefix_path/pinky_sensor_adc
[0.922s] -- Up-to-date: /home/pinky/pinky_pro/install/pinky_sensor_adc/share/pinky_sensor_adc/environment/ament_prefix_path.sh
[0.926s] -- Up-to-date: /home/pinky/pinky_pro/install/pinky_sensor_adc/share/pinky_sensor_adc/environment/ament_prefix_path.dsv
[0.930s] -- Up-to-date: /home/pinky/pinky_pro/install/pinky_sensor_adc/share/pinky_sensor_adc/environment/path.sh
[0.934s] -- Up-to-date: /home/pinky/pinky_pro/install/pinky_sensor_adc/share/pinky_sensor_adc/environment/path.dsv
[0.939s] -- Up-to-date: /home/pinky/pinky_pro/install/pinky_sensor_adc/share/pinky_sensor_adc/local_setup.bash
[0.942s] -- Up-to-date: /home/pinky/pinky_pro/install/pinky_sensor_adc/share/pinky_sensor_adc/local_setup.sh
[0.942s] -- Up-to-date: /home/pinky/pinky_pro/install/pinky_sensor_adc/share/pinky_sensor_adc/local_setup.zsh
[0.952s] -- Up-to-date: /home/pinky/pinky_pro/install/pinky_sensor_adc/share/pinky_sensor_adc/local_setup.dsv
[0.957s] -- Installing: /home/pinky/pinky_pro/install/pinky_sensor_adc/share/pinky_sensor_adc/package.dsv
[0.962s] -- Up-to-date: /home/pinky/pinky_pro/install/pinky_sensor_adc/share/ament_index/resource_index/packages/pinky_sensor_adc
[0.967s] -- Up-to-date: /home/pinky/pinky_pro/install/pinky_sensor_adc/share/pinky_sensor_adc/cmake/pinky_sensor_adcConfig.cmake
[0.971s] -- Up-to-date: /home/pinky/pinky_pro/install/pinky_sensor_adc/share/pinky_sensor_adc/cmake/pinky_sensor_adcConfig-version.cmake
[0.976s] -- Up-to-date: /home/pinky/pinky_pro/install/pinky_sensor_adc/share/pinky_sensor_adc/package.xml
[0.980s] Invoked command in '/home/pinky/pinky_pro/build/pinky_sensor_adc' returned '0': CMAKE_PREFIX_PATH=${CMAKE_PREFIX_PATH}:/home/pinky/pinky_pro/install/pinky_led:/home/pinky/pinky_pro/install/pinky_emotion:/home/pinky/pinky_pro/install/pinky_bringup:/opt/ros/jazzy DEBUGINFOD_URLS=https://debuginfod.ubuntu.com /usr/bin/cmake --install /home/pinky/pinky_pro/build/pinky_sensor_adc
