[0.095s] Invoking command in '/home/pinky/pinky_pro/build/pinky_navigation': CMAKE_PREFIX_PATH=${CMAKE_PREFIX_PATH}:/home/pinky/pinky_pro/install/pinky_led:/home/pinky/pinky_pro/install/pinky_emotion:/home/pinky/pinky_pro/install/pinky_bringup:/opt/ros/jazzy DEBUGINFOD_URLS=https://debuginfod.ubuntu.com /usr/bin/cmake --build /home/pinky/pinky_pro/build/pinky_navigation -- -j4 -l4
[0.383s] Invoked command in '/home/pinky/pinky_pro/build/pinky_navigation' returned '0': CMAKE_PREFIX_PATH=${CMAKE_PREFIX_PATH}:/home/pinky/pinky_pro/install/pinky_led:/home/pinky/pinky_pro/install/pinky_emotion:/home/pinky/pinky_pro/install/pinky_bringup:/opt/ros/jazzy DEBUGINFOD_URLS=https://debuginfod.ubuntu.com /usr/bin/cmake --build /home/pinky/pinky_pro/build/pinky_navigation -- -j4 -l4
[0.455s] Invoking command in '/home/pinky/pinky_pro/build/pinky_navigation': CMAKE_PREFIX_PATH=${CMAKE_PREFIX_PATH}:/home/pinky/pinky_pro/install/pinky_led:/home/pinky/pinky_pro/install/pinky_emotion:/home/pinky/pinky_pro/install/pinky_bringup:/opt/ros/jazzy DEBUGINFOD_URLS=https://debuginfod.ubuntu.com /usr/bin/cmake --install /home/pinky/pinky_pro/build/pinky_navigation
[0.516s] -- Install configuration: ""
[0.519s] -- Up-to-date: /home/pinky/pinky_pro/install/pinky_navigation/lib/pinky_navigation/nav2_web_server.py
[0.520s] -- Up-to-date: /home/pinky/pinky_pro/install/pinky_navigation/lib/pinky_navigation/index.html
[0.521s] -- Up-to-date: /home/pinky/pinky_pro/install/pinky_navigation/lib/pinky_navigation/pinklab_logo.png
[0.522s] -- Up-to-date: /home/pinky/pinky_pro/install/pinky_navigation/share/pinky_navigation/launch
[0.523s] -- Up-to-date: /home/pinky/pinky_pro/install/pinky_navigation/share/pinky_navigation/launch/nav2_view.launch.xml
[0.526s] -- Up-to-date: /home/pinky/pinky_pro/install/pinky_navigation/share/pinky_navigation/launch/gz_nav2_view.launch.xml
[0.527s] -- Up-to-date: /home/pinky/pinky_pro/install/pinky_navigation/share/pinky_navigation/launch/web_slam.launch.xml
[0.528s] -- Up-to-date: /home/pinky/pinky_pro/install/pinky_navigation/share/pinky_navigation/launch/web_nav2.launch.xml
[0.530s] -- Up-to-date: /home/pinky/pinky_pro/install/pinky_navigation/share/pinky_navigation/launch/gz_bringup_launch.xml
[0.531s] -- Up-to-date: /home/pinky/pinky_pro/install/pinky_navigation/share/pinky_navigation/launch/localization_launch.xml
[0.532s] -- Up-to-date: /home/pinky/pinky_pro/install/pinky_navigation/share/pinky_navigation/launch/gz_web_nav2.launch.xml
[0.532s] -- Up-to-date: /home/pinky/pinky_pro/install/pinky_navigation/share/pinky_navigation/launch/gz_map_view.launch.xml
[0.533s] -- Up-to-date: /home/pinky/pinky_pro/install/pinky_navigation/share/pinky_navigation/launch/map_view.launch.xml
[0.533s] -- Up-to-date: /home/pinky/pinky_pro/install/pinky_navigation/share/pinky_navigation/launch/map_building.launch.xml
[0.533s] -- Up-to-date: /home/pinky/pinky_pro/install/pinky_navigation/share/pinky_navigation/launch/gz_map_building.launch.xml
[0.534s] -- Up-to-date: /home/pinky/pinky_pro/install/pinky_navigation/share/pinky_navigation/launch/gz_web_slam.launch.xml
[0.535s] -- Up-to-date: /home/pinky/pinky_pro/install/pinky_navigation/share/pinky_navigation/launch/bringup_launch.xml
[0.535s] -- Up-to-date: /home/pinky/pinky_pro/install/pinky_navigation/share/pinky_navigation/launch/navigation_launch.xml
[0.536s] -- Up-to-date: /home/pinky/pinky_pro/install/pinky_navigation/share/pinky_navigation/params
[0.537s] -- Up-to-date: /home/pinky/pinky_pro/install/pinky_navigation/share/pinky_navigation/params/nav2_params.yaml
[0.537s] -- Up-to-date: /home/pinky/pinky_pro/install/pinky_navigation/share/pinky_navigation/params/mapper_params.yaml
[0.538s] -- Up-to-date: /home/pinky/pinky_pro/install/pinky_navigation/share/pinky_navigation/map
[0.538s] -- Up-to-date: /home/pinky/pinky_pro/install/pinky_navigation/share/pinky_navigation/map/my_map.yaml
[0.539s] -- Up-to-date: /home/pinky/pinky_pro/install/pinky_navigation/share/pinky_navigation/map/my_map.pgm
[0.541s] -- Up-to-date: /home/pinky/pinky_pro/install/pinky_navigation/share/pinky_navigation/map/pinklab.yaml
[0.542s] -- Up-to-date: /home/pinky/pinky_pro/install/pinky_navigation/share/pinky_navigation/map/pinklab.png
[0.543s] -- Up-to-date: /home/pinky/pinky_pro/install/pinky_navigation/share/pinky_navigation/rviz
[0.544s] -- Up-to-date: /home/pinky/pinky_pro/install/pinky_navigation/share/pinky_navigation/rviz/nav2_view.rviz
[0.544s] -- Up-to-date: /home/pinky/pinky_pro/install/pinky_navigation/share/pinky_navigation/rviz/map_building.rviz
[0.545s] -- Up-to-date: /home/pinky/pinky_pro/install/pinky_navigation/share/ament_index/resource_index/package_run_dependencies/pinky_navigation
[0.545s] -- Up-to-date: /home/pinky/pinky_pro/install/pinky_navigation/share/ament_index/resource_index/parent_prefix_path/pinky_navigation
[0.546s] -- Up-to-date: /home/pinky/pinky_pro/install/pinky_navigation/share/pinky_navigation/environment/ament_prefix_path.sh
[0.546s] -- Up-to-date: /home/pinky/pinky_pro/install/pinky_navigation/share/pinky_navigation/environment/ament_prefix_path.dsv
[0.547s] -- Up-to-date: /home/pinky/pinky_pro/install/pinky_navigation/share/pinky_navigation/environment/path.sh
[0.547s] -- Up-to-date: /home/pinky/pinky_pro/install/pinky_navigation/share/pinky_navigation/environment/path.dsv
[0.548s] -- Up-to-date: /home/pinky/pinky_pro/install/pinky_navigation/share/pinky_navigation/local_setup.bash
[0.548s] -- Up-to-date: /home/pinky/pinky_pro/install/pinky_navigation/share/pinky_navigation/local_setup.sh
[0.549s] -- Up-to-date: /home/pinky/pinky_pro/install/pinky_navigation/share/pinky_navigation/local_setup.zsh
[0.550s] -- Up-to-date: /home/pinky/pinky_pro/install/pinky_navigation/share/pinky_navigation/local_setup.dsv
[0.551s] -- Installing: /home/pinky/pinky_pro/install/pinky_navigation/share/pinky_navigation/package.dsv
[0.551s] -- Up-to-date: /home/pinky/pinky_pro/install/pinky_navigation/share/ament_index/resource_index/packages/pinky_navigation
[0.552s] -- Up-to-date: /home/pinky/pinky_pro/install/pinky_navigation/share/pinky_navigation/cmake/pinky_navigationConfig.cmake
[0.555s] -- Up-to-date: /home/pinky/pinky_pro/install/pinky_navigation/share/pinky_navigation/cmake/pinky_navigationConfig-version.cmake
[0.557s] -- Up-to-date: /home/pinky/pinky_pro/install/pinky_navigation/share/pinky_navigation/package.xml
[0.565s] Invoked command in '/home/pinky/pinky_pro/build/pinky_navigation' returned '0': CMAKE_PREFIX_PATH=${CMAKE_PREFIX_PATH}:/home/pinky/pinky_pro/install/pinky_led:/home/pinky/pinky_pro/install/pinky_emotion:/home/pinky/pinky_pro/install/pinky_bringup:/opt/ros/jazzy DEBUGINFOD_URLS=https://debuginfod.ubuntu.com /usr/bin/cmake --install /home/pinky/pinky_pro/build/pinky_navigation
