[1.048s] DEBUG:colcon:Command line arguments: ['/usr/bin/colcon', 'build', '--packages-select', 'pinky_navigation', '--symlink-install']
[1.048s] DEBUG:colcon:Parsed command line arguments: Namespace(log_base=None, log_level=None, verb_name='build', build_base='build', install_base='install', merge_install=False, symlink_install=True, test_result_base=None, continue_on_error=False, executor='parallel', parallel_workers=4, event_handlers=None, ignore_user_meta=False, metas=['./colcon.meta'], base_paths=['.'], packages_ignore=None, packages_ignore_regex=None, paths=None, packages_up_to=None, packages_up_to_regex=None, packages_above=None, packages_above_and_dependencies=None, packages_above_depth=None, packages_select_by_dep=None, packages_skip_by_dep=None, packages_skip_up_to=None, packages_select_build_failed=False, packages_skip_build_finished=False, packages_select_test_failures=False, packages_skip_test_passed=False, packages_select=['pinky_navigation'], packages_skip=None, packages_select_regex=None, packages_skip_regex=None, packages_start=None, packages_end=None, allow_overriding=[], cmake_args=None, cmake_target=None, cmake_target_skip_unavailable=False, cmake_clean_cache=False, cmake_clean_first=False, cmake_force_configure=False, ament_cmake_args=None, catkin_cmake_args=None, catkin_skip_building_tests=False, mixin_files=None, mixin=None, verb_parser=<colcon_mixin.mixin.mixin_argument.MixinArgumentDecorator object at 0xffff875c4bc0>, verb_extension=<colcon_core.verb.build.BuildVerb object at 0xffff875c4680>, main=<bound method BuildVerb.main of <colcon_core.verb.build.BuildVerb object at 0xffff875c4680>>, mixin_verb=('build',))
[1.367s] Level 1:colcon.colcon_core.package_discovery:discover_packages(colcon_meta) check parameters
[1.367s] Level 1:colcon.colcon_core.package_discovery:discover_packages(recursive) check parameters
[1.367s] Level 1:colcon.colcon_core.package_discovery:discover_packages(ignore) check parameters
[1.368s] Level 1:colcon.colcon_core.package_discovery:discover_packages(path) check parameters
[1.368s] Level 1:colcon.colcon_core.package_discovery:discover_packages(colcon_meta) discover
[1.372s] Level 1:colcon.colcon_core.package_discovery:discover_packages(recursive) discover
[1.373s] INFO:colcon.colcon_core.package_discovery:Crawling recursively for packages in '/home/pinky/pinky_pro'
[1.373s] Level 1:colcon.colcon_core.package_identification:_identify(.) by extensions ['ignore', 'ignore_ament_install']
[1.374s] Level 1:colcon.colcon_core.package_identification:_identify(.) by extension 'ignore'
[1.374s] Level 1:colcon.colcon_core.package_identification:_identify(.) by extension 'ignore_ament_install'
[1.374s] Level 1:colcon.colcon_core.package_identification:_identify(.) by extensions ['colcon_pkg']
[1.374s] Level 1:colcon.colcon_core.package_identification:_identify(.) by extension 'colcon_pkg'
[1.374s] Level 1:colcon.colcon_core.package_identification:_identify(.) by extensions ['colcon_meta']
[1.375s] Level 1:colcon.colcon_core.package_identification:_identify(.) by extension 'colcon_meta'
[1.375s] Level 1:colcon.colcon_core.package_identification:_identify(.) by extensions ['ros']
[1.375s] Level 1:colcon.colcon_core.package_identification:_identify(.) by extension 'ros'
[1.702s] Level 1:colcon.colcon_core.package_identification:_identify(.) by extensions ['cmake', 'python']
[1.702s] Level 1:colcon.colcon_core.package_identification:_identify(.) by extension 'cmake'
[1.702s] Level 1:colcon.colcon_core.package_identification:_identify(.) by extension 'python'
[1.702s] Level 1:colcon.colcon_core.package_identification:_identify(.) by extensions ['python_setup_py']
[1.703s] Level 1:colcon.colcon_core.package_identification:_identify(.) by extension 'python_setup_py'
[1.703s] Level 1:colcon.colcon_core.package_identification:_identify(build) by extensions ['ignore', 'ignore_ament_install']
[1.704s] Level 1:colcon.colcon_core.package_identification:_identify(build) by extension 'ignore'
[1.704s] Level 1:colcon.colcon_core.package_identification:_identify(build) ignored
[1.704s] Level 1:colcon.colcon_core.package_identification:_identify(install) by extensions ['ignore', 'ignore_ament_install']
[1.705s] Level 1:colcon.colcon_core.package_identification:_identify(install) by extension 'ignore'
[1.705s] Level 1:colcon.colcon_core.package_identification:_identify(install) ignored
[1.706s] Level 1:colcon.colcon_core.package_identification:_identify(log) by extensions ['ignore', 'ignore_ament_install']
[1.706s] Level 1:colcon.colcon_core.package_identification:_identify(log) by extension 'ignore'
[1.706s] Level 1:colcon.colcon_core.package_identification:_identify(log) ignored
[1.706s] Level 1:colcon.colcon_core.package_identification:_identify(src) by extensions ['ignore', 'ignore_ament_install']
[1.707s] Level 1:colcon.colcon_core.package_identification:_identify(src) by extension 'ignore'
[1.707s] Level 1:colcon.colcon_core.package_identification:_identify(src) by extension 'ignore_ament_install'
[1.707s] Level 1:colcon.colcon_core.package_identification:_identify(src) by extensions ['colcon_pkg']
[1.707s] Level 1:colcon.colcon_core.package_identification:_identify(src) by extension 'colcon_pkg'
[1.708s] Level 1:colcon.colcon_core.package_identification:_identify(src) by extensions ['colcon_meta']
[1.708s] Level 1:colcon.colcon_core.package_identification:_identify(src) by extension 'colcon_meta'
[1.708s] Level 1:colcon.colcon_core.package_identification:_identify(src) by extensions ['ros']
[1.708s] Level 1:colcon.colcon_core.package_identification:_identify(src) by extension 'ros'
[1.708s] Level 1:colcon.colcon_core.package_identification:_identify(src) by extensions ['cmake', 'python']
[1.709s] Level 1:colcon.colcon_core.package_identification:_identify(src) by extension 'cmake'
[1.709s] Level 1:colcon.colcon_core.package_identification:_identify(src) by extension 'python'
[1.709s] Level 1:colcon.colcon_core.package_identification:_identify(src) by extensions ['python_setup_py']
[1.709s] Level 1:colcon.colcon_core.package_identification:_identify(src) by extension 'python_setup_py'
[1.710s] Level 1:colcon.colcon_core.package_identification:_identify(src/pinky_pro) by extensions ['ignore', 'ignore_ament_install']
[1.710s] Level 1:colcon.colcon_core.package_identification:_identify(src/pinky_pro) by extension 'ignore'
[1.711s] Level 1:colcon.colcon_core.package_identification:_identify(src/pinky_pro) by extension 'ignore_ament_install'
[1.711s] Level 1:colcon.colcon_core.package_identification:_identify(src/pinky_pro) by extensions ['colcon_pkg']
[1.711s] Level 1:colcon.colcon_core.package_identification:_identify(src/pinky_pro) by extension 'colcon_pkg'
[1.711s] Level 1:colcon.colcon_core.package_identification:_identify(src/pinky_pro) by extensions ['colcon_meta']
[1.711s] Level 1:colcon.colcon_core.package_identification:_identify(src/pinky_pro) by extension 'colcon_meta'
[1.711s] Level 1:colcon.colcon_core.package_identification:_identify(src/pinky_pro) by extensions ['ros']
[1.712s] Level 1:colcon.colcon_core.package_identification:_identify(src/pinky_pro) by extension 'ros'
[1.712s] Level 1:colcon.colcon_core.package_identification:_identify(src/pinky_pro) by extensions ['cmake', 'python']
[1.712s] Level 1:colcon.colcon_core.package_identification:_identify(src/pinky_pro) by extension 'cmake'
[1.712s] Level 1:colcon.colcon_core.package_identification:_identify(src/pinky_pro) by extension 'python'
[1.712s] Level 1:colcon.colcon_core.package_identification:_identify(src/pinky_pro) by extensions ['python_setup_py']
[1.713s] Level 1:colcon.colcon_core.package_identification:_identify(src/pinky_pro) by extension 'python_setup_py'
[1.713s] Level 1:colcon.colcon_core.package_identification:_identify(src/pinky_pro/doc) by extensions ['ignore', 'ignore_ament_install']
[1.714s] Level 1:colcon.colcon_core.package_identification:_identify(src/pinky_pro/doc) by extension 'ignore'
[1.714s] Level 1:colcon.colcon_core.package_identification:_identify(src/pinky_pro/doc) by extension 'ignore_ament_install'
[1.714s] Level 1:colcon.colcon_core.package_identification:_identify(src/pinky_pro/doc) by extensions ['colcon_pkg']
[1.714s] Level 1:colcon.colcon_core.package_identification:_identify(src/pinky_pro/doc) by extension 'colcon_pkg'
[1.715s] Level 1:colcon.colcon_core.package_identification:_identify(src/pinky_pro/doc) by extensions ['colcon_meta']
[1.715s] Level 1:colcon.colcon_core.package_identification:_identify(src/pinky_pro/doc) by extension 'colcon_meta'
[1.715s] Level 1:colcon.colcon_core.package_identification:_identify(src/pinky_pro/doc) by extensions ['ros']
[1.715s] Level 1:colcon.colcon_core.package_identification:_identify(src/pinky_pro/doc) by extension 'ros'
[1.716s] Level 1:colcon.colcon_core.package_identification:_identify(src/pinky_pro/doc) by extensions ['cmake', 'python']
[1.716s] Level 1:colcon.colcon_core.package_identification:_identify(src/pinky_pro/doc) by extension 'cmake'
[1.716s] Level 1:colcon.colcon_core.package_identification:_identify(src/pinky_pro/doc) by extension 'python'
[1.716s] Level 1:colcon.colcon_core.package_identification:_identify(src/pinky_pro/doc) by extensions ['python_setup_py']
[1.717s] Level 1:colcon.colcon_core.package_identification:_identify(src/pinky_pro/doc) by extension 'python_setup_py'
[1.717s] Level 1:colcon.colcon_core.package_identification:_identify(src/pinky_pro/pinky_bringup) by extensions ['ignore', 'ignore_ament_install']
[1.718s] Level 1:colcon.colcon_core.package_identification:_identify(src/pinky_pro/pinky_bringup) by extension 'ignore'
[1.718s] Level 1:colcon.colcon_core.package_identification:_identify(src/pinky_pro/pinky_bringup) by extension 'ignore_ament_install'
[1.719s] Level 1:colcon.colcon_core.package_identification:_identify(src/pinky_pro/pinky_bringup) by extensions ['colcon_pkg']
[1.719s] Level 1:colcon.colcon_core.package_identification:_identify(src/pinky_pro/pinky_bringup) by extension 'colcon_pkg'
[1.719s] Level 1:colcon.colcon_core.package_identification:_identify(src/pinky_pro/pinky_bringup) by extensions ['colcon_meta']
[1.719s] Level 1:colcon.colcon_core.package_identification:_identify(src/pinky_pro/pinky_bringup) by extension 'colcon_meta'
[1.720s] Level 1:colcon.colcon_core.package_identification:_identify(src/pinky_pro/pinky_bringup) by extensions ['ros']
[1.720s] Level 1:colcon.colcon_core.package_identification:_identify(src/pinky_pro/pinky_bringup) by extension 'ros'
[1.734s] DEBUG:colcon.colcon_core.package_identification:Package 'src/pinky_pro/pinky_bringup' with type 'ros.ament_python' and name 'pinky_bringup'
[1.735s] Level 1:colcon.colcon_core.package_identification:_identify(src/pinky_pro/pinky_description) by extensions ['ignore', 'ignore_ament_install']
[1.735s] Level 1:colcon.colcon_core.package_identification:_identify(src/pinky_pro/pinky_description) by extension 'ignore'
[1.735s] Level 1:colcon.colcon_core.package_identification:_identify(src/pinky_pro/pinky_description) by extension 'ignore_ament_install'
[1.736s] Level 1:colcon.colcon_core.package_identification:_identify(src/pinky_pro/pinky_description) by extensions ['colcon_pkg']
[1.736s] Level 1:colcon.colcon_core.package_identification:_identify(src/pinky_pro/pinky_description) by extension 'colcon_pkg'
[1.736s] Level 1:colcon.colcon_core.package_identification:_identify(src/pinky_pro/pinky_description) by extensions ['colcon_meta']
[1.736s] Level 1:colcon.colcon_core.package_identification:_identify(src/pinky_pro/pinky_description) by extension 'colcon_meta'
[1.736s] Level 1:colcon.colcon_core.package_identification:_identify(src/pinky_pro/pinky_description) by extensions ['ros']
[1.736s] Level 1:colcon.colcon_core.package_identification:_identify(src/pinky_pro/pinky_description) by extension 'ros'
[1.741s] DEBUG:colcon.colcon_core.package_identification:Package 'src/pinky_pro/pinky_description' with type 'ros.ament_cmake' and name 'pinky_description'
[1.741s] Level 1:colcon.colcon_core.package_identification:_identify(src/pinky_pro/pinky_emotion) by extensions ['ignore', 'ignore_ament_install']
[1.742s] Level 1:colcon.colcon_core.package_identification:_identify(src/pinky_pro/pinky_emotion) by extension 'ignore'
[1.742s] Level 1:colcon.colcon_core.package_identification:_identify(src/pinky_pro/pinky_emotion) by extension 'ignore_ament_install'
[1.743s] Level 1:colcon.colcon_core.package_identification:_identify(src/pinky_pro/pinky_emotion) by extensions ['colcon_pkg']
[1.743s] Level 1:colcon.colcon_core.package_identification:_identify(src/pinky_pro/pinky_emotion) by extension 'colcon_pkg'
[1.743s] Level 1:colcon.colcon_core.package_identification:_identify(src/pinky_pro/pinky_emotion) by extensions ['colcon_meta']
[1.743s] Level 1:colcon.colcon_core.package_identification:_identify(src/pinky_pro/pinky_emotion) by extension 'colcon_meta'
[1.743s] Level 1:colcon.colcon_core.package_identification:_identify(src/pinky_pro/pinky_emotion) by extensions ['ros']
[1.744s] Level 1:colcon.colcon_core.package_identification:_identify(src/pinky_pro/pinky_emotion) by extension 'ros'
[1.746s] DEBUG:colcon.colcon_core.package_identification:Package 'src/pinky_pro/pinky_emotion' with type 'ros.ament_python' and name 'pinky_emotion'
[1.747s] Level 1:colcon.colcon_core.package_identification:_identify(src/pinky_pro/pinky_gz_sim) by extensions ['ignore', 'ignore_ament_install']
[1.747s] Level 1:colcon.colcon_core.package_identification:_identify(src/pinky_pro/pinky_gz_sim) by extension 'ignore'
[1.747s] Level 1:colcon.colcon_core.package_identification:_identify(src/pinky_pro/pinky_gz_sim) by extension 'ignore_ament_install'
[1.748s] Level 1:colcon.colcon_core.package_identification:_identify(src/pinky_pro/pinky_gz_sim) by extensions ['colcon_pkg']
[1.748s] Level 1:colcon.colcon_core.package_identification:_identify(src/pinky_pro/pinky_gz_sim) by extension 'colcon_pkg'
[1.748s] Level 1:colcon.colcon_core.package_identification:_identify(src/pinky_pro/pinky_gz_sim) by extensions ['colcon_meta']
[1.748s] Level 1:colcon.colcon_core.package_identification:_identify(src/pinky_pro/pinky_gz_sim) by extension 'colcon_meta'
[1.749s] Level 1:colcon.colcon_core.package_identification:_identify(src/pinky_pro/pinky_gz_sim) by extensions ['ros']
[1.749s] Level 1:colcon.colcon_core.package_identification:_identify(src/pinky_pro/pinky_gz_sim) by extension 'ros'
[1.751s] DEBUG:colcon.colcon_core.package_identification:Package 'src/pinky_pro/pinky_gz_sim' with type 'ros.ament_cmake' and name 'pinky_gz_sim'
[1.752s] Level 1:colcon.colcon_core.package_identification:_identify(src/pinky_pro/pinky_imu_bno055) by extensions ['ignore', 'ignore_ament_install']
[1.752s] Level 1:colcon.colcon_core.package_identification:_identify(src/pinky_pro/pinky_imu_bno055) by extension 'ignore'
[1.753s] Level 1:colcon.colcon_core.package_identification:_identify(src/pinky_pro/pinky_imu_bno055) by extension 'ignore_ament_install'
[1.753s] Level 1:colcon.colcon_core.package_identification:_identify(src/pinky_pro/pinky_imu_bno055) by extensions ['colcon_pkg']
[1.753s] Level 1:colcon.colcon_core.package_identification:_identify(src/pinky_pro/pinky_imu_bno055) by extension 'colcon_pkg'
[1.754s] Level 1:colcon.colcon_core.package_identification:_identify(src/pinky_pro/pinky_imu_bno055) by extensions ['colcon_meta']
[1.754s] Level 1:colcon.colcon_core.package_identification:_identify(src/pinky_pro/pinky_imu_bno055) by extension 'colcon_meta'
[1.754s] Level 1:colcon.colcon_core.package_identification:_identify(src/pinky_pro/pinky_imu_bno055) by extensions ['ros']
[1.754s] Level 1:colcon.colcon_core.package_identification:_identify(src/pinky_pro/pinky_imu_bno055) by extension 'ros'
[1.757s] DEBUG:colcon.colcon_core.package_identification:Package 'src/pinky_pro/pinky_imu_bno055' with type 'ros.ament_cmake' and name 'pinky_imu_bno055'
[1.757s] Level 1:colcon.colcon_core.package_identification:_identify(src/pinky_pro/pinky_interfaces) by extensions ['ignore', 'ignore_ament_install']
[1.757s] Level 1:colcon.colcon_core.package_identification:_identify(src/pinky_pro/pinky_interfaces) by extension 'ignore'
[1.758s] Level 1:colcon.colcon_core.package_identification:_identify(src/pinky_pro/pinky_interfaces) by extension 'ignore_ament_install'
[1.758s] Level 1:colcon.colcon_core.package_identification:_identify(src/pinky_pro/pinky_interfaces) by extensions ['colcon_pkg']
[1.758s] Level 1:colcon.colcon_core.package_identification:_identify(src/pinky_pro/pinky_interfaces) by extension 'colcon_pkg'
[1.758s] Level 1:colcon.colcon_core.package_identification:_identify(src/pinky_pro/pinky_interfaces) by extensions ['colcon_meta']
[1.758s] Level 1:colcon.colcon_core.package_identification:_identify(src/pinky_pro/pinky_interfaces) by extension 'colcon_meta'
[1.759s] Level 1:colcon.colcon_core.package_identification:_identify(src/pinky_pro/pinky_interfaces) by extensions ['ros']
[1.759s] Level 1:colcon.colcon_core.package_identification:_identify(src/pinky_pro/pinky_interfaces) by extension 'ros'
[1.761s] DEBUG:colcon.colcon_core.package_identification:Package 'src/pinky_pro/pinky_interfaces' with type 'ros.ament_cmake' and name 'pinky_interfaces'
[1.762s] Level 1:colcon.colcon_core.package_identification:_identify(src/pinky_pro/pinky_led) by extensions ['ignore', 'ignore_ament_install']
[1.762s] Level 1:colcon.colcon_core.package_identification:_identify(src/pinky_pro/pinky_led) by extension 'ignore'
[1.762s] Level 1:colcon.colcon_core.package_identification:_identify(src/pinky_pro/pinky_led) by extension 'ignore_ament_install'
[1.763s] Level 1:colcon.colcon_core.package_identification:_identify(src/pinky_pro/pinky_led) by extensions ['colcon_pkg']
[1.763s] Level 1:colcon.colcon_core.package_identification:_identify(src/pinky_pro/pinky_led) by extension 'colcon_pkg'
[1.763s] Level 1:colcon.colcon_core.package_identification:_identify(src/pinky_pro/pinky_led) by extensions ['colcon_meta']
[1.763s] Level 1:colcon.colcon_core.package_identification:_identify(src/pinky_pro/pinky_led) by extension 'colcon_meta'
[1.763s] Level 1:colcon.colcon_core.package_identification:_identify(src/pinky_pro/pinky_led) by extensions ['ros']
[1.763s] Level 1:colcon.colcon_core.package_identification:_identify(src/pinky_pro/pinky_led) by extension 'ros'
[1.765s] DEBUG:colcon.colcon_core.package_identification:Package 'src/pinky_pro/pinky_led' with type 'ros.ament_python' and name 'pinky_led'
[1.766s] Level 1:colcon.colcon_core.package_identification:_identify(src/pinky_pro/pinky_navigation) by extensions ['ignore', 'ignore_ament_install']
[1.766s] Level 1:colcon.colcon_core.package_identification:_identify(src/pinky_pro/pinky_navigation) by extension 'ignore'
[1.766s] Level 1:colcon.colcon_core.package_identification:_identify(src/pinky_pro/pinky_navigation) by extension 'ignore_ament_install'
[1.767s] Level 1:colcon.colcon_core.package_identification:_identify(src/pinky_pro/pinky_navigation) by extensions ['colcon_pkg']
[1.767s] Level 1:colcon.colcon_core.package_identification:_identify(src/pinky_pro/pinky_navigation) by extension 'colcon_pkg'
[1.767s] Level 1:colcon.colcon_core.package_identification:_identify(src/pinky_pro/pinky_navigation) by extensions ['colcon_meta']
[1.767s] Level 1:colcon.colcon_core.package_identification:_identify(src/pinky_pro/pinky_navigation) by extension 'colcon_meta'
[1.767s] Level 1:colcon.colcon_core.package_identification:_identify(src/pinky_pro/pinky_navigation) by extensions ['ros']
[1.767s] Level 1:colcon.colcon_core.package_identification:_identify(src/pinky_pro/pinky_navigation) by extension 'ros'
[1.769s] DEBUG:colcon.colcon_core.package_identification:Package 'src/pinky_pro/pinky_navigation' with type 'ros.ament_cmake' and name 'pinky_navigation'
[1.770s] Level 1:colcon.colcon_core.package_identification:_identify(src/pinky_pro/pinky_sensor_adc) by extensions ['ignore', 'ignore_ament_install']
[1.770s] Level 1:colcon.colcon_core.package_identification:_identify(src/pinky_pro/pinky_sensor_adc) by extension 'ignore'
[1.770s] Level 1:colcon.colcon_core.package_identification:_identify(src/pinky_pro/pinky_sensor_adc) by extension 'ignore_ament_install'
[1.771s] Level 1:colcon.colcon_core.package_identification:_identify(src/pinky_pro/pinky_sensor_adc) by extensions ['colcon_pkg']
[1.771s] Level 1:colcon.colcon_core.package_identification:_identify(src/pinky_pro/pinky_sensor_adc) by extension 'colcon_pkg'
[1.771s] Level 1:colcon.colcon_core.package_identification:_identify(src/pinky_pro/pinky_sensor_adc) by extensions ['colcon_meta']
[1.771s] Level 1:colcon.colcon_core.package_identification:_identify(src/pinky_pro/pinky_sensor_adc) by extension 'colcon_meta'
[1.771s] Level 1:colcon.colcon_core.package_identification:_identify(src/pinky_pro/pinky_sensor_adc) by extensions ['ros']
[1.772s] Level 1:colcon.colcon_core.package_identification:_identify(src/pinky_pro/pinky_sensor_adc) by extension 'ros'
[1.774s] DEBUG:colcon.colcon_core.package_identification:Package 'src/pinky_pro/pinky_sensor_adc' with type 'ros.ament_cmake' and name 'pinky_sensor_adc'
[1.775s] Level 1:colcon.colcon_core.package_identification:_identify(src/sllidar_ros2) by extensions ['ignore', 'ignore_ament_install']
[1.775s] Level 1:colcon.colcon_core.package_identification:_identify(src/sllidar_ros2) by extension 'ignore'
[1.775s] Level 1:colcon.colcon_core.package_identification:_identify(src/sllidar_ros2) by extension 'ignore_ament_install'
[1.776s] Level 1:colcon.colcon_core.package_identification:_identify(src/sllidar_ros2) by extensions ['colcon_pkg']
[1.776s] Level 1:colcon.colcon_core.package_identification:_identify(src/sllidar_ros2) by extension 'colcon_pkg'
[1.776s] Level 1:colcon.colcon_core.package_identification:_identify(src/sllidar_ros2) by extensions ['colcon_meta']
[1.776s] Level 1:colcon.colcon_core.package_identification:_identify(src/sllidar_ros2) by extension 'colcon_meta'
[1.776s] Level 1:colcon.colcon_core.package_identification:_identify(src/sllidar_ros2) by extensions ['ros']
[1.776s] Level 1:colcon.colcon_core.package_identification:_identify(src/sllidar_ros2) by extension 'ros'
[1.779s] DEBUG:colcon.colcon_core.package_identification:Package 'src/sllidar_ros2' with type 'ros.ament_cmake' and name 'sllidar_ros2'
[1.779s] Level 1:colcon.colcon_core.package_discovery:discover_packages(recursive) using defaults
[1.780s] Level 1:colcon.colcon_core.package_discovery:discover_packages(ignore) discover
[1.780s] Level 1:colcon.colcon_core.package_discovery:discover_packages(ignore) using defaults
[1.780s] Level 1:colcon.colcon_core.package_discovery:discover_packages(path) discover
[1.780s] Level 1:colcon.colcon_core.package_discovery:discover_packages(path) using defaults
[1.967s] INFO:colcon.colcon_core.package_selection:Skipping not selected package 'pinky_bringup' in 'src/pinky_pro/pinky_bringup'
[1.967s] INFO:colcon.colcon_core.package_selection:Skipping not selected package 'pinky_description' in 'src/pinky_pro/pinky_description'
[1.968s] INFO:colcon.colcon_core.package_selection:Skipping not selected package 'pinky_emotion' in 'src/pinky_pro/pinky_emotion'
[1.968s] INFO:colcon.colcon_core.package_selection:Skipping not selected package 'pinky_gz_sim' in 'src/pinky_pro/pinky_gz_sim'
[1.968s] INFO:colcon.colcon_core.package_selection:Skipping not selected package 'pinky_imu_bno055' in 'src/pinky_pro/pinky_imu_bno055'
[1.968s] INFO:colcon.colcon_core.package_selection:Skipping not selected package 'pinky_interfaces' in 'src/pinky_pro/pinky_interfaces'
[1.968s] INFO:colcon.colcon_core.package_selection:Skipping not selected package 'pinky_led' in 'src/pinky_pro/pinky_led'
[1.968s] INFO:colcon.colcon_core.package_selection:Skipping not selected package 'pinky_sensor_adc' in 'src/pinky_pro/pinky_sensor_adc'
[1.968s] INFO:colcon.colcon_core.package_selection:Skipping not selected package 'sllidar_ros2' in 'src/sllidar_ros2'
[1.972s] Level 1:colcon.colcon_core.package_discovery:discover_packages(prefix_path) check parameters
[1.972s] Level 1:colcon.colcon_core.package_discovery:discover_packages(prefix_path) discover
[2.001s] DEBUG:colcon.colcon_installed_package_information.package_discovery:Found 10 installed packages in /home/pinky/pinky_pro/install
[2.018s] DEBUG:colcon.colcon_installed_package_information.package_discovery:Found 426 installed packages in /opt/ros/jazzy
[2.028s] Level 1:colcon.colcon_core.package_discovery:discover_packages(prefix_path) using defaults
[2.335s] Level 5:colcon.colcon_core.verb:set package 'pinky_navigation' build argument 'cmake_args' from command line to 'None'
[2.336s] Level 5:colcon.colcon_core.verb:set package 'pinky_navigation' build argument 'cmake_target' from command line to 'None'
[2.336s] Level 5:colcon.colcon_core.verb:set package 'pinky_navigation' build argument 'cmake_target_skip_unavailable' from command line to 'False'
[2.336s] Level 5:colcon.colcon_core.verb:set package 'pinky_navigation' build argument 'cmake_clean_cache' from command line to 'False'
[2.336s] Level 5:colcon.colcon_core.verb:set package 'pinky_navigation' build argument 'cmake_clean_first' from command line to 'False'
[2.336s] Level 5:colcon.colcon_core.verb:set package 'pinky_navigation' build argument 'cmake_force_configure' from command line to 'False'
[2.336s] Level 5:colcon.colcon_core.verb:set package 'pinky_navigation' build argument 'ament_cmake_args' from command line to 'None'
[2.336s] Level 5:colcon.colcon_core.verb:set package 'pinky_navigation' build argument 'catkin_cmake_args' from command line to 'None'
[2.336s] Level 5:colcon.colcon_core.verb:set package 'pinky_navigation' build argument 'catkin_skip_building_tests' from command line to 'False'
[2.337s] DEBUG:colcon.colcon_core.verb:Building package 'pinky_navigation' with the following arguments: {'ament_cmake_args': None, 'build_base': '/home/pinky/pinky_pro/build/pinky_navigation', 'catkin_cmake_args': None, 'catkin_skip_building_tests': False, 'cmake_args': None, 'cmake_clean_cache': False, 'cmake_clean_first': False, 'cmake_force_configure': False, 'cmake_target': None, 'cmake_target_skip_unavailable': False, 'install_base': '/home/pinky/pinky_pro/install/pinky_navigation', 'merge_install': False, 'path': '/home/pinky/pinky_pro/src/pinky_pro/pinky_navigation', 'symlink_install': True, 'test_result_base': None}
[2.337s] INFO:colcon.colcon_core.executor:Executing jobs using 'parallel' executor
[2.341s] DEBUG:colcon.colcon_parallel_executor.executor.parallel:run_until_complete
[2.342s] INFO:colcon.colcon_ros.task.ament_cmake.build:Building ROS package in '/home/pinky/pinky_pro/src/pinky_pro/pinky_navigation' with build type 'ament_cmake'
[2.343s] INFO:colcon.colcon_cmake.task.cmake.build:Building CMake package in '/home/pinky/pinky_pro/src/pinky_pro/pinky_navigation'
[2.376s] INFO:colcon.colcon_core.plugin_system:Skipping extension 'colcon_core.shell.bat': Not used on non-Windows systems
[2.377s] INFO:colcon.colcon_core.shell:Skip shell extension 'powershell' for command environment: Not usable outside of PowerShell
[2.377s] DEBUG:colcon.colcon_core.shell:Skip shell extension 'dsv' for command environment
[2.433s] DEBUG:colcon.colcon_core.event_handler.log_command:Invoking command in '/home/pinky/pinky_pro/build/pinky_navigation': CMAKE_PREFIX_PATH=${CMAKE_PREFIX_PATH}:/home/pinky/pinky_pro/install/pinky_led:/home/pinky/pinky_pro/install/pinky_emotion:/home/pinky/pinky_pro/install/pinky_bringup:/opt/ros/jazzy DEBUGINFOD_URLS=https://debuginfod.ubuntu.com /usr/bin/cmake --build /home/pinky/pinky_pro/build/pinky_navigation -- -j4 -l4
[3.013s] DEBUG:colcon.colcon_core.event_handler.log_command:Invoked command in '/home/pinky/pinky_pro/build/pinky_navigation' returned '0': CMAKE_PREFIX_PATH=${CMAKE_PREFIX_PATH}:/home/pinky/pinky_pro/install/pinky_led:/home/pinky/pinky_pro/install/pinky_emotion:/home/pinky/pinky_pro/install/pinky_bringup:/opt/ros/jazzy DEBUGINFOD_URLS=https://debuginfod.ubuntu.com /usr/bin/cmake --build /home/pinky/pinky_pro/build/pinky_navigation -- -j4 -l4
[3.086s] DEBUG:colcon.colcon_core.event_handler.log_command:Invoking command in '/home/pinky/pinky_pro/build/pinky_navigation': CMAKE_PREFIX_PATH=${CMAKE_PREFIX_PATH}:/home/pinky/pinky_pro/install/pinky_led:/home/pinky/pinky_pro/install/pinky_emotion:/home/pinky/pinky_pro/install/pinky_bringup:/opt/ros/jazzy DEBUGINFOD_URLS=https://debuginfod.ubuntu.com /usr/bin/cmake --install /home/pinky/pinky_pro/build/pinky_navigation
[3.258s] Level 1:colcon.colcon_core.environment:create_environment_scripts_only(pinky_navigation)
[3.260s] DEBUG:colcon.colcon_core.event_handler.log_command:Invoked command in '/home/pinky/pinky_pro/build/pinky_navigation' returned '0': CMAKE_PREFIX_PATH=${CMAKE_PREFIX_PATH}:/home/pinky/pinky_pro/install/pinky_led:/home/pinky/pinky_pro/install/pinky_emotion:/home/pinky/pinky_pro/install/pinky_bringup:/opt/ros/jazzy DEBUGINFOD_URLS=https://debuginfod.ubuntu.com /usr/bin/cmake --install /home/pinky/pinky_pro/build/pinky_navigation
[3.293s] Level 1:colcon.colcon_core.environment:checking '/home/pinky/pinky_pro/install/pinky_navigation' for CMake module files
[3.297s] Level 1:colcon.colcon_core.environment:checking '/home/pinky/pinky_pro/install/pinky_navigation' for CMake config files
[3.299s] Level 1:colcon.colcon_core.shell:create_environment_hook('pinky_navigation', 'cmake_prefix_path')
[3.300s] INFO:colcon.colcon_core.shell:Creating environment hook '/home/pinky/pinky_pro/install/pinky_navigation/share/pinky_navigation/hook/cmake_prefix_path.ps1'
[3.304s] INFO:colcon.colcon_core.shell:Creating environment descriptor '/home/pinky/pinky_pro/install/pinky_navigation/share/pinky_navigation/hook/cmake_prefix_path.dsv'
[3.309s] INFO:colcon.colcon_core.shell:Creating environment hook '/home/pinky/pinky_pro/install/pinky_navigation/share/pinky_navigation/hook/cmake_prefix_path.sh'
[3.314s] Level 1:colcon.colcon_core.environment:checking '/home/pinky/pinky_pro/install/pinky_navigation/lib'
[3.315s] Level 1:colcon.colcon_core.environment:checking '/home/pinky/pinky_pro/install/pinky_navigation/bin'
[3.316s] Level 1:colcon.colcon_core.environment:checking '/home/pinky/pinky_pro/install/pinky_navigation/lib/pkgconfig/pinky_navigation.pc'
[3.318s] Level 1:colcon.colcon_core.environment:checking '/home/pinky/pinky_pro/install/pinky_navigation/lib/python3.12/site-packages'
[3.320s] Level 1:colcon.colcon_core.environment:checking '/home/pinky/pinky_pro/install/pinky_navigation/bin'
[3.321s] INFO:colcon.colcon_core.shell:Creating package script '/home/pinky/pinky_pro/install/pinky_navigation/share/pinky_navigation/package.ps1'
[3.326s] INFO:colcon.colcon_core.shell:Creating package descriptor '/home/pinky/pinky_pro/install/pinky_navigation/share/pinky_navigation/package.dsv'
[3.328s] INFO:colcon.colcon_core.shell:Creating package script '/home/pinky/pinky_pro/install/pinky_navigation/share/pinky_navigation/package.sh'
[3.332s] INFO:colcon.colcon_core.shell:Creating package script '/home/pinky/pinky_pro/install/pinky_navigation/share/pinky_navigation/package.bash'
[3.336s] INFO:colcon.colcon_core.shell:Creating package script '/home/pinky/pinky_pro/install/pinky_navigation/share/pinky_navigation/package.zsh'
[3.340s] Level 1:colcon.colcon_core.environment:create_file_with_runtime_dependencies(/home/pinky/pinky_pro/install/pinky_navigation/share/colcon-core/packages/pinky_navigation)
[3.344s] Level 1:colcon.colcon_core.environment:create_environment_scripts_only(pinky_navigation)
[3.345s] Level 1:colcon.colcon_core.environment:checking '/home/pinky/pinky_pro/install/pinky_navigation' for CMake module files
[3.349s] Level 1:colcon.colcon_core.environment:checking '/home/pinky/pinky_pro/install/pinky_navigation' for CMake config files
[3.353s] Level 1:colcon.colcon_core.shell:create_environment_hook('pinky_navigation', 'cmake_prefix_path')
[3.353s] INFO:colcon.colcon_core.shell:Creating environment hook '/home/pinky/pinky_pro/install/pinky_navigation/share/pinky_navigation/hook/cmake_prefix_path.ps1'
[3.355s] INFO:colcon.colcon_core.shell:Creating environment descriptor '/home/pinky/pinky_pro/install/pinky_navigation/share/pinky_navigation/hook/cmake_prefix_path.dsv'
[3.357s] INFO:colcon.colcon_core.shell:Creating environment hook '/home/pinky/pinky_pro/install/pinky_navigation/share/pinky_navigation/hook/cmake_prefix_path.sh'
[3.359s] Level 1:colcon.colcon_core.environment:checking '/home/pinky/pinky_pro/install/pinky_navigation/lib'
[3.360s] Level 1:colcon.colcon_core.environment:checking '/home/pinky/pinky_pro/install/pinky_navigation/bin'
[3.360s] Level 1:colcon.colcon_core.environment:checking '/home/pinky/pinky_pro/install/pinky_navigation/lib/pkgconfig/pinky_navigation.pc'
[3.361s] Level 1:colcon.colcon_core.environment:checking '/home/pinky/pinky_pro/install/pinky_navigation/lib/python3.12/site-packages'
[3.362s] Level 1:colcon.colcon_core.environment:checking '/home/pinky/pinky_pro/install/pinky_navigation/bin'
[3.363s] INFO:colcon.colcon_core.shell:Creating package script '/home/pinky/pinky_pro/install/pinky_navigation/share/pinky_navigation/package.ps1'
[3.366s] INFO:colcon.colcon_core.shell:Creating package descriptor '/home/pinky/pinky_pro/install/pinky_navigation/share/pinky_navigation/package.dsv'
[3.368s] INFO:colcon.colcon_core.shell:Creating package script '/home/pinky/pinky_pro/install/pinky_navigation/share/pinky_navigation/package.sh'
[3.369s] INFO:colcon.colcon_core.shell:Creating package script '/home/pinky/pinky_pro/install/pinky_navigation/share/pinky_navigation/package.bash'
[3.371s] INFO:colcon.colcon_core.shell:Creating package script '/home/pinky/pinky_pro/install/pinky_navigation/share/pinky_navigation/package.zsh'
[3.373s] Level 1:colcon.colcon_core.environment:create_file_with_runtime_dependencies(/home/pinky/pinky_pro/install/pinky_navigation/share/colcon-core/packages/pinky_navigation)
[3.374s] DEBUG:colcon.colcon_parallel_executor.executor.parallel:closing loop
[3.376s] DEBUG:colcon.colcon_parallel_executor.executor.parallel:loop closed
[3.376s] DEBUG:colcon.colcon_parallel_executor.executor.parallel:run_until_complete finished with '0'
[3.377s] DEBUG:colcon.colcon_core.event_reactor:joining thread
[3.428s] INFO:colcon.colcon_core.plugin_system:Skipping extension 'colcon_notification.desktop_notification.terminal_notifier': Not used on non-Darwin systems
[3.428s] INFO:colcon.colcon_core.plugin_system:Skipping extension 'colcon_notification.desktop_notification.win32': Not used on non-Windows systems
[3.428s] INFO:colcon.colcon_notification.desktop_notification:Sending desktop notification using 'notify2'
[3.434s] DEBUG:colcon.colcon_notification.desktop_notification.notify2:Failed to initialize notify2: org.freedesktop.DBus.Error.ServiceUnknown: The name org.freedesktop.Notifications was not provided by any .service files
[3.434s] DEBUG:colcon.colcon_core.event_reactor:joined thread
[3.435s] INFO:colcon.colcon_core.shell:Creating prefix script '/home/pinky/pinky_pro/install/local_setup.ps1'
[3.439s] INFO:colcon.colcon_core.shell:Creating prefix util module '/home/pinky/pinky_pro/install/_local_setup_util_ps1.py'
[3.445s] INFO:colcon.colcon_core.shell:Creating prefix chain script '/home/pinky/pinky_pro/install/setup.ps1'
[3.455s] INFO:colcon.colcon_core.shell:Creating prefix script '/home/pinky/pinky_pro/install/local_setup.sh'
[3.486s] INFO:colcon.colcon_core.shell:Creating prefix util module '/home/pinky/pinky_pro/install/_local_setup_util_sh.py'
[3.490s] INFO:colcon.colcon_core.shell:Creating prefix chain script '/home/pinky/pinky_pro/install/setup.sh'
[3.503s] INFO:colcon.colcon_core.shell:Creating prefix script '/home/pinky/pinky_pro/install/local_setup.bash'
[3.506s] INFO:colcon.colcon_core.shell:Creating prefix chain script '/home/pinky/pinky_pro/install/setup.bash'
[3.514s] INFO:colcon.colcon_core.shell:Creating prefix script '/home/pinky/pinky_pro/install/local_setup.zsh'
[3.518s] INFO:colcon.colcon_core.shell:Creating prefix chain script '/home/pinky/pinky_pro/install/setup.zsh'
