/home/pinky/pinky_pro/install/pinky_bringup/lib/python3.12/site-packages/pinky_bringup/__init__.py
/home/pinky/pinky_pro/install/pinky_bringup/lib/python3.12/site-packages/pinky_bringup/bringup.py
/home/pinky/pinky_pro/install/pinky_bringup/lib/python3.12/site-packages/pinky_bringup/battery_publisher.py
/home/pinky/pinky_pro/install/pinky_bringup/lib/python3.12/site-packages/pinky_bringup/dynamixel_driver.py
/home/pinky/pinky_pro/install/pinky_bringup/lib/python3.12/site-packages/pinky_bringup/pinky_battery.py
/home/pinky/pinky_pro/install/pinky_bringup/lib/python3.12/site-packages/pinky_bringup/__pycache__/__init__.cpython-312.pyc
/home/pinky/pinky_pro/install/pinky_bringup/lib/python3.12/site-packages/pinky_bringup/__pycache__/bringup.cpython-312.pyc
/home/pinky/pinky_pro/install/pinky_bringup/lib/python3.12/site-packages/pinky_bringup/__pycache__/battery_publisher.cpython-312.pyc
/home/pinky/pinky_pro/install/pinky_bringup/lib/python3.12/site-packages/pinky_bringup/__pycache__/dynamixel_driver.cpython-312.pyc
/home/pinky/pinky_pro/install/pinky_bringup/lib/python3.12/site-packages/pinky_bringup/__pycache__/pinky_battery.cpython-312.pyc
/home/pinky/pinky_pro/install/pinky_bringup/share/ament_index/resource_index/packages/pinky_bringup
/home/pinky/pinky_pro/install/pinky_bringup/share/pinky_bringup/package.xml
/home/pinky/pinky_pro/install/pinky_bringup/share/pinky_bringup/launch/bringup_robot.launch.xml
/home/pinky/pinky_pro/install/pinky_bringup/share/pinky_bringup/config/pinky_params.yaml
/home/pinky/pinky_pro/install/pinky_bringup/lib/python3.12/site-packages/pinky_bringup-0.0.0-py3.12.egg-info/SOURCES.txt
/home/pinky/pinky_pro/install/pinky_bringup/lib/python3.12/site-packages/pinky_bringup-0.0.0-py3.12.egg-info/top_level.txt
/home/pinky/pinky_pro/install/pinky_bringup/lib/python3.12/site-packages/pinky_bringup-0.0.0-py3.12.egg-info/PKG-INFO
/home/pinky/pinky_pro/install/pinky_bringup/lib/python3.12/site-packages/pinky_bringup-0.0.0-py3.12.egg-info/zip-safe
/home/pinky/pinky_pro/install/pinky_bringup/lib/python3.12/site-packages/pinky_bringup-0.0.0-py3.12.egg-info/requires.txt
/home/pinky/pinky_pro/install/pinky_bringup/lib/python3.12/site-packages/pinky_bringup-0.0.0-py3.12.egg-info/dependency_links.txt
/home/pinky/pinky_pro/install/pinky_bringup/lib/python3.12/site-packages/pinky_bringup-0.0.0-py3.12.egg-info/entry_points.txt
/home/pinky/pinky_pro/install/pinky_bringup/lib/pinky_bringup/battery_publisher
/home/pinky/pinky_pro/install/pinky_bringup/lib/pinky_bringup/bringup
