[7.293s] Invoking command in '/home/pinky/pinky_pro/src/pinky_pro/pinky_led': DEBUGINFOD_URLS=https://debuginfod.ubuntu.com PYTHONPATH=/home/pinky/pinky_pro/build/pinky_led/prefix_override:/usr/lib/python3/dist-packages/colcon_core/task/python/colcon_distutils_commands:/home/pinky/pinky_pro/install/pinky_led/lib/python3.12/site-packages:${PYTHONPATH} /usr/bin/python3 -W ignore:setup.py install is deprecated -W ignore:easy_install command is deprecated setup.py egg_info --egg-base ../../../build/pinky_led build --build-base /home/pinky/pinky_pro/build/pinky_led/build install --record /home/pinky/pinky_pro/build/pinky_led/install.log --single-version-externally-managed install_data
[9.722s] running egg_info
[9.724s] creating ../../../build/pinky_led/pinky_led.egg-info
[10.083s] writing ../../../build/pinky_led/pinky_led.egg-info/PKG-INFO
[10.087s] writing dependency_links to ../../../build/pinky_led/pinky_led.egg-info/dependency_links.txt
[10.089s] writing entry points to ../../../build/pinky_led/pinky_led.egg-info/entry_points.txt
[10.090s] writing requirements to ../../../build/pinky_led/pinky_led.egg-info/requires.txt
[10.093s] writing top-level names to ../../../build/pinky_led/pinky_led.egg-info/top_level.txt
[10.094s] writing manifest file '../../../build/pinky_led/pinky_led.egg-info/SOURCES.txt'
[10.566s] reading manifest file '../../../build/pinky_led/pinky_led.egg-info/SOURCES.txt'
[10.572s] writing manifest file '../../../build/pinky_led/pinky_led.egg-info/SOURCES.txt'
[10.574s] running build
[10.576s] running build_py
[10.580s] creating /home/pinky/pinky_pro/build/pinky_led/build
[10.580s] creating /home/pinky/pinky_pro/build/pinky_led/build/lib
[10.581s] creating /home/pinky/pinky_pro/build/pinky_led/build/lib/pinky_led
[10.581s] copying pinky_led/__init__.py -> /home/pinky/pinky_pro/build/pinky_led/build/lib/pinky_led
[10.582s] copying pinky_led/led_server.py -> /home/pinky/pinky_pro/build/pinky_led/build/lib/pinky_led
[10.583s] copying pinky_led/pinkyled.py -> /home/pinky/pinky_pro/build/pinky_led/build/lib/pinky_led
[10.583s] running install
[10.610s] running install_lib
[10.929s] creating /home/pinky/pinky_pro/install/pinky_led/lib/python3.12/site-packages/pinky_led
[10.933s] copying /home/pinky/pinky_pro/build/pinky_led/build/lib/pinky_led/__init__.py -> /home/pinky/pinky_pro/install/pinky_led/lib/python3.12/site-packages/pinky_led
[10.933s] copying /home/pinky/pinky_pro/build/pinky_led/build/lib/pinky_led/led_server.py -> /home/pinky/pinky_pro/install/pinky_led/lib/python3.12/site-packages/pinky_led
[10.934s] copying /home/pinky/pinky_pro/build/pinky_led/build/lib/pinky_led/pinkyled.py -> /home/pinky/pinky_pro/install/pinky_led/lib/python3.12/site-packages/pinky_led
[10.938s] byte-compiling /home/pinky/pinky_pro/install/pinky_led/lib/python3.12/site-packages/pinky_led/__init__.py to __init__.cpython-312.pyc
[10.941s] byte-compiling /home/pinky/pinky_pro/install/pinky_led/lib/python3.12/site-packages/pinky_led/led_server.py to led_server.cpython-312.pyc
[10.947s] byte-compiling /home/pinky/pinky_pro/install/pinky_led/lib/python3.12/site-packages/pinky_led/pinkyled.py to pinkyled.cpython-312.pyc
[10.955s] running install_data
[10.957s] creating /home/pinky/pinky_pro/install/pinky_led/share/ament_index
[10.958s] creating /home/pinky/pinky_pro/install/pinky_led/share/ament_index/resource_index
[10.959s] creating /home/pinky/pinky_pro/install/pinky_led/share/ament_index/resource_index/packages
[10.960s] copying resource/pinky_led -> /home/pinky/pinky_pro/install/pinky_led/share/ament_index/resource_index/packages
[10.960s] copying package.xml -> /home/pinky/pinky_pro/install/pinky_led/share/pinky_led
[10.961s] running install_egg_info
[11.238s] Copying ../../../build/pinky_led/pinky_led.egg-info to /home/pinky/pinky_pro/install/pinky_led/lib/python3.12/site-packages/pinky_led-0.0.0-py3.12.egg-info
[11.248s] running install_scripts
[12.670s] Installing led_server script to /home/pinky/pinky_pro/install/pinky_led/lib/pinky_led
[12.673s] writing list of installed files to '/home/pinky/pinky_pro/build/pinky_led/install.log'
[12.897s] Invoked command in '/home/pinky/pinky_pro/src/pinky_pro/pinky_led' returned '0': DEBUGINFOD_URLS=https://debuginfod.ubuntu.com PYTHONPATH=/home/pinky/pinky_pro/build/pinky_led/prefix_override:/usr/lib/python3/dist-packages/colcon_core/task/python/colcon_distutils_commands:/home/pinky/pinky_pro/install/pinky_led/lib/python3.12/site-packages:${PYTHONPATH} /usr/bin/python3 -W ignore:setup.py install is deprecated -W ignore:easy_install command is deprecated setup.py egg_info --egg-base ../../../build/pinky_led build --build-base /home/pinky/pinky_pro/build/pinky_led/build install --record /home/pinky/pinky_pro/build/pinky_led/install.log --single-version-externally-managed install_data
