running egg_info
writing ../../../build/pinky_bringup/pinky_bringup.egg-info/PKG-INFO
writing dependency_links to ../../../build/pinky_bringup/pinky_bringup.egg-info/dependency_links.txt
writing entry points to ../../../build/pinky_bringup/pinky_bringup.egg-info/entry_points.txt
writing requirements to ../../../build/pinky_bringup/pinky_bringup.egg-info/requires.txt
writing top-level names to ../../../build/pinky_bringup/pinky_bringup.egg-info/top_level.txt
reading manifest file '../../../build/pinky_bringup/pinky_bringup.egg-info/SOURCES.txt'
writing manifest file '../../../build/pinky_bringup/pinky_bringup.egg-info/SOURCES.txt'
running build
running build_py
copying pinky_bringup/__init__.py -> /home/pinky/pinky_pro/build/pinky_bringup/build/lib/pinky_bringup
copying pinky_bringup/bringup.py -> /home/pinky/pinky_pro/build/pinky_bringup/build/lib/pinky_bringup
copying pinky_bringup/battery_publisher.py -> /home/pinky/pinky_pro/build/pinky_bringup/build/lib/pinky_bringup
copying pinky_bringup/dynamixel_driver.py -> /home/pinky/pinky_pro/build/pinky_bringup/build/lib/pinky_bringup
copying pinky_bringup/pinky_battery.py -> /home/pinky/pinky_pro/build/pinky_bringup/build/lib/pinky_bringup
running install
running install_lib
running install_data
copying resource/pinky_bringup -> /home/pinky/pinky_pro/install/pinky_bringup/share/ament_index/resource_index/packages
copying package.xml -> /home/pinky/pinky_pro/install/pinky_bringup/share/pinky_bringup
copying launch/bringup_robot.launch.xml -> /home/pinky/pinky_pro/install/pinky_bringup/share/pinky_bringup/launch
copying config/pinky_params.yaml -> /home/pinky/pinky_pro/install/pinky_bringup/share/pinky_bringup/config
running install_egg_info
removing '/home/pinky/pinky_pro/install/pinky_bringup/lib/python3.12/site-packages/pinky_bringup-0.0.0-py3.12.egg-info' (and everything under it)
Copying ../../../build/pinky_bringup/pinky_bringup.egg-info to /home/pinky/pinky_pro/install/pinky_bringup/lib/python3.12/site-packages/pinky_bringup-0.0.0-py3.12.egg-info
running install_scripts
Installing battery_publisher script to /home/pinky/pinky_pro/install/pinky_bringup/lib/pinky_bringup
Installing bringup script to /home/pinky/pinky_pro/install/pinky_bringup/lib/pinky_bringup
writing list of installed files to '/home/pinky/pinky_pro/build/pinky_bringup/install.log'
