[10.576s] Invoking command in '/home/pinky/pinky_pro/src/pinky_pro/pinky_bringup': DEBUGINFOD_URLS=https://debuginfod.ubuntu.com PYTHONPATH=/home/pinky/pinky_pro/build/pinky_bringup/prefix_override:/usr/lib/python3/dist-packages/colcon_core/task/python/colcon_distutils_commands:/home/pinky/pinky_pro/install/pinky_bringup/lib/python3.12/site-packages:${PYTHONPATH} /usr/bin/python3 -W ignore:setup.py install is deprecated -W ignore:easy_install command is deprecated setup.py egg_info --egg-base ../../../build/pinky_bringup build --build-base /home/pinky/pinky_pro/build/pinky_bringup/build install --record /home/pinky/pinky_pro/build/pinky_bringup/install.log --single-version-externally-managed install_data
[13.246s] running egg_info
[13.523s] writing ../../../build/pinky_bringup/pinky_bringup.egg-info/PKG-INFO
[13.532s] writing dependency_links to ../../../build/pinky_bringup/pinky_bringup.egg-info/dependency_links.txt
[13.537s] writing entry points to ../../../build/pinky_bringup/pinky_bringup.egg-info/entry_points.txt
[13.544s] writing requirements to ../../../build/pinky_bringup/pinky_bringup.egg-info/requires.txt
[13.547s] writing top-level names to ../../../build/pinky_bringup/pinky_bringup.egg-info/top_level.txt
[14.018s] reading manifest file '../../../build/pinky_bringup/pinky_bringup.egg-info/SOURCES.txt'
[14.025s] writing manifest file '../../../build/pinky_bringup/pinky_bringup.egg-info/SOURCES.txt'
[14.028s] running build
[14.030s] running build_py
[14.031s] copying pinky_bringup/__init__.py -> /home/pinky/pinky_pro/build/pinky_bringup/build/lib/pinky_bringup
[14.031s] copying pinky_bringup/bringup.py -> /home/pinky/pinky_pro/build/pinky_bringup/build/lib/pinky_bringup
[14.032s] copying pinky_bringup/battery_publisher.py -> /home/pinky/pinky_pro/build/pinky_bringup/build/lib/pinky_bringup
[14.036s] copying pinky_bringup/dynamixel_driver.py -> /home/pinky/pinky_pro/build/pinky_bringup/build/lib/pinky_bringup
[14.037s] copying pinky_bringup/pinky_battery.py -> /home/pinky/pinky_pro/build/pinky_bringup/build/lib/pinky_bringup
[14.037s] running install
[14.064s] running install_lib
[14.243s] running install_data
[14.245s] copying resource/pinky_bringup -> /home/pinky/pinky_pro/install/pinky_bringup/share/ament_index/resource_index/packages
[14.247s] copying package.xml -> /home/pinky/pinky_pro/install/pinky_bringup/share/pinky_bringup
[14.248s] copying launch/bringup_robot.launch.xml -> /home/pinky/pinky_pro/install/pinky_bringup/share/pinky_bringup/launch
[14.249s] copying config/pinky_params.yaml -> /home/pinky/pinky_pro/install/pinky_bringup/share/pinky_bringup/config
[14.249s] running install_egg_info
[14.447s] removing '/home/pinky/pinky_pro/install/pinky_bringup/lib/python3.12/site-packages/pinky_bringup-0.0.0-py3.12.egg-info' (and everything under it)
[14.449s] Copying ../../../build/pinky_bringup/pinky_bringup.egg-info to /home/pinky/pinky_pro/install/pinky_bringup/lib/python3.12/site-packages/pinky_bringup-0.0.0-py3.12.egg-info
[14.461s] running install_scripts
[15.950s] Installing battery_publisher script to /home/pinky/pinky_pro/install/pinky_bringup/lib/pinky_bringup
[15.954s] Installing bringup script to /home/pinky/pinky_pro/install/pinky_bringup/lib/pinky_bringup
[15.956s] writing list of installed files to '/home/pinky/pinky_pro/build/pinky_bringup/install.log'
[16.159s] Invoked command in '/home/pinky/pinky_pro/src/pinky_pro/pinky_bringup' returned '0': DEBUGINFOD_URLS=https://debuginfod.ubuntu.com PYTHONPATH=/home/pinky/pinky_pro/build/pinky_bringup/prefix_override:/usr/lib/python3/dist-packages/colcon_core/task/python/colcon_distutils_commands:/home/pinky/pinky_pro/install/pinky_bringup/lib/python3.12/site-packages:${PYTHONPATH} /usr/bin/python3 -W ignore:setup.py install is deprecated -W ignore:easy_install command is deprecated setup.py egg_info --egg-base ../../../build/pinky_bringup build --build-base /home/pinky/pinky_pro/build/pinky_bringup/build install --record /home/pinky/pinky_pro/build/pinky_bringup/install.log --single-version-externally-managed install_data
