[0.894s] DEBUG:colcon:Command line arguments: ['/usr/bin/colcon', 'build', '--packages-select', 'pinky_navigation']
[0.895s] DEBUG:colcon:Parsed command line arguments: Namespace(log_base=None, log_level=None, verb_name='build', build_base='build', install_base='install', merge_install=False, symlink_install=False, test_result_base=None, continue_on_error=False, executor='parallel', parallel_workers=4, event_handlers=None, ignore_user_meta=False, metas=['./colcon.meta'], base_paths=['.'], packages_ignore=None, packages_ignore_regex=None, paths=None, packages_up_to=None, packages_up_to_regex=None, packages_above=None, packages_above_and_dependencies=None, packages_above_depth=None, packages_select_by_dep=None, packages_skip_by_dep=None, packages_skip_up_to=None, packages_select_build_failed=False, packages_skip_build_finished=False, packages_select_test_failures=False, packages_skip_test_passed=False, packages_select=['pinky_navigation'], packages_skip=None, packages_select_regex=None, packages_skip_regex=None, packages_start=None, packages_end=None, allow_overriding=[], cmake_args=None, cmake_target=None, cmake_target_skip_unavailable=False, cmake_clean_cache=False, cmake_clean_first=False, cmake_force_configure=False, ament_cmake_args=None, catkin_cmake_args=None, catkin_skip_building_tests=False, mixin_files=None, mixin=None, verb_parser=<colcon_mixin.mixin.mixin_argument.MixinArgumentDecorator object at 0xffff8caf4c50>, verb_extension=<colcon_core.verb.build.BuildVerb object at 0xffff8caf4680>, main=<bound method BuildVerb.main of <colcon_core.verb.build.BuildVerb object at 0xffff8caf4680>>, mixin_verb=('build',))
[1.087s] Level 1:colcon.colcon_core.package_discovery:discover_packages(colcon_meta) check parameters
[1.087s] Level 1:colcon.colcon_core.package_discovery:discover_packages(recursive) check parameters
[1.087s] Level 1:colcon.colcon_core.package_discovery:discover_packages(ignore) check parameters
[1.088s] Level 1:colcon.colcon_core.package_discovery:discover_packages(path) check parameters
[1.088s] Level 1:colcon.colcon_core.package_discovery:discover_packages(colcon_meta) discover
[1.092s] Level 1:colcon.colcon_core.package_discovery:discover_packages(recursive) discover
[1.093s] INFO:colcon.colcon_core.package_discovery:Crawling recursively for packages in '/home/pinky/pinky_pro'
[1.093s] Level 1:colcon.colcon_core.package_identification:_identify(.) by extensions ['ignore', 'ignore_ament_install']
[1.094s] Level 1:colcon.colcon_core.package_identification:_identify(.) by extension 'ignore'
[1.094s] Level 1:colcon.colcon_core.package_identification:_identify(.) by extension 'ignore_ament_install'
[1.094s] Level 1:colcon.colcon_core.package_identification:_identify(.) by extensions ['colcon_pkg']
[1.094s] Level 1:colcon.colcon_core.package_identification:_identify(.) by extension 'colcon_pkg'
[1.094s] Level 1:colcon.colcon_core.package_identification:_identify(.) by extensions ['colcon_meta']
[1.095s] Level 1:colcon.colcon_core.package_identification:_identify(.) by extension 'colcon_meta'
[1.095s] Level 1:colcon.colcon_core.package_identification:_identify(.) by extensions ['ros']
[1.095s] Level 1:colcon.colcon_core.package_identification:_identify(.) by extension 'ros'
[1.431s] Level 1:colcon.colcon_core.package_identification:_identify(.) by extensions ['cmake', 'python']
[1.431s] Level 1:colcon.colcon_core.package_identification:_identify(.) by extension 'cmake'
[1.432s] Level 1:colcon.colcon_core.package_identification:_identify(.) by extension 'python'
[1.432s] Level 1:colcon.colcon_core.package_identification:_identify(.) by extensions ['python_setup_py']
[1.432s] Level 1:colcon.colcon_core.package_identification:_identify(.) by extension 'python_setup_py'
[1.433s] Level 1:colcon.colcon_core.package_identification:_identify(build) by extensions ['ignore', 'ignore_ament_install']
[1.433s] Level 1:colcon.colcon_core.package_identification:_identify(build) by extension 'ignore'
[1.433s] Level 1:colcon.colcon_core.package_identification:_identify(build) ignored
[1.434s] Level 1:colcon.colcon_core.package_identification:_identify(install) by extensions ['ignore', 'ignore_ament_install']
[1.434s] Level 1:colcon.colcon_core.package_identification:_identify(install) by extension 'ignore'
[1.435s] Level 1:colcon.colcon_core.package_identification:_identify(install) ignored
[1.435s] Level 1:colcon.colcon_core.package_identification:_identify(log) by extensions ['ignore', 'ignore_ament_install']
[1.435s] Level 1:colcon.colcon_core.package_identification:_identify(log) by extension 'ignore'
[1.436s] Level 1:colcon.colcon_core.package_identification:_identify(log) ignored
[1.436s] Level 1:colcon.colcon_core.package_identification:_identify(src) by extensions ['ignore', 'ignore_ament_install']
[1.436s] Level 1:colcon.colcon_core.package_identification:_identify(src) by extension 'ignore'
[1.437s] Level 1:colcon.colcon_core.package_identification:_identify(src) by extension 'ignore_ament_install'
[1.437s] Level 1:colcon.colcon_core.package_identification:_identify(src) by extensions ['colcon_pkg']
[1.437s] Level 1:colcon.colcon_core.package_identification:_identify(src) by extension 'colcon_pkg'
[1.437s] Level 1:colcon.colcon_core.package_identification:_identify(src) by extensions ['colcon_meta']
[1.437s] Level 1:colcon.colcon_core.package_identification:_identify(src) by extension 'colcon_meta'
[1.438s] Level 1:colcon.colcon_core.package_identification:_identify(src) by extensions ['ros']
[1.438s] Level 1:colcon.colcon_core.package_identification:_identify(src) by extension 'ros'
[1.438s] Level 1:colcon.colcon_core.package_identification:_identify(src) by extensions ['cmake', 'python']
[1.438s] Level 1:colcon.colcon_core.package_identification:_identify(src) by extension 'cmake'
[1.439s] Level 1:colcon.colcon_core.package_identification:_identify(src) by extension 'python'
[1.439s] Level 1:colcon.colcon_core.package_identification:_identify(src) by extensions ['python_setup_py']
[1.439s] Level 1:colcon.colcon_core.package_identification:_identify(src) by extension 'python_setup_py'
[1.440s] Level 1:colcon.colcon_core.package_identification:_identify(src/pinky_pro) by extensions ['ignore', 'ignore_ament_install']
[1.440s] Level 1:colcon.colcon_core.package_identification:_identify(src/pinky_pro) by extension 'ignore'
[1.440s] Level 1:colcon.colcon_core.package_identification:_identify(src/pinky_pro) by extension 'ignore_ament_install'
[1.441s] Level 1:colcon.colcon_core.package_identification:_identify(src/pinky_pro) by extensions ['colcon_pkg']
[1.441s] Level 1:colcon.colcon_core.package_identification:_identify(src/pinky_pro) by extension 'colcon_pkg'
[1.441s] Level 1:colcon.colcon_core.package_identification:_identify(src/pinky_pro) by extensions ['colcon_meta']
[1.441s] Level 1:colcon.colcon_core.package_identification:_identify(src/pinky_pro) by extension 'colcon_meta'
[1.441s] Level 1:colcon.colcon_core.package_identification:_identify(src/pinky_pro) by extensions ['ros']
[1.441s] Level 1:colcon.colcon_core.package_identification:_identify(src/pinky_pro) by extension 'ros'
[1.442s] Level 1:colcon.colcon_core.package_identification:_identify(src/pinky_pro) by extensions ['cmake', 'python']
[1.442s] Level 1:colcon.colcon_core.package_identification:_identify(src/pinky_pro) by extension 'cmake'
[1.442s] Level 1:colcon.colcon_core.package_identification:_identify(src/pinky_pro) by extension 'python'
[1.443s] Level 1:colcon.colcon_core.package_identification:_identify(src/pinky_pro) by extensions ['python_setup_py']
[1.443s] Level 1:colcon.colcon_core.package_identification:_identify(src/pinky_pro) by extension 'python_setup_py'
[1.443s] Level 1:colcon.colcon_core.package_identification:_identify(src/pinky_pro/doc) by extensions ['ignore', 'ignore_ament_install']
[1.444s] Level 1:colcon.colcon_core.package_identification:_identify(src/pinky_pro/doc) by extension 'ignore'
[1.444s] Level 1:colcon.colcon_core.package_identification:_identify(src/pinky_pro/doc) by extension 'ignore_ament_install'
[1.444s] Level 1:colcon.colcon_core.package_identification:_identify(src/pinky_pro/doc) by extensions ['colcon_pkg']
[1.445s] Level 1:colcon.colcon_core.package_identification:_identify(src/pinky_pro/doc) by extension 'colcon_pkg'
[1.445s] Level 1:colcon.colcon_core.package_identification:_identify(src/pinky_pro/doc) by extensions ['colcon_meta']
[1.445s] Level 1:colcon.colcon_core.package_identification:_identify(src/pinky_pro/doc) by extension 'colcon_meta'
[1.446s] Level 1:colcon.colcon_core.package_identification:_identify(src/pinky_pro/doc) by extensions ['ros']
[1.446s] Level 1:colcon.colcon_core.package_identification:_identify(src/pinky_pro/doc) by extension 'ros'
[1.447s] Level 1:colcon.colcon_core.package_identification:_identify(src/pinky_pro/doc) by extensions ['cmake', 'python']
[1.447s] Level 1:colcon.colcon_core.package_identification:_identify(src/pinky_pro/doc) by extension 'cmake'
[1.448s] Level 1:colcon.colcon_core.package_identification:_identify(src/pinky_pro/doc) by extension 'python'
[1.448s] Level 1:colcon.colcon_core.package_identification:_identify(src/pinky_pro/doc) by extensions ['python_setup_py']
[1.448s] Level 1:colcon.colcon_core.package_identification:_identify(src/pinky_pro/doc) by extension 'python_setup_py'
[1.449s] Level 1:colcon.colcon_core.package_identification:_identify(src/pinky_pro/pinky_bringup) by extensions ['ignore', 'ignore_ament_install']
[1.449s] Level 1:colcon.colcon_core.package_identification:_identify(src/pinky_pro/pinky_bringup) by extension 'ignore'
[1.450s] Level 1:colcon.colcon_core.package_identification:_identify(src/pinky_pro/pinky_bringup) by extension 'ignore_ament_install'
[1.450s] Level 1:colcon.colcon_core.package_identification:_identify(src/pinky_pro/pinky_bringup) by extensions ['colcon_pkg']
[1.450s] Level 1:colcon.colcon_core.package_identification:_identify(src/pinky_pro/pinky_bringup) by extension 'colcon_pkg'
[1.451s] Level 1:colcon.colcon_core.package_identification:_identify(src/pinky_pro/pinky_bringup) by extensions ['colcon_meta']
[1.451s] Level 1:colcon.colcon_core.package_identification:_identify(src/pinky_pro/pinky_bringup) by extension 'colcon_meta'
[1.451s] Level 1:colcon.colcon_core.package_identification:_identify(src/pinky_pro/pinky_bringup) by extensions ['ros']
[1.451s] Level 1:colcon.colcon_core.package_identification:_identify(src/pinky_pro/pinky_bringup) by extension 'ros'
[1.462s] DEBUG:colcon.colcon_core.package_identification:Package 'src/pinky_pro/pinky_bringup' with type 'ros.ament_python' and name 'pinky_bringup'
[1.463s] Level 1:colcon.colcon_core.package_identification:_identify(src/pinky_pro/pinky_description) by extensions ['ignore', 'ignore_ament_install']
[1.463s] Level 1:colcon.colcon_core.package_identification:_identify(src/pinky_pro/pinky_description) by extension 'ignore'
[1.464s] Level 1:colcon.colcon_core.package_identification:_identify(src/pinky_pro/pinky_description) by extension 'ignore_ament_install'
[1.464s] Level 1:colcon.colcon_core.package_identification:_identify(src/pinky_pro/pinky_description) by extensions ['colcon_pkg']
[1.464s] Level 1:colcon.colcon_core.package_identification:_identify(src/pinky_pro/pinky_description) by extension 'colcon_pkg'
[1.464s] Level 1:colcon.colcon_core.package_identification:_identify(src/pinky_pro/pinky_description) by extensions ['colcon_meta']
[1.464s] Level 1:colcon.colcon_core.package_identification:_identify(src/pinky_pro/pinky_description) by extension 'colcon_meta'
[1.465s] Level 1:colcon.colcon_core.package_identification:_identify(src/pinky_pro/pinky_description) by extensions ['ros']
[1.465s] Level 1:colcon.colcon_core.package_identification:_identify(src/pinky_pro/pinky_description) by extension 'ros'
[1.468s] DEBUG:colcon.colcon_core.package_identification:Package 'src/pinky_pro/pinky_description' with type 'ros.ament_cmake' and name 'pinky_description'
[1.469s] Level 1:colcon.colcon_core.package_identification:_identify(src/pinky_pro/pinky_emotion) by extensions ['ignore', 'ignore_ament_install']
[1.469s] Level 1:colcon.colcon_core.package_identification:_identify(src/pinky_pro/pinky_emotion) by extension 'ignore'
[1.470s] Level 1:colcon.colcon_core.package_identification:_identify(src/pinky_pro/pinky_emotion) by extension 'ignore_ament_install'
[1.470s] Level 1:colcon.colcon_core.package_identification:_identify(src/pinky_pro/pinky_emotion) by extensions ['colcon_pkg']
[1.471s] Level 1:colcon.colcon_core.package_identification:_identify(src/pinky_pro/pinky_emotion) by extension 'colcon_pkg'
[1.471s] Level 1:colcon.colcon_core.package_identification:_identify(src/pinky_pro/pinky_emotion) by extensions ['colcon_meta']
[1.471s] Level 1:colcon.colcon_core.package_identification:_identify(src/pinky_pro/pinky_emotion) by extension 'colcon_meta'
[1.471s] Level 1:colcon.colcon_core.package_identification:_identify(src/pinky_pro/pinky_emotion) by extensions ['ros']
[1.471s] Level 1:colcon.colcon_core.package_identification:_identify(src/pinky_pro/pinky_emotion) by extension 'ros'
[1.473s] DEBUG:colcon.colcon_core.package_identification:Package 'src/pinky_pro/pinky_emotion' with type 'ros.ament_python' and name 'pinky_emotion'
[1.474s] Level 1:colcon.colcon_core.package_identification:_identify(src/pinky_pro/pinky_gz_sim) by extensions ['ignore', 'ignore_ament_install']
[1.474s] Level 1:colcon.colcon_core.package_identification:_identify(src/pinky_pro/pinky_gz_sim) by extension 'ignore'
[1.474s] Level 1:colcon.colcon_core.package_identification:_identify(src/pinky_pro/pinky_gz_sim) by extension 'ignore_ament_install'
[1.475s] Level 1:colcon.colcon_core.package_identification:_identify(src/pinky_pro/pinky_gz_sim) by extensions ['colcon_pkg']
[1.475s] Level 1:colcon.colcon_core.package_identification:_identify(src/pinky_pro/pinky_gz_sim) by extension 'colcon_pkg'
[1.475s] Level 1:colcon.colcon_core.package_identification:_identify(src/pinky_pro/pinky_gz_sim) by extensions ['colcon_meta']
[1.475s] Level 1:colcon.colcon_core.package_identification:_identify(src/pinky_pro/pinky_gz_sim) by extension 'colcon_meta'
[1.476s] Level 1:colcon.colcon_core.package_identification:_identify(src/pinky_pro/pinky_gz_sim) by extensions ['ros']
[1.476s] Level 1:colcon.colcon_core.package_identification:_identify(src/pinky_pro/pinky_gz_sim) by extension 'ros'
[1.478s] DEBUG:colcon.colcon_core.package_identification:Package 'src/pinky_pro/pinky_gz_sim' with type 'ros.ament_cmake' and name 'pinky_gz_sim'
[1.479s] Level 1:colcon.colcon_core.package_identification:_identify(src/pinky_pro/pinky_imu_bno055) by extensions ['ignore', 'ignore_ament_install']
[1.479s] Level 1:colcon.colcon_core.package_identification:_identify(src/pinky_pro/pinky_imu_bno055) by extension 'ignore'
[1.480s] Level 1:colcon.colcon_core.package_identification:_identify(src/pinky_pro/pinky_imu_bno055) by extension 'ignore_ament_install'
[1.480s] Level 1:colcon.colcon_core.package_identification:_identify(src/pinky_pro/pinky_imu_bno055) by extensions ['colcon_pkg']
[1.481s] Level 1:colcon.colcon_core.package_identification:_identify(src/pinky_pro/pinky_imu_bno055) by extension 'colcon_pkg'
[1.481s] Level 1:colcon.colcon_core.package_identification:_identify(src/pinky_pro/pinky_imu_bno055) by extensions ['colcon_meta']
[1.481s] Level 1:colcon.colcon_core.package_identification:_identify(src/pinky_pro/pinky_imu_bno055) by extension 'colcon_meta'
[1.482s] Level 1:colcon.colcon_core.package_identification:_identify(src/pinky_pro/pinky_imu_bno055) by extensions ['ros']
[1.482s] Level 1:colcon.colcon_core.package_identification:_identify(src/pinky_pro/pinky_imu_bno055) by extension 'ros'
[1.484s] DEBUG:colcon.colcon_core.package_identification:Package 'src/pinky_pro/pinky_imu_bno055' with type 'ros.ament_cmake' and name 'pinky_imu_bno055'
[1.485s] Level 1:colcon.colcon_core.package_identification:_identify(src/pinky_pro/pinky_interfaces) by extensions ['ignore', 'ignore_ament_install']
[1.485s] Level 1:colcon.colcon_core.package_identification:_identify(src/pinky_pro/pinky_interfaces) by extension 'ignore'
[1.486s] Level 1:colcon.colcon_core.package_identification:_identify(src/pinky_pro/pinky_interfaces) by extension 'ignore_ament_install'
[1.486s] Level 1:colcon.colcon_core.package_identification:_identify(src/pinky_pro/pinky_interfaces) by extensions ['colcon_pkg']
[1.486s] Level 1:colcon.colcon_core.package_identification:_identify(src/pinky_pro/pinky_interfaces) by extension 'colcon_pkg'
[1.487s] Level 1:colcon.colcon_core.package_identification:_identify(src/pinky_pro/pinky_interfaces) by extensions ['colcon_meta']
[1.487s] Level 1:colcon.colcon_core.package_identification:_identify(src/pinky_pro/pinky_interfaces) by extension 'colcon_meta'
[1.487s] Level 1:colcon.colcon_core.package_identification:_identify(src/pinky_pro/pinky_interfaces) by extensions ['ros']
[1.487s] Level 1:colcon.colcon_core.package_identification:_identify(src/pinky_pro/pinky_interfaces) by extension 'ros'
[1.489s] DEBUG:colcon.colcon_core.package_identification:Package 'src/pinky_pro/pinky_interfaces' with type 'ros.ament_cmake' and name 'pinky_interfaces'
[1.490s] Level 1:colcon.colcon_core.package_identification:_identify(src/pinky_pro/pinky_led) by extensions ['ignore', 'ignore_ament_install']
[1.490s] Level 1:colcon.colcon_core.package_identification:_identify(src/pinky_pro/pinky_led) by extension 'ignore'
[1.491s] Level 1:colcon.colcon_core.package_identification:_identify(src/pinky_pro/pinky_led) by extension 'ignore_ament_install'
[1.491s] Level 1:colcon.colcon_core.package_identification:_identify(src/pinky_pro/pinky_led) by extensions ['colcon_pkg']
[1.491s] Level 1:colcon.colcon_core.package_identification:_identify(src/pinky_pro/pinky_led) by extension 'colcon_pkg'
[1.491s] Level 1:colcon.colcon_core.package_identification:_identify(src/pinky_pro/pinky_led) by extensions ['colcon_meta']
[1.491s] Level 1:colcon.colcon_core.package_identification:_identify(src/pinky_pro/pinky_led) by extension 'colcon_meta'
[1.492s] Level 1:colcon.colcon_core.package_identification:_identify(src/pinky_pro/pinky_led) by extensions ['ros']
[1.492s] Level 1:colcon.colcon_core.package_identification:_identify(src/pinky_pro/pinky_led) by extension 'ros'
[1.493s] DEBUG:colcon.colcon_core.package_identification:Package 'src/pinky_pro/pinky_led' with type 'ros.ament_python' and name 'pinky_led'
[1.494s] Level 1:colcon.colcon_core.package_identification:_identify(src/pinky_pro/pinky_navigation) by extensions ['ignore', 'ignore_ament_install']
[1.494s] Level 1:colcon.colcon_core.package_identification:_identify(src/pinky_pro/pinky_navigation) by extension 'ignore'
[1.495s] Level 1:colcon.colcon_core.package_identification:_identify(src/pinky_pro/pinky_navigation) by extension 'ignore_ament_install'
[1.495s] Level 1:colcon.colcon_core.package_identification:_identify(src/pinky_pro/pinky_navigation) by extensions ['colcon_pkg']
[1.495s] Level 1:colcon.colcon_core.package_identification:_identify(src/pinky_pro/pinky_navigation) by extension 'colcon_pkg'
[1.495s] Level 1:colcon.colcon_core.package_identification:_identify(src/pinky_pro/pinky_navigation) by extensions ['colcon_meta']
[1.495s] Level 1:colcon.colcon_core.package_identification:_identify(src/pinky_pro/pinky_navigation) by extension 'colcon_meta'
[1.496s] Level 1:colcon.colcon_core.package_identification:_identify(src/pinky_pro/pinky_navigation) by extensions ['ros']
[1.496s] Level 1:colcon.colcon_core.package_identification:_identify(src/pinky_pro/pinky_navigation) by extension 'ros'
[1.498s] DEBUG:colcon.colcon_core.package_identification:Package 'src/pinky_pro/pinky_navigation' with type 'ros.ament_cmake' and name 'pinky_navigation'
[1.498s] Level 1:colcon.colcon_core.package_identification:_identify(src/pinky_pro/pinky_sensor_adc) by extensions ['ignore', 'ignore_ament_install']
[1.499s] Level 1:colcon.colcon_core.package_identification:_identify(src/pinky_pro/pinky_sensor_adc) by extension 'ignore'
[1.499s] Level 1:colcon.colcon_core.package_identification:_identify(src/pinky_pro/pinky_sensor_adc) by extension 'ignore_ament_install'
[1.499s] Level 1:colcon.colcon_core.package_identification:_identify(src/pinky_pro/pinky_sensor_adc) by extensions ['colcon_pkg']
[1.499s] Level 1:colcon.colcon_core.package_identification:_identify(src/pinky_pro/pinky_sensor_adc) by extension 'colcon_pkg'
[1.500s] Level 1:colcon.colcon_core.package_identification:_identify(src/pinky_pro/pinky_sensor_adc) by extensions ['colcon_meta']
[1.500s] Level 1:colcon.colcon_core.package_identification:_identify(src/pinky_pro/pinky_sensor_adc) by extension 'colcon_meta'
[1.500s] Level 1:colcon.colcon_core.package_identification:_identify(src/pinky_pro/pinky_sensor_adc) by extensions ['ros']
[1.500s] Level 1:colcon.colcon_core.package_identification:_identify(src/pinky_pro/pinky_sensor_adc) by extension 'ros'
[1.503s] DEBUG:colcon.colcon_core.package_identification:Package 'src/pinky_pro/pinky_sensor_adc' with type 'ros.ament_cmake' and name 'pinky_sensor_adc'
[1.504s] Level 1:colcon.colcon_core.package_identification:_identify(src/sllidar_ros2) by extensions ['ignore', 'ignore_ament_install']
[1.504s] Level 1:colcon.colcon_core.package_identification:_identify(src/sllidar_ros2) by extension 'ignore'
[1.504s] Level 1:colcon.colcon_core.package_identification:_identify(src/sllidar_ros2) by extension 'ignore_ament_install'
[1.505s] Level 1:colcon.colcon_core.package_identification:_identify(src/sllidar_ros2) by extensions ['colcon_pkg']
[1.505s] Level 1:colcon.colcon_core.package_identification:_identify(src/sllidar_ros2) by extension 'colcon_pkg'
[1.505s] Level 1:colcon.colcon_core.package_identification:_identify(src/sllidar_ros2) by extensions ['colcon_meta']
[1.505s] Level 1:colcon.colcon_core.package_identification:_identify(src/sllidar_ros2) by extension 'colcon_meta'
[1.505s] Level 1:colcon.colcon_core.package_identification:_identify(src/sllidar_ros2) by extensions ['ros']
[1.505s] Level 1:colcon.colcon_core.package_identification:_identify(src/sllidar_ros2) by extension 'ros'
[1.508s] DEBUG:colcon.colcon_core.package_identification:Package 'src/sllidar_ros2' with type 'ros.ament_cmake' and name 'sllidar_ros2'
[1.508s] Level 1:colcon.colcon_core.package_discovery:discover_packages(recursive) using defaults
[1.509s] Level 1:colcon.colcon_core.package_discovery:discover_packages(ignore) discover
[1.509s] Level 1:colcon.colcon_core.package_discovery:discover_packages(ignore) using defaults
[1.509s] Level 1:colcon.colcon_core.package_discovery:discover_packages(path) discover
[1.509s] Level 1:colcon.colcon_core.package_discovery:discover_packages(path) using defaults
[1.683s] INFO:colcon.colcon_core.package_selection:Skipping not selected package 'pinky_bringup' in 'src/pinky_pro/pinky_bringup'
[1.683s] INFO:colcon.colcon_core.package_selection:Skipping not selected package 'pinky_description' in 'src/pinky_pro/pinky_description'
[1.683s] INFO:colcon.colcon_core.package_selection:Skipping not selected package 'pinky_emotion' in 'src/pinky_pro/pinky_emotion'
[1.683s] INFO:colcon.colcon_core.package_selection:Skipping not selected package 'pinky_gz_sim' in 'src/pinky_pro/pinky_gz_sim'
[1.684s] INFO:colcon.colcon_core.package_selection:Skipping not selected package 'pinky_imu_bno055' in 'src/pinky_pro/pinky_imu_bno055'
[1.684s] INFO:colcon.colcon_core.package_selection:Skipping not selected package 'pinky_interfaces' in 'src/pinky_pro/pinky_interfaces'
[1.684s] INFO:colcon.colcon_core.package_selection:Skipping not selected package 'pinky_led' in 'src/pinky_pro/pinky_led'
[1.684s] INFO:colcon.colcon_core.package_selection:Skipping not selected package 'pinky_sensor_adc' in 'src/pinky_pro/pinky_sensor_adc'
[1.684s] INFO:colcon.colcon_core.package_selection:Skipping not selected package 'sllidar_ros2' in 'src/sllidar_ros2'
[1.688s] Level 1:colcon.colcon_core.package_discovery:discover_packages(prefix_path) check parameters
[1.688s] Level 1:colcon.colcon_core.package_discovery:discover_packages(prefix_path) discover
[1.709s] DEBUG:colcon.colcon_installed_package_information.package_discovery:Found 10 installed packages in /home/pinky/pinky_pro/install
[1.725s] DEBUG:colcon.colcon_installed_package_information.package_discovery:Found 426 installed packages in /opt/ros/jazzy
[1.735s] Level 1:colcon.colcon_core.package_discovery:discover_packages(prefix_path) using defaults
[2.055s] Level 5:colcon.colcon_core.verb:set package 'pinky_navigation' build argument 'cmake_args' from command line to 'None'
[2.055s] Level 5:colcon.colcon_core.verb:set package 'pinky_navigation' build argument 'cmake_target' from command line to 'None'
[2.055s] Level 5:colcon.colcon_core.verb:set package 'pinky_navigation' build argument 'cmake_target_skip_unavailable' from command line to 'False'
[2.055s] Level 5:colcon.colcon_core.verb:set package 'pinky_navigation' build argument 'cmake_clean_cache' from command line to 'False'
[2.055s] Level 5:colcon.colcon_core.verb:set package 'pinky_navigation' build argument 'cmake_clean_first' from command line to 'False'
[2.055s] Level 5:colcon.colcon_core.verb:set package 'pinky_navigation' build argument 'cmake_force_configure' from command line to 'False'
[2.056s] Level 5:colcon.colcon_core.verb:set package 'pinky_navigation' build argument 'ament_cmake_args' from command line to 'None'
[2.056s] Level 5:colcon.colcon_core.verb:set package 'pinky_navigation' build argument 'catkin_cmake_args' from command line to 'None'
[2.056s] Level 5:colcon.colcon_core.verb:set package 'pinky_navigation' build argument 'catkin_skip_building_tests' from command line to 'False'
[2.056s] DEBUG:colcon.colcon_core.verb:Building package 'pinky_navigation' with the following arguments: {'ament_cmake_args': None, 'build_base': '/home/pinky/pinky_pro/build/pinky_navigation', 'catkin_cmake_args': None, 'catkin_skip_building_tests': False, 'cmake_args': None, 'cmake_clean_cache': False, 'cmake_clean_first': False, 'cmake_force_configure': False, 'cmake_target': None, 'cmake_target_skip_unavailable': False, 'install_base': '/home/pinky/pinky_pro/install/pinky_navigation', 'merge_install': False, 'path': '/home/pinky/pinky_pro/src/pinky_pro/pinky_navigation', 'symlink_install': False, 'test_result_base': None}
[2.057s] INFO:colcon.colcon_core.executor:Executing jobs using 'parallel' executor
[2.061s] DEBUG:colcon.colcon_parallel_executor.executor.parallel:run_until_complete
[2.062s] INFO:colcon.colcon_ros.task.ament_cmake.build:Building ROS package in '/home/pinky/pinky_pro/src/pinky_pro/pinky_navigation' with build type 'ament_cmake'
[2.062s] INFO:colcon.colcon_cmake.task.cmake.build:Building CMake package in '/home/pinky/pinky_pro/src/pinky_pro/pinky_navigation'
[2.091s] INFO:colcon.colcon_core.plugin_system:Skipping extension 'colcon_core.shell.bat': Not used on non-Windows systems
[2.091s] INFO:colcon.colcon_core.shell:Skip shell extension 'powershell' for command environment: Not usable outside of PowerShell
[2.092s] DEBUG:colcon.colcon_core.shell:Skip shell extension 'dsv' for command environment
[2.157s] DEBUG:colcon.colcon_core.event_handler.log_command:Invoking command in '/home/pinky/pinky_pro/build/pinky_navigation': CMAKE_PREFIX_PATH=${CMAKE_PREFIX_PATH}:/home/pinky/pinky_pro/install/pinky_led:/home/pinky/pinky_pro/install/pinky_emotion:/home/pinky/pinky_pro/install/pinky_bringup:/opt/ros/jazzy DEBUGINFOD_URLS=https://debuginfod.ubuntu.com /usr/bin/cmake --build /home/pinky/pinky_pro/build/pinky_navigation -- -j4 -l4
[2.446s] DEBUG:colcon.colcon_core.event_handler.log_command:Invoked command in '/home/pinky/pinky_pro/build/pinky_navigation' returned '0': CMAKE_PREFIX_PATH=${CMAKE_PREFIX_PATH}:/home/pinky/pinky_pro/install/pinky_led:/home/pinky/pinky_pro/install/pinky_emotion:/home/pinky/pinky_pro/install/pinky_bringup:/opt/ros/jazzy DEBUGINFOD_URLS=https://debuginfod.ubuntu.com /usr/bin/cmake --build /home/pinky/pinky_pro/build/pinky_navigation -- -j4 -l4
[2.516s] DEBUG:colcon.colcon_core.event_handler.log_command:Invoking command in '/home/pinky/pinky_pro/build/pinky_navigation': CMAKE_PREFIX_PATH=${CMAKE_PREFIX_PATH}:/home/pinky/pinky_pro/install/pinky_led:/home/pinky/pinky_pro/install/pinky_emotion:/home/pinky/pinky_pro/install/pinky_bringup:/opt/ros/jazzy DEBUGINFOD_URLS=https://debuginfod.ubuntu.com /usr/bin/cmake --install /home/pinky/pinky_pro/build/pinky_navigation
[2.595s] Level 1:colcon.colcon_core.environment:create_environment_scripts_only(pinky_navigation)
[2.629s] DEBUG:colcon.colcon_core.event_handler.log_command:Invoked command in '/home/pinky/pinky_pro/build/pinky_navigation' returned '0': CMAKE_PREFIX_PATH=${CMAKE_PREFIX_PATH}:/home/pinky/pinky_pro/install/pinky_led:/home/pinky/pinky_pro/install/pinky_emotion:/home/pinky/pinky_pro/install/pinky_bringup:/opt/ros/jazzy DEBUGINFOD_URLS=https://debuginfod.ubuntu.com /usr/bin/cmake --install /home/pinky/pinky_pro/build/pinky_navigation
[2.637s] Level 1:colcon.colcon_core.environment:checking '/home/pinky/pinky_pro/install/pinky_navigation' for CMake module files
[2.641s] Level 1:colcon.colcon_core.environment:checking '/home/pinky/pinky_pro/install/pinky_navigation' for CMake config files
[2.643s] Level 1:colcon.colcon_core.shell:create_environment_hook('pinky_navigation', 'cmake_prefix_path')
[2.644s] INFO:colcon.colcon_core.shell:Creating environment hook '/home/pinky/pinky_pro/install/pinky_navigation/share/pinky_navigation/hook/cmake_prefix_path.ps1'
[2.648s] INFO:colcon.colcon_core.shell:Creating environment descriptor '/home/pinky/pinky_pro/install/pinky_navigation/share/pinky_navigation/hook/cmake_prefix_path.dsv'
[2.650s] INFO:colcon.colcon_core.shell:Creating environment hook '/home/pinky/pinky_pro/install/pinky_navigation/share/pinky_navigation/hook/cmake_prefix_path.sh'
[2.654s] Level 1:colcon.colcon_core.environment:checking '/home/pinky/pinky_pro/install/pinky_navigation/lib'
[2.655s] Level 1:colcon.colcon_core.environment:checking '/home/pinky/pinky_pro/install/pinky_navigation/bin'
[2.656s] Level 1:colcon.colcon_core.environment:checking '/home/pinky/pinky_pro/install/pinky_navigation/lib/pkgconfig/pinky_navigation.pc'
[2.657s] Level 1:colcon.colcon_core.environment:checking '/home/pinky/pinky_pro/install/pinky_navigation/lib/python3.12/site-packages'
[2.659s] Level 1:colcon.colcon_core.environment:checking '/home/pinky/pinky_pro/install/pinky_navigation/bin'
[2.660s] INFO:colcon.colcon_core.shell:Creating package script '/home/pinky/pinky_pro/install/pinky_navigation/share/pinky_navigation/package.ps1'
[2.665s] INFO:colcon.colcon_core.shell:Creating package descriptor '/home/pinky/pinky_pro/install/pinky_navigation/share/pinky_navigation/package.dsv'
[2.667s] INFO:colcon.colcon_core.shell:Creating package script '/home/pinky/pinky_pro/install/pinky_navigation/share/pinky_navigation/package.sh'
[2.671s] INFO:colcon.colcon_core.shell:Creating package script '/home/pinky/pinky_pro/install/pinky_navigation/share/pinky_navigation/package.bash'
[2.675s] INFO:colcon.colcon_core.shell:Creating package script '/home/pinky/pinky_pro/install/pinky_navigation/share/pinky_navigation/package.zsh'
[2.678s] Level 1:colcon.colcon_core.environment:create_file_with_runtime_dependencies(/home/pinky/pinky_pro/install/pinky_navigation/share/colcon-core/packages/pinky_navigation)
[2.682s] Level 1:colcon.colcon_core.environment:create_environment_scripts_only(pinky_navigation)
[2.683s] Level 1:colcon.colcon_core.environment:checking '/home/pinky/pinky_pro/install/pinky_navigation' for CMake module files
[2.687s] Level 1:colcon.colcon_core.environment:checking '/home/pinky/pinky_pro/install/pinky_navigation' for CMake config files
[2.688s] Level 1:colcon.colcon_core.shell:create_environment_hook('pinky_navigation', 'cmake_prefix_path')
[2.689s] INFO:colcon.colcon_core.shell:Creating environment hook '/home/pinky/pinky_pro/install/pinky_navigation/share/pinky_navigation/hook/cmake_prefix_path.ps1'
[2.691s] INFO:colcon.colcon_core.shell:Creating environment descriptor '/home/pinky/pinky_pro/install/pinky_navigation/share/pinky_navigation/hook/cmake_prefix_path.dsv'
[2.693s] INFO:colcon.colcon_core.shell:Creating environment hook '/home/pinky/pinky_pro/install/pinky_navigation/share/pinky_navigation/hook/cmake_prefix_path.sh'
[2.696s] Level 1:colcon.colcon_core.environment:checking '/home/pinky/pinky_pro/install/pinky_navigation/lib'
[2.696s] Level 1:colcon.colcon_core.environment:checking '/home/pinky/pinky_pro/install/pinky_navigation/bin'
[2.696s] Level 1:colcon.colcon_core.environment:checking '/home/pinky/pinky_pro/install/pinky_navigation/lib/pkgconfig/pinky_navigation.pc'
[2.697s] Level 1:colcon.colcon_core.environment:checking '/home/pinky/pinky_pro/install/pinky_navigation/lib/python3.12/site-packages'
[2.699s] Level 1:colcon.colcon_core.environment:checking '/home/pinky/pinky_pro/install/pinky_navigation/bin'
[2.700s] INFO:colcon.colcon_core.shell:Creating package script '/home/pinky/pinky_pro/install/pinky_navigation/share/pinky_navigation/package.ps1'
[2.702s] INFO:colcon.colcon_core.shell:Creating package descriptor '/home/pinky/pinky_pro/install/pinky_navigation/share/pinky_navigation/package.dsv'
[2.704s] INFO:colcon.colcon_core.shell:Creating package script '/home/pinky/pinky_pro/install/pinky_navigation/share/pinky_navigation/package.sh'
[2.707s] INFO:colcon.colcon_core.shell:Creating package script '/home/pinky/pinky_pro/install/pinky_navigation/share/pinky_navigation/package.bash'
[2.709s] INFO:colcon.colcon_core.shell:Creating package script '/home/pinky/pinky_pro/install/pinky_navigation/share/pinky_navigation/package.zsh'
[2.712s] Level 1:colcon.colcon_core.environment:create_file_with_runtime_dependencies(/home/pinky/pinky_pro/install/pinky_navigation/share/colcon-core/packages/pinky_navigation)
[2.714s] DEBUG:colcon.colcon_parallel_executor.executor.parallel:closing loop
[2.716s] DEBUG:colcon.colcon_parallel_executor.executor.parallel:loop closed
[2.717s] DEBUG:colcon.colcon_parallel_executor.executor.parallel:run_until_complete finished with '0'
[2.717s] DEBUG:colcon.colcon_core.event_reactor:joining thread
[2.763s] INFO:colcon.colcon_core.plugin_system:Skipping extension 'colcon_notification.desktop_notification.terminal_notifier': Not used on non-Darwin systems
[2.763s] INFO:colcon.colcon_core.plugin_system:Skipping extension 'colcon_notification.desktop_notification.win32': Not used on non-Windows systems
[2.764s] INFO:colcon.colcon_notification.desktop_notification:Sending desktop notification using 'notify2'
[2.770s] DEBUG:colcon.colcon_notification.desktop_notification.notify2:Failed to initialize notify2: org.freedesktop.DBus.Error.ServiceUnknown: The name org.freedesktop.Notifications was not provided by any .service files
[2.770s] DEBUG:colcon.colcon_core.event_reactor:joined thread
[2.771s] INFO:colcon.colcon_core.shell:Creating prefix script '/home/pinky/pinky_pro/install/local_setup.ps1'
[2.774s] INFO:colcon.colcon_core.shell:Creating prefix util module '/home/pinky/pinky_pro/install/_local_setup_util_ps1.py'
[2.782s] INFO:colcon.colcon_core.shell:Creating prefix chain script '/home/pinky/pinky_pro/install/setup.ps1'
[2.790s] INFO:colcon.colcon_core.shell:Creating prefix script '/home/pinky/pinky_pro/install/local_setup.sh'
[2.793s] INFO:colcon.colcon_core.shell:Creating prefix util module '/home/pinky/pinky_pro/install/_local_setup_util_sh.py'
[2.796s] INFO:colcon.colcon_core.shell:Creating prefix chain script '/home/pinky/pinky_pro/install/setup.sh'
[2.803s] INFO:colcon.colcon_core.shell:Creating prefix script '/home/pinky/pinky_pro/install/local_setup.bash'
[2.805s] INFO:colcon.colcon_core.shell:Creating prefix chain script '/home/pinky/pinky_pro/install/setup.bash'
[2.813s] INFO:colcon.colcon_core.shell:Creating prefix script '/home/pinky/pinky_pro/install/local_setup.zsh'
[2.816s] INFO:colcon.colcon_core.shell:Creating prefix chain script '/home/pinky/pinky_pro/install/setup.zsh'
