-- The C compiler identification is GNU 13.3.0
-- The CXX compiler identification is GNU 13.3.0
-- Detecting C compiler ABI info
-- Detecting C compiler ABI info - done
-- Check for working C compiler: /usr/bin/cc - skipped
-- Detecting C compile features
-- Detecting C compile features - done
-- Detecting CXX compiler ABI info
-- Detecting CXX compiler ABI info - done
-- Check for working CXX compiler: /usr/bin/c++ - skipped
-- Detecting CXX compile features
-- Detecting CXX compile features - done
-- Found ament_cmake: 2.5.5 (/opt/ros/jazzy/share/ament_cmake/cmake)
-- Found Python3: /usr/bin/python3 (found version "3.12.3") found components: Interpreter 
-- Found std_msgs: 5.3.6 (/opt/ros/jazzy/share/std_msgs/cmake)
-- Found rosidl_generator_c: 4.6.7 (/opt/ros/jazzy/share/rosidl_generator_c/cmake)
-- Found rosidl_generator_cpp: 4.6.7 (/opt/ros/jazzy/share/rosidl_generator_cpp/cmake)
-- Using all available rosidl_typesupport_c: rosidl_typesupport_fastrtps_c;rosidl_typesupport_introspection_c
-- Using all available rosidl_typesupport_cpp: rosidl_typesupport_fastrtps_cpp;rosidl_typesupport_introspection_cpp
-- Found action_msgs: 2.0.3 (/opt/ros/jazzy/share/action_msgs/cmake)
-- Found rosidl_default_generators: 1.6.0 (/opt/ros/jazzy/share/rosidl_default_generators/cmake)
-- Found rosidl_adapter: 4.6.7 (/opt/ros/jazzy/share/rosidl_adapter/cmake)
-- Found ament_cmake_ros: 0.12.0 (/opt/ros/jazzy/share/ament_cmake_ros/cmake)
-- Using all available rosidl_typesupport_c: rosidl_typesupport_fastrtps_c;rosidl_typesupport_introspection_c
-- Using all available rosidl_typesupport_cpp: rosidl_typesupport_fastrtps_cpp;rosidl_typesupport_introspection_cpp
-- Found python_cmake_module: 0.11.1 (/opt/ros/jazzy/share/python_cmake_module/cmake)
-- Found PythonExtra: /usr/bin/python3  
-- Found Python3: /usr/bin/python3 (found version "3.12.3") found components: Interpreter Development NumPy Development.Module Development.Embed 
-- Found ament_lint_auto: 0.17.4 (/opt/ros/jazzy/share/ament_lint_auto/cmake)
-- Added test 'lint_cmake' to check CMake code style
-- Added test 'xmllint' to check XML markup files
-- Configuring done (27.2s)
-- Generating done (0.3s)
-- Build files have been written to: /home/pinky/pinky_pro/build/pinky_interfaces
[  1%] [34m[1mGenerating type hashes for ROS interfaces[0m
[  1%] Built target ament_cmake_python_copy_pinky_interfaces
[  1%] Built target pinky_interfaces__rosidl_generator_type_description
[  3%] [34m[1mGenerating C code for ROS interfaces[0m
[  4%] [34m[1mGenerating C++ code for ROS interfaces[0m
running egg_info
creating pinky_interfaces.egg-info
writing pinky_interfaces.egg-info/PKG-INFO
writing dependency_links to pinky_interfaces.egg-info/dependency_links.txt
writing top-level names to pinky_interfaces.egg-info/top_level.txt
writing manifest file 'pinky_interfaces.egg-info/SOURCES.txt'
reading manifest file 'pinky_interfaces.egg-info/SOURCES.txt'
writing manifest file 'pinky_interfaces.egg-info/SOURCES.txt'
[  4%] Built target ament_cmake_python_build_pinky_interfaces_egg
[  4%] Built target pinky_interfaces__cpp
[  6%] [32mBuilding C object CMakeFiles/pinky_interfaces__rosidl_generator_c.dir/rosidl_generator_c/pinky_interfaces/srv/detail/set_led__type_support.c.o[0m
[  7%] [32mBuilding C object CMakeFiles/pinky_interfaces__rosidl_generator_c.dir/rosidl_generator_c/pinky_interfaces/srv/detail/set_led__functions.c.o[0m
[  9%] [32mBuilding C object CMakeFiles/pinky_interfaces__rosidl_generator_c.dir/rosidl_generator_c/pinky_interfaces/srv/detail/set_led__description.c.o[0m
[ 10%] [32mBuilding C object CMakeFiles/pinky_interfaces__rosidl_generator_c.dir/rosidl_generator_c/pinky_interfaces/srv/detail/emotion__description.c.o[0m
[ 12%] [32mBuilding C object CMakeFiles/pinky_interfaces__rosidl_generator_c.dir/rosidl_generator_c/pinky_interfaces/srv/detail/emotion__functions.c.o[0m
[ 14%] [32mBuilding C object CMakeFiles/pinky_interfaces__rosidl_generator_c.dir/rosidl_generator_c/pinky_interfaces/srv/detail/emotion__type_support.c.o[0m
[ 15%] [32mBuilding C object CMakeFiles/pinky_interfaces__rosidl_generator_c.dir/rosidl_generator_c/pinky_interfaces/srv/detail/set_brightness__description.c.o[0m
[ 17%] [32mBuilding C object CMakeFiles/pinky_interfaces__rosidl_generator_c.dir/rosidl_generator_c/pinky_interfaces/srv/detail/set_brightness__functions.c.o[0m
[ 18%] [32mBuilding C object CMakeFiles/pinky_interfaces__rosidl_generator_c.dir/rosidl_generator_c/pinky_interfaces/srv/detail/set_brightness__type_support.c.o[0m
[ 20%] [32mBuilding C object CMakeFiles/pinky_interfaces__rosidl_generator_c.dir/rosidl_generator_c/pinky_interfaces/srv/detail/set_lamp__description.c.o[0m
[ 21%] [32mBuilding C object CMakeFiles/pinky_interfaces__rosidl_generator_c.dir/rosidl_generator_c/pinky_interfaces/srv/detail/set_lamp__functions.c.o[0m
[ 23%] [32mBuilding C object CMakeFiles/pinky_interfaces__rosidl_generator_c.dir/rosidl_generator_c/pinky_interfaces/srv/detail/set_lamp__type_support.c.o[0m
[ 25%] [32m[1mLinking C shared library libpinky_interfaces__rosidl_generator_c.so[0m
[ 25%] Built target pinky_interfaces__rosidl_generator_c
[ 26%] [34m[1mGenerating C introspection for ROS interfaces[0m
[ 28%] [34m[1mGenerating C++ type support for eProsima Fast-RTPS[0m
[ 29%] [34m[1mGenerating C++ type support dispatch for ROS interfaces[0m
[ 31%] [34m[1mGenerating C type support for eProsima Fast-RTPS[0m
[ 32%] [32mBuilding CXX object CMakeFiles/pinky_interfaces__rosidl_typesupport_cpp.dir/rosidl_typesupport_cpp/pinky_interfaces/srv/set_led__type_support.cpp.o[0m
[ 34%] [32mBuilding C object CMakeFiles/pinky_interfaces__rosidl_typesupport_introspection_c.dir/rosidl_typesupport_introspection_c/pinky_interfaces/srv/detail/set_led__type_support.c.o[0m
[ 35%] [32mBuilding C object CMakeFiles/pinky_interfaces__rosidl_typesupport_introspection_c.dir/rosidl_typesupport_introspection_c/pinky_interfaces/srv/detail/emotion__type_support.c.o[0m
[ 37%] [32mBuilding CXX object CMakeFiles/pinky_interfaces__rosidl_typesupport_fastrtps_cpp.dir/rosidl_typesupport_fastrtps_cpp/pinky_interfaces/srv/detail/dds_fastrtps/set_led__type_support.cpp.o[0m
[ 39%] [32mBuilding C object CMakeFiles/pinky_interfaces__rosidl_typesupport_introspection_c.dir/rosidl_typesupport_introspection_c/pinky_interfaces/srv/detail/set_brightness__type_support.c.o[0m
[ 40%] [32mBuilding C object CMakeFiles/pinky_interfaces__rosidl_typesupport_introspection_c.dir/rosidl_typesupport_introspection_c/pinky_interfaces/srv/detail/set_lamp__type_support.c.o[0m
[ 42%] [32mBuilding CXX object CMakeFiles/pinky_interfaces__rosidl_typesupport_fastrtps_c.dir/rosidl_typesupport_fastrtps_c/pinky_interfaces/srv/detail/set_led__type_support_c.cpp.o[0m
[ 43%] [32m[1mLinking C shared library libpinky_interfaces__rosidl_typesupport_introspection_c.so[0m
[ 45%] [32mBuilding CXX object CMakeFiles/pinky_interfaces__rosidl_typesupport_cpp.dir/rosidl_typesupport_cpp/pinky_interfaces/srv/emotion__type_support.cpp.o[0m
[ 45%] Built target pinky_interfaces__rosidl_typesupport_introspection_c
[ 46%] [34m[1mGenerating C type support dispatch for ROS interfaces[0m
[ 48%] [32mBuilding CXX object CMakeFiles/pinky_interfaces__rosidl_typesupport_cpp.dir/rosidl_typesupport_cpp/pinky_interfaces/srv/set_brightness__type_support.cpp.o[0m
[ 50%] [32mBuilding CXX object CMakeFiles/pinky_interfaces__rosidl_typesupport_fastrtps_c.dir/rosidl_typesupport_fastrtps_c/pinky_interfaces/srv/detail/emotion__type_support_c.cpp.o[0m
[ 51%] [32mBuilding CXX object CMakeFiles/pinky_interfaces__rosidl_typesupport_c.dir/rosidl_typesupport_c/pinky_interfaces/srv/set_led__type_support.cpp.o[0m
[ 53%] [32mBuilding CXX object CMakeFiles/pinky_interfaces__rosidl_typesupport_c.dir/rosidl_typesupport_c/pinky_interfaces/srv/emotion__type_support.cpp.o[0m
[ 54%] [32mBuilding CXX object CMakeFiles/pinky_interfaces__rosidl_typesupport_fastrtps_cpp.dir/rosidl_typesupport_fastrtps_cpp/pinky_interfaces/srv/detail/dds_fastrtps/emotion__type_support.cpp.o[0m
[ 56%] [32mBuilding CXX object CMakeFiles/pinky_interfaces__rosidl_typesupport_c.dir/rosidl_typesupport_c/pinky_interfaces/srv/set_brightness__type_support.cpp.o[0m
[ 57%] [32mBuilding CXX object CMakeFiles/pinky_interfaces__rosidl_typesupport_c.dir/rosidl_typesupport_c/pinky_interfaces/srv/set_lamp__type_support.cpp.o[0m
[ 59%] [32mBuilding CXX object CMakeFiles/pinky_interfaces__rosidl_typesupport_cpp.dir/rosidl_typesupport_cpp/pinky_interfaces/srv/set_lamp__type_support.cpp.o[0m
[ 60%] [32m[1mLinking CXX shared library libpinky_interfaces__rosidl_typesupport_c.so[0m
[ 60%] Built target pinky_interfaces__rosidl_typesupport_c
[ 62%] [34m[1mGenerating C++ introspection for ROS interfaces[0m
[ 64%] [32mBuilding CXX object CMakeFiles/pinky_interfaces__rosidl_typesupport_fastrtps_c.dir/rosidl_typesupport_fastrtps_c/pinky_interfaces/srv/detail/set_brightness__type_support_c.cpp.o[0m
[ 65%] [32m[1mLinking CXX shared library libpinky_interfaces__rosidl_typesupport_cpp.so[0m
[ 67%] [32mBuilding CXX object CMakeFiles/pinky_interfaces__rosidl_typesupport_fastrtps_cpp.dir/rosidl_typesupport_fastrtps_cpp/pinky_interfaces/srv/detail/dds_fastrtps/set_brightness__type_support.cpp.o[0m
[ 67%] Built target pinky_interfaces__rosidl_typesupport_cpp
[ 68%] [32mBuilding CXX object CMakeFiles/pinky_interfaces__rosidl_typesupport_introspection_cpp.dir/rosidl_typesupport_introspection_cpp/pinky_interfaces/srv/detail/set_led__type_support.cpp.o[0m
[ 70%] [32mBuilding CXX object CMakeFiles/pinky_interfaces__rosidl_typesupport_fastrtps_c.dir/rosidl_typesupport_fastrtps_c/pinky_interfaces/srv/detail/set_lamp__type_support_c.cpp.o[0m
[ 71%] [32mBuilding CXX object CMakeFiles/pinky_interfaces__rosidl_typesupport_introspection_cpp.dir/rosidl_typesupport_introspection_cpp/pinky_interfaces/srv/detail/emotion__type_support.cpp.o[0m
[ 73%] [32mBuilding CXX object CMakeFiles/pinky_interfaces__rosidl_typesupport_fastrtps_cpp.dir/rosidl_typesupport_fastrtps_cpp/pinky_interfaces/srv/detail/dds_fastrtps/set_lamp__type_support.cpp.o[0m
[ 75%] [32m[1mLinking CXX shared library libpinky_interfaces__rosidl_typesupport_fastrtps_c.so[0m
[ 75%] Built target pinky_interfaces__rosidl_typesupport_fastrtps_c
[ 76%] [32mBuilding CXX object CMakeFiles/pinky_interfaces__rosidl_typesupport_introspection_cpp.dir/rosidl_typesupport_introspection_cpp/pinky_interfaces/srv/detail/set_lamp__type_support.cpp.o[0m
[ 78%] [32m[1mLinking CXX shared library libpinky_interfaces__rosidl_typesupport_fastrtps_cpp.so[0m
[ 78%] Built target pinky_interfaces__rosidl_typesupport_fastrtps_cpp
[ 79%] [32mBuilding CXX object CMakeFiles/pinky_interfaces__rosidl_typesupport_introspection_cpp.dir/rosidl_typesupport_introspection_cpp/pinky_interfaces/srv/detail/set_brightness__type_support.cpp.o[0m
[ 81%] [32m[1mLinking CXX shared library libpinky_interfaces__rosidl_typesupport_introspection_cpp.so[0m
[ 81%] Built target pinky_interfaces__rosidl_typesupport_introspection_cpp
[ 81%] Built target pinky_interfaces
[ 82%] [34m[1mGenerating Python code for ROS interfaces[0m
[ 82%] Built target pinky_interfaces__py
[ 84%] [32mBuilding C object CMakeFiles/pinky_interfaces__rosidl_generator_py.dir/rosidl_generator_py/pinky_interfaces/srv/_set_led_s.c.o[0m
[ 85%] [32mBuilding C object CMakeFiles/pinky_interfaces__rosidl_generator_py.dir/rosidl_generator_py/pinky_interfaces/srv/_emotion_s.c.o[0m
[ 87%] [32mBuilding C object CMakeFiles/pinky_interfaces__rosidl_generator_py.dir/rosidl_generator_py/pinky_interfaces/srv/_set_brightness_s.c.o[0m
[ 89%] [32mBuilding C object CMakeFiles/pinky_interfaces__rosidl_generator_py.dir/rosidl_generator_py/pinky_interfaces/srv/_set_lamp_s.c.o[0m
[ 90%] [32m[1mLinking C shared library libpinky_interfaces__rosidl_generator_py.so[0m
[ 90%] Built target pinky_interfaces__rosidl_generator_py
[ 93%] [32mBuilding C object CMakeFiles/pinky_interfaces_s__rosidl_typesupport_fastrtps_c.dir/rosidl_generator_py/pinky_interfaces/_pinky_interfaces_s.ep.rosidl_typesupport_fastrtps_c.c.o[0m
[ 93%] [32mBuilding C object CMakeFiles/pinky_interfaces_s__rosidl_typesupport_introspection_c.dir/rosidl_generator_py/pinky_interfaces/_pinky_interfaces_s.ep.rosidl_typesupport_introspection_c.c.o[0m
[ 95%] [32mBuilding C object CMakeFiles/pinky_interfaces_s__rosidl_typesupport_c.dir/rosidl_generator_py/pinky_interfaces/_pinky_interfaces_s.ep.rosidl_typesupport_c.c.o[0m
[ 96%] [32m[1mLinking C shared module rosidl_generator_py/pinky_interfaces/pinky_interfaces_s__rosidl_typesupport_c.so[0m
[ 98%] [32m[1mLinking C shared module rosidl_generator_py/pinky_interfaces/pinky_interfaces_s__rosidl_typesupport_introspection_c.so[0m
[100%] [32m[1mLinking C shared module rosidl_generator_py/pinky_interfaces/pinky_interfaces_s__rosidl_typesupport_fastrtps_c.so[0m
[100%] Built target pinky_interfaces_s__rosidl_typesupport_c
[100%] Built target pinky_interfaces_s__rosidl_typesupport_introspection_c
[100%] Built target pinky_interfaces_s__rosidl_typesupport_fastrtps_c
-- Install configuration: ""
-- Installing: /home/pinky/pinky_pro/install/pinky_interfaces/share/ament_index/resource_index/rosidl_interfaces/pinky_interfaces
-- Installing: /home/pinky/pinky_pro/install/pinky_interfaces/share/pinky_interfaces/srv/SetLed.json
-- Installing: /home/pinky/pinky_pro/install/pinky_interfaces/share/pinky_interfaces/srv/Emotion.json
-- Installing: /home/pinky/pinky_pro/install/pinky_interfaces/share/pinky_interfaces/srv/SetBrightness.json
-- Installing: /home/pinky/pinky_pro/install/pinky_interfaces/share/pinky_interfaces/srv/SetLamp.json
-- Installing: /home/pinky/pinky_pro/install/pinky_interfaces/include/pinky_interfaces/pinky_interfaces
-- Installing: /home/pinky/pinky_pro/install/pinky_interfaces/include/pinky_interfaces/pinky_interfaces/msg
-- Installing: /home/pinky/pinky_pro/install/pinky_interfaces/include/pinky_interfaces/pinky_interfaces/msg/rosidl_generator_c__visibility_control.h
-- Installing: /home/pinky/pinky_pro/install/pinky_interfaces/include/pinky_interfaces/pinky_interfaces/srv
-- Installing: /home/pinky/pinky_pro/install/pinky_interfaces/include/pinky_interfaces/pinky_interfaces/srv/emotion.h
-- Installing: /home/pinky/pinky_pro/install/pinky_interfaces/include/pinky_interfaces/pinky_interfaces/srv/set_brightness.h
-- Installing: /home/pinky/pinky_pro/install/pinky_interfaces/include/pinky_interfaces/pinky_interfaces/srv/set_lamp.h
-- Installing: /home/pinky/pinky_pro/install/pinky_interfaces/include/pinky_interfaces/pinky_interfaces/srv/set_led.h
-- Installing: /home/pinky/pinky_pro/install/pinky_interfaces/include/pinky_interfaces/pinky_interfaces/srv/detail
-- Installing: /home/pinky/pinky_pro/install/pinky_interfaces/include/pinky_interfaces/pinky_interfaces/srv/detail/set_brightness__type_support.h
-- Installing: /home/pinky/pinky_pro/install/pinky_interfaces/include/pinky_interfaces/pinky_interfaces/srv/detail/emotion__struct.h
-- Installing: /home/pinky/pinky_pro/install/pinky_interfaces/include/pinky_interfaces/pinky_interfaces/srv/detail/set_led__type_support.h
-- Installing: /home/pinky/pinky_pro/install/pinky_interfaces/include/pinky_interfaces/pinky_interfaces/srv/detail/emotion__type_support.c
-- Installing: /home/pinky/pinky_pro/install/pinky_interfaces/include/pinky_interfaces/pinky_interfaces/srv/detail/set_lamp__description.c
-- Installing: /home/pinky/pinky_pro/install/pinky_interfaces/include/pinky_interfaces/pinky_interfaces/srv/detail/set_brightness__type_support.c
-- Installing: /home/pinky/pinky_pro/install/pinky_interfaces/include/pinky_interfaces/pinky_interfaces/srv/detail/set_led__type_support.c
-- Installing: /home/pinky/pinky_pro/install/pinky_interfaces/include/pinky_interfaces/pinky_interfaces/srv/detail/set_led__description.c
-- Installing: /home/pinky/pinky_pro/install/pinky_interfaces/include/pinky_interfaces/pinky_interfaces/srv/detail/emotion__functions.c
-- Installing: /home/pinky/pinky_pro/install/pinky_interfaces/include/pinky_interfaces/pinky_interfaces/srv/detail/emotion__functions.h
-- Installing: /home/pinky/pinky_pro/install/pinky_interfaces/include/pinky_interfaces/pinky_interfaces/srv/detail/emotion__description.c
-- Installing: /home/pinky/pinky_pro/install/pinky_interfaces/include/pinky_interfaces/pinky_interfaces/srv/detail/set_led__functions.h
-- Installing: /home/pinky/pinky_pro/install/pinky_interfaces/include/pinky_interfaces/pinky_interfaces/srv/detail/set_lamp__type_support.h
-- Installing: /home/pinky/pinky_pro/install/pinky_interfaces/include/pinky_interfaces/pinky_interfaces/srv/detail/set_lamp__struct.h
-- Installing: /home/pinky/pinky_pro/install/pinky_interfaces/include/pinky_interfaces/pinky_interfaces/srv/detail/set_lamp__functions.c
-- Installing: /home/pinky/pinky_pro/install/pinky_interfaces/include/pinky_interfaces/pinky_interfaces/srv/detail/set_brightness__functions.h
-- Installing: /home/pinky/pinky_pro/install/pinky_interfaces/include/pinky_interfaces/pinky_interfaces/srv/detail/set_led__struct.h
-- Installing: /home/pinky/pinky_pro/install/pinky_interfaces/include/pinky_interfaces/pinky_interfaces/srv/detail/set_lamp__type_support.c
-- Installing: /home/pinky/pinky_pro/install/pinky_interfaces/include/pinky_interfaces/pinky_interfaces/srv/detail/set_brightness__description.c
-- Installing: /home/pinky/pinky_pro/install/pinky_interfaces/include/pinky_interfaces/pinky_interfaces/srv/detail/emotion__type_support.h
-- Installing: /home/pinky/pinky_pro/install/pinky_interfaces/include/pinky_interfaces/pinky_interfaces/srv/detail/set_lamp__functions.h
-- Installing: /home/pinky/pinky_pro/install/pinky_interfaces/include/pinky_interfaces/pinky_interfaces/srv/detail/set_brightness__functions.c
-- Installing: /home/pinky/pinky_pro/install/pinky_interfaces/include/pinky_interfaces/pinky_interfaces/srv/detail/set_led__functions.c
-- Installing: /home/pinky/pinky_pro/install/pinky_interfaces/include/pinky_interfaces/pinky_interfaces/srv/detail/set_brightness__struct.h
-- Installing: /home/pinky/pinky_pro/install/pinky_interfaces/share/pinky_interfaces/environment/library_path.sh
-- Installing: /home/pinky/pinky_pro/install/pinky_interfaces/share/pinky_interfaces/environment/library_path.dsv
-- Installing: /home/pinky/pinky_pro/install/pinky_interfaces/lib/libpinky_interfaces__rosidl_generator_c.so
-- Set non-toolchain portion of runtime path of "/home/pinky/pinky_pro/install/pinky_interfaces/lib/libpinky_interfaces__rosidl_generator_c.so" to ""
-- Up-to-date: /home/pinky/pinky_pro/install/pinky_interfaces/include/pinky_interfaces/pinky_interfaces
-- Up-to-date: /home/pinky/pinky_pro/install/pinky_interfaces/include/pinky_interfaces/pinky_interfaces/msg
-- Installing: /home/pinky/pinky_pro/install/pinky_interfaces/include/pinky_interfaces/pinky_interfaces/msg/rosidl_typesupport_fastrtps_c__visibility_control.h
-- Up-to-date: /home/pinky/pinky_pro/install/pinky_interfaces/include/pinky_interfaces/pinky_interfaces/srv
-- Up-to-date: /home/pinky/pinky_pro/install/pinky_interfaces/include/pinky_interfaces/pinky_interfaces/srv/detail
-- Installing: /home/pinky/pinky_pro/install/pinky_interfaces/include/pinky_interfaces/pinky_interfaces/srv/detail/emotion__rosidl_typesupport_fastrtps_c.h
-- Installing: /home/pinky/pinky_pro/install/pinky_interfaces/include/pinky_interfaces/pinky_interfaces/srv/detail/set_lamp__rosidl_typesupport_fastrtps_c.h
-- Installing: /home/pinky/pinky_pro/install/pinky_interfaces/include/pinky_interfaces/pinky_interfaces/srv/detail/set_brightness__rosidl_typesupport_fastrtps_c.h
-- Installing: /home/pinky/pinky_pro/install/pinky_interfaces/include/pinky_interfaces/pinky_interfaces/srv/detail/set_led__rosidl_typesupport_fastrtps_c.h
-- Installing: /home/pinky/pinky_pro/install/pinky_interfaces/lib/libpinky_interfaces__rosidl_typesupport_fastrtps_c.so
-- Set non-toolchain portion of runtime path of "/home/pinky/pinky_pro/install/pinky_interfaces/lib/libpinky_interfaces__rosidl_typesupport_fastrtps_c.so" to ""
-- Up-to-date: /home/pinky/pinky_pro/install/pinky_interfaces/include/pinky_interfaces/pinky_interfaces
-- Up-to-date: /home/pinky/pinky_pro/install/pinky_interfaces/include/pinky_interfaces/pinky_interfaces/msg
-- Installing: /home/pinky/pinky_pro/install/pinky_interfaces/include/pinky_interfaces/pinky_interfaces/msg/rosidl_generator_cpp__visibility_control.hpp
-- Up-to-date: /home/pinky/pinky_pro/install/pinky_interfaces/include/pinky_interfaces/pinky_interfaces/srv
-- Installing: /home/pinky/pinky_pro/install/pinky_interfaces/include/pinky_interfaces/pinky_interfaces/srv/set_lamp.hpp
-- Up-to-date: /home/pinky/pinky_pro/install/pinky_interfaces/include/pinky_interfaces/pinky_interfaces/srv/detail
-- Installing: /home/pinky/pinky_pro/install/pinky_interfaces/include/pinky_interfaces/pinky_interfaces/srv/detail/set_brightness__struct.hpp
-- Installing: /home/pinky/pinky_pro/install/pinky_interfaces/include/pinky_interfaces/pinky_interfaces/srv/detail/emotion__struct.hpp
-- Installing: /home/pinky/pinky_pro/install/pinky_interfaces/include/pinky_interfaces/pinky_interfaces/srv/detail/set_brightness__traits.hpp
-- Installing: /home/pinky/pinky_pro/install/pinky_interfaces/include/pinky_interfaces/pinky_interfaces/srv/detail/emotion__builder.hpp
-- Installing: /home/pinky/pinky_pro/install/pinky_interfaces/include/pinky_interfaces/pinky_interfaces/srv/detail/set_led__builder.hpp
-- Installing: /home/pinky/pinky_pro/install/pinky_interfaces/include/pinky_interfaces/pinky_interfaces/srv/detail/set_led__struct.hpp
-- Installing: /home/pinky/pinky_pro/install/pinky_interfaces/include/pinky_interfaces/pinky_interfaces/srv/detail/set_led__traits.hpp
-- Installing: /home/pinky/pinky_pro/install/pinky_interfaces/include/pinky_interfaces/pinky_interfaces/srv/detail/set_lamp__struct.hpp
-- Installing: /home/pinky/pinky_pro/install/pinky_interfaces/include/pinky_interfaces/pinky_interfaces/srv/detail/set_lamp__builder.hpp
-- Installing: /home/pinky/pinky_pro/install/pinky_interfaces/include/pinky_interfaces/pinky_interfaces/srv/detail/set_lamp__traits.hpp
-- Installing: /home/pinky/pinky_pro/install/pinky_interfaces/include/pinky_interfaces/pinky_interfaces/srv/detail/set_lamp__type_support.hpp
-- Installing: /home/pinky/pinky_pro/install/pinky_interfaces/include/pinky_interfaces/pinky_interfaces/srv/detail/set_brightness__builder.hpp
-- Installing: /home/pinky/pinky_pro/install/pinky_interfaces/include/pinky_interfaces/pinky_interfaces/srv/detail/set_led__type_support.hpp
-- Installing: /home/pinky/pinky_pro/install/pinky_interfaces/include/pinky_interfaces/pinky_interfaces/srv/detail/emotion__type_support.hpp
-- Installing: /home/pinky/pinky_pro/install/pinky_interfaces/include/pinky_interfaces/pinky_interfaces/srv/detail/emotion__traits.hpp
-- Installing: /home/pinky/pinky_pro/install/pinky_interfaces/include/pinky_interfaces/pinky_interfaces/srv/detail/set_brightness__type_support.hpp
-- Installing: /home/pinky/pinky_pro/install/pinky_interfaces/include/pinky_interfaces/pinky_interfaces/srv/set_led.hpp
-- Installing: /home/pinky/pinky_pro/install/pinky_interfaces/include/pinky_interfaces/pinky_interfaces/srv/set_brightness.hpp
-- Installing: /home/pinky/pinky_pro/install/pinky_interfaces/include/pinky_interfaces/pinky_interfaces/srv/emotion.hpp
-- Up-to-date: /home/pinky/pinky_pro/install/pinky_interfaces/include/pinky_interfaces/pinky_interfaces
-- Up-to-date: /home/pinky/pinky_pro/install/pinky_interfaces/include/pinky_interfaces/pinky_interfaces/msg
-- Installing: /home/pinky/pinky_pro/install/pinky_interfaces/include/pinky_interfaces/pinky_interfaces/msg/rosidl_typesupport_fastrtps_cpp__visibility_control.h
-- Up-to-date: /home/pinky/pinky_pro/install/pinky_interfaces/include/pinky_interfaces/pinky_interfaces/srv
-- Up-to-date: /home/pinky/pinky_pro/install/pinky_interfaces/include/pinky_interfaces/pinky_interfaces/srv/detail
-- Installing: /home/pinky/pinky_pro/install/pinky_interfaces/include/pinky_interfaces/pinky_interfaces/srv/detail/set_led__rosidl_typesupport_fastrtps_cpp.hpp
-- Installing: /home/pinky/pinky_pro/install/pinky_interfaces/include/pinky_interfaces/pinky_interfaces/srv/detail/emotion__rosidl_typesupport_fastrtps_cpp.hpp
-- Installing: /home/pinky/pinky_pro/install/pinky_interfaces/include/pinky_interfaces/pinky_interfaces/srv/detail/set_brightness__rosidl_typesupport_fastrtps_cpp.hpp
-- Installing: /home/pinky/pinky_pro/install/pinky_interfaces/include/pinky_interfaces/pinky_interfaces/srv/detail/dds_fastrtps
-- Installing: /home/pinky/pinky_pro/install/pinky_interfaces/include/pinky_interfaces/pinky_interfaces/srv/detail/set_lamp__rosidl_typesupport_fastrtps_cpp.hpp
-- Installing: /home/pinky/pinky_pro/install/pinky_interfaces/lib/libpinky_interfaces__rosidl_typesupport_fastrtps_cpp.so
-- Set non-toolchain portion of runtime path of "/home/pinky/pinky_pro/install/pinky_interfaces/lib/libpinky_interfaces__rosidl_typesupport_fastrtps_cpp.so" to ""
-- Up-to-date: /home/pinky/pinky_pro/install/pinky_interfaces/include/pinky_interfaces/pinky_interfaces
-- Up-to-date: /home/pinky/pinky_pro/install/pinky_interfaces/include/pinky_interfaces/pinky_interfaces/msg
-- Installing: /home/pinky/pinky_pro/install/pinky_interfaces/include/pinky_interfaces/pinky_interfaces/msg/rosidl_typesupport_introspection_c__visibility_control.h
-- Up-to-date: /home/pinky/pinky_pro/install/pinky_interfaces/include/pinky_interfaces/pinky_interfaces/srv
-- Up-to-date: /home/pinky/pinky_pro/install/pinky_interfaces/include/pinky_interfaces/pinky_interfaces/srv/detail
-- Installing: /home/pinky/pinky_pro/install/pinky_interfaces/include/pinky_interfaces/pinky_interfaces/srv/detail/emotion__type_support.c
-- Installing: /home/pinky/pinky_pro/install/pinky_interfaces/include/pinky_interfaces/pinky_interfaces/srv/detail/set_brightness__type_support.c
-- Installing: /home/pinky/pinky_pro/install/pinky_interfaces/include/pinky_interfaces/pinky_interfaces/srv/detail/set_led__type_support.c
-- Installing: /home/pinky/pinky_pro/install/pinky_interfaces/include/pinky_interfaces/pinky_interfaces/srv/detail/set_lamp__rosidl_typesupport_introspection_c.h
-- Installing: /home/pinky/pinky_pro/install/pinky_interfaces/include/pinky_interfaces/pinky_interfaces/srv/detail/set_brightness__rosidl_typesupport_introspection_c.h
-- Installing: /home/pinky/pinky_pro/install/pinky_interfaces/include/pinky_interfaces/pinky_interfaces/srv/detail/set_led__rosidl_typesupport_introspection_c.h
-- Installing: /home/pinky/pinky_pro/install/pinky_interfaces/include/pinky_interfaces/pinky_interfaces/srv/detail/emotion__rosidl_typesupport_introspection_c.h
-- Installing: /home/pinky/pinky_pro/install/pinky_interfaces/include/pinky_interfaces/pinky_interfaces/srv/detail/set_lamp__type_support.c
-- Installing: /home/pinky/pinky_pro/install/pinky_interfaces/lib/libpinky_interfaces__rosidl_typesupport_introspection_c.so
-- Set non-toolchain portion of runtime path of "/home/pinky/pinky_pro/install/pinky_interfaces/lib/libpinky_interfaces__rosidl_typesupport_introspection_c.so" to ""
-- Installing: /home/pinky/pinky_pro/install/pinky_interfaces/lib/libpinky_interfaces__rosidl_typesupport_c.so
-- Set non-toolchain portion of runtime path of "/home/pinky/pinky_pro/install/pinky_interfaces/lib/libpinky_interfaces__rosidl_typesupport_c.so" to ""
-- Up-to-date: /home/pinky/pinky_pro/install/pinky_interfaces/include/pinky_interfaces/pinky_interfaces
-- Up-to-date: /home/pinky/pinky_pro/install/pinky_interfaces/include/pinky_interfaces/pinky_interfaces/srv
-- Up-to-date: /home/pinky/pinky_pro/install/pinky_interfaces/include/pinky_interfaces/pinky_interfaces/srv/detail
-- Installing: /home/pinky/pinky_pro/install/pinky_interfaces/include/pinky_interfaces/pinky_interfaces/srv/detail/set_led__rosidl_typesupport_introspection_cpp.hpp
-- Installing: /home/pinky/pinky_pro/install/pinky_interfaces/include/pinky_interfaces/pinky_interfaces/srv/detail/emotion__rosidl_typesupport_introspection_cpp.hpp
-- Installing: /home/pinky/pinky_pro/install/pinky_interfaces/include/pinky_interfaces/pinky_interfaces/srv/detail/set_lamp__rosidl_typesupport_introspection_cpp.hpp
-- Installing: /home/pinky/pinky_pro/install/pinky_interfaces/include/pinky_interfaces/pinky_interfaces/srv/detail/set_lamp__type_support.cpp
-- Installing: /home/pinky/pinky_pro/install/pinky_interfaces/include/pinky_interfaces/pinky_interfaces/srv/detail/set_led__type_support.cpp
-- Installing: /home/pinky/pinky_pro/install/pinky_interfaces/include/pinky_interfaces/pinky_interfaces/srv/detail/set_brightness__type_support.cpp
-- Installing: /home/pinky/pinky_pro/install/pinky_interfaces/include/pinky_interfaces/pinky_interfaces/srv/detail/emotion__type_support.cpp
-- Installing: /home/pinky/pinky_pro/install/pinky_interfaces/include/pinky_interfaces/pinky_interfaces/srv/detail/set_brightness__rosidl_typesupport_introspection_cpp.hpp
-- Installing: /home/pinky/pinky_pro/install/pinky_interfaces/lib/libpinky_interfaces__rosidl_typesupport_introspection_cpp.so
-- Set non-toolchain portion of runtime path of "/home/pinky/pinky_pro/install/pinky_interfaces/lib/libpinky_interfaces__rosidl_typesupport_introspection_cpp.so" to ""
-- Installing: /home/pinky/pinky_pro/install/pinky_interfaces/lib/libpinky_interfaces__rosidl_typesupport_cpp.so
-- Set non-toolchain portion of runtime path of "/home/pinky/pinky_pro/install/pinky_interfaces/lib/libpinky_interfaces__rosidl_typesupport_cpp.so" to ""
-- Installing: /home/pinky/pinky_pro/install/pinky_interfaces/share/pinky_interfaces/environment/pythonpath.sh
-- Installing: /home/pinky/pinky_pro/install/pinky_interfaces/share/pinky_interfaces/environment/pythonpath.dsv
-- Installing: /home/pinky/pinky_pro/install/pinky_interfaces/lib/python3.12/site-packages/pinky_interfaces-0.0.0-py3.12.egg-info
-- Installing: /home/pinky/pinky_pro/install/pinky_interfaces/lib/python3.12/site-packages/pinky_interfaces-0.0.0-py3.12.egg-info/SOURCES.txt
-- Installing: /home/pinky/pinky_pro/install/pinky_interfaces/lib/python3.12/site-packages/pinky_interfaces-0.0.0-py3.12.egg-info/top_level.txt
-- Installing: /home/pinky/pinky_pro/install/pinky_interfaces/lib/python3.12/site-packages/pinky_interfaces-0.0.0-py3.12.egg-info/PKG-INFO
-- Installing: /home/pinky/pinky_pro/install/pinky_interfaces/lib/python3.12/site-packages/pinky_interfaces-0.0.0-py3.12.egg-info/dependency_links.txt
-- Installing: /home/pinky/pinky_pro/install/pinky_interfaces/lib/python3.12/site-packages/pinky_interfaces
-- Installing: /home/pinky/pinky_pro/install/pinky_interfaces/lib/python3.12/site-packages/pinky_interfaces/__init__.py
-- Installing: /home/pinky/pinky_pro/install/pinky_interfaces/lib/python3.12/site-packages/pinky_interfaces/_pinky_interfaces_s.ep.rosidl_typesupport_c.c
-- Installing: /home/pinky/pinky_pro/install/pinky_interfaces/lib/python3.12/site-packages/pinky_interfaces/pinky_interfaces_s__rosidl_typesupport_fastrtps_c.so
-- Installing: /home/pinky/pinky_pro/install/pinky_interfaces/lib/python3.12/site-packages/pinky_interfaces/_pinky_interfaces_s.ep.rosidl_typesupport_introspection_c.c
-- Installing: /home/pinky/pinky_pro/install/pinky_interfaces/lib/python3.12/site-packages/pinky_interfaces/srv
-- Installing: /home/pinky/pinky_pro/install/pinky_interfaces/lib/python3.12/site-packages/pinky_interfaces/srv/_set_lamp.py
-- Installing: /home/pinky/pinky_pro/install/pinky_interfaces/lib/python3.12/site-packages/pinky_interfaces/srv/__init__.py
-- Installing: /home/pinky/pinky_pro/install/pinky_interfaces/lib/python3.12/site-packages/pinky_interfaces/srv/_emotion.py
-- Installing: /home/pinky/pinky_pro/install/pinky_interfaces/lib/python3.12/site-packages/pinky_interfaces/srv/_emotion_s.c
-- Installing: /home/pinky/pinky_pro/install/pinky_interfaces/lib/python3.12/site-packages/pinky_interfaces/srv/_set_led.py
-- Installing: /home/pinky/pinky_pro/install/pinky_interfaces/lib/python3.12/site-packages/pinky_interfaces/srv/_set_lamp_s.c
-- Installing: /home/pinky/pinky_pro/install/pinky_interfaces/lib/python3.12/site-packages/pinky_interfaces/srv/_set_brightness.py
-- Installing: /home/pinky/pinky_pro/install/pinky_interfaces/lib/python3.12/site-packages/pinky_interfaces/srv/_set_brightness_s.c
-- Installing: /home/pinky/pinky_pro/install/pinky_interfaces/lib/python3.12/site-packages/pinky_interfaces/srv/_set_led_s.c
-- Installing: /home/pinky/pinky_pro/install/pinky_interfaces/lib/python3.12/site-packages/pinky_interfaces/pinky_interfaces_s__rosidl_typesupport_c.so
-- Installing: /home/pinky/pinky_pro/install/pinky_interfaces/lib/python3.12/site-packages/pinky_interfaces/_pinky_interfaces_s.ep.rosidl_typesupport_fastrtps_c.c
-- Installing: /home/pinky/pinky_pro/install/pinky_interfaces/lib/python3.12/site-packages/pinky_interfaces/pinky_interfaces_s__rosidl_typesupport_introspection_c.so
Listing '/home/pinky/pinky_pro/install/pinky_interfaces/lib/python3.12/site-packages/pinky_interfaces'...
Compiling '/home/pinky/pinky_pro/install/pinky_interfaces/lib/python3.12/site-packages/pinky_interfaces/__init__.py'...
Listing '/home/pinky/pinky_pro/install/pinky_interfaces/lib/python3.12/site-packages/pinky_interfaces/srv'...
Compiling '/home/pinky/pinky_pro/install/pinky_interfaces/lib/python3.12/site-packages/pinky_interfaces/srv/__init__.py'...
Compiling '/home/pinky/pinky_pro/install/pinky_interfaces/lib/python3.12/site-packages/pinky_interfaces/srv/_emotion.py'...
Compiling '/home/pinky/pinky_pro/install/pinky_interfaces/lib/python3.12/site-packages/pinky_interfaces/srv/_set_brightness.py'...
Compiling '/home/pinky/pinky_pro/install/pinky_interfaces/lib/python3.12/site-packages/pinky_interfaces/srv/_set_lamp.py'...
Compiling '/home/pinky/pinky_pro/install/pinky_interfaces/lib/python3.12/site-packages/pinky_interfaces/srv/_set_led.py'...
-- Installing: /home/pinky/pinky_pro/install/pinky_interfaces/lib/python3.12/site-packages/pinky_interfaces/pinky_interfaces_s__rosidl_typesupport_fastrtps_c.so
-- Set non-toolchain portion of runtime path of "/home/pinky/pinky_pro/install/pinky_interfaces/lib/python3.12/site-packages/pinky_interfaces/pinky_interfaces_s__rosidl_typesupport_fastrtps_c.so" to ""
-- Installing: /home/pinky/pinky_pro/install/pinky_interfaces/lib/python3.12/site-packages/pinky_interfaces/pinky_interfaces_s__rosidl_typesupport_introspection_c.so
-- Set non-toolchain portion of runtime path of "/home/pinky/pinky_pro/install/pinky_interfaces/lib/python3.12/site-packages/pinky_interfaces/pinky_interfaces_s__rosidl_typesupport_introspection_c.so" to ""
-- Installing: /home/pinky/pinky_pro/install/pinky_interfaces/lib/python3.12/site-packages/pinky_interfaces/pinky_interfaces_s__rosidl_typesupport_c.so
-- Set non-toolchain portion of runtime path of "/home/pinky/pinky_pro/install/pinky_interfaces/lib/python3.12/site-packages/pinky_interfaces/pinky_interfaces_s__rosidl_typesupport_c.so" to ""
-- Installing: /home/pinky/pinky_pro/install/pinky_interfaces/lib/libpinky_interfaces__rosidl_generator_py.so
-- Set non-toolchain portion of runtime path of "/home/pinky/pinky_pro/install/pinky_interfaces/lib/libpinky_interfaces__rosidl_generator_py.so" to ""
-- Installing: /home/pinky/pinky_pro/install/pinky_interfaces/share/pinky_interfaces/srv/SetLed.idl
-- Installing: /home/pinky/pinky_pro/install/pinky_interfaces/share/pinky_interfaces/srv/Emotion.idl
-- Installing: /home/pinky/pinky_pro/install/pinky_interfaces/share/pinky_interfaces/srv/SetBrightness.idl
-- Installing: /home/pinky/pinky_pro/install/pinky_interfaces/share/pinky_interfaces/srv/SetLamp.idl
-- Installing: /home/pinky/pinky_pro/install/pinky_interfaces/share/pinky_interfaces/srv/SetLed.srv
-- Installing: /home/pinky/pinky_pro/install/pinky_interfaces/share/pinky_interfaces/srv/Emotion.srv
-- Installing: /home/pinky/pinky_pro/install/pinky_interfaces/share/pinky_interfaces/srv/SetBrightness.srv
-- Installing: /home/pinky/pinky_pro/install/pinky_interfaces/share/pinky_interfaces/srv/SetLamp.srv
-- Installing: /home/pinky/pinky_pro/install/pinky_interfaces/share/ament_index/resource_index/package_run_dependencies/pinky_interfaces
-- Installing: /home/pinky/pinky_pro/install/pinky_interfaces/share/ament_index/resource_index/parent_prefix_path/pinky_interfaces
-- Installing: /home/pinky/pinky_pro/install/pinky_interfaces/share/pinky_interfaces/environment/ament_prefix_path.sh
-- Installing: /home/pinky/pinky_pro/install/pinky_interfaces/share/pinky_interfaces/environment/ament_prefix_path.dsv
-- Installing: /home/pinky/pinky_pro/install/pinky_interfaces/share/pinky_interfaces/environment/path.sh
-- Installing: /home/pinky/pinky_pro/install/pinky_interfaces/share/pinky_interfaces/environment/path.dsv
-- Installing: /home/pinky/pinky_pro/install/pinky_interfaces/share/pinky_interfaces/local_setup.bash
-- Installing: /home/pinky/pinky_pro/install/pinky_interfaces/share/pinky_interfaces/local_setup.sh
-- Installing: /home/pinky/pinky_pro/install/pinky_interfaces/share/pinky_interfaces/local_setup.zsh
-- Installing: /home/pinky/pinky_pro/install/pinky_interfaces/share/pinky_interfaces/local_setup.dsv
-- Installing: /home/pinky/pinky_pro/install/pinky_interfaces/share/pinky_interfaces/package.dsv
-- Installing: /home/pinky/pinky_pro/install/pinky_interfaces/share/ament_index/resource_index/packages/pinky_interfaces
-- Installing: /home/pinky/pinky_pro/install/pinky_interfaces/share/pinky_interfaces/cmake/export_pinky_interfaces__rosidl_generator_cExport.cmake
-- Installing: /home/pinky/pinky_pro/install/pinky_interfaces/share/pinky_interfaces/cmake/export_pinky_interfaces__rosidl_generator_cExport-noconfig.cmake
-- Installing: /home/pinky/pinky_pro/install/pinky_interfaces/share/pinky_interfaces/cmake/export_pinky_interfaces__rosidl_typesupport_fastrtps_cExport.cmake
-- Installing: /home/pinky/pinky_pro/install/pinky_interfaces/share/pinky_interfaces/cmake/export_pinky_interfaces__rosidl_typesupport_fastrtps_cExport-noconfig.cmake
-- Installing: /home/pinky/pinky_pro/install/pinky_interfaces/share/pinky_interfaces/cmake/export_pinky_interfaces__rosidl_generator_cppExport.cmake
-- Installing: /home/pinky/pinky_pro/install/pinky_interfaces/share/pinky_interfaces/cmake/export_pinky_interfaces__rosidl_typesupport_fastrtps_cppExport.cmake
-- Installing: /home/pinky/pinky_pro/install/pinky_interfaces/share/pinky_interfaces/cmake/export_pinky_interfaces__rosidl_typesupport_fastrtps_cppExport-noconfig.cmake
-- Installing: /home/pinky/pinky_pro/install/pinky_interfaces/share/pinky_interfaces/cmake/pinky_interfaces__rosidl_typesupport_introspection_cExport.cmake
-- Installing: /home/pinky/pinky_pro/install/pinky_interfaces/share/pinky_interfaces/cmake/pinky_interfaces__rosidl_typesupport_introspection_cExport-noconfig.cmake
-- Installing: /home/pinky/pinky_pro/install/pinky_interfaces/share/pinky_interfaces/cmake/pinky_interfaces__rosidl_typesupport_cExport.cmake
-- Installing: /home/pinky/pinky_pro/install/pinky_interfaces/share/pinky_interfaces/cmake/pinky_interfaces__rosidl_typesupport_cExport-noconfig.cmake
-- Installing: /home/pinky/pinky_pro/install/pinky_interfaces/share/pinky_interfaces/cmake/pinky_interfaces__rosidl_typesupport_introspection_cppExport.cmake
-- Installing: /home/pinky/pinky_pro/install/pinky_interfaces/share/pinky_interfaces/cmake/pinky_interfaces__rosidl_typesupport_introspection_cppExport-noconfig.cmake
-- Installing: /home/pinky/pinky_pro/install/pinky_interfaces/share/pinky_interfaces/cmake/pinky_interfaces__rosidl_typesupport_cppExport.cmake
-- Installing: /home/pinky/pinky_pro/install/pinky_interfaces/share/pinky_interfaces/cmake/pinky_interfaces__rosidl_typesupport_cppExport-noconfig.cmake
-- Installing: /home/pinky/pinky_pro/install/pinky_interfaces/share/pinky_interfaces/cmake/export_pinky_interfaces__rosidl_generator_pyExport.cmake
-- Installing: /home/pinky/pinky_pro/install/pinky_interfaces/share/pinky_interfaces/cmake/export_pinky_interfaces__rosidl_generator_pyExport-noconfig.cmake
-- Installing: /home/pinky/pinky_pro/install/pinky_interfaces/share/pinky_interfaces/cmake/rosidl_cmake-extras.cmake
-- Installing: /home/pinky/pinky_pro/install/pinky_interfaces/share/pinky_interfaces/cmake/ament_cmake_export_dependencies-extras.cmake
-- Installing: /home/pinky/pinky_pro/install/pinky_interfaces/share/pinky_interfaces/cmake/ament_cmake_export_include_directories-extras.cmake
-- Installing: /home/pinky/pinky_pro/install/pinky_interfaces/share/pinky_interfaces/cmake/ament_cmake_export_libraries-extras.cmake
-- Installing: /home/pinky/pinky_pro/install/pinky_interfaces/share/pinky_interfaces/cmake/ament_cmake_export_targets-extras.cmake
-- Installing: /home/pinky/pinky_pro/install/pinky_interfaces/share/pinky_interfaces/cmake/rosidl_cmake_export_typesupport_targets-extras.cmake
-- Installing: /home/pinky/pinky_pro/install/pinky_interfaces/share/pinky_interfaces/cmake/rosidl_cmake_export_typesupport_libraries-extras.cmake
-- Installing: /home/pinky/pinky_pro/install/pinky_interfaces/share/pinky_interfaces/cmake/pinky_interfacesConfig.cmake
-- Installing: /home/pinky/pinky_pro/install/pinky_interfaces/share/pinky_interfaces/cmake/pinky_interfacesConfig-version.cmake
-- Installing: /home/pinky/pinky_pro/install/pinky_interfaces/share/pinky_interfaces/package.xml
