[0.059s] Invoking command in '/home/pinky/pinky_pro/build/pinky_interfaces': CMAKE_PREFIX_PATH=${CMAKE_PREFIX_PATH}:/home/pinky/pinky_pro/install/pinky_led:/home/pinky/pinky_pro/install/pinky_emotion:/home/pinky/pinky_pro/install/pinky_bringup:/opt/ros/jazzy DEBUGINFOD_URLS=https://debuginfod.ubuntu.com /usr/bin/cmake /home/pinky/pinky_pro/src/pinky_pro/pinky_interfaces -DCMAKE_INSTALL_PREFIX=/home/pinky/pinky_pro/install/pinky_interfaces
[0.463s] -- The C compiler identification is GNU 13.3.0
[0.867s] -- The CXX compiler identification is GNU 13.3.0
[0.997s] -- Detecting C compiler ABI info
[1.775s] -- Detecting C compiler ABI info - done
[1.839s] -- Check for working C compiler: /usr/bin/cc - skipped
[1.839s] -- Detecting C compile features
[1.841s] -- Detecting C compile features - done
[1.907s] -- Detecting CXX compiler ABI info
[2.862s] -- Detecting CXX compiler ABI info - done
[2.915s] -- Check for working CXX compiler: /usr/bin/c++ - skipped
[2.916s] -- Detecting CXX compile features
[2.918s] -- Detecting CXX compile features - done
[2.985s] -- Found ament_cmake: 2.5.5 (/opt/ros/jazzy/share/ament_cmake/cmake)
[4.193s] -- Found Python3: /usr/bin/python3 (found version "3.12.3") found components: Interpreter 
[5.653s] -- Found std_msgs: 5.3.6 (/opt/ros/jazzy/share/std_msgs/cmake)
[6.430s] -- Found rosidl_generator_c: 4.6.7 (/opt/ros/jazzy/share/rosidl_generator_c/cmake)
[6.672s] -- Found rosidl_generator_cpp: 4.6.7 (/opt/ros/jazzy/share/rosidl_generator_cpp/cmake)
[6.916s] -- Using all available rosidl_typesupport_c: rosidl_typesupport_fastrtps_c;rosidl_typesupport_introspection_c
[7.176s] -- Using all available rosidl_typesupport_cpp: rosidl_typesupport_fastrtps_cpp;rosidl_typesupport_introspection_cpp
[7.563s] -- Found action_msgs: 2.0.3 (/opt/ros/jazzy/share/action_msgs/cmake)
[8.062s] -- Found rosidl_default_generators: 1.6.0 (/opt/ros/jazzy/share/rosidl_default_generators/cmake)
[8.395s] -- Found rosidl_adapter: 4.6.7 (/opt/ros/jazzy/share/rosidl_adapter/cmake)
[14.842s] -- Found ament_cmake_ros: 0.12.0 (/opt/ros/jazzy/share/ament_cmake_ros/cmake)
[20.230s] -- Using all available rosidl_typesupport_c: rosidl_typesupport_fastrtps_c;rosidl_typesupport_introspection_c
[22.334s] -- Using all available rosidl_typesupport_cpp: rosidl_typesupport_fastrtps_cpp;rosidl_typesupport_introspection_cpp
[22.406s] -- Found python_cmake_module: 0.11.1 (/opt/ros/jazzy/share/python_cmake_module/cmake)
[23.336s] -- Found PythonExtra: /usr/bin/python3  
[26.361s] -- Found Python3: /usr/bin/python3 (found version "3.12.3") found components: Interpreter Development NumPy Development.Module Development.Embed 
[26.741s] -- Found ament_lint_auto: 0.17.4 (/opt/ros/jazzy/share/ament_lint_auto/cmake)
[27.263s] -- Added test 'lint_cmake' to check CMake code style
[27.275s] -- Added test 'xmllint' to check XML markup files
[27.307s] -- Configuring done (27.2s)
[27.666s] -- Generating done (0.3s)
[27.773s] -- Build files have been written to: /home/pinky/pinky_pro/build/pinky_interfaces
[27.829s] Invoked command in '/home/pinky/pinky_pro/build/pinky_interfaces' returned '0': CMAKE_PREFIX_PATH=${CMAKE_PREFIX_PATH}:/home/pinky/pinky_pro/install/pinky_led:/home/pinky/pinky_pro/install/pinky_emotion:/home/pinky/pinky_pro/install/pinky_bringup:/opt/ros/jazzy DEBUGINFOD_URLS=https://debuginfod.ubuntu.com /usr/bin/cmake /home/pinky/pinky_pro/src/pinky_pro/pinky_interfaces -DCMAKE_INSTALL_PREFIX=/home/pinky/pinky_pro/install/pinky_interfaces
[27.835s] Invoking command in '/home/pinky/pinky_pro/build/pinky_interfaces': CMAKE_PREFIX_PATH=${CMAKE_PREFIX_PATH}:/home/pinky/pinky_pro/install/pinky_led:/home/pinky/pinky_pro/install/pinky_emotion:/home/pinky/pinky_pro/install/pinky_bringup:/opt/ros/jazzy DEBUGINFOD_URLS=https://debuginfod.ubuntu.com /usr/bin/cmake --build /home/pinky/pinky_pro/build/pinky_interfaces -- -j4 -l4
[28.274s] [  1%] [34m[1mGenerating type hashes for ROS interfaces[0m
[28.328s] [  1%] Built target ament_cmake_python_copy_pinky_interfaces
[30.135s] [  1%] Built target pinky_interfaces__rosidl_generator_type_description
[30.316s] [  3%] [34m[1mGenerating C code for ROS interfaces[0m
[30.522s] [  4%] [34m[1mGenerating C++ code for ROS interfaces[0m
[31.064s] running egg_info
[31.071s] creating pinky_interfaces.egg-info
[31.560s] writing pinky_interfaces.egg-info/PKG-INFO
[31.563s] writing dependency_links to pinky_interfaces.egg-info/dependency_links.txt
[31.566s] writing top-level names to pinky_interfaces.egg-info/top_level.txt
[31.567s] writing manifest file 'pinky_interfaces.egg-info/SOURCES.txt'
[32.642s] reading manifest file 'pinky_interfaces.egg-info/SOURCES.txt'
[32.645s] writing manifest file 'pinky_interfaces.egg-info/SOURCES.txt'
[32.980s] [  4%] Built target ament_cmake_python_build_pinky_interfaces_egg
[35.964s] [  4%] Built target pinky_interfaces__cpp
[36.191s] [  6%] [32mBuilding C object CMakeFiles/pinky_interfaces__rosidl_generator_c.dir/rosidl_generator_c/pinky_interfaces/srv/detail/set_led__type_support.c.o[0m
[36.201s] [  7%] [32mBuilding C object CMakeFiles/pinky_interfaces__rosidl_generator_c.dir/rosidl_generator_c/pinky_interfaces/srv/detail/set_led__functions.c.o[0m
[36.206s] [  9%] [32mBuilding C object CMakeFiles/pinky_interfaces__rosidl_generator_c.dir/rosidl_generator_c/pinky_interfaces/srv/detail/set_led__description.c.o[0m
[36.216s] [ 10%] [32mBuilding C object CMakeFiles/pinky_interfaces__rosidl_generator_c.dir/rosidl_generator_c/pinky_interfaces/srv/detail/emotion__description.c.o[0m
[36.764s] [ 12%] [32mBuilding C object CMakeFiles/pinky_interfaces__rosidl_generator_c.dir/rosidl_generator_c/pinky_interfaces/srv/detail/emotion__functions.c.o[0m
[36.807s] [ 14%] [32mBuilding C object CMakeFiles/pinky_interfaces__rosidl_generator_c.dir/rosidl_generator_c/pinky_interfaces/srv/detail/emotion__type_support.c.o[0m
[36.942s] [ 15%] [32mBuilding C object CMakeFiles/pinky_interfaces__rosidl_generator_c.dir/rosidl_generator_c/pinky_interfaces/srv/detail/set_brightness__description.c.o[0m
[36.985s] [ 17%] [32mBuilding C object CMakeFiles/pinky_interfaces__rosidl_generator_c.dir/rosidl_generator_c/pinky_interfaces/srv/detail/set_brightness__functions.c.o[0m
[37.362s] [ 18%] [32mBuilding C object CMakeFiles/pinky_interfaces__rosidl_generator_c.dir/rosidl_generator_c/pinky_interfaces/srv/detail/set_brightness__type_support.c.o[0m
[37.443s] [ 20%] [32mBuilding C object CMakeFiles/pinky_interfaces__rosidl_generator_c.dir/rosidl_generator_c/pinky_interfaces/srv/detail/set_lamp__description.c.o[0m
[37.659s] [ 21%] [32mBuilding C object CMakeFiles/pinky_interfaces__rosidl_generator_c.dir/rosidl_generator_c/pinky_interfaces/srv/detail/set_lamp__functions.c.o[0m
[37.710s] [ 23%] [32mBuilding C object CMakeFiles/pinky_interfaces__rosidl_generator_c.dir/rosidl_generator_c/pinky_interfaces/srv/detail/set_lamp__type_support.c.o[0m
[38.257s] [ 25%] [32m[1mLinking C shared library libpinky_interfaces__rosidl_generator_c.so[0m
[38.602s] [ 25%] Built target pinky_interfaces__rosidl_generator_c
[38.704s] [ 26%] [34m[1mGenerating C introspection for ROS interfaces[0m
[38.712s] [ 28%] [34m[1mGenerating C++ type support for eProsima Fast-RTPS[0m
[38.751s] [ 29%] [34m[1mGenerating C++ type support dispatch for ROS interfaces[0m
[38.766s] [ 31%] [34m[1mGenerating C type support for eProsima Fast-RTPS[0m
[43.053s] [ 32%] [32mBuilding CXX object CMakeFiles/pinky_interfaces__rosidl_typesupport_cpp.dir/rosidl_typesupport_cpp/pinky_interfaces/srv/set_led__type_support.cpp.o[0m
[43.781s] [ 34%] [32mBuilding C object CMakeFiles/pinky_interfaces__rosidl_typesupport_introspection_c.dir/rosidl_typesupport_introspection_c/pinky_interfaces/srv/detail/set_led__type_support.c.o[0m
[44.529s] [ 35%] [32mBuilding C object CMakeFiles/pinky_interfaces__rosidl_typesupport_introspection_c.dir/rosidl_typesupport_introspection_c/pinky_interfaces/srv/detail/emotion__type_support.c.o[0m
[44.960s] [ 37%] [32mBuilding CXX object CMakeFiles/pinky_interfaces__rosidl_typesupport_fastrtps_cpp.dir/rosidl_typesupport_fastrtps_cpp/pinky_interfaces/srv/detail/dds_fastrtps/set_led__type_support.cpp.o[0m
[45.053s] [ 39%] [32mBuilding C object CMakeFiles/pinky_interfaces__rosidl_typesupport_introspection_c.dir/rosidl_typesupport_introspection_c/pinky_interfaces/srv/detail/set_brightness__type_support.c.o[0m
[45.790s] [ 40%] [32mBuilding C object CMakeFiles/pinky_interfaces__rosidl_typesupport_introspection_c.dir/rosidl_typesupport_introspection_c/pinky_interfaces/srv/detail/set_lamp__type_support.c.o[0m
[45.824s] [ 42%] [32mBuilding CXX object CMakeFiles/pinky_interfaces__rosidl_typesupport_fastrtps_c.dir/rosidl_typesupport_fastrtps_c/pinky_interfaces/srv/detail/set_led__type_support_c.cpp.o[0m
[46.307s] [ 43%] [32m[1mLinking C shared library libpinky_interfaces__rosidl_typesupport_introspection_c.so[0m
[46.454s] [ 45%] [32mBuilding CXX object CMakeFiles/pinky_interfaces__rosidl_typesupport_cpp.dir/rosidl_typesupport_cpp/pinky_interfaces/srv/emotion__type_support.cpp.o[0m
[46.842s] [ 45%] Built target pinky_interfaces__rosidl_typesupport_introspection_c
[47.021s] [ 46%] [34m[1mGenerating C type support dispatch for ROS interfaces[0m
[49.501s] [ 48%] [32mBuilding CXX object CMakeFiles/pinky_interfaces__rosidl_typesupport_cpp.dir/rosidl_typesupport_cpp/pinky_interfaces/srv/set_brightness__type_support.cpp.o[0m
[51.004s] [ 50%] [32mBuilding CXX object CMakeFiles/pinky_interfaces__rosidl_typesupport_fastrtps_c.dir/rosidl_typesupport_fastrtps_c/pinky_interfaces/srv/detail/emotion__type_support_c.cpp.o[0m
[51.644s] [ 51%] [32mBuilding CXX object CMakeFiles/pinky_interfaces__rosidl_typesupport_c.dir/rosidl_typesupport_c/pinky_interfaces/srv/set_led__type_support.cpp.o[0m
[52.302s] [ 53%] [32mBuilding CXX object CMakeFiles/pinky_interfaces__rosidl_typesupport_c.dir/rosidl_typesupport_c/pinky_interfaces/srv/emotion__type_support.cpp.o[0m
[52.898s] [ 54%] [32mBuilding CXX object CMakeFiles/pinky_interfaces__rosidl_typesupport_fastrtps_cpp.dir/rosidl_typesupport_fastrtps_cpp/pinky_interfaces/srv/detail/dds_fastrtps/emotion__type_support.cpp.o[0m
[53.115s] [ 56%] [32mBuilding CXX object CMakeFiles/pinky_interfaces__rosidl_typesupport_c.dir/rosidl_typesupport_c/pinky_interfaces/srv/set_brightness__type_support.cpp.o[0m
[53.599s] [ 57%] [32mBuilding CXX object CMakeFiles/pinky_interfaces__rosidl_typesupport_c.dir/rosidl_typesupport_c/pinky_interfaces/srv/set_lamp__type_support.cpp.o[0m
[54.182s] [ 59%] [32mBuilding CXX object CMakeFiles/pinky_interfaces__rosidl_typesupport_cpp.dir/rosidl_typesupport_cpp/pinky_interfaces/srv/set_lamp__type_support.cpp.o[0m
[54.419s] [ 60%] [32m[1mLinking CXX shared library libpinky_interfaces__rosidl_typesupport_c.so[0m
[55.047s] [ 60%] Built target pinky_interfaces__rosidl_typesupport_c
[55.229s] [ 62%] [34m[1mGenerating C++ introspection for ROS interfaces[0m
[56.890s] [ 64%] [32mBuilding CXX object CMakeFiles/pinky_interfaces__rosidl_typesupport_fastrtps_c.dir/rosidl_typesupport_fastrtps_c/pinky_interfaces/srv/detail/set_brightness__type_support_c.cpp.o[0m
[58.155s] [ 65%] [32m[1mLinking CXX shared library libpinky_interfaces__rosidl_typesupport_cpp.so[0m
[58.802s] [ 67%] [32mBuilding CXX object CMakeFiles/pinky_interfaces__rosidl_typesupport_fastrtps_cpp.dir/rosidl_typesupport_fastrtps_cpp/pinky_interfaces/srv/detail/dds_fastrtps/set_brightness__type_support.cpp.o[0m
[59.298s] [ 67%] Built target pinky_interfaces__rosidl_typesupport_cpp
[59.663s] [ 68%] [32mBuilding CXX object CMakeFiles/pinky_interfaces__rosidl_typesupport_introspection_cpp.dir/rosidl_typesupport_introspection_cpp/pinky_interfaces/srv/detail/set_led__type_support.cpp.o[0m
[61.259s] [ 70%] [32mBuilding CXX object CMakeFiles/pinky_interfaces__rosidl_typesupport_fastrtps_c.dir/rosidl_typesupport_fastrtps_c/pinky_interfaces/srv/detail/set_lamp__type_support_c.cpp.o[0m
[63.124s] [ 71%] [32mBuilding CXX object CMakeFiles/pinky_interfaces__rosidl_typesupport_introspection_cpp.dir/rosidl_typesupport_introspection_cpp/pinky_interfaces/srv/detail/emotion__type_support.cpp.o[0m
[63.322s] [ 73%] [32mBuilding CXX object CMakeFiles/pinky_interfaces__rosidl_typesupport_fastrtps_cpp.dir/rosidl_typesupport_fastrtps_cpp/pinky_interfaces/srv/detail/dds_fastrtps/set_lamp__type_support.cpp.o[0m
[65.004s] [ 75%] [32m[1mLinking CXX shared library libpinky_interfaces__rosidl_typesupport_fastrtps_c.so[0m
[65.583s] [ 75%] Built target pinky_interfaces__rosidl_typesupport_fastrtps_c
[66.174s] [ 76%] [32mBuilding CXX object CMakeFiles/pinky_interfaces__rosidl_typesupport_introspection_cpp.dir/rosidl_typesupport_introspection_cpp/pinky_interfaces/srv/detail/set_lamp__type_support.cpp.o[0m
[67.400s] [ 78%] [32m[1mLinking CXX shared library libpinky_interfaces__rosidl_typesupport_fastrtps_cpp.so[0m
[67.955s] [ 78%] Built target pinky_interfaces__rosidl_typesupport_fastrtps_cpp
[68.716s] [ 79%] [32mBuilding CXX object CMakeFiles/pinky_interfaces__rosidl_typesupport_introspection_cpp.dir/rosidl_typesupport_introspection_cpp/pinky_interfaces/srv/detail/set_brightness__type_support.cpp.o[0m
[70.944s] [ 81%] [32m[1mLinking CXX shared library libpinky_interfaces__rosidl_typesupport_introspection_cpp.so[0m
[71.473s] [ 81%] Built target pinky_interfaces__rosidl_typesupport_introspection_cpp
[71.660s] [ 81%] Built target pinky_interfaces
[71.840s] [ 82%] [34m[1mGenerating Python code for ROS interfaces[0m
[75.844s] [ 82%] Built target pinky_interfaces__py
[75.991s] [ 84%] [32mBuilding C object CMakeFiles/pinky_interfaces__rosidl_generator_py.dir/rosidl_generator_py/pinky_interfaces/srv/_set_led_s.c.o[0m
[75.992s] [ 85%] [32mBuilding C object CMakeFiles/pinky_interfaces__rosidl_generator_py.dir/rosidl_generator_py/pinky_interfaces/srv/_emotion_s.c.o[0m
[75.996s] [ 87%] [32mBuilding C object CMakeFiles/pinky_interfaces__rosidl_generator_py.dir/rosidl_generator_py/pinky_interfaces/srv/_set_brightness_s.c.o[0m
[76.975s] [ 89%] [32mBuilding C object CMakeFiles/pinky_interfaces__rosidl_generator_py.dir/rosidl_generator_py/pinky_interfaces/srv/_set_lamp_s.c.o[0m
[77.746s] [ 90%] [32m[1mLinking C shared library libpinky_interfaces__rosidl_generator_py.so[0m
[78.055s] [ 90%] Built target pinky_interfaces__rosidl_generator_py
[78.203s] [ 93%] [32mBuilding C object CMakeFiles/pinky_interfaces_s__rosidl_typesupport_fastrtps_c.dir/rosidl_generator_py/pinky_interfaces/_pinky_interfaces_s.ep.rosidl_typesupport_fastrtps_c.c.o[0m
[78.205s] [ 93%] [32mBuilding C object CMakeFiles/pinky_interfaces_s__rosidl_typesupport_introspection_c.dir/rosidl_generator_py/pinky_interfaces/_pinky_interfaces_s.ep.rosidl_typesupport_introspection_c.c.o[0m
[78.210s] [ 95%] [32mBuilding C object CMakeFiles/pinky_interfaces_s__rosidl_typesupport_c.dir/rosidl_generator_py/pinky_interfaces/_pinky_interfaces_s.ep.rosidl_typesupport_c.c.o[0m
[78.979s] [ 96%] [32m[1mLinking C shared module rosidl_generator_py/pinky_interfaces/pinky_interfaces_s__rosidl_typesupport_c.so[0m
[78.985s] [ 98%] [32m[1mLinking C shared module rosidl_generator_py/pinky_interfaces/pinky_interfaces_s__rosidl_typesupport_introspection_c.so[0m
[79.030s] [100%] [32m[1mLinking C shared module rosidl_generator_py/pinky_interfaces/pinky_interfaces_s__rosidl_typesupport_fastrtps_c.so[0m
[79.212s] [100%] Built target pinky_interfaces_s__rosidl_typesupport_c
[79.221s] [100%] Built target pinky_interfaces_s__rosidl_typesupport_introspection_c
[79.267s] [100%] Built target pinky_interfaces_s__rosidl_typesupport_fastrtps_c
[79.343s] Invoked command in '/home/pinky/pinky_pro/build/pinky_interfaces' returned '0': CMAKE_PREFIX_PATH=${CMAKE_PREFIX_PATH}:/home/pinky/pinky_pro/install/pinky_led:/home/pinky/pinky_pro/install/pinky_emotion:/home/pinky/pinky_pro/install/pinky_bringup:/opt/ros/jazzy DEBUGINFOD_URLS=https://debuginfod.ubuntu.com /usr/bin/cmake --build /home/pinky/pinky_pro/build/pinky_interfaces -- -j4 -l4
[79.349s] Invoking command in '/home/pinky/pinky_pro/build/pinky_interfaces': CMAKE_PREFIX_PATH=${CMAKE_PREFIX_PATH}:/home/pinky/pinky_pro/install/pinky_led:/home/pinky/pinky_pro/install/pinky_emotion:/home/pinky/pinky_pro/install/pinky_bringup:/opt/ros/jazzy DEBUGINFOD_URLS=https://debuginfod.ubuntu.com /usr/bin/cmake --install /home/pinky/pinky_pro/build/pinky_interfaces
[79.406s] -- Install configuration: ""
[79.407s] -- Installing: /home/pinky/pinky_pro/install/pinky_interfaces/share/ament_index/resource_index/rosidl_interfaces/pinky_interfaces
[79.409s] -- Installing: /home/pinky/pinky_pro/install/pinky_interfaces/share/pinky_interfaces/srv/SetLed.json
[79.410s] -- Installing: /home/pinky/pinky_pro/install/pinky_interfaces/share/pinky_interfaces/srv/Emotion.json
[79.411s] -- Installing: /home/pinky/pinky_pro/install/pinky_interfaces/share/pinky_interfaces/srv/SetBrightness.json
[79.413s] -- Installing: /home/pinky/pinky_pro/install/pinky_interfaces/share/pinky_interfaces/srv/SetLamp.json
[79.414s] -- Installing: /home/pinky/pinky_pro/install/pinky_interfaces/include/pinky_interfaces/pinky_interfaces
[79.415s] -- Installing: /home/pinky/pinky_pro/install/pinky_interfaces/include/pinky_interfaces/pinky_interfaces/msg
[79.416s] -- Installing: /home/pinky/pinky_pro/install/pinky_interfaces/include/pinky_interfaces/pinky_interfaces/msg/rosidl_generator_c__visibility_control.h
[79.417s] -- Installing: /home/pinky/pinky_pro/install/pinky_interfaces/include/pinky_interfaces/pinky_interfaces/srv
[79.417s] -- Installing: /home/pinky/pinky_pro/install/pinky_interfaces/include/pinky_interfaces/pinky_interfaces/srv/emotion.h
[79.419s] -- Installing: /home/pinky/pinky_pro/install/pinky_interfaces/include/pinky_interfaces/pinky_interfaces/srv/set_brightness.h
[79.420s] -- Installing: /home/pinky/pinky_pro/install/pinky_interfaces/include/pinky_interfaces/pinky_interfaces/srv/set_lamp.h
[79.421s] -- Installing: /home/pinky/pinky_pro/install/pinky_interfaces/include/pinky_interfaces/pinky_interfaces/srv/set_led.h
[79.422s] -- Installing: /home/pinky/pinky_pro/install/pinky_interfaces/include/pinky_interfaces/pinky_interfaces/srv/detail
[79.423s] -- Installing: /home/pinky/pinky_pro/install/pinky_interfaces/include/pinky_interfaces/pinky_interfaces/srv/detail/set_brightness__type_support.h
[79.424s] -- Installing: /home/pinky/pinky_pro/install/pinky_interfaces/include/pinky_interfaces/pinky_interfaces/srv/detail/emotion__struct.h
[79.425s] -- Installing: /home/pinky/pinky_pro/install/pinky_interfaces/include/pinky_interfaces/pinky_interfaces/srv/detail/set_led__type_support.h
[79.426s] -- Installing: /home/pinky/pinky_pro/install/pinky_interfaces/include/pinky_interfaces/pinky_interfaces/srv/detail/emotion__type_support.c
[79.427s] -- Installing: /home/pinky/pinky_pro/install/pinky_interfaces/include/pinky_interfaces/pinky_interfaces/srv/detail/set_lamp__description.c
[79.428s] -- Installing: /home/pinky/pinky_pro/install/pinky_interfaces/include/pinky_interfaces/pinky_interfaces/srv/detail/set_brightness__type_support.c
[79.430s] -- Installing: /home/pinky/pinky_pro/install/pinky_interfaces/include/pinky_interfaces/pinky_interfaces/srv/detail/set_led__type_support.c
[79.431s] -- Installing: /home/pinky/pinky_pro/install/pinky_interfaces/include/pinky_interfaces/pinky_interfaces/srv/detail/set_led__description.c
[79.432s] -- Installing: /home/pinky/pinky_pro/install/pinky_interfaces/include/pinky_interfaces/pinky_interfaces/srv/detail/emotion__functions.c
[79.433s] -- Installing: /home/pinky/pinky_pro/install/pinky_interfaces/include/pinky_interfaces/pinky_interfaces/srv/detail/emotion__functions.h
[79.434s] -- Installing: /home/pinky/pinky_pro/install/pinky_interfaces/include/pinky_interfaces/pinky_interfaces/srv/detail/emotion__description.c
[79.436s] -- Installing: /home/pinky/pinky_pro/install/pinky_interfaces/include/pinky_interfaces/pinky_interfaces/srv/detail/set_led__functions.h
[79.437s] -- Installing: /home/pinky/pinky_pro/install/pinky_interfaces/include/pinky_interfaces/pinky_interfaces/srv/detail/set_lamp__type_support.h
[79.438s] -- Installing: /home/pinky/pinky_pro/install/pinky_interfaces/include/pinky_interfaces/pinky_interfaces/srv/detail/set_lamp__struct.h
[79.439s] -- Installing: /home/pinky/pinky_pro/install/pinky_interfaces/include/pinky_interfaces/pinky_interfaces/srv/detail/set_lamp__functions.c
[79.441s] -- Installing: /home/pinky/pinky_pro/install/pinky_interfaces/include/pinky_interfaces/pinky_interfaces/srv/detail/set_brightness__functions.h
[79.442s] -- Installing: /home/pinky/pinky_pro/install/pinky_interfaces/include/pinky_interfaces/pinky_interfaces/srv/detail/set_led__struct.h
[79.443s] -- Installing: /home/pinky/pinky_pro/install/pinky_interfaces/include/pinky_interfaces/pinky_interfaces/srv/detail/set_lamp__type_support.c
[79.444s] -- Installing: /home/pinky/pinky_pro/install/pinky_interfaces/include/pinky_interfaces/pinky_interfaces/srv/detail/set_brightness__description.c
[79.445s] -- Installing: /home/pinky/pinky_pro/install/pinky_interfaces/include/pinky_interfaces/pinky_interfaces/srv/detail/emotion__type_support.h
[79.446s] -- Installing: /home/pinky/pinky_pro/install/pinky_interfaces/include/pinky_interfaces/pinky_interfaces/srv/detail/set_lamp__functions.h
[79.448s] -- Installing: /home/pinky/pinky_pro/install/pinky_interfaces/include/pinky_interfaces/pinky_interfaces/srv/detail/set_brightness__functions.c
[79.449s] -- Installing: /home/pinky/pinky_pro/install/pinky_interfaces/include/pinky_interfaces/pinky_interfaces/srv/detail/set_led__functions.c
[79.450s] -- Installing: /home/pinky/pinky_pro/install/pinky_interfaces/include/pinky_interfaces/pinky_interfaces/srv/detail/set_brightness__struct.h
[79.452s] -- Installing: /home/pinky/pinky_pro/install/pinky_interfaces/share/pinky_interfaces/environment/library_path.sh
[79.453s] -- Installing: /home/pinky/pinky_pro/install/pinky_interfaces/share/pinky_interfaces/environment/library_path.dsv
[79.455s] -- Installing: /home/pinky/pinky_pro/install/pinky_interfaces/lib/libpinky_interfaces__rosidl_generator_c.so
[79.459s] -- Set non-toolchain portion of runtime path of "/home/pinky/pinky_pro/install/pinky_interfaces/lib/libpinky_interfaces__rosidl_generator_c.so" to ""
[79.460s] -- Up-to-date: /home/pinky/pinky_pro/install/pinky_interfaces/include/pinky_interfaces/pinky_interfaces
[79.460s] -- Up-to-date: /home/pinky/pinky_pro/install/pinky_interfaces/include/pinky_interfaces/pinky_interfaces/msg
[79.461s] -- Installing: /home/pinky/pinky_pro/install/pinky_interfaces/include/pinky_interfaces/pinky_interfaces/msg/rosidl_typesupport_fastrtps_c__visibility_control.h
[79.462s] -- Up-to-date: /home/pinky/pinky_pro/install/pinky_interfaces/include/pinky_interfaces/pinky_interfaces/srv
[79.462s] -- Up-to-date: /home/pinky/pinky_pro/install/pinky_interfaces/include/pinky_interfaces/pinky_interfaces/srv/detail
[79.463s] -- Installing: /home/pinky/pinky_pro/install/pinky_interfaces/include/pinky_interfaces/pinky_interfaces/srv/detail/emotion__rosidl_typesupport_fastrtps_c.h
[79.464s] -- Installing: /home/pinky/pinky_pro/install/pinky_interfaces/include/pinky_interfaces/pinky_interfaces/srv/detail/set_lamp__rosidl_typesupport_fastrtps_c.h
[79.465s] -- Installing: /home/pinky/pinky_pro/install/pinky_interfaces/include/pinky_interfaces/pinky_interfaces/srv/detail/set_brightness__rosidl_typesupport_fastrtps_c.h
[79.467s] -- Installing: /home/pinky/pinky_pro/install/pinky_interfaces/include/pinky_interfaces/pinky_interfaces/srv/detail/set_led__rosidl_typesupport_fastrtps_c.h
[79.468s] -- Installing: /home/pinky/pinky_pro/install/pinky_interfaces/lib/libpinky_interfaces__rosidl_typesupport_fastrtps_c.so
[79.473s] -- Set non-toolchain portion of runtime path of "/home/pinky/pinky_pro/install/pinky_interfaces/lib/libpinky_interfaces__rosidl_typesupport_fastrtps_c.so" to ""
[79.473s] -- Up-to-date: /home/pinky/pinky_pro/install/pinky_interfaces/include/pinky_interfaces/pinky_interfaces
[79.474s] -- Up-to-date: /home/pinky/pinky_pro/install/pinky_interfaces/include/pinky_interfaces/pinky_interfaces/msg
[79.474s] -- Installing: /home/pinky/pinky_pro/install/pinky_interfaces/include/pinky_interfaces/pinky_interfaces/msg/rosidl_generator_cpp__visibility_control.hpp
[79.475s] -- Up-to-date: /home/pinky/pinky_pro/install/pinky_interfaces/include/pinky_interfaces/pinky_interfaces/srv
[79.475s] -- Installing: /home/pinky/pinky_pro/install/pinky_interfaces/include/pinky_interfaces/pinky_interfaces/srv/set_lamp.hpp
[79.476s] -- Up-to-date: /home/pinky/pinky_pro/install/pinky_interfaces/include/pinky_interfaces/pinky_interfaces/srv/detail
[79.477s] -- Installing: /home/pinky/pinky_pro/install/pinky_interfaces/include/pinky_interfaces/pinky_interfaces/srv/detail/set_brightness__struct.hpp
[79.478s] -- Installing: /home/pinky/pinky_pro/install/pinky_interfaces/include/pinky_interfaces/pinky_interfaces/srv/detail/emotion__struct.hpp
[79.480s] -- Installing: /home/pinky/pinky_pro/install/pinky_interfaces/include/pinky_interfaces/pinky_interfaces/srv/detail/set_brightness__traits.hpp
[79.481s] -- Installing: /home/pinky/pinky_pro/install/pinky_interfaces/include/pinky_interfaces/pinky_interfaces/srv/detail/emotion__builder.hpp
[79.482s] -- Installing: /home/pinky/pinky_pro/install/pinky_interfaces/include/pinky_interfaces/pinky_interfaces/srv/detail/set_led__builder.hpp
[79.483s] -- Installing: /home/pinky/pinky_pro/install/pinky_interfaces/include/pinky_interfaces/pinky_interfaces/srv/detail/set_led__struct.hpp
[79.484s] -- Installing: /home/pinky/pinky_pro/install/pinky_interfaces/include/pinky_interfaces/pinky_interfaces/srv/detail/set_led__traits.hpp
[79.485s] -- Installing: /home/pinky/pinky_pro/install/pinky_interfaces/include/pinky_interfaces/pinky_interfaces/srv/detail/set_lamp__struct.hpp
[79.487s] -- Installing: /home/pinky/pinky_pro/install/pinky_interfaces/include/pinky_interfaces/pinky_interfaces/srv/detail/set_lamp__builder.hpp
[79.488s] -- Installing: /home/pinky/pinky_pro/install/pinky_interfaces/include/pinky_interfaces/pinky_interfaces/srv/detail/set_lamp__traits.hpp
[79.489s] -- Installing: /home/pinky/pinky_pro/install/pinky_interfaces/include/pinky_interfaces/pinky_interfaces/srv/detail/set_lamp__type_support.hpp
[79.490s] -- Installing: /home/pinky/pinky_pro/install/pinky_interfaces/include/pinky_interfaces/pinky_interfaces/srv/detail/set_brightness__builder.hpp
[79.491s] -- Installing: /home/pinky/pinky_pro/install/pinky_interfaces/include/pinky_interfaces/pinky_interfaces/srv/detail/set_led__type_support.hpp
[79.493s] -- Installing: /home/pinky/pinky_pro/install/pinky_interfaces/include/pinky_interfaces/pinky_interfaces/srv/detail/emotion__type_support.hpp
[79.494s] -- Installing: /home/pinky/pinky_pro/install/pinky_interfaces/include/pinky_interfaces/pinky_interfaces/srv/detail/emotion__traits.hpp
[79.495s] -- Installing: /home/pinky/pinky_pro/install/pinky_interfaces/include/pinky_interfaces/pinky_interfaces/srv/detail/set_brightness__type_support.hpp
[79.496s] -- Installing: /home/pinky/pinky_pro/install/pinky_interfaces/include/pinky_interfaces/pinky_interfaces/srv/set_led.hpp
[79.497s] -- Installing: /home/pinky/pinky_pro/install/pinky_interfaces/include/pinky_interfaces/pinky_interfaces/srv/set_brightness.hpp
[79.498s] -- Installing: /home/pinky/pinky_pro/install/pinky_interfaces/include/pinky_interfaces/pinky_interfaces/srv/emotion.hpp
[79.499s] -- Up-to-date: /home/pinky/pinky_pro/install/pinky_interfaces/include/pinky_interfaces/pinky_interfaces
[79.500s] -- Up-to-date: /home/pinky/pinky_pro/install/pinky_interfaces/include/pinky_interfaces/pinky_interfaces/msg
[79.500s] -- Installing: /home/pinky/pinky_pro/install/pinky_interfaces/include/pinky_interfaces/pinky_interfaces/msg/rosidl_typesupport_fastrtps_cpp__visibility_control.h
[79.501s] -- Up-to-date: /home/pinky/pinky_pro/install/pinky_interfaces/include/pinky_interfaces/pinky_interfaces/srv
[79.502s] -- Up-to-date: /home/pinky/pinky_pro/install/pinky_interfaces/include/pinky_interfaces/pinky_interfaces/srv/detail
[79.502s] -- Installing: /home/pinky/pinky_pro/install/pinky_interfaces/include/pinky_interfaces/pinky_interfaces/srv/detail/set_led__rosidl_typesupport_fastrtps_cpp.hpp
[79.504s] -- Installing: /home/pinky/pinky_pro/install/pinky_interfaces/include/pinky_interfaces/pinky_interfaces/srv/detail/emotion__rosidl_typesupport_fastrtps_cpp.hpp
[79.505s] -- Installing: /home/pinky/pinky_pro/install/pinky_interfaces/include/pinky_interfaces/pinky_interfaces/srv/detail/set_brightness__rosidl_typesupport_fastrtps_cpp.hpp
[79.506s] -- Installing: /home/pinky/pinky_pro/install/pinky_interfaces/include/pinky_interfaces/pinky_interfaces/srv/detail/dds_fastrtps
[79.507s] -- Installing: /home/pinky/pinky_pro/install/pinky_interfaces/include/pinky_interfaces/pinky_interfaces/srv/detail/set_lamp__rosidl_typesupport_fastrtps_cpp.hpp
[79.509s] -- Installing: /home/pinky/pinky_pro/install/pinky_interfaces/lib/libpinky_interfaces__rosidl_typesupport_fastrtps_cpp.so
[79.516s] -- Set non-toolchain portion of runtime path of "/home/pinky/pinky_pro/install/pinky_interfaces/lib/libpinky_interfaces__rosidl_typesupport_fastrtps_cpp.so" to ""
[79.517s] -- Up-to-date: /home/pinky/pinky_pro/install/pinky_interfaces/include/pinky_interfaces/pinky_interfaces
[79.517s] -- Up-to-date: /home/pinky/pinky_pro/install/pinky_interfaces/include/pinky_interfaces/pinky_interfaces/msg
[79.517s] -- Installing: /home/pinky/pinky_pro/install/pinky_interfaces/include/pinky_interfaces/pinky_interfaces/msg/rosidl_typesupport_introspection_c__visibility_control.h
[79.518s] -- Up-to-date: /home/pinky/pinky_pro/install/pinky_interfaces/include/pinky_interfaces/pinky_interfaces/srv
[79.519s] -- Up-to-date: /home/pinky/pinky_pro/install/pinky_interfaces/include/pinky_interfaces/pinky_interfaces/srv/detail
[79.519s] -- Installing: /home/pinky/pinky_pro/install/pinky_interfaces/include/pinky_interfaces/pinky_interfaces/srv/detail/emotion__type_support.c
[79.521s] -- Installing: /home/pinky/pinky_pro/install/pinky_interfaces/include/pinky_interfaces/pinky_interfaces/srv/detail/set_brightness__type_support.c
[79.522s] -- Installing: /home/pinky/pinky_pro/install/pinky_interfaces/include/pinky_interfaces/pinky_interfaces/srv/detail/set_led__type_support.c
[79.524s] -- Installing: /home/pinky/pinky_pro/install/pinky_interfaces/include/pinky_interfaces/pinky_interfaces/srv/detail/set_lamp__rosidl_typesupport_introspection_c.h
[79.525s] -- Installing: /home/pinky/pinky_pro/install/pinky_interfaces/include/pinky_interfaces/pinky_interfaces/srv/detail/set_brightness__rosidl_typesupport_introspection_c.h
[79.526s] -- Installing: /home/pinky/pinky_pro/install/pinky_interfaces/include/pinky_interfaces/pinky_interfaces/srv/detail/set_led__rosidl_typesupport_introspection_c.h
[79.527s] -- Installing: /home/pinky/pinky_pro/install/pinky_interfaces/include/pinky_interfaces/pinky_interfaces/srv/detail/emotion__rosidl_typesupport_introspection_c.h
[79.529s] -- Installing: /home/pinky/pinky_pro/install/pinky_interfaces/include/pinky_interfaces/pinky_interfaces/srv/detail/set_lamp__type_support.c
[79.531s] -- Installing: /home/pinky/pinky_pro/install/pinky_interfaces/lib/libpinky_interfaces__rosidl_typesupport_introspection_c.so
[79.534s] -- Set non-toolchain portion of runtime path of "/home/pinky/pinky_pro/install/pinky_interfaces/lib/libpinky_interfaces__rosidl_typesupport_introspection_c.so" to ""
[79.535s] -- Installing: /home/pinky/pinky_pro/install/pinky_interfaces/lib/libpinky_interfaces__rosidl_typesupport_c.so
[79.538s] -- Set non-toolchain portion of runtime path of "/home/pinky/pinky_pro/install/pinky_interfaces/lib/libpinky_interfaces__rosidl_typesupport_c.so" to ""
[79.538s] -- Up-to-date: /home/pinky/pinky_pro/install/pinky_interfaces/include/pinky_interfaces/pinky_interfaces
[79.539s] -- Up-to-date: /home/pinky/pinky_pro/install/pinky_interfaces/include/pinky_interfaces/pinky_interfaces/srv
[79.539s] -- Up-to-date: /home/pinky/pinky_pro/install/pinky_interfaces/include/pinky_interfaces/pinky_interfaces/srv/detail
[79.540s] -- Installing: /home/pinky/pinky_pro/install/pinky_interfaces/include/pinky_interfaces/pinky_interfaces/srv/detail/set_led__rosidl_typesupport_introspection_cpp.hpp
[79.541s] -- Installing: /home/pinky/pinky_pro/install/pinky_interfaces/include/pinky_interfaces/pinky_interfaces/srv/detail/emotion__rosidl_typesupport_introspection_cpp.hpp
[79.542s] -- Installing: /home/pinky/pinky_pro/install/pinky_interfaces/include/pinky_interfaces/pinky_interfaces/srv/detail/set_lamp__rosidl_typesupport_introspection_cpp.hpp
[79.544s] -- Installing: /home/pinky/pinky_pro/install/pinky_interfaces/include/pinky_interfaces/pinky_interfaces/srv/detail/set_lamp__type_support.cpp
[79.545s] -- Installing: /home/pinky/pinky_pro/install/pinky_interfaces/include/pinky_interfaces/pinky_interfaces/srv/detail/set_led__type_support.cpp
[79.546s] -- Installing: /home/pinky/pinky_pro/install/pinky_interfaces/include/pinky_interfaces/pinky_interfaces/srv/detail/set_brightness__type_support.cpp
[79.548s] -- Installing: /home/pinky/pinky_pro/install/pinky_interfaces/include/pinky_interfaces/pinky_interfaces/srv/detail/emotion__type_support.cpp
[79.549s] -- Installing: /home/pinky/pinky_pro/install/pinky_interfaces/include/pinky_interfaces/pinky_interfaces/srv/detail/set_brightness__rosidl_typesupport_introspection_cpp.hpp
[79.551s] -- Installing: /home/pinky/pinky_pro/install/pinky_interfaces/lib/libpinky_interfaces__rosidl_typesupport_introspection_cpp.so
[79.557s] -- Set non-toolchain portion of runtime path of "/home/pinky/pinky_pro/install/pinky_interfaces/lib/libpinky_interfaces__rosidl_typesupport_introspection_cpp.so" to ""
[79.558s] -- Installing: /home/pinky/pinky_pro/install/pinky_interfaces/lib/libpinky_interfaces__rosidl_typesupport_cpp.so
[79.563s] -- Set non-toolchain portion of runtime path of "/home/pinky/pinky_pro/install/pinky_interfaces/lib/libpinky_interfaces__rosidl_typesupport_cpp.so" to ""
[79.563s] -- Installing: /home/pinky/pinky_pro/install/pinky_interfaces/share/pinky_interfaces/environment/pythonpath.sh
[79.565s] -- Installing: /home/pinky/pinky_pro/install/pinky_interfaces/share/pinky_interfaces/environment/pythonpath.dsv
[79.566s] -- Installing: /home/pinky/pinky_pro/install/pinky_interfaces/lib/python3.12/site-packages/pinky_interfaces-0.0.0-py3.12.egg-info
[79.567s] -- Installing: /home/pinky/pinky_pro/install/pinky_interfaces/lib/python3.12/site-packages/pinky_interfaces-0.0.0-py3.12.egg-info/SOURCES.txt
[79.568s] -- Installing: /home/pinky/pinky_pro/install/pinky_interfaces/lib/python3.12/site-packages/pinky_interfaces-0.0.0-py3.12.egg-info/top_level.txt
[79.569s] -- Installing: /home/pinky/pinky_pro/install/pinky_interfaces/lib/python3.12/site-packages/pinky_interfaces-0.0.0-py3.12.egg-info/PKG-INFO
[79.570s] -- Installing: /home/pinky/pinky_pro/install/pinky_interfaces/lib/python3.12/site-packages/pinky_interfaces-0.0.0-py3.12.egg-info/dependency_links.txt
[79.571s] -- Installing: /home/pinky/pinky_pro/install/pinky_interfaces/lib/python3.12/site-packages/pinky_interfaces
[79.572s] -- Installing: /home/pinky/pinky_pro/install/pinky_interfaces/lib/python3.12/site-packages/pinky_interfaces/__init__.py
[79.573s] -- Installing: /home/pinky/pinky_pro/install/pinky_interfaces/lib/python3.12/site-packages/pinky_interfaces/_pinky_interfaces_s.ep.rosidl_typesupport_c.c
[79.575s] -- Installing: /home/pinky/pinky_pro/install/pinky_interfaces/lib/python3.12/site-packages/pinky_interfaces/pinky_interfaces_s__rosidl_typesupport_fastrtps_c.so
[79.577s] -- Installing: /home/pinky/pinky_pro/install/pinky_interfaces/lib/python3.12/site-packages/pinky_interfaces/_pinky_interfaces_s.ep.rosidl_typesupport_introspection_c.c
[79.578s] -- Installing: /home/pinky/pinky_pro/install/pinky_interfaces/lib/python3.12/site-packages/pinky_interfaces/srv
[79.579s] -- Installing: /home/pinky/pinky_pro/install/pinky_interfaces/lib/python3.12/site-packages/pinky_interfaces/srv/_set_lamp.py
[79.580s] -- Installing: /home/pinky/pinky_pro/install/pinky_interfaces/lib/python3.12/site-packages/pinky_interfaces/srv/__init__.py
[79.581s] -- Installing: /home/pinky/pinky_pro/install/pinky_interfaces/lib/python3.12/site-packages/pinky_interfaces/srv/_emotion.py
[79.583s] -- Installing: /home/pinky/pinky_pro/install/pinky_interfaces/lib/python3.12/site-packages/pinky_interfaces/srv/_emotion_s.c
[79.584s] -- Installing: /home/pinky/pinky_pro/install/pinky_interfaces/lib/python3.12/site-packages/pinky_interfaces/srv/_set_led.py
[79.585s] -- Installing: /home/pinky/pinky_pro/install/pinky_interfaces/lib/python3.12/site-packages/pinky_interfaces/srv/_set_lamp_s.c
[79.586s] -- Installing: /home/pinky/pinky_pro/install/pinky_interfaces/lib/python3.12/site-packages/pinky_interfaces/srv/_set_brightness.py
[79.587s] -- Installing: /home/pinky/pinky_pro/install/pinky_interfaces/lib/python3.12/site-packages/pinky_interfaces/srv/_set_brightness_s.c
[79.588s] -- Installing: /home/pinky/pinky_pro/install/pinky_interfaces/lib/python3.12/site-packages/pinky_interfaces/srv/_set_led_s.c
[79.590s] -- Installing: /home/pinky/pinky_pro/install/pinky_interfaces/lib/python3.12/site-packages/pinky_interfaces/pinky_interfaces_s__rosidl_typesupport_c.so
[79.592s] -- Installing: /home/pinky/pinky_pro/install/pinky_interfaces/lib/python3.12/site-packages/pinky_interfaces/_pinky_interfaces_s.ep.rosidl_typesupport_fastrtps_c.c
[79.593s] -- Installing: /home/pinky/pinky_pro/install/pinky_interfaces/lib/python3.12/site-packages/pinky_interfaces/pinky_interfaces_s__rosidl_typesupport_introspection_c.so
[79.848s] Listing '/home/pinky/pinky_pro/install/pinky_interfaces/lib/python3.12/site-packages/pinky_interfaces'...
[79.849s] Compiling '/home/pinky/pinky_pro/install/pinky_interfaces/lib/python3.12/site-packages/pinky_interfaces/__init__.py'...
[79.850s] Listing '/home/pinky/pinky_pro/install/pinky_interfaces/lib/python3.12/site-packages/pinky_interfaces/srv'...
[79.851s] Compiling '/home/pinky/pinky_pro/install/pinky_interfaces/lib/python3.12/site-packages/pinky_interfaces/srv/__init__.py'...
[79.852s] Compiling '/home/pinky/pinky_pro/install/pinky_interfaces/lib/python3.12/site-packages/pinky_interfaces/srv/_emotion.py'...
[79.853s] Compiling '/home/pinky/pinky_pro/install/pinky_interfaces/lib/python3.12/site-packages/pinky_interfaces/srv/_set_brightness.py'...
[79.854s] Compiling '/home/pinky/pinky_pro/install/pinky_interfaces/lib/python3.12/site-packages/pinky_interfaces/srv/_set_lamp.py'...
[79.854s] Compiling '/home/pinky/pinky_pro/install/pinky_interfaces/lib/python3.12/site-packages/pinky_interfaces/srv/_set_led.py'...
[79.880s] -- Installing: /home/pinky/pinky_pro/install/pinky_interfaces/lib/python3.12/site-packages/pinky_interfaces/pinky_interfaces_s__rosidl_typesupport_fastrtps_c.so
[79.883s] -- Set non-toolchain portion of runtime path of "/home/pinky/pinky_pro/install/pinky_interfaces/lib/python3.12/site-packages/pinky_interfaces/pinky_interfaces_s__rosidl_typesupport_fastrtps_c.so" to ""
[79.885s] -- Installing: /home/pinky/pinky_pro/install/pinky_interfaces/lib/python3.12/site-packages/pinky_interfaces/pinky_interfaces_s__rosidl_typesupport_introspection_c.so
[79.888s] -- Set non-toolchain portion of runtime path of "/home/pinky/pinky_pro/install/pinky_interfaces/lib/python3.12/site-packages/pinky_interfaces/pinky_interfaces_s__rosidl_typesupport_introspection_c.so" to ""
[79.890s] -- Installing: /home/pinky/pinky_pro/install/pinky_interfaces/lib/python3.12/site-packages/pinky_interfaces/pinky_interfaces_s__rosidl_typesupport_c.so
[79.894s] -- Set non-toolchain portion of runtime path of "/home/pinky/pinky_pro/install/pinky_interfaces/lib/python3.12/site-packages/pinky_interfaces/pinky_interfaces_s__rosidl_typesupport_c.so" to ""
[79.894s] -- Installing: /home/pinky/pinky_pro/install/pinky_interfaces/lib/libpinky_interfaces__rosidl_generator_py.so
[79.899s] -- Set non-toolchain portion of runtime path of "/home/pinky/pinky_pro/install/pinky_interfaces/lib/libpinky_interfaces__rosidl_generator_py.so" to ""
[79.899s] -- Installing: /home/pinky/pinky_pro/install/pinky_interfaces/share/pinky_interfaces/srv/SetLed.idl
[79.901s] -- Installing: /home/pinky/pinky_pro/install/pinky_interfaces/share/pinky_interfaces/srv/Emotion.idl
[79.902s] -- Installing: /home/pinky/pinky_pro/install/pinky_interfaces/share/pinky_interfaces/srv/SetBrightness.idl
[79.903s] -- Installing: /home/pinky/pinky_pro/install/pinky_interfaces/share/pinky_interfaces/srv/SetLamp.idl
[79.904s] -- Installing: /home/pinky/pinky_pro/install/pinky_interfaces/share/pinky_interfaces/srv/SetLed.srv
[79.905s] -- Installing: /home/pinky/pinky_pro/install/pinky_interfaces/share/pinky_interfaces/srv/Emotion.srv
[79.906s] -- Installing: /home/pinky/pinky_pro/install/pinky_interfaces/share/pinky_interfaces/srv/SetBrightness.srv
[79.907s] -- Installing: /home/pinky/pinky_pro/install/pinky_interfaces/share/pinky_interfaces/srv/SetLamp.srv
[79.909s] -- Installing: /home/pinky/pinky_pro/install/pinky_interfaces/share/ament_index/resource_index/package_run_dependencies/pinky_interfaces
[79.911s] -- Installing: /home/pinky/pinky_pro/install/pinky_interfaces/share/ament_index/resource_index/parent_prefix_path/pinky_interfaces
[79.912s] -- Installing: /home/pinky/pinky_pro/install/pinky_interfaces/share/pinky_interfaces/environment/ament_prefix_path.sh
[79.913s] -- Installing: /home/pinky/pinky_pro/install/pinky_interfaces/share/pinky_interfaces/environment/ament_prefix_path.dsv
[79.914s] -- Installing: /home/pinky/pinky_pro/install/pinky_interfaces/share/pinky_interfaces/environment/path.sh
[79.916s] -- Installing: /home/pinky/pinky_pro/install/pinky_interfaces/share/pinky_interfaces/environment/path.dsv
[79.917s] -- Installing: /home/pinky/pinky_pro/install/pinky_interfaces/share/pinky_interfaces/local_setup.bash
[79.918s] -- Installing: /home/pinky/pinky_pro/install/pinky_interfaces/share/pinky_interfaces/local_setup.sh
[79.919s] -- Installing: /home/pinky/pinky_pro/install/pinky_interfaces/share/pinky_interfaces/local_setup.zsh
[79.921s] -- Installing: /home/pinky/pinky_pro/install/pinky_interfaces/share/pinky_interfaces/local_setup.dsv
[79.922s] -- Installing: /home/pinky/pinky_pro/install/pinky_interfaces/share/pinky_interfaces/package.dsv
[79.923s] -- Installing: /home/pinky/pinky_pro/install/pinky_interfaces/share/ament_index/resource_index/packages/pinky_interfaces
[79.925s] -- Installing: /home/pinky/pinky_pro/install/pinky_interfaces/share/pinky_interfaces/cmake/export_pinky_interfaces__rosidl_generator_cExport.cmake
[79.926s] -- Installing: /home/pinky/pinky_pro/install/pinky_interfaces/share/pinky_interfaces/cmake/export_pinky_interfaces__rosidl_generator_cExport-noconfig.cmake
[79.928s] -- Installing: /home/pinky/pinky_pro/install/pinky_interfaces/share/pinky_interfaces/cmake/export_pinky_interfaces__rosidl_typesupport_fastrtps_cExport.cmake
[79.930s] -- Installing: /home/pinky/pinky_pro/install/pinky_interfaces/share/pinky_interfaces/cmake/export_pinky_interfaces__rosidl_typesupport_fastrtps_cExport-noconfig.cmake
[79.931s] -- Installing: /home/pinky/pinky_pro/install/pinky_interfaces/share/pinky_interfaces/cmake/export_pinky_interfaces__rosidl_generator_cppExport.cmake
[79.933s] -- Installing: /home/pinky/pinky_pro/install/pinky_interfaces/share/pinky_interfaces/cmake/export_pinky_interfaces__rosidl_typesupport_fastrtps_cppExport.cmake
[79.934s] -- Installing: /home/pinky/pinky_pro/install/pinky_interfaces/share/pinky_interfaces/cmake/export_pinky_interfaces__rosidl_typesupport_fastrtps_cppExport-noconfig.cmake
[79.936s] -- Installing: /home/pinky/pinky_pro/install/pinky_interfaces/share/pinky_interfaces/cmake/pinky_interfaces__rosidl_typesupport_introspection_cExport.cmake
[79.938s] -- Installing: /home/pinky/pinky_pro/install/pinky_interfaces/share/pinky_interfaces/cmake/pinky_interfaces__rosidl_typesupport_introspection_cExport-noconfig.cmake
[79.939s] -- Installing: /home/pinky/pinky_pro/install/pinky_interfaces/share/pinky_interfaces/cmake/pinky_interfaces__rosidl_typesupport_cExport.cmake
[79.941s] -- Installing: /home/pinky/pinky_pro/install/pinky_interfaces/share/pinky_interfaces/cmake/pinky_interfaces__rosidl_typesupport_cExport-noconfig.cmake
[79.942s] -- Installing: /home/pinky/pinky_pro/install/pinky_interfaces/share/pinky_interfaces/cmake/pinky_interfaces__rosidl_typesupport_introspection_cppExport.cmake
[79.944s] -- Installing: /home/pinky/pinky_pro/install/pinky_interfaces/share/pinky_interfaces/cmake/pinky_interfaces__rosidl_typesupport_introspection_cppExport-noconfig.cmake
[79.945s] -- Installing: /home/pinky/pinky_pro/install/pinky_interfaces/share/pinky_interfaces/cmake/pinky_interfaces__rosidl_typesupport_cppExport.cmake
[79.947s] -- Installing: /home/pinky/pinky_pro/install/pinky_interfaces/share/pinky_interfaces/cmake/pinky_interfaces__rosidl_typesupport_cppExport-noconfig.cmake
[79.948s] -- Installing: /home/pinky/pinky_pro/install/pinky_interfaces/share/pinky_interfaces/cmake/export_pinky_interfaces__rosidl_generator_pyExport.cmake
[79.950s] -- Installing: /home/pinky/pinky_pro/install/pinky_interfaces/share/pinky_interfaces/cmake/export_pinky_interfaces__rosidl_generator_pyExport-noconfig.cmake
[79.951s] -- Installing: /home/pinky/pinky_pro/install/pinky_interfaces/share/pinky_interfaces/cmake/rosidl_cmake-extras.cmake
[79.952s] -- Installing: /home/pinky/pinky_pro/install/pinky_interfaces/share/pinky_interfaces/cmake/ament_cmake_export_dependencies-extras.cmake
[79.954s] -- Installing: /home/pinky/pinky_pro/install/pinky_interfaces/share/pinky_interfaces/cmake/ament_cmake_export_include_directories-extras.cmake
[79.955s] -- Installing: /home/pinky/pinky_pro/install/pinky_interfaces/share/pinky_interfaces/cmake/ament_cmake_export_libraries-extras.cmake
[79.957s] -- Installing: /home/pinky/pinky_pro/install/pinky_interfaces/share/pinky_interfaces/cmake/ament_cmake_export_targets-extras.cmake
[79.958s] -- Installing: /home/pinky/pinky_pro/install/pinky_interfaces/share/pinky_interfaces/cmake/rosidl_cmake_export_typesupport_targets-extras.cmake
[79.959s] -- Installing: /home/pinky/pinky_pro/install/pinky_interfaces/share/pinky_interfaces/cmake/rosidl_cmake_export_typesupport_libraries-extras.cmake
[79.961s] -- Installing: /home/pinky/pinky_pro/install/pinky_interfaces/share/pinky_interfaces/cmake/pinky_interfacesConfig.cmake
[79.962s] -- Installing: /home/pinky/pinky_pro/install/pinky_interfaces/share/pinky_interfaces/cmake/pinky_interfacesConfig-version.cmake
[79.963s] -- Installing: /home/pinky/pinky_pro/install/pinky_interfaces/share/pinky_interfaces/package.xml
[79.972s] Invoked command in '/home/pinky/pinky_pro/build/pinky_interfaces' returned '0': CMAKE_PREFIX_PATH=${CMAKE_PREFIX_PATH}:/home/pinky/pinky_pro/install/pinky_led:/home/pinky/pinky_pro/install/pinky_emotion:/home/pinky/pinky_pro/install/pinky_bringup:/opt/ros/jazzy DEBUGINFOD_URLS=https://debuginfod.ubuntu.com /usr/bin/cmake --install /home/pinky/pinky_pro/build/pinky_interfaces
