/home/pinky/pinky_pro/install/pinky_emotion/lib/python3.12/site-packages/pinky_emotion/__init__.py
/home/pinky/pinky_pro/install/pinky_emotion/lib/python3.12/site-packages/pinky_emotion/pinky_lcd.py
/home/pinky/pinky_pro/install/pinky_emotion/lib/python3.12/site-packages/pinky_emotion/pinky_emotion.py
/home/pinky/pinky_pro/install/pinky_emotion/lib/python3.12/site-packages/pinky_emotion/emotion_server.py
/home/pinky/pinky_pro/install/pinky_emotion/lib/python3.12/site-packages/pinky_emotion/__pycache__/__init__.cpython-312.pyc
/home/pinky/pinky_pro/install/pinky_emotion/lib/python3.12/site-packages/pinky_emotion/__pycache__/pinky_lcd.cpython-312.pyc
/home/pinky/pinky_pro/install/pinky_emotion/lib/python3.12/site-packages/pinky_emotion/__pycache__/pinky_emotion.cpython-312.pyc
/home/pinky/pinky_pro/install/pinky_emotion/lib/python3.12/site-packages/pinky_emotion/__pycache__/emotion_server.cpython-312.pyc
/home/pinky/pinky_pro/install/pinky_emotion/share/ament_index/resource_index/packages/pinky_emotion
/home/pinky/pinky_pro/install/pinky_emotion/share/pinky_emotion/package.xml
/home/pinky/pinky_pro/install/pinky_emotion/share/pinky_emotion/emotion/angry.gif
/home/pinky/pinky_pro/install/pinky_emotion/share/pinky_emotion/emotion/basic.gif
/home/pinky/pinky_pro/install/pinky_emotion/share/pinky_emotion/emotion/bored.gif
/home/pinky/pinky_pro/install/pinky_emotion/share/pinky_emotion/emotion/hello.gif
/home/pinky/pinky_pro/install/pinky_emotion/share/pinky_emotion/emotion/interest.gif
/home/pinky/pinky_pro/install/pinky_emotion/share/pinky_emotion/emotion/fun.gif
/home/pinky/pinky_pro/install/pinky_emotion/share/pinky_emotion/emotion/happy.gif
/home/pinky/pinky_pro/install/pinky_emotion/share/pinky_emotion/emotion/sad.gif
/home/pinky/pinky_pro/install/pinky_emotion/lib/python3.12/site-packages/pinky_emotion-0.0.0-py3.12.egg-info/SOURCES.txt
/home/pinky/pinky_pro/install/pinky_emotion/lib/python3.12/site-packages/pinky_emotion-0.0.0-py3.12.egg-info/top_level.txt
/home/pinky/pinky_pro/install/pinky_emotion/lib/python3.12/site-packages/pinky_emotion-0.0.0-py3.12.egg-info/PKG-INFO
/home/pinky/pinky_pro/install/pinky_emotion/lib/python3.12/site-packages/pinky_emotion-0.0.0-py3.12.egg-info/zip-safe
/home/pinky/pinky_pro/install/pinky_emotion/lib/python3.12/site-packages/pinky_emotion-0.0.0-py3.12.egg-info/requires.txt
/home/pinky/pinky_pro/install/pinky_emotion/lib/python3.12/site-packages/pinky_emotion-0.0.0-py3.12.egg-info/dependency_links.txt
/home/pinky/pinky_pro/install/pinky_emotion/lib/python3.12/site-packages/pinky_emotion-0.0.0-py3.12.egg-info/entry_points.txt
/home/pinky/pinky_pro/install/pinky_emotion/lib/pinky_emotion/emotion_server
/home/pinky/pinky_pro/install/pinky_emotion/lib/pinky_emotion/pinky_emotion
