[1.296s] Invoking command in '/home/pinky/pinky_pro/build/pinky_description': CMAKE_PREFIX_PATH=${CMAKE_PREFIX_PATH}:/home/pinky/pinky_pro/install/pinky_led:/home/pinky/pinky_pro/install/pinky_emotion:/home/pinky/pinky_pro/install/pinky_bringup:/opt/ros/jazzy DEBUGINFOD_URLS=https://debuginfod.ubuntu.com /usr/bin/cmake /home/pinky/pinky_pro/src/pinky_pro/pinky_description -DCMAKE_INSTALL_PREFIX=/home/pinky/pinky_pro/install/pinky_description
[2.596s] -- The C compiler identification is GNU 13.3.0
[3.598s] -- The CXX compiler identification is GNU 13.3.0
[3.733s] -- Detecting C compiler ABI info
[4.539s] -- Detecting C compiler ABI info - done
[4.583s] -- Check for working C compiler: /usr/bin/cc - skipped
[4.585s] -- Detecting C compile features
[4.594s] -- Detecting C compile features - done
[4.655s] -- Detecting CXX compiler ABI info
[5.377s] -- Detecting CXX compiler ABI info - done
[5.426s] -- Check for working CXX compiler: /usr/bin/c++ - skipped
[5.431s] -- Detecting CXX compile features
[5.432s] -- Detecting CXX compile features - done
[5.531s] -- Found ament_cmake: 2.5.5 (/opt/ros/jazzy/share/ament_cmake/cmake)
[6.927s] -- Found Python3: /usr/bin/python3 (found version "3.12.3") found components: Interpreter 
[8.593s] -- Found xacro: 2.1.1 (/opt/ros/jazzy/share/xacro/cmake)
[8.673s] -- Found ament_lint_auto: 0.17.4 (/opt/ros/jazzy/share/ament_lint_auto/cmake)
[10.350s] -- Added test 'flake8' to check Python code syntax and style conventions
[10.350s] -- Configured 'flake8' exclude dirs and/or files: 
[10.364s] -- Added test 'lint_cmake' to check CMake code style
[10.378s] -- Added test 'pep257' to check Python code against some of the docstring style conventions in PEP 257
[10.413s] -- Added test 'xmllint' to check XML markup files
[10.445s] -- Configuring done (8.9s)
[10.529s] -- Generating done (0.1s)
[10.554s] -- Build files have been written to: /home/pinky/pinky_pro/build/pinky_description
[10.588s] Invoked command in '/home/pinky/pinky_pro/build/pinky_description' returned '0': CMAKE_PREFIX_PATH=${CMAKE_PREFIX_PATH}:/home/pinky/pinky_pro/install/pinky_led:/home/pinky/pinky_pro/install/pinky_emotion:/home/pinky/pinky_pro/install/pinky_bringup:/opt/ros/jazzy DEBUGINFOD_URLS=https://debuginfod.ubuntu.com /usr/bin/cmake /home/pinky/pinky_pro/src/pinky_pro/pinky_description -DCMAKE_INSTALL_PREFIX=/home/pinky/pinky_pro/install/pinky_description
[10.594s] Invoking command in '/home/pinky/pinky_pro/build/pinky_description': CMAKE_PREFIX_PATH=${CMAKE_PREFIX_PATH}:/home/pinky/pinky_pro/install/pinky_led:/home/pinky/pinky_pro/install/pinky_emotion:/home/pinky/pinky_pro/install/pinky_bringup:/opt/ros/jazzy DEBUGINFOD_URLS=https://debuginfod.ubuntu.com /usr/bin/cmake --build /home/pinky/pinky_pro/build/pinky_description -- -j4 -l4
[10.936s] Invoked command in '/home/pinky/pinky_pro/build/pinky_description' returned '0': CMAKE_PREFIX_PATH=${CMAKE_PREFIX_PATH}:/home/pinky/pinky_pro/install/pinky_led:/home/pinky/pinky_pro/install/pinky_emotion:/home/pinky/pinky_pro/install/pinky_bringup:/opt/ros/jazzy DEBUGINFOD_URLS=https://debuginfod.ubuntu.com /usr/bin/cmake --build /home/pinky/pinky_pro/build/pinky_description -- -j4 -l4
[11.012s] Invoking command in '/home/pinky/pinky_pro/build/pinky_description': CMAKE_PREFIX_PATH=${CMAKE_PREFIX_PATH}:/home/pinky/pinky_pro/install/pinky_led:/home/pinky/pinky_pro/install/pinky_emotion:/home/pinky/pinky_pro/install/pinky_bringup:/opt/ros/jazzy DEBUGINFOD_URLS=https://debuginfod.ubuntu.com /usr/bin/cmake --install /home/pinky/pinky_pro/build/pinky_description
[11.080s] -- Install configuration: ""
[11.082s] -- Installing: /home/pinky/pinky_pro/install/pinky_description/share/pinky_description/launch
[11.087s] -- Installing: /home/pinky/pinky_pro/install/pinky_description/share/pinky_description/launch/upload_robot.launch.py
[11.096s] -- Installing: /home/pinky/pinky_pro/install/pinky_description/share/pinky_description/launch/view_robot.launch.py
[11.097s] -- Installing: /home/pinky/pinky_pro/install/pinky_description/share/pinky_description/meshes
[11.101s] -- Installing: /home/pinky/pinky_pro/install/pinky_description/share/pinky_description/meshes/collision
[11.104s] -- Installing: /home/pinky/pinky_pro/install/pinky_description/share/pinky_description/meshes/collision/main_wheel.stl
[11.142s] -- Installing: /home/pinky/pinky_pro/install/pinky_description/share/pinky_description/meshes/collision/caster_rotate.stl
[11.148s] -- Installing: /home/pinky/pinky_pro/install/pinky_description/share/pinky_description/meshes/collision/camera_assy.stl
[11.200s] -- Installing: /home/pinky/pinky_pro/install/pinky_description/share/pinky_description/meshes/collision/front_camera_mount.stl
[11.243s] -- Installing: /home/pinky/pinky_pro/install/pinky_description/share/pinky_description/meshes/collision/caster_mount.stl
[11.248s] -- Installing: /home/pinky/pinky_pro/install/pinky_description/share/pinky_description/meshes/collision/base_link.stl
[11.287s] -- Installing: /home/pinky/pinky_pro/install/pinky_description/share/pinky_description/meshes/collision/rplidar_c1.stl
[11.309s] -- Installing: /home/pinky/pinky_pro/install/pinky_description/share/pinky_description/meshes/collision/screen_assy.stl
[11.314s] -- Installing: /home/pinky/pinky_pro/install/pinky_description/share/pinky_description/meshes/collision/robot_lamp.stl
[11.315s] -- Installing: /home/pinky/pinky_pro/install/pinky_description/share/pinky_description/meshes/visual
[11.317s] -- Installing: /home/pinky/pinky_pro/install/pinky_description/share/pinky_description/meshes/visual/main_wheel.dae
[11.366s] -- Installing: /home/pinky/pinky_pro/install/pinky_description/share/pinky_description/meshes/visual/caster_mount.dae
[11.372s] -- Installing: /home/pinky/pinky_pro/install/pinky_description/share/pinky_description/meshes/visual/camera_assy.dae
[11.420s] -- Installing: /home/pinky/pinky_pro/install/pinky_description/share/pinky_description/meshes/visual/base_link.dae
[11.523s] -- Installing: /home/pinky/pinky_pro/install/pinky_description/share/pinky_description/meshes/visual/caster_rotate.dae
[11.527s] -- Installing: /home/pinky/pinky_pro/install/pinky_description/share/pinky_description/meshes/visual/rplidar_c1.dae
[11.554s] -- Installing: /home/pinky/pinky_pro/install/pinky_description/share/pinky_description/meshes/visual/front_camera_mount.dae
[11.745s] -- Installing: /home/pinky/pinky_pro/install/pinky_description/share/pinky_description/meshes/visual/caster_wheel.dae
[11.751s] -- Installing: /home/pinky/pinky_pro/install/pinky_description/share/pinky_description/meshes/visual/robot_lamp.dae
[11.757s] -- Installing: /home/pinky/pinky_pro/install/pinky_description/share/pinky_description/meshes/visual/screen_assy.dae
[11.780s] -- Installing: /home/pinky/pinky_pro/install/pinky_description/share/pinky_description/rviz
[11.780s] -- Installing: /home/pinky/pinky_pro/install/pinky_description/share/pinky_description/rviz/view_robot.rviz
[11.783s] -- Installing: /home/pinky/pinky_pro/install/pinky_description/share/pinky_description/urdf
[11.785s] -- Installing: /home/pinky/pinky_pro/install/pinky_description/share/pinky_description/urdf/robot.urdf.xacro
[11.790s] -- Installing: /home/pinky/pinky_pro/install/pinky_description/share/pinky_description/urdf/pinky.urdf.xacro
[11.792s] -- Installing: /home/pinky/pinky_pro/install/pinky_description/share/pinky_description/urdf/pinky_gz.urdf.xacro
[11.793s] -- Installing: /home/pinky/pinky_pro/install/pinky_description/share/pinky_description/urdf/common
[11.798s] -- Installing: /home/pinky/pinky_pro/install/pinky_description/share/pinky_description/urdf/common/insert_inertia.urdf.xacro
[11.803s] -- Installing: /home/pinky/pinky_pro/install/pinky_description/share/ament_index/resource_index/package_run_dependencies/pinky_description
[11.808s] -- Installing: /home/pinky/pinky_pro/install/pinky_description/share/ament_index/resource_index/parent_prefix_path/pinky_description
[11.810s] -- Installing: /home/pinky/pinky_pro/install/pinky_description/share/pinky_description/environment/ament_prefix_path.sh
[11.817s] -- Installing: /home/pinky/pinky_pro/install/pinky_description/share/pinky_description/environment/ament_prefix_path.dsv
[11.820s] -- Installing: /home/pinky/pinky_pro/install/pinky_description/share/pinky_description/environment/path.sh
[11.828s] -- Installing: /home/pinky/pinky_pro/install/pinky_description/share/pinky_description/environment/path.dsv
[11.828s] -- Installing: /home/pinky/pinky_pro/install/pinky_description/share/pinky_description/local_setup.bash
[11.830s] -- Installing: /home/pinky/pinky_pro/install/pinky_description/share/pinky_description/local_setup.sh
[11.836s] -- Installing: /home/pinky/pinky_pro/install/pinky_description/share/pinky_description/local_setup.zsh
[11.839s] -- Installing: /home/pinky/pinky_pro/install/pinky_description/share/pinky_description/local_setup.dsv
[11.844s] -- Installing: /home/pinky/pinky_pro/install/pinky_description/share/pinky_description/package.dsv
[11.849s] -- Installing: /home/pinky/pinky_pro/install/pinky_description/share/ament_index/resource_index/packages/pinky_description
[11.853s] -- Installing: /home/pinky/pinky_pro/install/pinky_description/share/pinky_description/cmake/pinky_descriptionConfig.cmake
[11.856s] -- Installing: /home/pinky/pinky_pro/install/pinky_description/share/pinky_description/cmake/pinky_descriptionConfig-version.cmake
[11.859s] -- Installing: /home/pinky/pinky_pro/install/pinky_description/share/pinky_description/package.xml
[11.875s] Invoked command in '/home/pinky/pinky_pro/build/pinky_description' returned '0': CMAKE_PREFIX_PATH=${CMAKE_PREFIX_PATH}:/home/pinky/pinky_pro/install/pinky_led:/home/pinky/pinky_pro/install/pinky_emotion:/home/pinky/pinky_pro/install/pinky_bringup:/opt/ros/jazzy DEBUGINFOD_URLS=https://debuginfod.ubuntu.com /usr/bin/cmake --install /home/pinky/pinky_pro/build/pinky_description
