[0.055s] Invoking command in '/home/pinky/pinky_pro/build/pinky_sensor_adc': CMAKE_PREFIX_PATH=${CMAKE_PREFIX_PATH}:/home/pinky/pinky_pro/install/pinky_led:/home/pinky/pinky_pro/install/pinky_emotion:/home/pinky/pinky_pro/install/pinky_bringup:/opt/ros/jazzy DEBUGINFOD_URLS=https://debuginfod.ubuntu.com /usr/bin/cmake /home/pinky/pinky_pro/src/pinky_pro/pinky_sensor_adc -DCMAKE_INSTALL_PREFIX=/home/pinky/pinky_pro/install/pinky_sensor_adc
[0.537s] -- The C compiler identification is GNU 13.3.0
[0.977s] -- The CXX compiler identification is GNU 13.3.0
[1.132s] -- Detecting C compiler ABI info
[1.851s] -- Detecting C compiler ABI info - done
[1.908s] -- Check for working C compiler: /usr/bin/cc - skipped
[1.912s] -- Detecting C compile features
[1.912s] -- Detecting C compile features - done
[1.985s] -- Detecting CXX compiler ABI info
[2.801s] -- Detecting CXX compiler ABI info - done
[2.865s] -- Check for working CXX compiler: /usr/bin/c++ - skipped
[2.867s] -- Detecting CXX compile features
[2.869s] -- Detecting CXX compile features - done
[2.941s] -- Found ament_cmake: 2.5.5 (/opt/ros/jazzy/share/ament_cmake/cmake)
[4.293s] -- Found Python3: /usr/bin/python3 (found version "3.12.3") found components: Interpreter 
[5.643s] -- Found rclcpp: 28.1.16 (/opt/ros/jazzy/share/rclcpp/cmake)
[6.430s] -- Found rosidl_generator_c: 4.6.7 (/opt/ros/jazzy/share/rosidl_generator_c/cmake)
[6.685s] -- Found rosidl_generator_cpp: 4.6.7 (/opt/ros/jazzy/share/rosidl_generator_cpp/cmake)
[6.951s] -- Using all available rosidl_typesupport_c: rosidl_typesupport_fastrtps_c;rosidl_typesupport_introspection_c
[7.237s] -- Using all available rosidl_typesupport_cpp: rosidl_typesupport_fastrtps_cpp;rosidl_typesupport_introspection_cpp
[8.233s] -- Found rmw_implementation_cmake: 7.3.3 (/opt/ros/jazzy/share/rmw_implementation_cmake/cmake)
[8.311s] -- Found rmw_fastrtps_cpp: 8.4.3 (/opt/ros/jazzy/share/rmw_fastrtps_cpp/cmake)
[9.224s] -- Found OpenSSL: /usr/lib/aarch64-linux-gnu/libcrypto.so (found version "3.0.13")  
[9.372s] -- Found FastRTPS: /opt/ros/jazzy/include (Required is at least version "2.13") 
[9.494s] -- Using RMW implementation 'rmw_fastrtps_cpp' as default
[10.303s] -- Found sensor_msgs: 5.3.6 (/opt/ros/jazzy/share/sensor_msgs/cmake)
[10.766s] -- Found realtime_tools: 3.10.1 (/opt/ros/jazzy/share/realtime_tools/cmake)
[12.171s] -- Found ament_lint_auto: 0.17.4 (/opt/ros/jazzy/share/ament_lint_auto/cmake)
[13.510s] -- Added test 'cppcheck' to perform static code analysis on C / C++ code
[13.511s] -- Configured cppcheck include dirs: 
[13.512s] -- Configured cppcheck exclude dirs and/or files: 
[13.520s] -- Added test 'lint_cmake' to check CMake code style
[13.531s] -- Added test 'uncrustify' to check C / C++ code style
[13.532s] -- Configured uncrustify additional arguments: 
[13.538s] -- Added test 'xmllint' to check XML markup files
[13.557s] -- Configuring done (13.4s)
[13.671s] -- Generating done (0.1s)
[13.719s] -- Build files have been written to: /home/pinky/pinky_pro/build/pinky_sensor_adc
[13.781s] Invoked command in '/home/pinky/pinky_pro/build/pinky_sensor_adc' returned '0': CMAKE_PREFIX_PATH=${CMAKE_PREFIX_PATH}:/home/pinky/pinky_pro/install/pinky_led:/home/pinky/pinky_pro/install/pinky_emotion:/home/pinky/pinky_pro/install/pinky_bringup:/opt/ros/jazzy DEBUGINFOD_URLS=https://debuginfod.ubuntu.com /usr/bin/cmake /home/pinky/pinky_pro/src/pinky_pro/pinky_sensor_adc -DCMAKE_INSTALL_PREFIX=/home/pinky/pinky_pro/install/pinky_sensor_adc
[13.788s] Invoking command in '/home/pinky/pinky_pro/build/pinky_sensor_adc': CMAKE_PREFIX_PATH=${CMAKE_PREFIX_PATH}:/home/pinky/pinky_pro/install/pinky_led:/home/pinky/pinky_pro/install/pinky_emotion:/home/pinky/pinky_pro/install/pinky_bringup:/opt/ros/jazzy DEBUGINFOD_URLS=https://debuginfod.ubuntu.com /usr/bin/cmake --build /home/pinky/pinky_pro/build/pinky_sensor_adc -- -j4 -l4
[14.243s] [ 50%] [32mBuilding CXX object CMakeFiles/main_node.dir/src/main_node.cpp.o[0m
[58.991s] [100%] [32m[1mLinking CXX executable main_node[0m
[60.532s] [100%] Built target main_node
[60.603s] Invoked command in '/home/pinky/pinky_pro/build/pinky_sensor_adc' returned '0': CMAKE_PREFIX_PATH=${CMAKE_PREFIX_PATH}:/home/pinky/pinky_pro/install/pinky_led:/home/pinky/pinky_pro/install/pinky_emotion:/home/pinky/pinky_pro/install/pinky_bringup:/opt/ros/jazzy DEBUGINFOD_URLS=https://debuginfod.ubuntu.com /usr/bin/cmake --build /home/pinky/pinky_pro/build/pinky_sensor_adc -- -j4 -l4
[60.609s] Invoking command in '/home/pinky/pinky_pro/build/pinky_sensor_adc': CMAKE_PREFIX_PATH=${CMAKE_PREFIX_PATH}:/home/pinky/pinky_pro/install/pinky_led:/home/pinky/pinky_pro/install/pinky_emotion:/home/pinky/pinky_pro/install/pinky_bringup:/opt/ros/jazzy DEBUGINFOD_URLS=https://debuginfod.ubuntu.com /usr/bin/cmake --install /home/pinky/pinky_pro/build/pinky_sensor_adc
[60.663s] -- Install configuration: ""
[60.664s] -- Installing: /home/pinky/pinky_pro/install/pinky_sensor_adc/lib/pinky_sensor_adc/main_node
[60.683s] -- Set non-toolchain portion of runtime path of "/home/pinky/pinky_pro/install/pinky_sensor_adc/lib/pinky_sensor_adc/main_node" to ""
[60.685s] -- Installing: /home/pinky/pinky_pro/install/pinky_sensor_adc/share/ament_index/resource_index/package_run_dependencies/pinky_sensor_adc
[60.687s] -- Installing: /home/pinky/pinky_pro/install/pinky_sensor_adc/share/ament_index/resource_index/parent_prefix_path/pinky_sensor_adc
[60.688s] -- Installing: /home/pinky/pinky_pro/install/pinky_sensor_adc/share/pinky_sensor_adc/environment/ament_prefix_path.sh
[60.690s] -- Installing: /home/pinky/pinky_pro/install/pinky_sensor_adc/share/pinky_sensor_adc/environment/ament_prefix_path.dsv
[60.691s] -- Installing: /home/pinky/pinky_pro/install/pinky_sensor_adc/share/pinky_sensor_adc/environment/path.sh
[60.692s] -- Installing: /home/pinky/pinky_pro/install/pinky_sensor_adc/share/pinky_sensor_adc/environment/path.dsv
[60.693s] -- Installing: /home/pinky/pinky_pro/install/pinky_sensor_adc/share/pinky_sensor_adc/local_setup.bash
[60.695s] -- Installing: /home/pinky/pinky_pro/install/pinky_sensor_adc/share/pinky_sensor_adc/local_setup.sh
[60.697s] -- Installing: /home/pinky/pinky_pro/install/pinky_sensor_adc/share/pinky_sensor_adc/local_setup.zsh
[60.698s] -- Installing: /home/pinky/pinky_pro/install/pinky_sensor_adc/share/pinky_sensor_adc/local_setup.dsv
[60.699s] -- Installing: /home/pinky/pinky_pro/install/pinky_sensor_adc/share/pinky_sensor_adc/package.dsv
[60.701s] -- Installing: /home/pinky/pinky_pro/install/pinky_sensor_adc/share/ament_index/resource_index/packages/pinky_sensor_adc
[60.703s] -- Installing: /home/pinky/pinky_pro/install/pinky_sensor_adc/share/pinky_sensor_adc/cmake/pinky_sensor_adcConfig.cmake
[60.705s] -- Installing: /home/pinky/pinky_pro/install/pinky_sensor_adc/share/pinky_sensor_adc/cmake/pinky_sensor_adcConfig-version.cmake
[60.706s] -- Installing: /home/pinky/pinky_pro/install/pinky_sensor_adc/share/pinky_sensor_adc/package.xml
[60.714s] Invoked command in '/home/pinky/pinky_pro/build/pinky_sensor_adc' returned '0': CMAKE_PREFIX_PATH=${CMAKE_PREFIX_PATH}:/home/pinky/pinky_pro/install/pinky_led:/home/pinky/pinky_pro/install/pinky_emotion:/home/pinky/pinky_pro/install/pinky_bringup:/opt/ros/jazzy DEBUGINFOD_URLS=https://debuginfod.ubuntu.com /usr/bin/cmake --install /home/pinky/pinky_pro/build/pinky_sensor_adc
