[1.334s] DEBUG:colcon:Command line arguments: ['/usr/bin/colcon', 'build', '--packages-select', 'pinky_navigation', '--symlink-install']
[1.335s] DEBUG:colcon:Parsed command line arguments: Namespace(log_base=None, log_level=None, verb_name='build', build_base='build', install_base='install', merge_install=False, symlink_install=True, test_result_base=None, continue_on_error=False, executor='parallel', parallel_workers=4, event_handlers=None, ignore_user_meta=False, metas=['./colcon.meta'], base_paths=['.'], packages_ignore=None, packages_ignore_regex=None, paths=None, packages_up_to=None, packages_up_to_regex=None, packages_above=None, packages_above_and_dependencies=None, packages_above_depth=None, packages_select_by_dep=None, packages_skip_by_dep=None, packages_skip_up_to=None, packages_select_build_failed=False, packages_skip_build_finished=False, packages_select_test_failures=False, packages_skip_test_passed=False, packages_select=['pinky_navigation'], packages_skip=None, packages_select_regex=None, packages_skip_regex=None, packages_start=None, packages_end=None, allow_overriding=[], cmake_args=None, cmake_target=None, cmake_target_skip_unavailable=False, cmake_clean_cache=False, cmake_clean_first=False, cmake_force_configure=False, ament_cmake_args=None, catkin_cmake_args=None, catkin_skip_building_tests=False, mixin_files=None, mixin=None, verb_parser=<colcon_mixin.mixin.mixin_argument.MixinArgumentDecorator object at 0xffff9b4f4a10>, verb_extension=<colcon_core.verb.build.BuildVerb object at 0xffff9b4f42f0>, main=<bound method BuildVerb.main of <colcon_core.verb.build.BuildVerb object at 0xffff9b4f42f0>>, mixin_verb=('build',))
[1.721s] Level 1:colcon.colcon_core.package_discovery:discover_packages(colcon_meta) check parameters
[1.722s] Level 1:colcon.colcon_core.package_discovery:discover_packages(recursive) check parameters
[1.723s] Level 1:colcon.colcon_core.package_discovery:discover_packages(ignore) check parameters
[1.723s] Level 1:colcon.colcon_core.package_discovery:discover_packages(path) check parameters
[1.724s] Level 1:colcon.colcon_core.package_discovery:discover_packages(colcon_meta) discover
[1.731s] Level 1:colcon.colcon_core.package_discovery:discover_packages(recursive) discover
[1.732s] INFO:colcon.colcon_core.package_discovery:Crawling recursively for packages in '/home/pinky/pinky_pro'
[1.734s] Level 1:colcon.colcon_core.package_identification:_identify(.) by extensions ['ignore', 'ignore_ament_install']
[1.734s] Level 1:colcon.colcon_core.package_identification:_identify(.) by extension 'ignore'
[1.735s] Level 1:colcon.colcon_core.package_identification:_identify(.) by extension 'ignore_ament_install'
[1.736s] Level 1:colcon.colcon_core.package_identification:_identify(.) by extensions ['colcon_pkg']
[1.737s] Level 1:colcon.colcon_core.package_identification:_identify(.) by extension 'colcon_pkg'
[1.738s] Level 1:colcon.colcon_core.package_identification:_identify(.) by extensions ['colcon_meta']
[1.739s] Level 1:colcon.colcon_core.package_identification:_identify(.) by extension 'colcon_meta'
[1.739s] Level 1:colcon.colcon_core.package_identification:_identify(.) by extensions ['ros']
[1.741s] Level 1:colcon.colcon_core.package_identification:_identify(.) by extension 'ros'
[2.126s] Level 1:colcon.colcon_core.package_identification:_identify(.) by extensions ['cmake', 'python']
[2.126s] Level 1:colcon.colcon_core.package_identification:_identify(.) by extension 'cmake'
[2.127s] Level 1:colcon.colcon_core.package_identification:_identify(.) by extension 'python'
[2.127s] Level 1:colcon.colcon_core.package_identification:_identify(.) by extensions ['python_setup_py']
[2.128s] Level 1:colcon.colcon_core.package_identification:_identify(.) by extension 'python_setup_py'
[2.129s] Level 1:colcon.colcon_core.package_identification:_identify(build) by extensions ['ignore', 'ignore_ament_install']
[2.130s] Level 1:colcon.colcon_core.package_identification:_identify(build) by extension 'ignore'
[2.131s] Level 1:colcon.colcon_core.package_identification:_identify(build) ignored
[2.132s] Level 1:colcon.colcon_core.package_identification:_identify(install) by extensions ['ignore', 'ignore_ament_install']
[2.133s] Level 1:colcon.colcon_core.package_identification:_identify(install) by extension 'ignore'
[2.134s] Level 1:colcon.colcon_core.package_identification:_identify(install) ignored
[2.135s] Level 1:colcon.colcon_core.package_identification:_identify(log) by extensions ['ignore', 'ignore_ament_install']
[2.135s] Level 1:colcon.colcon_core.package_identification:_identify(log) by extension 'ignore'
[2.136s] Level 1:colcon.colcon_core.package_identification:_identify(log) ignored
[2.136s] Level 1:colcon.colcon_core.package_identification:_identify(src) by extensions ['ignore', 'ignore_ament_install']
[2.137s] Level 1:colcon.colcon_core.package_identification:_identify(src) by extension 'ignore'
[2.138s] Level 1:colcon.colcon_core.package_identification:_identify(src) by extension 'ignore_ament_install'
[2.138s] Level 1:colcon.colcon_core.package_identification:_identify(src) by extensions ['colcon_pkg']
[2.139s] Level 1:colcon.colcon_core.package_identification:_identify(src) by extension 'colcon_pkg'
[2.139s] Level 1:colcon.colcon_core.package_identification:_identify(src) by extensions ['colcon_meta']
[2.140s] Level 1:colcon.colcon_core.package_identification:_identify(src) by extension 'colcon_meta'
[2.140s] Level 1:colcon.colcon_core.package_identification:_identify(src) by extensions ['ros']
[2.140s] Level 1:colcon.colcon_core.package_identification:_identify(src) by extension 'ros'
[2.141s] Level 1:colcon.colcon_core.package_identification:_identify(src) by extensions ['cmake', 'python']
[2.141s] Level 1:colcon.colcon_core.package_identification:_identify(src) by extension 'cmake'
[2.141s] Level 1:colcon.colcon_core.package_identification:_identify(src) by extension 'python'
[2.142s] Level 1:colcon.colcon_core.package_identification:_identify(src) by extensions ['python_setup_py']
[2.142s] Level 1:colcon.colcon_core.package_identification:_identify(src) by extension 'python_setup_py'
[2.143s] Level 1:colcon.colcon_core.package_identification:_identify(src/pinky_pro) by extensions ['ignore', 'ignore_ament_install']
[2.143s] Level 1:colcon.colcon_core.package_identification:_identify(src/pinky_pro) by extension 'ignore'
[2.144s] Level 1:colcon.colcon_core.package_identification:_identify(src/pinky_pro) by extension 'ignore_ament_install'
[2.144s] Level 1:colcon.colcon_core.package_identification:_identify(src/pinky_pro) by extensions ['colcon_pkg']
[2.145s] Level 1:colcon.colcon_core.package_identification:_identify(src/pinky_pro) by extension 'colcon_pkg'
[2.145s] Level 1:colcon.colcon_core.package_identification:_identify(src/pinky_pro) by extensions ['colcon_meta']
[2.145s] Level 1:colcon.colcon_core.package_identification:_identify(src/pinky_pro) by extension 'colcon_meta'
[2.146s] Level 1:colcon.colcon_core.package_identification:_identify(src/pinky_pro) by extensions ['ros']
[2.146s] Level 1:colcon.colcon_core.package_identification:_identify(src/pinky_pro) by extension 'ros'
[2.147s] Level 1:colcon.colcon_core.package_identification:_identify(src/pinky_pro) by extensions ['cmake', 'python']
[2.147s] Level 1:colcon.colcon_core.package_identification:_identify(src/pinky_pro) by extension 'cmake'
[2.148s] Level 1:colcon.colcon_core.package_identification:_identify(src/pinky_pro) by extension 'python'
[2.148s] Level 1:colcon.colcon_core.package_identification:_identify(src/pinky_pro) by extensions ['python_setup_py']
[2.149s] Level 1:colcon.colcon_core.package_identification:_identify(src/pinky_pro) by extension 'python_setup_py'
[2.149s] Level 1:colcon.colcon_core.package_identification:_identify(src/pinky_pro/doc) by extensions ['ignore', 'ignore_ament_install']
[2.149s] Level 1:colcon.colcon_core.package_identification:_identify(src/pinky_pro/doc) by extension 'ignore'
[2.150s] Level 1:colcon.colcon_core.package_identification:_identify(src/pinky_pro/doc) by extension 'ignore_ament_install'
[2.150s] Level 1:colcon.colcon_core.package_identification:_identify(src/pinky_pro/doc) by extensions ['colcon_pkg']
[2.150s] Level 1:colcon.colcon_core.package_identification:_identify(src/pinky_pro/doc) by extension 'colcon_pkg'
[2.151s] Level 1:colcon.colcon_core.package_identification:_identify(src/pinky_pro/doc) by extensions ['colcon_meta']
[2.151s] Level 1:colcon.colcon_core.package_identification:_identify(src/pinky_pro/doc) by extension 'colcon_meta'
[2.151s] Level 1:colcon.colcon_core.package_identification:_identify(src/pinky_pro/doc) by extensions ['ros']
[2.151s] Level 1:colcon.colcon_core.package_identification:_identify(src/pinky_pro/doc) by extension 'ros'
[2.152s] Level 1:colcon.colcon_core.package_identification:_identify(src/pinky_pro/doc) by extensions ['cmake', 'python']
[2.152s] Level 1:colcon.colcon_core.package_identification:_identify(src/pinky_pro/doc) by extension 'cmake'
[2.152s] Level 1:colcon.colcon_core.package_identification:_identify(src/pinky_pro/doc) by extension 'python'
[2.152s] Level 1:colcon.colcon_core.package_identification:_identify(src/pinky_pro/doc) by extensions ['python_setup_py']
[2.152s] Level 1:colcon.colcon_core.package_identification:_identify(src/pinky_pro/doc) by extension 'python_setup_py'
[2.153s] Level 1:colcon.colcon_core.package_identification:_identify(src/pinky_pro/pinky_bringup) by extensions ['ignore', 'ignore_ament_install']
[2.154s] Level 1:colcon.colcon_core.package_identification:_identify(src/pinky_pro/pinky_bringup) by extension 'ignore'
[2.154s] Level 1:colcon.colcon_core.package_identification:_identify(src/pinky_pro/pinky_bringup) by extension 'ignore_ament_install'
[2.154s] Level 1:colcon.colcon_core.package_identification:_identify(src/pinky_pro/pinky_bringup) by extensions ['colcon_pkg']
[2.155s] Level 1:colcon.colcon_core.package_identification:_identify(src/pinky_pro/pinky_bringup) by extension 'colcon_pkg'
[2.155s] Level 1:colcon.colcon_core.package_identification:_identify(src/pinky_pro/pinky_bringup) by extensions ['colcon_meta']
[2.155s] Level 1:colcon.colcon_core.package_identification:_identify(src/pinky_pro/pinky_bringup) by extension 'colcon_meta'
[2.156s] Level 1:colcon.colcon_core.package_identification:_identify(src/pinky_pro/pinky_bringup) by extensions ['ros']
[2.156s] Level 1:colcon.colcon_core.package_identification:_identify(src/pinky_pro/pinky_bringup) by extension 'ros'
[2.172s] DEBUG:colcon.colcon_core.package_identification:Package 'src/pinky_pro/pinky_bringup' with type 'ros.ament_python' and name 'pinky_bringup'
[2.173s] Level 1:colcon.colcon_core.package_identification:_identify(src/pinky_pro/pinky_description) by extensions ['ignore', 'ignore_ament_install']
[2.174s] Level 1:colcon.colcon_core.package_identification:_identify(src/pinky_pro/pinky_description) by extension 'ignore'
[2.174s] Level 1:colcon.colcon_core.package_identification:_identify(src/pinky_pro/pinky_description) by extension 'ignore_ament_install'
[2.174s] Level 1:colcon.colcon_core.package_identification:_identify(src/pinky_pro/pinky_description) by extensions ['colcon_pkg']
[2.174s] Level 1:colcon.colcon_core.package_identification:_identify(src/pinky_pro/pinky_description) by extension 'colcon_pkg'
[2.175s] Level 1:colcon.colcon_core.package_identification:_identify(src/pinky_pro/pinky_description) by extensions ['colcon_meta']
[2.175s] Level 1:colcon.colcon_core.package_identification:_identify(src/pinky_pro/pinky_description) by extension 'colcon_meta'
[2.175s] Level 1:colcon.colcon_core.package_identification:_identify(src/pinky_pro/pinky_description) by extensions ['ros']
[2.175s] Level 1:colcon.colcon_core.package_identification:_identify(src/pinky_pro/pinky_description) by extension 'ros'
[2.180s] DEBUG:colcon.colcon_core.package_identification:Package 'src/pinky_pro/pinky_description' with type 'ros.ament_cmake' and name 'pinky_description'
[2.181s] Level 1:colcon.colcon_core.package_identification:_identify(src/pinky_pro/pinky_emotion) by extensions ['ignore', 'ignore_ament_install']
[2.181s] Level 1:colcon.colcon_core.package_identification:_identify(src/pinky_pro/pinky_emotion) by extension 'ignore'
[2.182s] Level 1:colcon.colcon_core.package_identification:_identify(src/pinky_pro/pinky_emotion) by extension 'ignore_ament_install'
[2.183s] Level 1:colcon.colcon_core.package_identification:_identify(src/pinky_pro/pinky_emotion) by extensions ['colcon_pkg']
[2.183s] Level 1:colcon.colcon_core.package_identification:_identify(src/pinky_pro/pinky_emotion) by extension 'colcon_pkg'
[2.183s] Level 1:colcon.colcon_core.package_identification:_identify(src/pinky_pro/pinky_emotion) by extensions ['colcon_meta']
[2.184s] Level 1:colcon.colcon_core.package_identification:_identify(src/pinky_pro/pinky_emotion) by extension 'colcon_meta'
[2.184s] Level 1:colcon.colcon_core.package_identification:_identify(src/pinky_pro/pinky_emotion) by extensions ['ros']
[2.184s] Level 1:colcon.colcon_core.package_identification:_identify(src/pinky_pro/pinky_emotion) by extension 'ros'
[2.188s] DEBUG:colcon.colcon_core.package_identification:Package 'src/pinky_pro/pinky_emotion' with type 'ros.ament_python' and name 'pinky_emotion'
[2.189s] Level 1:colcon.colcon_core.package_identification:_identify(src/pinky_pro/pinky_gz_sim) by extensions ['ignore', 'ignore_ament_install']
[2.190s] Level 1:colcon.colcon_core.package_identification:_identify(src/pinky_pro/pinky_gz_sim) by extension 'ignore'
[2.191s] Level 1:colcon.colcon_core.package_identification:_identify(src/pinky_pro/pinky_gz_sim) by extension 'ignore_ament_install'
[2.191s] Level 1:colcon.colcon_core.package_identification:_identify(src/pinky_pro/pinky_gz_sim) by extensions ['colcon_pkg']
[2.192s] Level 1:colcon.colcon_core.package_identification:_identify(src/pinky_pro/pinky_gz_sim) by extension 'colcon_pkg'
[2.192s] Level 1:colcon.colcon_core.package_identification:_identify(src/pinky_pro/pinky_gz_sim) by extensions ['colcon_meta']
[2.192s] Level 1:colcon.colcon_core.package_identification:_identify(src/pinky_pro/pinky_gz_sim) by extension 'colcon_meta'
[2.193s] Level 1:colcon.colcon_core.package_identification:_identify(src/pinky_pro/pinky_gz_sim) by extensions ['ros']
[2.194s] Level 1:colcon.colcon_core.package_identification:_identify(src/pinky_pro/pinky_gz_sim) by extension 'ros'
[2.196s] DEBUG:colcon.colcon_core.package_identification:Package 'src/pinky_pro/pinky_gz_sim' with type 'ros.ament_cmake' and name 'pinky_gz_sim'
[2.197s] Level 1:colcon.colcon_core.package_identification:_identify(src/pinky_pro/pinky_imu_bno055) by extensions ['ignore', 'ignore_ament_install']
[2.198s] Level 1:colcon.colcon_core.package_identification:_identify(src/pinky_pro/pinky_imu_bno055) by extension 'ignore'
[2.198s] Level 1:colcon.colcon_core.package_identification:_identify(src/pinky_pro/pinky_imu_bno055) by extension 'ignore_ament_install'
[2.198s] Level 1:colcon.colcon_core.package_identification:_identify(src/pinky_pro/pinky_imu_bno055) by extensions ['colcon_pkg']
[2.199s] Level 1:colcon.colcon_core.package_identification:_identify(src/pinky_pro/pinky_imu_bno055) by extension 'colcon_pkg'
[2.199s] Level 1:colcon.colcon_core.package_identification:_identify(src/pinky_pro/pinky_imu_bno055) by extensions ['colcon_meta']
[2.199s] Level 1:colcon.colcon_core.package_identification:_identify(src/pinky_pro/pinky_imu_bno055) by extension 'colcon_meta'
[2.199s] Level 1:colcon.colcon_core.package_identification:_identify(src/pinky_pro/pinky_imu_bno055) by extensions ['ros']
[2.199s] Level 1:colcon.colcon_core.package_identification:_identify(src/pinky_pro/pinky_imu_bno055) by extension 'ros'
[2.202s] DEBUG:colcon.colcon_core.package_identification:Package 'src/pinky_pro/pinky_imu_bno055' with type 'ros.ament_cmake' and name 'pinky_imu_bno055'
[2.203s] Level 1:colcon.colcon_core.package_identification:_identify(src/pinky_pro/pinky_interfaces) by extensions ['ignore', 'ignore_ament_install']
[2.204s] Level 1:colcon.colcon_core.package_identification:_identify(src/pinky_pro/pinky_interfaces) by extension 'ignore'
[2.205s] Level 1:colcon.colcon_core.package_identification:_identify(src/pinky_pro/pinky_interfaces) by extension 'ignore_ament_install'
[2.205s] Level 1:colcon.colcon_core.package_identification:_identify(src/pinky_pro/pinky_interfaces) by extensions ['colcon_pkg']
[2.206s] Level 1:colcon.colcon_core.package_identification:_identify(src/pinky_pro/pinky_interfaces) by extension 'colcon_pkg'
[2.206s] Level 1:colcon.colcon_core.package_identification:_identify(src/pinky_pro/pinky_interfaces) by extensions ['colcon_meta']
[2.206s] Level 1:colcon.colcon_core.package_identification:_identify(src/pinky_pro/pinky_interfaces) by extension 'colcon_meta'
[2.207s] Level 1:colcon.colcon_core.package_identification:_identify(src/pinky_pro/pinky_interfaces) by extensions ['ros']
[2.207s] Level 1:colcon.colcon_core.package_identification:_identify(src/pinky_pro/pinky_interfaces) by extension 'ros'
[2.210s] DEBUG:colcon.colcon_core.package_identification:Package 'src/pinky_pro/pinky_interfaces' with type 'ros.ament_cmake' and name 'pinky_interfaces'
[2.211s] Level 1:colcon.colcon_core.package_identification:_identify(src/pinky_pro/pinky_led) by extensions ['ignore', 'ignore_ament_install']
[2.211s] Level 1:colcon.colcon_core.package_identification:_identify(src/pinky_pro/pinky_led) by extension 'ignore'
[2.211s] Level 1:colcon.colcon_core.package_identification:_identify(src/pinky_pro/pinky_led) by extension 'ignore_ament_install'
[2.212s] Level 1:colcon.colcon_core.package_identification:_identify(src/pinky_pro/pinky_led) by extensions ['colcon_pkg']
[2.212s] Level 1:colcon.colcon_core.package_identification:_identify(src/pinky_pro/pinky_led) by extension 'colcon_pkg'
[2.212s] Level 1:colcon.colcon_core.package_identification:_identify(src/pinky_pro/pinky_led) by extensions ['colcon_meta']
[2.212s] Level 1:colcon.colcon_core.package_identification:_identify(src/pinky_pro/pinky_led) by extension 'colcon_meta'
[2.212s] Level 1:colcon.colcon_core.package_identification:_identify(src/pinky_pro/pinky_led) by extensions ['ros']
[2.212s] Level 1:colcon.colcon_core.package_identification:_identify(src/pinky_pro/pinky_led) by extension 'ros'
[2.214s] DEBUG:colcon.colcon_core.package_identification:Package 'src/pinky_pro/pinky_led' with type 'ros.ament_python' and name 'pinky_led'
[2.215s] Level 1:colcon.colcon_core.package_identification:_identify(src/pinky_pro/pinky_navigation) by extensions ['ignore', 'ignore_ament_install']
[2.215s] Level 1:colcon.colcon_core.package_identification:_identify(src/pinky_pro/pinky_navigation) by extension 'ignore'
[2.216s] Level 1:colcon.colcon_core.package_identification:_identify(src/pinky_pro/pinky_navigation) by extension 'ignore_ament_install'
[2.216s] Level 1:colcon.colcon_core.package_identification:_identify(src/pinky_pro/pinky_navigation) by extensions ['colcon_pkg']
[2.217s] Level 1:colcon.colcon_core.package_identification:_identify(src/pinky_pro/pinky_navigation) by extension 'colcon_pkg'
[2.217s] Level 1:colcon.colcon_core.package_identification:_identify(src/pinky_pro/pinky_navigation) by extensions ['colcon_meta']
[2.217s] Level 1:colcon.colcon_core.package_identification:_identify(src/pinky_pro/pinky_navigation) by extension 'colcon_meta'
[2.218s] Level 1:colcon.colcon_core.package_identification:_identify(src/pinky_pro/pinky_navigation) by extensions ['ros']
[2.218s] Level 1:colcon.colcon_core.package_identification:_identify(src/pinky_pro/pinky_navigation) by extension 'ros'
[2.220s] DEBUG:colcon.colcon_core.package_identification:Package 'src/pinky_pro/pinky_navigation' with type 'ros.ament_cmake' and name 'pinky_navigation'
[2.221s] Level 1:colcon.colcon_core.package_identification:_identify(src/pinky_pro/pinky_sensor_adc) by extensions ['ignore', 'ignore_ament_install']
[2.221s] Level 1:colcon.colcon_core.package_identification:_identify(src/pinky_pro/pinky_sensor_adc) by extension 'ignore'
[2.222s] Level 1:colcon.colcon_core.package_identification:_identify(src/pinky_pro/pinky_sensor_adc) by extension 'ignore_ament_install'
[2.222s] Level 1:colcon.colcon_core.package_identification:_identify(src/pinky_pro/pinky_sensor_adc) by extensions ['colcon_pkg']
[2.222s] Level 1:colcon.colcon_core.package_identification:_identify(src/pinky_pro/pinky_sensor_adc) by extension 'colcon_pkg'
[2.223s] Level 1:colcon.colcon_core.package_identification:_identify(src/pinky_pro/pinky_sensor_adc) by extensions ['colcon_meta']
[2.223s] Level 1:colcon.colcon_core.package_identification:_identify(src/pinky_pro/pinky_sensor_adc) by extension 'colcon_meta'
[2.224s] Level 1:colcon.colcon_core.package_identification:_identify(src/pinky_pro/pinky_sensor_adc) by extensions ['ros']
[2.224s] Level 1:colcon.colcon_core.package_identification:_identify(src/pinky_pro/pinky_sensor_adc) by extension 'ros'
[2.228s] DEBUG:colcon.colcon_core.package_identification:Package 'src/pinky_pro/pinky_sensor_adc' with type 'ros.ament_cmake' and name 'pinky_sensor_adc'
[2.229s] Level 1:colcon.colcon_core.package_identification:_identify(src/sllidar_ros2) by extensions ['ignore', 'ignore_ament_install']
[2.229s] Level 1:colcon.colcon_core.package_identification:_identify(src/sllidar_ros2) by extension 'ignore'
[2.230s] Level 1:colcon.colcon_core.package_identification:_identify(src/sllidar_ros2) by extension 'ignore_ament_install'
[2.230s] Level 1:colcon.colcon_core.package_identification:_identify(src/sllidar_ros2) by extensions ['colcon_pkg']
[2.231s] Level 1:colcon.colcon_core.package_identification:_identify(src/sllidar_ros2) by extension 'colcon_pkg'
[2.231s] Level 1:colcon.colcon_core.package_identification:_identify(src/sllidar_ros2) by extensions ['colcon_meta']
[2.232s] Level 1:colcon.colcon_core.package_identification:_identify(src/sllidar_ros2) by extension 'colcon_meta'
[2.232s] Level 1:colcon.colcon_core.package_identification:_identify(src/sllidar_ros2) by extensions ['ros']
[2.232s] Level 1:colcon.colcon_core.package_identification:_identify(src/sllidar_ros2) by extension 'ros'
[2.237s] DEBUG:colcon.colcon_core.package_identification:Package 'src/sllidar_ros2' with type 'ros.ament_cmake' and name 'sllidar_ros2'
[2.237s] Level 1:colcon.colcon_core.package_discovery:discover_packages(recursive) using defaults
[2.238s] Level 1:colcon.colcon_core.package_discovery:discover_packages(ignore) discover
[2.238s] Level 1:colcon.colcon_core.package_discovery:discover_packages(ignore) using defaults
[2.238s] Level 1:colcon.colcon_core.package_discovery:discover_packages(path) discover
[2.238s] Level 1:colcon.colcon_core.package_discovery:discover_packages(path) using defaults
[2.467s] INFO:colcon.colcon_core.package_selection:Skipping not selected package 'pinky_bringup' in 'src/pinky_pro/pinky_bringup'
[2.468s] INFO:colcon.colcon_core.package_selection:Skipping not selected package 'pinky_description' in 'src/pinky_pro/pinky_description'
[2.468s] INFO:colcon.colcon_core.package_selection:Skipping not selected package 'pinky_emotion' in 'src/pinky_pro/pinky_emotion'
[2.468s] INFO:colcon.colcon_core.package_selection:Skipping not selected package 'pinky_gz_sim' in 'src/pinky_pro/pinky_gz_sim'
[2.468s] INFO:colcon.colcon_core.package_selection:Skipping not selected package 'pinky_imu_bno055' in 'src/pinky_pro/pinky_imu_bno055'
[2.468s] INFO:colcon.colcon_core.package_selection:Skipping not selected package 'pinky_interfaces' in 'src/pinky_pro/pinky_interfaces'
[2.469s] INFO:colcon.colcon_core.package_selection:Skipping not selected package 'pinky_led' in 'src/pinky_pro/pinky_led'
[2.469s] INFO:colcon.colcon_core.package_selection:Skipping not selected package 'pinky_sensor_adc' in 'src/pinky_pro/pinky_sensor_adc'
[2.469s] INFO:colcon.colcon_core.package_selection:Skipping not selected package 'sllidar_ros2' in 'src/sllidar_ros2'
[2.473s] Level 1:colcon.colcon_core.package_discovery:discover_packages(prefix_path) check parameters
[2.473s] Level 1:colcon.colcon_core.package_discovery:discover_packages(prefix_path) discover
[2.507s] DEBUG:colcon.colcon_installed_package_information.package_discovery:Found 10 installed packages in /home/pinky/pinky_pro/install
[2.525s] DEBUG:colcon.colcon_installed_package_information.package_discovery:Found 426 installed packages in /opt/ros/jazzy
[2.540s] Level 1:colcon.colcon_core.package_discovery:discover_packages(prefix_path) using defaults
[2.978s] Level 5:colcon.colcon_core.verb:set package 'pinky_navigation' build argument 'cmake_args' from command line to 'None'
[2.978s] Level 5:colcon.colcon_core.verb:set package 'pinky_navigation' build argument 'cmake_target' from command line to 'None'
[2.979s] Level 5:colcon.colcon_core.verb:set package 'pinky_navigation' build argument 'cmake_target_skip_unavailable' from command line to 'False'
[2.979s] Level 5:colcon.colcon_core.verb:set package 'pinky_navigation' build argument 'cmake_clean_cache' from command line to 'False'
[2.979s] Level 5:colcon.colcon_core.verb:set package 'pinky_navigation' build argument 'cmake_clean_first' from command line to 'False'
[2.979s] Level 5:colcon.colcon_core.verb:set package 'pinky_navigation' build argument 'cmake_force_configure' from command line to 'False'
[2.979s] Level 5:colcon.colcon_core.verb:set package 'pinky_navigation' build argument 'ament_cmake_args' from command line to 'None'
[2.980s] Level 5:colcon.colcon_core.verb:set package 'pinky_navigation' build argument 'catkin_cmake_args' from command line to 'None'
[2.980s] Level 5:colcon.colcon_core.verb:set package 'pinky_navigation' build argument 'catkin_skip_building_tests' from command line to 'False'
[2.980s] DEBUG:colcon.colcon_core.verb:Building package 'pinky_navigation' with the following arguments: {'ament_cmake_args': None, 'build_base': '/home/pinky/pinky_pro/build/pinky_navigation', 'catkin_cmake_args': None, 'catkin_skip_building_tests': False, 'cmake_args': None, 'cmake_clean_cache': False, 'cmake_clean_first': False, 'cmake_force_configure': False, 'cmake_target': None, 'cmake_target_skip_unavailable': False, 'install_base': '/home/pinky/pinky_pro/install/pinky_navigation', 'merge_install': False, 'path': '/home/pinky/pinky_pro/src/pinky_pro/pinky_navigation', 'symlink_install': True, 'test_result_base': None}
[2.981s] INFO:colcon.colcon_core.executor:Executing jobs using 'parallel' executor
[2.986s] DEBUG:colcon.colcon_parallel_executor.executor.parallel:run_until_complete
[2.987s] INFO:colcon.colcon_ros.task.ament_cmake.build:Building ROS package in '/home/pinky/pinky_pro/src/pinky_pro/pinky_navigation' with build type 'ament_cmake'
[2.988s] INFO:colcon.colcon_cmake.task.cmake.build:Building CMake package in '/home/pinky/pinky_pro/src/pinky_pro/pinky_navigation'
[3.029s] INFO:colcon.colcon_core.plugin_system:Skipping extension 'colcon_core.shell.bat': Not used on non-Windows systems
[3.030s] INFO:colcon.colcon_core.shell:Skip shell extension 'powershell' for command environment: Not usable outside of PowerShell
[3.031s] DEBUG:colcon.colcon_core.shell:Skip shell extension 'dsv' for command environment
[3.101s] DEBUG:colcon.colcon_core.event_handler.log_command:Invoking command in '/home/pinky/pinky_pro/build/pinky_navigation': CMAKE_PREFIX_PATH=${CMAKE_PREFIX_PATH}:/home/pinky/pinky_pro/install/pinky_led:/home/pinky/pinky_pro/install/pinky_emotion:/home/pinky/pinky_pro/install/pinky_bringup:/opt/ros/jazzy DEBUGINFOD_URLS=https://debuginfod.ubuntu.com /usr/bin/cmake /home/pinky/pinky_pro/src/pinky_pro/pinky_navigation -DAMENT_CMAKE_SYMLINK_INSTALL=1 -DCMAKE_INSTALL_PREFIX=/home/pinky/pinky_pro/install/pinky_navigation
[6.377s] DEBUG:colcon.colcon_core.event_handler.log_command:Invoked command in '/home/pinky/pinky_pro/build/pinky_navigation' returned '0': CMAKE_PREFIX_PATH=${CMAKE_PREFIX_PATH}:/home/pinky/pinky_pro/install/pinky_led:/home/pinky/pinky_pro/install/pinky_emotion:/home/pinky/pinky_pro/install/pinky_bringup:/opt/ros/jazzy DEBUGINFOD_URLS=https://debuginfod.ubuntu.com /usr/bin/cmake /home/pinky/pinky_pro/src/pinky_pro/pinky_navigation -DAMENT_CMAKE_SYMLINK_INSTALL=1 -DCMAKE_INSTALL_PREFIX=/home/pinky/pinky_pro/install/pinky_navigation
[6.395s] DEBUG:colcon.colcon_core.event_handler.log_command:Invoking command in '/home/pinky/pinky_pro/build/pinky_navigation': CMAKE_PREFIX_PATH=${CMAKE_PREFIX_PATH}:/home/pinky/pinky_pro/install/pinky_led:/home/pinky/pinky_pro/install/pinky_emotion:/home/pinky/pinky_pro/install/pinky_bringup:/opt/ros/jazzy DEBUGINFOD_URLS=https://debuginfod.ubuntu.com /usr/bin/cmake --build /home/pinky/pinky_pro/build/pinky_navigation -- -j4 -l4
[6.741s] DEBUG:colcon.colcon_core.event_handler.log_command:Invoked command in '/home/pinky/pinky_pro/build/pinky_navigation' returned '0': CMAKE_PREFIX_PATH=${CMAKE_PREFIX_PATH}:/home/pinky/pinky_pro/install/pinky_led:/home/pinky/pinky_pro/install/pinky_emotion:/home/pinky/pinky_pro/install/pinky_bringup:/opt/ros/jazzy DEBUGINFOD_URLS=https://debuginfod.ubuntu.com /usr/bin/cmake --build /home/pinky/pinky_pro/build/pinky_navigation -- -j4 -l4
[6.819s] DEBUG:colcon.colcon_core.event_handler.log_command:Invoking command in '/home/pinky/pinky_pro/build/pinky_navigation': CMAKE_PREFIX_PATH=${CMAKE_PREFIX_PATH}:/home/pinky/pinky_pro/install/pinky_led:/home/pinky/pinky_pro/install/pinky_emotion:/home/pinky/pinky_pro/install/pinky_bringup:/opt/ros/jazzy DEBUGINFOD_URLS=https://debuginfod.ubuntu.com /usr/bin/cmake --install /home/pinky/pinky_pro/build/pinky_navigation
[10.151s] Level 1:colcon.colcon_core.environment:create_environment_scripts_only(pinky_navigation)
[10.153s] DEBUG:colcon.colcon_core.event_handler.log_command:Invoked command in '/home/pinky/pinky_pro/build/pinky_navigation' returned '0': CMAKE_PREFIX_PATH=${CMAKE_PREFIX_PATH}:/home/pinky/pinky_pro/install/pinky_led:/home/pinky/pinky_pro/install/pinky_emotion:/home/pinky/pinky_pro/install/pinky_bringup:/opt/ros/jazzy DEBUGINFOD_URLS=https://debuginfod.ubuntu.com /usr/bin/cmake --install /home/pinky/pinky_pro/build/pinky_navigation
[10.197s] Level 1:colcon.colcon_core.environment:checking '/home/pinky/pinky_pro/install/pinky_navigation' for CMake module files
[10.201s] Level 1:colcon.colcon_core.environment:checking '/home/pinky/pinky_pro/install/pinky_navigation' for CMake config files
[10.205s] Level 1:colcon.colcon_core.shell:create_environment_hook('pinky_navigation', 'cmake_prefix_path')
[10.206s] INFO:colcon.colcon_core.shell:Creating environment hook '/home/pinky/pinky_pro/install/pinky_navigation/share/pinky_navigation/hook/cmake_prefix_path.ps1'
[10.211s] INFO:colcon.colcon_core.shell:Creating environment descriptor '/home/pinky/pinky_pro/install/pinky_navigation/share/pinky_navigation/hook/cmake_prefix_path.dsv'
[10.214s] INFO:colcon.colcon_core.shell:Creating environment hook '/home/pinky/pinky_pro/install/pinky_navigation/share/pinky_navigation/hook/cmake_prefix_path.sh'
[10.219s] Level 1:colcon.colcon_core.environment:checking '/home/pinky/pinky_pro/install/pinky_navigation/lib'
[10.220s] Level 1:colcon.colcon_core.environment:checking '/home/pinky/pinky_pro/install/pinky_navigation/bin'
[10.220s] Level 1:colcon.colcon_core.environment:checking '/home/pinky/pinky_pro/install/pinky_navigation/lib/pkgconfig/pinky_navigation.pc'
[10.222s] Level 1:colcon.colcon_core.environment:checking '/home/pinky/pinky_pro/install/pinky_navigation/lib/python3.12/site-packages'
[10.226s] Level 1:colcon.colcon_core.environment:checking '/home/pinky/pinky_pro/install/pinky_navigation/bin'
[10.228s] INFO:colcon.colcon_core.shell:Creating package script '/home/pinky/pinky_pro/install/pinky_navigation/share/pinky_navigation/package.ps1'
[10.238s] INFO:colcon.colcon_core.shell:Creating package descriptor '/home/pinky/pinky_pro/install/pinky_navigation/share/pinky_navigation/package.dsv'
[10.241s] INFO:colcon.colcon_core.shell:Creating package script '/home/pinky/pinky_pro/install/pinky_navigation/share/pinky_navigation/package.sh'
[10.247s] INFO:colcon.colcon_core.shell:Creating package script '/home/pinky/pinky_pro/install/pinky_navigation/share/pinky_navigation/package.bash'
[10.252s] INFO:colcon.colcon_core.shell:Creating package script '/home/pinky/pinky_pro/install/pinky_navigation/share/pinky_navigation/package.zsh'
[10.257s] Level 1:colcon.colcon_core.environment:create_file_with_runtime_dependencies(/home/pinky/pinky_pro/install/pinky_navigation/share/colcon-core/packages/pinky_navigation)
[10.263s] Level 1:colcon.colcon_core.environment:create_environment_scripts_only(pinky_navigation)
[10.263s] Level 1:colcon.colcon_core.environment:checking '/home/pinky/pinky_pro/install/pinky_navigation' for CMake module files
[10.269s] Level 1:colcon.colcon_core.environment:checking '/home/pinky/pinky_pro/install/pinky_navigation' for CMake config files
[10.272s] Level 1:colcon.colcon_core.shell:create_environment_hook('pinky_navigation', 'cmake_prefix_path')
[10.273s] INFO:colcon.colcon_core.shell:Creating environment hook '/home/pinky/pinky_pro/install/pinky_navigation/share/pinky_navigation/hook/cmake_prefix_path.ps1'
[10.275s] INFO:colcon.colcon_core.shell:Creating environment descriptor '/home/pinky/pinky_pro/install/pinky_navigation/share/pinky_navigation/hook/cmake_prefix_path.dsv'
[10.277s] INFO:colcon.colcon_core.shell:Creating environment hook '/home/pinky/pinky_pro/install/pinky_navigation/share/pinky_navigation/hook/cmake_prefix_path.sh'
[10.280s] Level 1:colcon.colcon_core.environment:checking '/home/pinky/pinky_pro/install/pinky_navigation/lib'
[10.281s] Level 1:colcon.colcon_core.environment:checking '/home/pinky/pinky_pro/install/pinky_navigation/bin'
[10.282s] Level 1:colcon.colcon_core.environment:checking '/home/pinky/pinky_pro/install/pinky_navigation/lib/pkgconfig/pinky_navigation.pc'
[10.283s] Level 1:colcon.colcon_core.environment:checking '/home/pinky/pinky_pro/install/pinky_navigation/lib/python3.12/site-packages'
[10.286s] Level 1:colcon.colcon_core.environment:checking '/home/pinky/pinky_pro/install/pinky_navigation/bin'
[10.287s] INFO:colcon.colcon_core.shell:Creating package script '/home/pinky/pinky_pro/install/pinky_navigation/share/pinky_navigation/package.ps1'
[10.290s] INFO:colcon.colcon_core.shell:Creating package descriptor '/home/pinky/pinky_pro/install/pinky_navigation/share/pinky_navigation/package.dsv'
[10.295s] INFO:colcon.colcon_core.shell:Creating package script '/home/pinky/pinky_pro/install/pinky_navigation/share/pinky_navigation/package.sh'
[10.297s] INFO:colcon.colcon_core.shell:Creating package script '/home/pinky/pinky_pro/install/pinky_navigation/share/pinky_navigation/package.bash'
[10.299s] INFO:colcon.colcon_core.shell:Creating package script '/home/pinky/pinky_pro/install/pinky_navigation/share/pinky_navigation/package.zsh'
[10.301s] Level 1:colcon.colcon_core.environment:create_file_with_runtime_dependencies(/home/pinky/pinky_pro/install/pinky_navigation/share/colcon-core/packages/pinky_navigation)
[10.303s] DEBUG:colcon.colcon_parallel_executor.executor.parallel:closing loop
[10.304s] DEBUG:colcon.colcon_parallel_executor.executor.parallel:loop closed
[10.304s] DEBUG:colcon.colcon_parallel_executor.executor.parallel:run_until_complete finished with '0'
[10.305s] DEBUG:colcon.colcon_core.event_reactor:joining thread
[10.368s] INFO:colcon.colcon_core.plugin_system:Skipping extension 'colcon_notification.desktop_notification.terminal_notifier': Not used on non-Darwin systems
[10.368s] INFO:colcon.colcon_core.plugin_system:Skipping extension 'colcon_notification.desktop_notification.win32': Not used on non-Windows systems
[10.369s] INFO:colcon.colcon_notification.desktop_notification:Sending desktop notification using 'notify2'
[10.375s] DEBUG:colcon.colcon_notification.desktop_notification.notify2:Failed to initialize notify2: org.freedesktop.DBus.Error.ServiceUnknown: The name org.freedesktop.Notifications was not provided by any .service files
[10.375s] DEBUG:colcon.colcon_core.event_reactor:joined thread
[10.376s] INFO:colcon.colcon_core.shell:Creating prefix script '/home/pinky/pinky_pro/install/local_setup.ps1'
[10.382s] INFO:colcon.colcon_core.shell:Creating prefix util module '/home/pinky/pinky_pro/install/_local_setup_util_ps1.py'
[10.391s] INFO:colcon.colcon_core.shell:Creating prefix chain script '/home/pinky/pinky_pro/install/setup.ps1'
[10.401s] INFO:colcon.colcon_core.shell:Creating prefix script '/home/pinky/pinky_pro/install/local_setup.sh'
[10.405s] INFO:colcon.colcon_core.shell:Creating prefix util module '/home/pinky/pinky_pro/install/_local_setup_util_sh.py'
[10.408s] INFO:colcon.colcon_core.shell:Creating prefix chain script '/home/pinky/pinky_pro/install/setup.sh'
[10.418s] INFO:colcon.colcon_core.shell:Creating prefix script '/home/pinky/pinky_pro/install/local_setup.bash'
[10.422s] INFO:colcon.colcon_core.shell:Creating prefix chain script '/home/pinky/pinky_pro/install/setup.bash'
[10.435s] INFO:colcon.colcon_core.shell:Creating prefix script '/home/pinky/pinky_pro/install/local_setup.zsh'
[10.439s] INFO:colcon.colcon_core.shell:Creating prefix chain script '/home/pinky/pinky_pro/install/setup.zsh'
