[1.034s] DEBUG:colcon:Command line arguments: ['/usr/bin/colcon', 'build', '--packages-select', 'pinky_navigation']
[1.034s] DEBUG:colcon:Parsed command line arguments: Namespace(log_base=None, log_level=None, verb_name='build', build_base='build', install_base='install', merge_install=False, symlink_install=False, test_result_base=None, continue_on_error=False, executor='parallel', parallel_workers=4, event_handlers=None, ignore_user_meta=False, metas=['./colcon.meta'], base_paths=['.'], packages_ignore=None, packages_ignore_regex=None, paths=None, packages_up_to=None, packages_up_to_regex=None, packages_above=None, packages_above_and_dependencies=None, packages_above_depth=None, packages_select_by_dep=None, packages_skip_by_dep=None, packages_skip_up_to=None, packages_select_build_failed=False, packages_skip_build_finished=False, packages_select_test_failures=False, packages_skip_test_passed=False, packages_select=['pinky_navigation'], packages_skip=None, packages_select_regex=None, packages_skip_regex=None, packages_start=None, packages_end=None, allow_overriding=[], cmake_args=None, cmake_target=None, cmake_target_skip_unavailable=False, cmake_clean_cache=False, cmake_clean_first=False, cmake_force_configure=False, ament_cmake_args=None, catkin_cmake_args=None, catkin_skip_building_tests=False, mixin_files=None, mixin=None, verb_parser=<colcon_mixin.mixin.mixin_argument.MixinArgumentDecorator object at 0xffffb1f7cb60>, verb_extension=<colcon_core.verb.build.BuildVerb object at 0xffffb1f7c560>, main=<bound method BuildVerb.main of <colcon_core.verb.build.BuildVerb object at 0xffffb1f7c560>>, mixin_verb=('build',))
[1.238s] Level 1:colcon.colcon_core.package_discovery:discover_packages(colcon_meta) check parameters
[1.238s] Level 1:colcon.colcon_core.package_discovery:discover_packages(recursive) check parameters
[1.239s] Level 1:colcon.colcon_core.package_discovery:discover_packages(ignore) check parameters
[1.239s] Level 1:colcon.colcon_core.package_discovery:discover_packages(path) check parameters
[1.239s] Level 1:colcon.colcon_core.package_discovery:discover_packages(colcon_meta) discover
[1.243s] Level 1:colcon.colcon_core.package_discovery:discover_packages(recursive) discover
[1.243s] INFO:colcon.colcon_core.package_discovery:Crawling recursively for packages in '/home/pinky/pinky_pro'
[1.244s] Level 1:colcon.colcon_core.package_identification:_identify(.) by extensions ['ignore', 'ignore_ament_install']
[1.244s] Level 1:colcon.colcon_core.package_identification:_identify(.) by extension 'ignore'
[1.245s] Level 1:colcon.colcon_core.package_identification:_identify(.) by extension 'ignore_ament_install'
[1.245s] Level 1:colcon.colcon_core.package_identification:_identify(.) by extensions ['colcon_pkg']
[1.245s] Level 1:colcon.colcon_core.package_identification:_identify(.) by extension 'colcon_pkg'
[1.246s] Level 1:colcon.colcon_core.package_identification:_identify(.) by extensions ['colcon_meta']
[1.246s] Level 1:colcon.colcon_core.package_identification:_identify(.) by extension 'colcon_meta'
[1.246s] Level 1:colcon.colcon_core.package_identification:_identify(.) by extensions ['ros']
[1.246s] Level 1:colcon.colcon_core.package_identification:_identify(.) by extension 'ros'
[1.583s] Level 1:colcon.colcon_core.package_identification:_identify(.) by extensions ['cmake', 'python']
[1.584s] Level 1:colcon.colcon_core.package_identification:_identify(.) by extension 'cmake'
[1.584s] Level 1:colcon.colcon_core.package_identification:_identify(.) by extension 'python'
[1.584s] Level 1:colcon.colcon_core.package_identification:_identify(.) by extensions ['python_setup_py']
[1.585s] Level 1:colcon.colcon_core.package_identification:_identify(.) by extension 'python_setup_py'
[1.586s] Level 1:colcon.colcon_core.package_identification:_identify(build) by extensions ['ignore', 'ignore_ament_install']
[1.587s] Level 1:colcon.colcon_core.package_identification:_identify(build) by extension 'ignore'
[1.587s] Level 1:colcon.colcon_core.package_identification:_identify(build) ignored
[1.588s] Level 1:colcon.colcon_core.package_identification:_identify(install) by extensions ['ignore', 'ignore_ament_install']
[1.588s] Level 1:colcon.colcon_core.package_identification:_identify(install) by extension 'ignore'
[1.589s] Level 1:colcon.colcon_core.package_identification:_identify(install) ignored
[1.589s] Level 1:colcon.colcon_core.package_identification:_identify(log) by extensions ['ignore', 'ignore_ament_install']
[1.590s] Level 1:colcon.colcon_core.package_identification:_identify(log) by extension 'ignore'
[1.590s] Level 1:colcon.colcon_core.package_identification:_identify(log) ignored
[1.591s] Level 1:colcon.colcon_core.package_identification:_identify(src) by extensions ['ignore', 'ignore_ament_install']
[1.591s] Level 1:colcon.colcon_core.package_identification:_identify(src) by extension 'ignore'
[1.592s] Level 1:colcon.colcon_core.package_identification:_identify(src) by extension 'ignore_ament_install'
[1.592s] Level 1:colcon.colcon_core.package_identification:_identify(src) by extensions ['colcon_pkg']
[1.592s] Level 1:colcon.colcon_core.package_identification:_identify(src) by extension 'colcon_pkg'
[1.592s] Level 1:colcon.colcon_core.package_identification:_identify(src) by extensions ['colcon_meta']
[1.593s] Level 1:colcon.colcon_core.package_identification:_identify(src) by extension 'colcon_meta'
[1.593s] Level 1:colcon.colcon_core.package_identification:_identify(src) by extensions ['ros']
[1.593s] Level 1:colcon.colcon_core.package_identification:_identify(src) by extension 'ros'
[1.593s] Level 1:colcon.colcon_core.package_identification:_identify(src) by extensions ['cmake', 'python']
[1.594s] Level 1:colcon.colcon_core.package_identification:_identify(src) by extension 'cmake'
[1.594s] Level 1:colcon.colcon_core.package_identification:_identify(src) by extension 'python'
[1.594s] Level 1:colcon.colcon_core.package_identification:_identify(src) by extensions ['python_setup_py']
[1.594s] Level 1:colcon.colcon_core.package_identification:_identify(src) by extension 'python_setup_py'
[1.595s] Level 1:colcon.colcon_core.package_identification:_identify(src/pinky_pro) by extensions ['ignore', 'ignore_ament_install']
[1.596s] Level 1:colcon.colcon_core.package_identification:_identify(src/pinky_pro) by extension 'ignore'
[1.596s] Level 1:colcon.colcon_core.package_identification:_identify(src/pinky_pro) by extension 'ignore_ament_install'
[1.597s] Level 1:colcon.colcon_core.package_identification:_identify(src/pinky_pro) by extensions ['colcon_pkg']
[1.598s] Level 1:colcon.colcon_core.package_identification:_identify(src/pinky_pro) by extension 'colcon_pkg'
[1.599s] Level 1:colcon.colcon_core.package_identification:_identify(src/pinky_pro) by extensions ['colcon_meta']
[1.599s] Level 1:colcon.colcon_core.package_identification:_identify(src/pinky_pro) by extension 'colcon_meta'
[1.599s] Level 1:colcon.colcon_core.package_identification:_identify(src/pinky_pro) by extensions ['ros']
[1.600s] Level 1:colcon.colcon_core.package_identification:_identify(src/pinky_pro) by extension 'ros'
[1.600s] Level 1:colcon.colcon_core.package_identification:_identify(src/pinky_pro) by extensions ['cmake', 'python']
[1.600s] Level 1:colcon.colcon_core.package_identification:_identify(src/pinky_pro) by extension 'cmake'
[1.600s] Level 1:colcon.colcon_core.package_identification:_identify(src/pinky_pro) by extension 'python'
[1.601s] Level 1:colcon.colcon_core.package_identification:_identify(src/pinky_pro) by extensions ['python_setup_py']
[1.601s] Level 1:colcon.colcon_core.package_identification:_identify(src/pinky_pro) by extension 'python_setup_py'
[1.601s] Level 1:colcon.colcon_core.package_identification:_identify(src/pinky_pro/doc) by extensions ['ignore', 'ignore_ament_install']
[1.602s] Level 1:colcon.colcon_core.package_identification:_identify(src/pinky_pro/doc) by extension 'ignore'
[1.602s] Level 1:colcon.colcon_core.package_identification:_identify(src/pinky_pro/doc) by extension 'ignore_ament_install'
[1.602s] Level 1:colcon.colcon_core.package_identification:_identify(src/pinky_pro/doc) by extensions ['colcon_pkg']
[1.603s] Level 1:colcon.colcon_core.package_identification:_identify(src/pinky_pro/doc) by extension 'colcon_pkg'
[1.603s] Level 1:colcon.colcon_core.package_identification:_identify(src/pinky_pro/doc) by extensions ['colcon_meta']
[1.603s] Level 1:colcon.colcon_core.package_identification:_identify(src/pinky_pro/doc) by extension 'colcon_meta'
[1.603s] Level 1:colcon.colcon_core.package_identification:_identify(src/pinky_pro/doc) by extensions ['ros']
[1.603s] Level 1:colcon.colcon_core.package_identification:_identify(src/pinky_pro/doc) by extension 'ros'
[1.604s] Level 1:colcon.colcon_core.package_identification:_identify(src/pinky_pro/doc) by extensions ['cmake', 'python']
[1.604s] Level 1:colcon.colcon_core.package_identification:_identify(src/pinky_pro/doc) by extension 'cmake'
[1.604s] Level 1:colcon.colcon_core.package_identification:_identify(src/pinky_pro/doc) by extension 'python'
[1.605s] Level 1:colcon.colcon_core.package_identification:_identify(src/pinky_pro/doc) by extensions ['python_setup_py']
[1.605s] Level 1:colcon.colcon_core.package_identification:_identify(src/pinky_pro/doc) by extension 'python_setup_py'
[1.605s] Level 1:colcon.colcon_core.package_identification:_identify(src/pinky_pro/pinky_bringup) by extensions ['ignore', 'ignore_ament_install']
[1.606s] Level 1:colcon.colcon_core.package_identification:_identify(src/pinky_pro/pinky_bringup) by extension 'ignore'
[1.606s] Level 1:colcon.colcon_core.package_identification:_identify(src/pinky_pro/pinky_bringup) by extension 'ignore_ament_install'
[1.606s] Level 1:colcon.colcon_core.package_identification:_identify(src/pinky_pro/pinky_bringup) by extensions ['colcon_pkg']
[1.607s] Level 1:colcon.colcon_core.package_identification:_identify(src/pinky_pro/pinky_bringup) by extension 'colcon_pkg'
[1.607s] Level 1:colcon.colcon_core.package_identification:_identify(src/pinky_pro/pinky_bringup) by extensions ['colcon_meta']
[1.607s] Level 1:colcon.colcon_core.package_identification:_identify(src/pinky_pro/pinky_bringup) by extension 'colcon_meta'
[1.607s] Level 1:colcon.colcon_core.package_identification:_identify(src/pinky_pro/pinky_bringup) by extensions ['ros']
[1.607s] Level 1:colcon.colcon_core.package_identification:_identify(src/pinky_pro/pinky_bringup) by extension 'ros'
[1.620s] DEBUG:colcon.colcon_core.package_identification:Package 'src/pinky_pro/pinky_bringup' with type 'ros.ament_python' and name 'pinky_bringup'
[1.621s] Level 1:colcon.colcon_core.package_identification:_identify(src/pinky_pro/pinky_description) by extensions ['ignore', 'ignore_ament_install']
[1.622s] Level 1:colcon.colcon_core.package_identification:_identify(src/pinky_pro/pinky_description) by extension 'ignore'
[1.622s] Level 1:colcon.colcon_core.package_identification:_identify(src/pinky_pro/pinky_description) by extension 'ignore_ament_install'
[1.623s] Level 1:colcon.colcon_core.package_identification:_identify(src/pinky_pro/pinky_description) by extensions ['colcon_pkg']
[1.623s] Level 1:colcon.colcon_core.package_identification:_identify(src/pinky_pro/pinky_description) by extension 'colcon_pkg'
[1.623s] Level 1:colcon.colcon_core.package_identification:_identify(src/pinky_pro/pinky_description) by extensions ['colcon_meta']
[1.623s] Level 1:colcon.colcon_core.package_identification:_identify(src/pinky_pro/pinky_description) by extension 'colcon_meta'
[1.623s] Level 1:colcon.colcon_core.package_identification:_identify(src/pinky_pro/pinky_description) by extensions ['ros']
[1.624s] Level 1:colcon.colcon_core.package_identification:_identify(src/pinky_pro/pinky_description) by extension 'ros'
[1.627s] DEBUG:colcon.colcon_core.package_identification:Package 'src/pinky_pro/pinky_description' with type 'ros.ament_cmake' and name 'pinky_description'
[1.628s] Level 1:colcon.colcon_core.package_identification:_identify(src/pinky_pro/pinky_emotion) by extensions ['ignore', 'ignore_ament_install']
[1.628s] Level 1:colcon.colcon_core.package_identification:_identify(src/pinky_pro/pinky_emotion) by extension 'ignore'
[1.629s] Level 1:colcon.colcon_core.package_identification:_identify(src/pinky_pro/pinky_emotion) by extension 'ignore_ament_install'
[1.630s] Level 1:colcon.colcon_core.package_identification:_identify(src/pinky_pro/pinky_emotion) by extensions ['colcon_pkg']
[1.630s] Level 1:colcon.colcon_core.package_identification:_identify(src/pinky_pro/pinky_emotion) by extension 'colcon_pkg'
[1.630s] Level 1:colcon.colcon_core.package_identification:_identify(src/pinky_pro/pinky_emotion) by extensions ['colcon_meta']
[1.631s] Level 1:colcon.colcon_core.package_identification:_identify(src/pinky_pro/pinky_emotion) by extension 'colcon_meta'
[1.631s] Level 1:colcon.colcon_core.package_identification:_identify(src/pinky_pro/pinky_emotion) by extensions ['ros']
[1.631s] Level 1:colcon.colcon_core.package_identification:_identify(src/pinky_pro/pinky_emotion) by extension 'ros'
[1.633s] DEBUG:colcon.colcon_core.package_identification:Package 'src/pinky_pro/pinky_emotion' with type 'ros.ament_python' and name 'pinky_emotion'
[1.634s] Level 1:colcon.colcon_core.package_identification:_identify(src/pinky_pro/pinky_gz_sim) by extensions ['ignore', 'ignore_ament_install']
[1.635s] Level 1:colcon.colcon_core.package_identification:_identify(src/pinky_pro/pinky_gz_sim) by extension 'ignore'
[1.635s] Level 1:colcon.colcon_core.package_identification:_identify(src/pinky_pro/pinky_gz_sim) by extension 'ignore_ament_install'
[1.636s] Level 1:colcon.colcon_core.package_identification:_identify(src/pinky_pro/pinky_gz_sim) by extensions ['colcon_pkg']
[1.636s] Level 1:colcon.colcon_core.package_identification:_identify(src/pinky_pro/pinky_gz_sim) by extension 'colcon_pkg'
[1.636s] Level 1:colcon.colcon_core.package_identification:_identify(src/pinky_pro/pinky_gz_sim) by extensions ['colcon_meta']
[1.637s] Level 1:colcon.colcon_core.package_identification:_identify(src/pinky_pro/pinky_gz_sim) by extension 'colcon_meta'
[1.637s] Level 1:colcon.colcon_core.package_identification:_identify(src/pinky_pro/pinky_gz_sim) by extensions ['ros']
[1.637s] Level 1:colcon.colcon_core.package_identification:_identify(src/pinky_pro/pinky_gz_sim) by extension 'ros'
[1.640s] DEBUG:colcon.colcon_core.package_identification:Package 'src/pinky_pro/pinky_gz_sim' with type 'ros.ament_cmake' and name 'pinky_gz_sim'
[1.640s] Level 1:colcon.colcon_core.package_identification:_identify(src/pinky_pro/pinky_imu_bno055) by extensions ['ignore', 'ignore_ament_install']
[1.641s] Level 1:colcon.colcon_core.package_identification:_identify(src/pinky_pro/pinky_imu_bno055) by extension 'ignore'
[1.641s] Level 1:colcon.colcon_core.package_identification:_identify(src/pinky_pro/pinky_imu_bno055) by extension 'ignore_ament_install'
[1.641s] Level 1:colcon.colcon_core.package_identification:_identify(src/pinky_pro/pinky_imu_bno055) by extensions ['colcon_pkg']
[1.642s] Level 1:colcon.colcon_core.package_identification:_identify(src/pinky_pro/pinky_imu_bno055) by extension 'colcon_pkg'
[1.642s] Level 1:colcon.colcon_core.package_identification:_identify(src/pinky_pro/pinky_imu_bno055) by extensions ['colcon_meta']
[1.642s] Level 1:colcon.colcon_core.package_identification:_identify(src/pinky_pro/pinky_imu_bno055) by extension 'colcon_meta'
[1.642s] Level 1:colcon.colcon_core.package_identification:_identify(src/pinky_pro/pinky_imu_bno055) by extensions ['ros']
[1.642s] Level 1:colcon.colcon_core.package_identification:_identify(src/pinky_pro/pinky_imu_bno055) by extension 'ros'
[1.645s] DEBUG:colcon.colcon_core.package_identification:Package 'src/pinky_pro/pinky_imu_bno055' with type 'ros.ament_cmake' and name 'pinky_imu_bno055'
[1.645s] Level 1:colcon.colcon_core.package_identification:_identify(src/pinky_pro/pinky_interfaces) by extensions ['ignore', 'ignore_ament_install']
[1.646s] Level 1:colcon.colcon_core.package_identification:_identify(src/pinky_pro/pinky_interfaces) by extension 'ignore'
[1.646s] Level 1:colcon.colcon_core.package_identification:_identify(src/pinky_pro/pinky_interfaces) by extension 'ignore_ament_install'
[1.647s] Level 1:colcon.colcon_core.package_identification:_identify(src/pinky_pro/pinky_interfaces) by extensions ['colcon_pkg']
[1.647s] Level 1:colcon.colcon_core.package_identification:_identify(src/pinky_pro/pinky_interfaces) by extension 'colcon_pkg'
[1.647s] Level 1:colcon.colcon_core.package_identification:_identify(src/pinky_pro/pinky_interfaces) by extensions ['colcon_meta']
[1.647s] Level 1:colcon.colcon_core.package_identification:_identify(src/pinky_pro/pinky_interfaces) by extension 'colcon_meta'
[1.648s] Level 1:colcon.colcon_core.package_identification:_identify(src/pinky_pro/pinky_interfaces) by extensions ['ros']
[1.648s] Level 1:colcon.colcon_core.package_identification:_identify(src/pinky_pro/pinky_interfaces) by extension 'ros'
[1.650s] DEBUG:colcon.colcon_core.package_identification:Package 'src/pinky_pro/pinky_interfaces' with type 'ros.ament_cmake' and name 'pinky_interfaces'
[1.651s] Level 1:colcon.colcon_core.package_identification:_identify(src/pinky_pro/pinky_led) by extensions ['ignore', 'ignore_ament_install']
[1.651s] Level 1:colcon.colcon_core.package_identification:_identify(src/pinky_pro/pinky_led) by extension 'ignore'
[1.651s] Level 1:colcon.colcon_core.package_identification:_identify(src/pinky_pro/pinky_led) by extension 'ignore_ament_install'
[1.652s] Level 1:colcon.colcon_core.package_identification:_identify(src/pinky_pro/pinky_led) by extensions ['colcon_pkg']
[1.652s] Level 1:colcon.colcon_core.package_identification:_identify(src/pinky_pro/pinky_led) by extension 'colcon_pkg'
[1.652s] Level 1:colcon.colcon_core.package_identification:_identify(src/pinky_pro/pinky_led) by extensions ['colcon_meta']
[1.652s] Level 1:colcon.colcon_core.package_identification:_identify(src/pinky_pro/pinky_led) by extension 'colcon_meta'
[1.652s] Level 1:colcon.colcon_core.package_identification:_identify(src/pinky_pro/pinky_led) by extensions ['ros']
[1.653s] Level 1:colcon.colcon_core.package_identification:_identify(src/pinky_pro/pinky_led) by extension 'ros'
[1.654s] DEBUG:colcon.colcon_core.package_identification:Package 'src/pinky_pro/pinky_led' with type 'ros.ament_python' and name 'pinky_led'
[1.655s] Level 1:colcon.colcon_core.package_identification:_identify(src/pinky_pro/pinky_navigation) by extensions ['ignore', 'ignore_ament_install']
[1.655s] Level 1:colcon.colcon_core.package_identification:_identify(src/pinky_pro/pinky_navigation) by extension 'ignore'
[1.656s] Level 1:colcon.colcon_core.package_identification:_identify(src/pinky_pro/pinky_navigation) by extension 'ignore_ament_install'
[1.656s] Level 1:colcon.colcon_core.package_identification:_identify(src/pinky_pro/pinky_navigation) by extensions ['colcon_pkg']
[1.656s] Level 1:colcon.colcon_core.package_identification:_identify(src/pinky_pro/pinky_navigation) by extension 'colcon_pkg'
[1.656s] Level 1:colcon.colcon_core.package_identification:_identify(src/pinky_pro/pinky_navigation) by extensions ['colcon_meta']
[1.656s] Level 1:colcon.colcon_core.package_identification:_identify(src/pinky_pro/pinky_navigation) by extension 'colcon_meta'
[1.657s] Level 1:colcon.colcon_core.package_identification:_identify(src/pinky_pro/pinky_navigation) by extensions ['ros']
[1.657s] Level 1:colcon.colcon_core.package_identification:_identify(src/pinky_pro/pinky_navigation) by extension 'ros'
[1.659s] DEBUG:colcon.colcon_core.package_identification:Package 'src/pinky_pro/pinky_navigation' with type 'ros.ament_cmake' and name 'pinky_navigation'
[1.660s] Level 1:colcon.colcon_core.package_identification:_identify(src/pinky_pro/pinky_sensor_adc) by extensions ['ignore', 'ignore_ament_install']
[1.660s] Level 1:colcon.colcon_core.package_identification:_identify(src/pinky_pro/pinky_sensor_adc) by extension 'ignore'
[1.660s] Level 1:colcon.colcon_core.package_identification:_identify(src/pinky_pro/pinky_sensor_adc) by extension 'ignore_ament_install'
[1.661s] Level 1:colcon.colcon_core.package_identification:_identify(src/pinky_pro/pinky_sensor_adc) by extensions ['colcon_pkg']
[1.661s] Level 1:colcon.colcon_core.package_identification:_identify(src/pinky_pro/pinky_sensor_adc) by extension 'colcon_pkg'
[1.662s] Level 1:colcon.colcon_core.package_identification:_identify(src/pinky_pro/pinky_sensor_adc) by extensions ['colcon_meta']
[1.662s] Level 1:colcon.colcon_core.package_identification:_identify(src/pinky_pro/pinky_sensor_adc) by extension 'colcon_meta'
[1.662s] Level 1:colcon.colcon_core.package_identification:_identify(src/pinky_pro/pinky_sensor_adc) by extensions ['ros']
[1.662s] Level 1:colcon.colcon_core.package_identification:_identify(src/pinky_pro/pinky_sensor_adc) by extension 'ros'
[1.666s] DEBUG:colcon.colcon_core.package_identification:Package 'src/pinky_pro/pinky_sensor_adc' with type 'ros.ament_cmake' and name 'pinky_sensor_adc'
[1.667s] Level 1:colcon.colcon_core.package_identification:_identify(src/sllidar_ros2) by extensions ['ignore', 'ignore_ament_install']
[1.667s] Level 1:colcon.colcon_core.package_identification:_identify(src/sllidar_ros2) by extension 'ignore'
[1.667s] Level 1:colcon.colcon_core.package_identification:_identify(src/sllidar_ros2) by extension 'ignore_ament_install'
[1.668s] Level 1:colcon.colcon_core.package_identification:_identify(src/sllidar_ros2) by extensions ['colcon_pkg']
[1.668s] Level 1:colcon.colcon_core.package_identification:_identify(src/sllidar_ros2) by extension 'colcon_pkg'
[1.668s] Level 1:colcon.colcon_core.package_identification:_identify(src/sllidar_ros2) by extensions ['colcon_meta']
[1.668s] Level 1:colcon.colcon_core.package_identification:_identify(src/sllidar_ros2) by extension 'colcon_meta'
[1.668s] Level 1:colcon.colcon_core.package_identification:_identify(src/sllidar_ros2) by extensions ['ros']
[1.668s] Level 1:colcon.colcon_core.package_identification:_identify(src/sllidar_ros2) by extension 'ros'
[1.671s] DEBUG:colcon.colcon_core.package_identification:Package 'src/sllidar_ros2' with type 'ros.ament_cmake' and name 'sllidar_ros2'
[1.671s] Level 1:colcon.colcon_core.package_discovery:discover_packages(recursive) using defaults
[1.671s] Level 1:colcon.colcon_core.package_discovery:discover_packages(ignore) discover
[1.671s] Level 1:colcon.colcon_core.package_discovery:discover_packages(ignore) using defaults
[1.671s] Level 1:colcon.colcon_core.package_discovery:discover_packages(path) discover
[1.672s] Level 1:colcon.colcon_core.package_discovery:discover_packages(path) using defaults
[1.858s] INFO:colcon.colcon_core.package_selection:Skipping not selected package 'pinky_bringup' in 'src/pinky_pro/pinky_bringup'
[1.858s] INFO:colcon.colcon_core.package_selection:Skipping not selected package 'pinky_description' in 'src/pinky_pro/pinky_description'
[1.858s] INFO:colcon.colcon_core.package_selection:Skipping not selected package 'pinky_emotion' in 'src/pinky_pro/pinky_emotion'
[1.859s] INFO:colcon.colcon_core.package_selection:Skipping not selected package 'pinky_gz_sim' in 'src/pinky_pro/pinky_gz_sim'
[1.859s] INFO:colcon.colcon_core.package_selection:Skipping not selected package 'pinky_imu_bno055' in 'src/pinky_pro/pinky_imu_bno055'
[1.859s] INFO:colcon.colcon_core.package_selection:Skipping not selected package 'pinky_interfaces' in 'src/pinky_pro/pinky_interfaces'
[1.859s] INFO:colcon.colcon_core.package_selection:Skipping not selected package 'pinky_led' in 'src/pinky_pro/pinky_led'
[1.859s] INFO:colcon.colcon_core.package_selection:Skipping not selected package 'pinky_sensor_adc' in 'src/pinky_pro/pinky_sensor_adc'
[1.859s] INFO:colcon.colcon_core.package_selection:Skipping not selected package 'sllidar_ros2' in 'src/sllidar_ros2'
[1.864s] Level 1:colcon.colcon_core.package_discovery:discover_packages(prefix_path) check parameters
[1.864s] Level 1:colcon.colcon_core.package_discovery:discover_packages(prefix_path) discover
[1.892s] DEBUG:colcon.colcon_installed_package_information.package_discovery:Found 10 installed packages in /home/pinky/pinky_pro/install
[1.908s] DEBUG:colcon.colcon_installed_package_information.package_discovery:Found 426 installed packages in /opt/ros/jazzy
[1.918s] Level 1:colcon.colcon_core.package_discovery:discover_packages(prefix_path) using defaults
[2.259s] Level 5:colcon.colcon_core.verb:set package 'pinky_navigation' build argument 'cmake_args' from command line to 'None'
[2.260s] Level 5:colcon.colcon_core.verb:set package 'pinky_navigation' build argument 'cmake_target' from command line to 'None'
[2.260s] Level 5:colcon.colcon_core.verb:set package 'pinky_navigation' build argument 'cmake_target_skip_unavailable' from command line to 'False'
[2.260s] Level 5:colcon.colcon_core.verb:set package 'pinky_navigation' build argument 'cmake_clean_cache' from command line to 'False'
[2.260s] Level 5:colcon.colcon_core.verb:set package 'pinky_navigation' build argument 'cmake_clean_first' from command line to 'False'
[2.260s] Level 5:colcon.colcon_core.verb:set package 'pinky_navigation' build argument 'cmake_force_configure' from command line to 'False'
[2.260s] Level 5:colcon.colcon_core.verb:set package 'pinky_navigation' build argument 'ament_cmake_args' from command line to 'None'
[2.260s] Level 5:colcon.colcon_core.verb:set package 'pinky_navigation' build argument 'catkin_cmake_args' from command line to 'None'
[2.260s] Level 5:colcon.colcon_core.verb:set package 'pinky_navigation' build argument 'catkin_skip_building_tests' from command line to 'False'
[2.261s] DEBUG:colcon.colcon_core.verb:Building package 'pinky_navigation' with the following arguments: {'ament_cmake_args': None, 'build_base': '/home/pinky/pinky_pro/build/pinky_navigation', 'catkin_cmake_args': None, 'catkin_skip_building_tests': False, 'cmake_args': None, 'cmake_clean_cache': False, 'cmake_clean_first': False, 'cmake_force_configure': False, 'cmake_target': None, 'cmake_target_skip_unavailable': False, 'install_base': '/home/pinky/pinky_pro/install/pinky_navigation', 'merge_install': False, 'path': '/home/pinky/pinky_pro/src/pinky_pro/pinky_navigation', 'symlink_install': False, 'test_result_base': None}
[2.261s] INFO:colcon.colcon_core.executor:Executing jobs using 'parallel' executor
[2.267s] DEBUG:colcon.colcon_parallel_executor.executor.parallel:run_until_complete
[2.268s] INFO:colcon.colcon_ros.task.ament_cmake.build:Building ROS package in '/home/pinky/pinky_pro/src/pinky_pro/pinky_navigation' with build type 'ament_cmake'
[2.269s] INFO:colcon.colcon_cmake.task.cmake.build:Building CMake package in '/home/pinky/pinky_pro/src/pinky_pro/pinky_navigation'
[2.306s] INFO:colcon.colcon_core.plugin_system:Skipping extension 'colcon_core.shell.bat': Not used on non-Windows systems
[2.306s] INFO:colcon.colcon_core.shell:Skip shell extension 'powershell' for command environment: Not usable outside of PowerShell
[2.307s] DEBUG:colcon.colcon_core.shell:Skip shell extension 'dsv' for command environment
[2.366s] DEBUG:colcon.colcon_core.event_handler.log_command:Invoking command in '/home/pinky/pinky_pro/build/pinky_navigation': CMAKE_PREFIX_PATH=${CMAKE_PREFIX_PATH}:/home/pinky/pinky_pro/install/pinky_led:/home/pinky/pinky_pro/install/pinky_emotion:/home/pinky/pinky_pro/install/pinky_bringup:/opt/ros/jazzy DEBUGINFOD_URLS=https://debuginfod.ubuntu.com /usr/bin/cmake --build /home/pinky/pinky_pro/build/pinky_navigation -- -j4 -l4
[2.654s] DEBUG:colcon.colcon_core.event_handler.log_command:Invoked command in '/home/pinky/pinky_pro/build/pinky_navigation' returned '0': CMAKE_PREFIX_PATH=${CMAKE_PREFIX_PATH}:/home/pinky/pinky_pro/install/pinky_led:/home/pinky/pinky_pro/install/pinky_emotion:/home/pinky/pinky_pro/install/pinky_bringup:/opt/ros/jazzy DEBUGINFOD_URLS=https://debuginfod.ubuntu.com /usr/bin/cmake --build /home/pinky/pinky_pro/build/pinky_navigation -- -j4 -l4
[2.726s] DEBUG:colcon.colcon_core.event_handler.log_command:Invoking command in '/home/pinky/pinky_pro/build/pinky_navigation': CMAKE_PREFIX_PATH=${CMAKE_PREFIX_PATH}:/home/pinky/pinky_pro/install/pinky_led:/home/pinky/pinky_pro/install/pinky_emotion:/home/pinky/pinky_pro/install/pinky_bringup:/opt/ros/jazzy DEBUGINFOD_URLS=https://debuginfod.ubuntu.com /usr/bin/cmake --install /home/pinky/pinky_pro/build/pinky_navigation
[2.811s] Level 1:colcon.colcon_core.environment:create_environment_scripts_only(pinky_navigation)
[2.835s] DEBUG:colcon.colcon_core.event_handler.log_command:Invoked command in '/home/pinky/pinky_pro/build/pinky_navigation' returned '0': CMAKE_PREFIX_PATH=${CMAKE_PREFIX_PATH}:/home/pinky/pinky_pro/install/pinky_led:/home/pinky/pinky_pro/install/pinky_emotion:/home/pinky/pinky_pro/install/pinky_bringup:/opt/ros/jazzy DEBUGINFOD_URLS=https://debuginfod.ubuntu.com /usr/bin/cmake --install /home/pinky/pinky_pro/build/pinky_navigation
[2.851s] Level 1:colcon.colcon_core.environment:checking '/home/pinky/pinky_pro/install/pinky_navigation' for CMake module files
[2.855s] Level 1:colcon.colcon_core.environment:checking '/home/pinky/pinky_pro/install/pinky_navigation' for CMake config files
[2.857s] Level 1:colcon.colcon_core.shell:create_environment_hook('pinky_navigation', 'cmake_prefix_path')
[2.858s] INFO:colcon.colcon_core.shell:Creating environment hook '/home/pinky/pinky_pro/install/pinky_navigation/share/pinky_navigation/hook/cmake_prefix_path.ps1'
[2.861s] INFO:colcon.colcon_core.shell:Creating environment descriptor '/home/pinky/pinky_pro/install/pinky_navigation/share/pinky_navigation/hook/cmake_prefix_path.dsv'
[2.864s] INFO:colcon.colcon_core.shell:Creating environment hook '/home/pinky/pinky_pro/install/pinky_navigation/share/pinky_navigation/hook/cmake_prefix_path.sh'
[2.868s] Level 1:colcon.colcon_core.environment:checking '/home/pinky/pinky_pro/install/pinky_navigation/lib'
[2.869s] Level 1:colcon.colcon_core.environment:checking '/home/pinky/pinky_pro/install/pinky_navigation/bin'
[2.869s] Level 1:colcon.colcon_core.environment:checking '/home/pinky/pinky_pro/install/pinky_navigation/lib/pkgconfig/pinky_navigation.pc'
[2.870s] Level 1:colcon.colcon_core.environment:checking '/home/pinky/pinky_pro/install/pinky_navigation/lib/python3.12/site-packages'
[2.872s] Level 1:colcon.colcon_core.environment:checking '/home/pinky/pinky_pro/install/pinky_navigation/bin'
[2.873s] INFO:colcon.colcon_core.shell:Creating package script '/home/pinky/pinky_pro/install/pinky_navigation/share/pinky_navigation/package.ps1'
[2.876s] INFO:colcon.colcon_core.shell:Creating package descriptor '/home/pinky/pinky_pro/install/pinky_navigation/share/pinky_navigation/package.dsv'
[2.879s] INFO:colcon.colcon_core.shell:Creating package script '/home/pinky/pinky_pro/install/pinky_navigation/share/pinky_navigation/package.sh'
[2.882s] INFO:colcon.colcon_core.shell:Creating package script '/home/pinky/pinky_pro/install/pinky_navigation/share/pinky_navigation/package.bash'
[2.885s] INFO:colcon.colcon_core.shell:Creating package script '/home/pinky/pinky_pro/install/pinky_navigation/share/pinky_navigation/package.zsh'
[2.888s] Level 1:colcon.colcon_core.environment:create_file_with_runtime_dependencies(/home/pinky/pinky_pro/install/pinky_navigation/share/colcon-core/packages/pinky_navigation)
[2.890s] Level 1:colcon.colcon_core.environment:create_environment_scripts_only(pinky_navigation)
[2.891s] Level 1:colcon.colcon_core.environment:checking '/home/pinky/pinky_pro/install/pinky_navigation' for CMake module files
[2.895s] Level 1:colcon.colcon_core.environment:checking '/home/pinky/pinky_pro/install/pinky_navigation' for CMake config files
[2.898s] Level 1:colcon.colcon_core.shell:create_environment_hook('pinky_navigation', 'cmake_prefix_path')
[2.899s] INFO:colcon.colcon_core.shell:Creating environment hook '/home/pinky/pinky_pro/install/pinky_navigation/share/pinky_navigation/hook/cmake_prefix_path.ps1'
[2.901s] INFO:colcon.colcon_core.shell:Creating environment descriptor '/home/pinky/pinky_pro/install/pinky_navigation/share/pinky_navigation/hook/cmake_prefix_path.dsv'
[2.903s] INFO:colcon.colcon_core.shell:Creating environment hook '/home/pinky/pinky_pro/install/pinky_navigation/share/pinky_navigation/hook/cmake_prefix_path.sh'
[2.905s] Level 1:colcon.colcon_core.environment:checking '/home/pinky/pinky_pro/install/pinky_navigation/lib'
[2.906s] Level 1:colcon.colcon_core.environment:checking '/home/pinky/pinky_pro/install/pinky_navigation/bin'
[2.906s] Level 1:colcon.colcon_core.environment:checking '/home/pinky/pinky_pro/install/pinky_navigation/lib/pkgconfig/pinky_navigation.pc'
[2.907s] Level 1:colcon.colcon_core.environment:checking '/home/pinky/pinky_pro/install/pinky_navigation/lib/python3.12/site-packages'
[2.908s] Level 1:colcon.colcon_core.environment:checking '/home/pinky/pinky_pro/install/pinky_navigation/bin'
[2.910s] INFO:colcon.colcon_core.shell:Creating package script '/home/pinky/pinky_pro/install/pinky_navigation/share/pinky_navigation/package.ps1'
[2.912s] INFO:colcon.colcon_core.shell:Creating package descriptor '/home/pinky/pinky_pro/install/pinky_navigation/share/pinky_navigation/package.dsv'
[2.914s] INFO:colcon.colcon_core.shell:Creating package script '/home/pinky/pinky_pro/install/pinky_navigation/share/pinky_navigation/package.sh'
[2.916s] INFO:colcon.colcon_core.shell:Creating package script '/home/pinky/pinky_pro/install/pinky_navigation/share/pinky_navigation/package.bash'
[2.918s] INFO:colcon.colcon_core.shell:Creating package script '/home/pinky/pinky_pro/install/pinky_navigation/share/pinky_navigation/package.zsh'
[2.920s] Level 1:colcon.colcon_core.environment:create_file_with_runtime_dependencies(/home/pinky/pinky_pro/install/pinky_navigation/share/colcon-core/packages/pinky_navigation)
[2.922s] DEBUG:colcon.colcon_parallel_executor.executor.parallel:closing loop
[2.923s] DEBUG:colcon.colcon_parallel_executor.executor.parallel:loop closed
[2.923s] DEBUG:colcon.colcon_parallel_executor.executor.parallel:run_until_complete finished with '0'
[2.924s] DEBUG:colcon.colcon_core.event_reactor:joining thread
[2.971s] INFO:colcon.colcon_core.plugin_system:Skipping extension 'colcon_notification.desktop_notification.terminal_notifier': Not used on non-Darwin systems
[2.971s] INFO:colcon.colcon_core.plugin_system:Skipping extension 'colcon_notification.desktop_notification.win32': Not used on non-Windows systems
[2.971s] INFO:colcon.colcon_notification.desktop_notification:Sending desktop notification using 'notify2'
[2.977s] DEBUG:colcon.colcon_notification.desktop_notification.notify2:Failed to initialize notify2: org.freedesktop.DBus.Error.ServiceUnknown: The name org.freedesktop.Notifications was not provided by any .service files
[2.977s] DEBUG:colcon.colcon_core.event_reactor:joined thread
[2.979s] INFO:colcon.colcon_core.shell:Creating prefix script '/home/pinky/pinky_pro/install/local_setup.ps1'
[2.982s] INFO:colcon.colcon_core.shell:Creating prefix util module '/home/pinky/pinky_pro/install/_local_setup_util_ps1.py'
[2.989s] INFO:colcon.colcon_core.shell:Creating prefix chain script '/home/pinky/pinky_pro/install/setup.ps1'
[2.998s] INFO:colcon.colcon_core.shell:Creating prefix script '/home/pinky/pinky_pro/install/local_setup.sh'
[3.001s] INFO:colcon.colcon_core.shell:Creating prefix util module '/home/pinky/pinky_pro/install/_local_setup_util_sh.py'
[3.004s] INFO:colcon.colcon_core.shell:Creating prefix chain script '/home/pinky/pinky_pro/install/setup.sh'
[3.011s] INFO:colcon.colcon_core.shell:Creating prefix script '/home/pinky/pinky_pro/install/local_setup.bash'
[3.013s] INFO:colcon.colcon_core.shell:Creating prefix chain script '/home/pinky/pinky_pro/install/setup.bash'
[3.020s] INFO:colcon.colcon_core.shell:Creating prefix script '/home/pinky/pinky_pro/install/local_setup.zsh'
[3.022s] INFO:colcon.colcon_core.shell:Creating prefix chain script '/home/pinky/pinky_pro/install/setup.zsh'
