running egg_info
writing ../../../build/pinky_emotion/pinky_emotion.egg-info/PKG-INFO
writing dependency_links to ../../../build/pinky_emotion/pinky_emotion.egg-info/dependency_links.txt
writing entry points to ../../../build/pinky_emotion/pinky_emotion.egg-info/entry_points.txt
writing requirements to ../../../build/pinky_emotion/pinky_emotion.egg-info/requires.txt
writing top-level names to ../../../build/pinky_emotion/pinky_emotion.egg-info/top_level.txt
reading manifest file '../../../build/pinky_emotion/pinky_emotion.egg-info/SOURCES.txt'
writing manifest file '../../../build/pinky_emotion/pinky_emotion.egg-info/SOURCES.txt'
running build
running build_py
copying pinky_emotion/__init__.py -> /home/pinky/pinky_pro/build/pinky_emotion/build/lib/pinky_emotion
copying pinky_emotion/pinky_lcd.py -> /home/pinky/pinky_pro/build/pinky_emotion/build/lib/pinky_emotion
copying pinky_emotion/pinky_emotion.py -> /home/pinky/pinky_pro/build/pinky_emotion/build/lib/pinky_emotion
copying pinky_emotion/emotion_server.py -> /home/pinky/pinky_pro/build/pinky_emotion/build/lib/pinky_emotion
running install
running install_lib
running install_data
copying resource/pinky_emotion -> /home/pinky/pinky_pro/install/pinky_emotion/share/ament_index/resource_index/packages
copying package.xml -> /home/pinky/pinky_pro/install/pinky_emotion/share/pinky_emotion
copying emotion/angry.gif -> /home/pinky/pinky_pro/install/pinky_emotion/share/pinky_emotion/emotion
copying emotion/basic.gif -> /home/pinky/pinky_pro/install/pinky_emotion/share/pinky_emotion/emotion
copying emotion/bored.gif -> /home/pinky/pinky_pro/install/pinky_emotion/share/pinky_emotion/emotion
copying emotion/hello.gif -> /home/pinky/pinky_pro/install/pinky_emotion/share/pinky_emotion/emotion
copying emotion/interest.gif -> /home/pinky/pinky_pro/install/pinky_emotion/share/pinky_emotion/emotion
copying emotion/fun.gif -> /home/pinky/pinky_pro/install/pinky_emotion/share/pinky_emotion/emotion
copying emotion/happy.gif -> /home/pinky/pinky_pro/install/pinky_emotion/share/pinky_emotion/emotion
copying emotion/sad.gif -> /home/pinky/pinky_pro/install/pinky_emotion/share/pinky_emotion/emotion
running install_egg_info
removing '/home/pinky/pinky_pro/install/pinky_emotion/lib/python3.12/site-packages/pinky_emotion-0.0.0-py3.12.egg-info' (and everything under it)
Copying ../../../build/pinky_emotion/pinky_emotion.egg-info to /home/pinky/pinky_pro/install/pinky_emotion/lib/python3.12/site-packages/pinky_emotion-0.0.0-py3.12.egg-info
running install_scripts
Installing emotion_server script to /home/pinky/pinky_pro/install/pinky_emotion/lib/pinky_emotion
Installing pinky_emotion script to /home/pinky/pinky_pro/install/pinky_emotion/lib/pinky_emotion
writing list of installed files to '/home/pinky/pinky_pro/build/pinky_emotion/install.log'
