[10.438s] Invoking command in '/home/pinky/pinky_pro/src/pinky_pro/pinky_emotion': DEBUGINFOD_URLS=https://debuginfod.ubuntu.com PYTHONPATH=/home/pinky/pinky_pro/build/pinky_emotion/prefix_override:/usr/lib/python3/dist-packages/colcon_core/task/python/colcon_distutils_commands:/home/pinky/pinky_pro/install/pinky_emotion/lib/python3.12/site-packages:${PYTHONPATH} /usr/bin/python3 -W ignore:setup.py install is deprecated -W ignore:easy_install command is deprecated setup.py egg_info --egg-base ../../../build/pinky_emotion build --build-base /home/pinky/pinky_pro/build/pinky_emotion/build install --record /home/pinky/pinky_pro/build/pinky_emotion/install.log --single-version-externally-managed install_data
[13.194s] running egg_info
[13.479s] writing ../../../build/pinky_emotion/pinky_emotion.egg-info/PKG-INFO
[13.486s] writing dependency_links to ../../../build/pinky_emotion/pinky_emotion.egg-info/dependency_links.txt
[13.487s] writing entry points to ../../../build/pinky_emotion/pinky_emotion.egg-info/entry_points.txt
[13.494s] writing requirements to ../../../build/pinky_emotion/pinky_emotion.egg-info/requires.txt
[13.500s] writing top-level names to ../../../build/pinky_emotion/pinky_emotion.egg-info/top_level.txt
[13.958s] reading manifest file '../../../build/pinky_emotion/pinky_emotion.egg-info/SOURCES.txt'
[13.963s] writing manifest file '../../../build/pinky_emotion/pinky_emotion.egg-info/SOURCES.txt'
[13.976s] running build
[13.976s] running build_py
[13.977s] copying pinky_emotion/__init__.py -> /home/pinky/pinky_pro/build/pinky_emotion/build/lib/pinky_emotion
[13.977s] copying pinky_emotion/pinky_lcd.py -> /home/pinky/pinky_pro/build/pinky_emotion/build/lib/pinky_emotion
[13.981s] copying pinky_emotion/pinky_emotion.py -> /home/pinky/pinky_pro/build/pinky_emotion/build/lib/pinky_emotion
[13.982s] copying pinky_emotion/emotion_server.py -> /home/pinky/pinky_pro/build/pinky_emotion/build/lib/pinky_emotion
[13.982s] running install
[14.004s] running install_lib
[14.200s] running install_data
[14.202s] copying resource/pinky_emotion -> /home/pinky/pinky_pro/install/pinky_emotion/share/ament_index/resource_index/packages
[14.202s] copying package.xml -> /home/pinky/pinky_pro/install/pinky_emotion/share/pinky_emotion
[14.203s] copying emotion/angry.gif -> /home/pinky/pinky_pro/install/pinky_emotion/share/pinky_emotion/emotion
[14.221s] copying emotion/basic.gif -> /home/pinky/pinky_pro/install/pinky_emotion/share/pinky_emotion/emotion
[14.275s] copying emotion/bored.gif -> /home/pinky/pinky_pro/install/pinky_emotion/share/pinky_emotion/emotion
[14.308s] copying emotion/hello.gif -> /home/pinky/pinky_pro/install/pinky_emotion/share/pinky_emotion/emotion
[14.330s] copying emotion/interest.gif -> /home/pinky/pinky_pro/install/pinky_emotion/share/pinky_emotion/emotion
[14.372s] copying emotion/fun.gif -> /home/pinky/pinky_pro/install/pinky_emotion/share/pinky_emotion/emotion
[14.396s] copying emotion/happy.gif -> /home/pinky/pinky_pro/install/pinky_emotion/share/pinky_emotion/emotion
[14.421s] copying emotion/sad.gif -> /home/pinky/pinky_pro/install/pinky_emotion/share/pinky_emotion/emotion
[14.462s] running install_egg_info
[14.722s] removing '/home/pinky/pinky_pro/install/pinky_emotion/lib/python3.12/site-packages/pinky_emotion-0.0.0-py3.12.egg-info' (and everything under it)
[14.724s] Copying ../../../build/pinky_emotion/pinky_emotion.egg-info to /home/pinky/pinky_pro/install/pinky_emotion/lib/python3.12/site-packages/pinky_emotion-0.0.0-py3.12.egg-info
[14.733s] running install_scripts
[16.280s] Installing emotion_server script to /home/pinky/pinky_pro/install/pinky_emotion/lib/pinky_emotion
[16.287s] Installing pinky_emotion script to /home/pinky/pinky_pro/install/pinky_emotion/lib/pinky_emotion
[16.290s] writing list of installed files to '/home/pinky/pinky_pro/build/pinky_emotion/install.log'
[16.453s] Invoked command in '/home/pinky/pinky_pro/src/pinky_pro/pinky_emotion' returned '0': DEBUGINFOD_URLS=https://debuginfod.ubuntu.com PYTHONPATH=/home/pinky/pinky_pro/build/pinky_emotion/prefix_override:/usr/lib/python3/dist-packages/colcon_core/task/python/colcon_distutils_commands:/home/pinky/pinky_pro/install/pinky_emotion/lib/python3.12/site-packages:${PYTHONPATH} /usr/bin/python3 -W ignore:setup.py install is deprecated -W ignore:easy_install command is deprecated setup.py egg_info --egg-base ../../../build/pinky_emotion build --build-base /home/pinky/pinky_pro/build/pinky_emotion/build install --record /home/pinky/pinky_pro/build/pinky_emotion/install.log --single-version-externally-managed install_data
