-- Install configuration: ""
-- Up-to-date: /home/pinky/pinky_pro/install/pinky_description/share/pinky_description/launch
-- Up-to-date: /home/pinky/pinky_pro/install/pinky_description/share/pinky_description/launch/upload_robot.launch.py
-- Up-to-date: /home/pinky/pinky_pro/install/pinky_description/share/pinky_description/launch/view_robot.launch.py
-- Up-to-date: /home/pinky/pinky_pro/install/pinky_description/share/pinky_description/meshes
-- Up-to-date: /home/pinky/pinky_pro/install/pinky_description/share/pinky_description/meshes/collision
-- Up-to-date: /home/pinky/pinky_pro/install/pinky_description/share/pinky_description/meshes/collision/main_wheel.stl
-- Up-to-date: /home/pinky/pinky_pro/install/pinky_description/share/pinky_description/meshes/collision/caster_rotate.stl
-- Up-to-date: /home/pinky/pinky_pro/install/pinky_description/share/pinky_description/meshes/collision/camera_assy.stl
-- Up-to-date: /home/pinky/pinky_pro/install/pinky_description/share/pinky_description/meshes/collision/front_camera_mount.stl
-- Up-to-date: /home/pinky/pinky_pro/install/pinky_description/share/pinky_description/meshes/collision/caster_mount.stl
-- Up-to-date: /home/pinky/pinky_pro/install/pinky_description/share/pinky_description/meshes/collision/base_link.stl
-- Up-to-date: /home/pinky/pinky_pro/install/pinky_description/share/pinky_description/meshes/collision/rplidar_c1.stl
-- Up-to-date: /home/pinky/pinky_pro/install/pinky_description/share/pinky_description/meshes/collision/screen_assy.stl
-- Up-to-date: /home/pinky/pinky_pro/install/pinky_description/share/pinky_description/meshes/collision/robot_lamp.stl
-- Up-to-date: /home/pinky/pinky_pro/install/pinky_description/share/pinky_description/meshes/visual
-- Up-to-date: /home/pinky/pinky_pro/install/pinky_description/share/pinky_description/meshes/visual/main_wheel.dae
-- Up-to-date: /home/pinky/pinky_pro/install/pinky_description/share/pinky_description/meshes/visual/caster_mount.dae
-- Up-to-date: /home/pinky/pinky_pro/install/pinky_description/share/pinky_description/meshes/visual/camera_assy.dae
-- Up-to-date: /home/pinky/pinky_pro/install/pinky_description/share/pinky_description/meshes/visual/base_link.dae
-- Up-to-date: /home/pinky/pinky_pro/install/pinky_description/share/pinky_description/meshes/visual/caster_rotate.dae
-- Up-to-date: /home/pinky/pinky_pro/install/pinky_description/share/pinky_description/meshes/visual/rplidar_c1.dae
-- Up-to-date: /home/pinky/pinky_pro/install/pinky_description/share/pinky_description/meshes/visual/front_camera_mount.dae
-- Up-to-date: /home/pinky/pinky_pro/install/pinky_description/share/pinky_description/meshes/visual/caster_wheel.dae
-- Up-to-date: /home/pinky/pinky_pro/install/pinky_description/share/pinky_description/meshes/visual/robot_lamp.dae
-- Up-to-date: /home/pinky/pinky_pro/install/pinky_description/share/pinky_description/meshes/visual/screen_assy.dae
-- Up-to-date: /home/pinky/pinky_pro/install/pinky_description/share/pinky_description/rviz
-- Up-to-date: /home/pinky/pinky_pro/install/pinky_description/share/pinky_description/rviz/view_robot.rviz
-- Up-to-date: /home/pinky/pinky_pro/install/pinky_description/share/pinky_description/urdf
-- Up-to-date: /home/pinky/pinky_pro/install/pinky_description/share/pinky_description/urdf/robot.urdf.xacro
-- Up-to-date: /home/pinky/pinky_pro/install/pinky_description/share/pinky_description/urdf/pinky.urdf.xacro
-- Up-to-date: /home/pinky/pinky_pro/install/pinky_description/share/pinky_description/urdf/pinky_gz.urdf.xacro
-- Up-to-date: /home/pinky/pinky_pro/install/pinky_description/share/pinky_description/urdf/common
-- Up-to-date: /home/pinky/pinky_pro/install/pinky_description/share/pinky_description/urdf/common/insert_inertia.urdf.xacro
-- Up-to-date: /home/pinky/pinky_pro/install/pinky_description/share/ament_index/resource_index/package_run_dependencies/pinky_description
-- Up-to-date: /home/pinky/pinky_pro/install/pinky_description/share/ament_index/resource_index/parent_prefix_path/pinky_description
-- Up-to-date: /home/pinky/pinky_pro/install/pinky_description/share/pinky_description/environment/ament_prefix_path.sh
-- Up-to-date: /home/pinky/pinky_pro/install/pinky_description/share/pinky_description/environment/ament_prefix_path.dsv
-- Up-to-date: /home/pinky/pinky_pro/install/pinky_description/share/pinky_description/environment/path.sh
-- Up-to-date: /home/pinky/pinky_pro/install/pinky_description/share/pinky_description/environment/path.dsv
-- Up-to-date: /home/pinky/pinky_pro/install/pinky_description/share/pinky_description/local_setup.bash
-- Up-to-date: /home/pinky/pinky_pro/install/pinky_description/share/pinky_description/local_setup.sh
-- Up-to-date: /home/pinky/pinky_pro/install/pinky_description/share/pinky_description/local_setup.zsh
-- Up-to-date: /home/pinky/pinky_pro/install/pinky_description/share/pinky_description/local_setup.dsv
-- Installing: /home/pinky/pinky_pro/install/pinky_description/share/pinky_description/package.dsv
-- Up-to-date: /home/pinky/pinky_pro/install/pinky_description/share/ament_index/resource_index/packages/pinky_description
-- Up-to-date: /home/pinky/pinky_pro/install/pinky_description/share/pinky_description/cmake/pinky_descriptionConfig.cmake
-- Up-to-date: /home/pinky/pinky_pro/install/pinky_description/share/pinky_description/cmake/pinky_descriptionConfig-version.cmake
-- Up-to-date: /home/pinky/pinky_pro/install/pinky_description/share/pinky_description/package.xml
