[1.350s] Invoking command in '/home/pinky/pinky_pro/build/pinky_description': CMAKE_PREFIX_PATH=${CMAKE_PREFIX_PATH}:/home/pinky/pinky_pro/install/pinky_led:/home/pinky/pinky_pro/install/pinky_emotion:/home/pinky/pinky_pro/install/pinky_bringup:/opt/ros/jazzy DEBUGINFOD_URLS=https://debuginfod.ubuntu.com /usr/bin/cmake --build /home/pinky/pinky_pro/build/pinky_description -- -j4 -l4
[2.622s] Invoked command in '/home/pinky/pinky_pro/build/pinky_description' returned '0': CMAKE_PREFIX_PATH=${CMAKE_PREFIX_PATH}:/home/pinky/pinky_pro/install/pinky_led:/home/pinky/pinky_pro/install/pinky_emotion:/home/pinky/pinky_pro/install/pinky_bringup:/opt/ros/jazzy DEBUGINFOD_URLS=https://debuginfod.ubuntu.com /usr/bin/cmake --build /home/pinky/pinky_pro/build/pinky_description -- -j4 -l4
[2.683s] Invoking command in '/home/pinky/pinky_pro/build/pinky_description': CMAKE_PREFIX_PATH=${CMAKE_PREFIX_PATH}:/home/pinky/pinky_pro/install/pinky_led:/home/pinky/pinky_pro/install/pinky_emotion:/home/pinky/pinky_pro/install/pinky_bringup:/opt/ros/jazzy DEBUGINFOD_URLS=https://debuginfod.ubuntu.com /usr/bin/cmake --install /home/pinky/pinky_pro/build/pinky_description
[2.770s] -- Install configuration: ""
[2.777s] -- Up-to-date: /home/pinky/pinky_pro/install/pinky_description/share/pinky_description/launch
[2.785s] -- Up-to-date: /home/pinky/pinky_pro/install/pinky_description/share/pinky_description/launch/upload_robot.launch.py
[2.786s] -- Up-to-date: /home/pinky/pinky_pro/install/pinky_description/share/pinky_description/launch/view_robot.launch.py
[2.787s] -- Up-to-date: /home/pinky/pinky_pro/install/pinky_description/share/pinky_description/meshes
[2.789s] -- Up-to-date: /home/pinky/pinky_pro/install/pinky_description/share/pinky_description/meshes/collision
[2.789s] -- Up-to-date: /home/pinky/pinky_pro/install/pinky_description/share/pinky_description/meshes/collision/main_wheel.stl
[2.790s] -- Up-to-date: /home/pinky/pinky_pro/install/pinky_description/share/pinky_description/meshes/collision/caster_rotate.stl
[2.790s] -- Up-to-date: /home/pinky/pinky_pro/install/pinky_description/share/pinky_description/meshes/collision/camera_assy.stl
[2.791s] -- Up-to-date: /home/pinky/pinky_pro/install/pinky_description/share/pinky_description/meshes/collision/front_camera_mount.stl
[2.796s] -- Up-to-date: /home/pinky/pinky_pro/install/pinky_description/share/pinky_description/meshes/collision/caster_mount.stl
[2.797s] -- Up-to-date: /home/pinky/pinky_pro/install/pinky_description/share/pinky_description/meshes/collision/base_link.stl
[2.798s] -- Up-to-date: /home/pinky/pinky_pro/install/pinky_description/share/pinky_description/meshes/collision/rplidar_c1.stl
[2.798s] -- Up-to-date: /home/pinky/pinky_pro/install/pinky_description/share/pinky_description/meshes/collision/screen_assy.stl
[2.803s] -- Up-to-date: /home/pinky/pinky_pro/install/pinky_description/share/pinky_description/meshes/collision/robot_lamp.stl
[2.803s] -- Up-to-date: /home/pinky/pinky_pro/install/pinky_description/share/pinky_description/meshes/visual
[2.804s] -- Up-to-date: /home/pinky/pinky_pro/install/pinky_description/share/pinky_description/meshes/visual/main_wheel.dae
[2.804s] -- Up-to-date: /home/pinky/pinky_pro/install/pinky_description/share/pinky_description/meshes/visual/caster_mount.dae
[2.805s] -- Up-to-date: /home/pinky/pinky_pro/install/pinky_description/share/pinky_description/meshes/visual/camera_assy.dae
[2.809s] -- Up-to-date: /home/pinky/pinky_pro/install/pinky_description/share/pinky_description/meshes/visual/base_link.dae
[2.809s] -- Up-to-date: /home/pinky/pinky_pro/install/pinky_description/share/pinky_description/meshes/visual/caster_rotate.dae
[2.810s] -- Up-to-date: /home/pinky/pinky_pro/install/pinky_description/share/pinky_description/meshes/visual/rplidar_c1.dae
[2.811s] -- Up-to-date: /home/pinky/pinky_pro/install/pinky_description/share/pinky_description/meshes/visual/front_camera_mount.dae
[2.811s] -- Up-to-date: /home/pinky/pinky_pro/install/pinky_description/share/pinky_description/meshes/visual/caster_wheel.dae
[2.817s] -- Up-to-date: /home/pinky/pinky_pro/install/pinky_description/share/pinky_description/meshes/visual/robot_lamp.dae
[2.818s] -- Up-to-date: /home/pinky/pinky_pro/install/pinky_description/share/pinky_description/meshes/visual/screen_assy.dae
[2.818s] -- Up-to-date: /home/pinky/pinky_pro/install/pinky_description/share/pinky_description/rviz
[2.819s] -- Up-to-date: /home/pinky/pinky_pro/install/pinky_description/share/pinky_description/rviz/view_robot.rviz
[2.822s] -- Up-to-date: /home/pinky/pinky_pro/install/pinky_description/share/pinky_description/urdf
[2.823s] -- Up-to-date: /home/pinky/pinky_pro/install/pinky_description/share/pinky_description/urdf/robot.urdf.xacro
[2.824s] -- Up-to-date: /home/pinky/pinky_pro/install/pinky_description/share/pinky_description/urdf/pinky.urdf.xacro
[2.825s] -- Up-to-date: /home/pinky/pinky_pro/install/pinky_description/share/pinky_description/urdf/pinky_gz.urdf.xacro
[2.829s] -- Up-to-date: /home/pinky/pinky_pro/install/pinky_description/share/pinky_description/urdf/common
[2.830s] -- Up-to-date: /home/pinky/pinky_pro/install/pinky_description/share/pinky_description/urdf/common/insert_inertia.urdf.xacro
[2.830s] -- Up-to-date: /home/pinky/pinky_pro/install/pinky_description/share/ament_index/resource_index/package_run_dependencies/pinky_description
[2.831s] -- Up-to-date: /home/pinky/pinky_pro/install/pinky_description/share/ament_index/resource_index/parent_prefix_path/pinky_description
[2.835s] -- Up-to-date: /home/pinky/pinky_pro/install/pinky_description/share/pinky_description/environment/ament_prefix_path.sh
[2.836s] -- Up-to-date: /home/pinky/pinky_pro/install/pinky_description/share/pinky_description/environment/ament_prefix_path.dsv
[2.837s] -- Up-to-date: /home/pinky/pinky_pro/install/pinky_description/share/pinky_description/environment/path.sh
[2.841s] -- Up-to-date: /home/pinky/pinky_pro/install/pinky_description/share/pinky_description/environment/path.dsv
[2.842s] -- Up-to-date: /home/pinky/pinky_pro/install/pinky_description/share/pinky_description/local_setup.bash
[2.842s] -- Up-to-date: /home/pinky/pinky_pro/install/pinky_description/share/pinky_description/local_setup.sh
[2.843s] -- Up-to-date: /home/pinky/pinky_pro/install/pinky_description/share/pinky_description/local_setup.zsh
[2.847s] -- Up-to-date: /home/pinky/pinky_pro/install/pinky_description/share/pinky_description/local_setup.dsv
[2.847s] -- Installing: /home/pinky/pinky_pro/install/pinky_description/share/pinky_description/package.dsv
[2.848s] -- Up-to-date: /home/pinky/pinky_pro/install/pinky_description/share/ament_index/resource_index/packages/pinky_description
[2.849s] -- Up-to-date: /home/pinky/pinky_pro/install/pinky_description/share/pinky_description/cmake/pinky_descriptionConfig.cmake
[2.856s] -- Up-to-date: /home/pinky/pinky_pro/install/pinky_description/share/pinky_description/cmake/pinky_descriptionConfig-version.cmake
[2.856s] -- Up-to-date: /home/pinky/pinky_pro/install/pinky_description/share/pinky_description/package.xml
[2.857s] Invoked command in '/home/pinky/pinky_pro/build/pinky_description' returned '0': CMAKE_PREFIX_PATH=${CMAKE_PREFIX_PATH}:/home/pinky/pinky_pro/install/pinky_led:/home/pinky/pinky_pro/install/pinky_emotion:/home/pinky/pinky_pro/install/pinky_bringup:/opt/ros/jazzy DEBUGINFOD_URLS=https://debuginfod.ubuntu.com /usr/bin/cmake --install /home/pinky/pinky_pro/build/pinky_description
