[0.875s] DEBUG:colcon:Command line arguments: ['/usr/bin/colcon', 'build', '--packages-select', 'pinky_navigation']
[0.876s] DEBUG:colcon:Parsed command line arguments: Namespace(log_base=None, log_level=None, verb_name='build', build_base='build', install_base='install', merge_install=False, symlink_install=False, test_result_base=None, continue_on_error=False, executor='parallel', parallel_workers=4, event_handlers=None, ignore_user_meta=False, metas=['./colcon.meta'], base_paths=['.'], packages_ignore=None, packages_ignore_regex=None, paths=None, packages_up_to=None, packages_up_to_regex=None, packages_above=None, packages_above_and_dependencies=None, packages_above_depth=None, packages_select_by_dep=None, packages_skip_by_dep=None, packages_skip_up_to=None, packages_select_build_failed=False, packages_skip_build_finished=False, packages_select_test_failures=False, packages_skip_test_passed=False, packages_select=['pinky_navigation'], packages_skip=None, packages_select_regex=None, packages_skip_regex=None, packages_start=None, packages_end=None, allow_overriding=[], cmake_args=None, cmake_target=None, cmake_target_skip_unavailable=False, cmake_clean_cache=False, cmake_clean_first=False, cmake_force_configure=False, ament_cmake_args=None, catkin_cmake_args=None, catkin_skip_building_tests=False, mixin_files=None, mixin=None, verb_parser=<colcon_mixin.mixin.mixin_argument.MixinArgumentDecorator object at 0xffffa75b4c50>, verb_extension=<colcon_core.verb.build.BuildVerb object at 0xffffa75b46e0>, main=<bound method BuildVerb.main of <colcon_core.verb.build.BuildVerb object at 0xffffa75b46e0>>, mixin_verb=('build',))
[1.066s] Level 1:colcon.colcon_core.package_discovery:discover_packages(colcon_meta) check parameters
[1.066s] Level 1:colcon.colcon_core.package_discovery:discover_packages(recursive) check parameters
[1.067s] Level 1:colcon.colcon_core.package_discovery:discover_packages(ignore) check parameters
[1.067s] Level 1:colcon.colcon_core.package_discovery:discover_packages(path) check parameters
[1.067s] Level 1:colcon.colcon_core.package_discovery:discover_packages(colcon_meta) discover
[1.072s] Level 1:colcon.colcon_core.package_discovery:discover_packages(recursive) discover
[1.072s] INFO:colcon.colcon_core.package_discovery:Crawling recursively for packages in '/home/pinky/pinky_pro'
[1.072s] Level 1:colcon.colcon_core.package_identification:_identify(.) by extensions ['ignore', 'ignore_ament_install']
[1.073s] Level 1:colcon.colcon_core.package_identification:_identify(.) by extension 'ignore'
[1.073s] Level 1:colcon.colcon_core.package_identification:_identify(.) by extension 'ignore_ament_install'
[1.074s] Level 1:colcon.colcon_core.package_identification:_identify(.) by extensions ['colcon_pkg']
[1.074s] Level 1:colcon.colcon_core.package_identification:_identify(.) by extension 'colcon_pkg'
[1.074s] Level 1:colcon.colcon_core.package_identification:_identify(.) by extensions ['colcon_meta']
[1.074s] Level 1:colcon.colcon_core.package_identification:_identify(.) by extension 'colcon_meta'
[1.074s] Level 1:colcon.colcon_core.package_identification:_identify(.) by extensions ['ros']
[1.074s] Level 1:colcon.colcon_core.package_identification:_identify(.) by extension 'ros'
[1.406s] Level 1:colcon.colcon_core.package_identification:_identify(.) by extensions ['cmake', 'python']
[1.406s] Level 1:colcon.colcon_core.package_identification:_identify(.) by extension 'cmake'
[1.406s] Level 1:colcon.colcon_core.package_identification:_identify(.) by extension 'python'
[1.407s] Level 1:colcon.colcon_core.package_identification:_identify(.) by extensions ['python_setup_py']
[1.407s] Level 1:colcon.colcon_core.package_identification:_identify(.) by extension 'python_setup_py'
[1.407s] Level 1:colcon.colcon_core.package_identification:_identify(build) by extensions ['ignore', 'ignore_ament_install']
[1.408s] Level 1:colcon.colcon_core.package_identification:_identify(build) by extension 'ignore'
[1.408s] Level 1:colcon.colcon_core.package_identification:_identify(build) ignored
[1.409s] Level 1:colcon.colcon_core.package_identification:_identify(install) by extensions ['ignore', 'ignore_ament_install']
[1.409s] Level 1:colcon.colcon_core.package_identification:_identify(install) by extension 'ignore'
[1.409s] Level 1:colcon.colcon_core.package_identification:_identify(install) ignored
[1.410s] Level 1:colcon.colcon_core.package_identification:_identify(log) by extensions ['ignore', 'ignore_ament_install']
[1.410s] Level 1:colcon.colcon_core.package_identification:_identify(log) by extension 'ignore'
[1.411s] Level 1:colcon.colcon_core.package_identification:_identify(log) ignored
[1.411s] Level 1:colcon.colcon_core.package_identification:_identify(src) by extensions ['ignore', 'ignore_ament_install']
[1.411s] Level 1:colcon.colcon_core.package_identification:_identify(src) by extension 'ignore'
[1.411s] Level 1:colcon.colcon_core.package_identification:_identify(src) by extension 'ignore_ament_install'
[1.412s] Level 1:colcon.colcon_core.package_identification:_identify(src) by extensions ['colcon_pkg']
[1.412s] Level 1:colcon.colcon_core.package_identification:_identify(src) by extension 'colcon_pkg'
[1.412s] Level 1:colcon.colcon_core.package_identification:_identify(src) by extensions ['colcon_meta']
[1.412s] Level 1:colcon.colcon_core.package_identification:_identify(src) by extension 'colcon_meta'
[1.412s] Level 1:colcon.colcon_core.package_identification:_identify(src) by extensions ['ros']
[1.413s] Level 1:colcon.colcon_core.package_identification:_identify(src) by extension 'ros'
[1.413s] Level 1:colcon.colcon_core.package_identification:_identify(src) by extensions ['cmake', 'python']
[1.413s] Level 1:colcon.colcon_core.package_identification:_identify(src) by extension 'cmake'
[1.413s] Level 1:colcon.colcon_core.package_identification:_identify(src) by extension 'python'
[1.414s] Level 1:colcon.colcon_core.package_identification:_identify(src) by extensions ['python_setup_py']
[1.414s] Level 1:colcon.colcon_core.package_identification:_identify(src) by extension 'python_setup_py'
[1.414s] Level 1:colcon.colcon_core.package_identification:_identify(src/pinky_pro) by extensions ['ignore', 'ignore_ament_install']
[1.415s] Level 1:colcon.colcon_core.package_identification:_identify(src/pinky_pro) by extension 'ignore'
[1.415s] Level 1:colcon.colcon_core.package_identification:_identify(src/pinky_pro) by extension 'ignore_ament_install'
[1.415s] Level 1:colcon.colcon_core.package_identification:_identify(src/pinky_pro) by extensions ['colcon_pkg']
[1.416s] Level 1:colcon.colcon_core.package_identification:_identify(src/pinky_pro) by extension 'colcon_pkg'
[1.416s] Level 1:colcon.colcon_core.package_identification:_identify(src/pinky_pro) by extensions ['colcon_meta']
[1.416s] Level 1:colcon.colcon_core.package_identification:_identify(src/pinky_pro) by extension 'colcon_meta'
[1.417s] Level 1:colcon.colcon_core.package_identification:_identify(src/pinky_pro) by extensions ['ros']
[1.417s] Level 1:colcon.colcon_core.package_identification:_identify(src/pinky_pro) by extension 'ros'
[1.417s] Level 1:colcon.colcon_core.package_identification:_identify(src/pinky_pro) by extensions ['cmake', 'python']
[1.417s] Level 1:colcon.colcon_core.package_identification:_identify(src/pinky_pro) by extension 'cmake'
[1.418s] Level 1:colcon.colcon_core.package_identification:_identify(src/pinky_pro) by extension 'python'
[1.418s] Level 1:colcon.colcon_core.package_identification:_identify(src/pinky_pro) by extensions ['python_setup_py']
[1.418s] Level 1:colcon.colcon_core.package_identification:_identify(src/pinky_pro) by extension 'python_setup_py'
[1.419s] Level 1:colcon.colcon_core.package_identification:_identify(src/pinky_pro/doc) by extensions ['ignore', 'ignore_ament_install']
[1.420s] Level 1:colcon.colcon_core.package_identification:_identify(src/pinky_pro/doc) by extension 'ignore'
[1.420s] Level 1:colcon.colcon_core.package_identification:_identify(src/pinky_pro/doc) by extension 'ignore_ament_install'
[1.421s] Level 1:colcon.colcon_core.package_identification:_identify(src/pinky_pro/doc) by extensions ['colcon_pkg']
[1.421s] Level 1:colcon.colcon_core.package_identification:_identify(src/pinky_pro/doc) by extension 'colcon_pkg'
[1.421s] Level 1:colcon.colcon_core.package_identification:_identify(src/pinky_pro/doc) by extensions ['colcon_meta']
[1.421s] Level 1:colcon.colcon_core.package_identification:_identify(src/pinky_pro/doc) by extension 'colcon_meta'
[1.422s] Level 1:colcon.colcon_core.package_identification:_identify(src/pinky_pro/doc) by extensions ['ros']
[1.422s] Level 1:colcon.colcon_core.package_identification:_identify(src/pinky_pro/doc) by extension 'ros'
[1.423s] Level 1:colcon.colcon_core.package_identification:_identify(src/pinky_pro/doc) by extensions ['cmake', 'python']
[1.423s] Level 1:colcon.colcon_core.package_identification:_identify(src/pinky_pro/doc) by extension 'cmake'
[1.423s] Level 1:colcon.colcon_core.package_identification:_identify(src/pinky_pro/doc) by extension 'python'
[1.424s] Level 1:colcon.colcon_core.package_identification:_identify(src/pinky_pro/doc) by extensions ['python_setup_py']
[1.424s] Level 1:colcon.colcon_core.package_identification:_identify(src/pinky_pro/doc) by extension 'python_setup_py'
[1.425s] Level 1:colcon.colcon_core.package_identification:_identify(src/pinky_pro/pinky_bringup) by extensions ['ignore', 'ignore_ament_install']
[1.425s] Level 1:colcon.colcon_core.package_identification:_identify(src/pinky_pro/pinky_bringup) by extension 'ignore'
[1.425s] Level 1:colcon.colcon_core.package_identification:_identify(src/pinky_pro/pinky_bringup) by extension 'ignore_ament_install'
[1.426s] Level 1:colcon.colcon_core.package_identification:_identify(src/pinky_pro/pinky_bringup) by extensions ['colcon_pkg']
[1.426s] Level 1:colcon.colcon_core.package_identification:_identify(src/pinky_pro/pinky_bringup) by extension 'colcon_pkg'
[1.426s] Level 1:colcon.colcon_core.package_identification:_identify(src/pinky_pro/pinky_bringup) by extensions ['colcon_meta']
[1.426s] Level 1:colcon.colcon_core.package_identification:_identify(src/pinky_pro/pinky_bringup) by extension 'colcon_meta'
[1.427s] Level 1:colcon.colcon_core.package_identification:_identify(src/pinky_pro/pinky_bringup) by extensions ['ros']
[1.427s] Level 1:colcon.colcon_core.package_identification:_identify(src/pinky_pro/pinky_bringup) by extension 'ros'
[1.438s] DEBUG:colcon.colcon_core.package_identification:Package 'src/pinky_pro/pinky_bringup' with type 'ros.ament_python' and name 'pinky_bringup'
[1.438s] Level 1:colcon.colcon_core.package_identification:_identify(src/pinky_pro/pinky_description) by extensions ['ignore', 'ignore_ament_install']
[1.439s] Level 1:colcon.colcon_core.package_identification:_identify(src/pinky_pro/pinky_description) by extension 'ignore'
[1.439s] Level 1:colcon.colcon_core.package_identification:_identify(src/pinky_pro/pinky_description) by extension 'ignore_ament_install'
[1.439s] Level 1:colcon.colcon_core.package_identification:_identify(src/pinky_pro/pinky_description) by extensions ['colcon_pkg']
[1.440s] Level 1:colcon.colcon_core.package_identification:_identify(src/pinky_pro/pinky_description) by extension 'colcon_pkg'
[1.440s] Level 1:colcon.colcon_core.package_identification:_identify(src/pinky_pro/pinky_description) by extensions ['colcon_meta']
[1.440s] Level 1:colcon.colcon_core.package_identification:_identify(src/pinky_pro/pinky_description) by extension 'colcon_meta'
[1.440s] Level 1:colcon.colcon_core.package_identification:_identify(src/pinky_pro/pinky_description) by extensions ['ros']
[1.440s] Level 1:colcon.colcon_core.package_identification:_identify(src/pinky_pro/pinky_description) by extension 'ros'
[1.443s] DEBUG:colcon.colcon_core.package_identification:Package 'src/pinky_pro/pinky_description' with type 'ros.ament_cmake' and name 'pinky_description'
[1.444s] Level 1:colcon.colcon_core.package_identification:_identify(src/pinky_pro/pinky_emotion) by extensions ['ignore', 'ignore_ament_install']
[1.444s] Level 1:colcon.colcon_core.package_identification:_identify(src/pinky_pro/pinky_emotion) by extension 'ignore'
[1.445s] Level 1:colcon.colcon_core.package_identification:_identify(src/pinky_pro/pinky_emotion) by extension 'ignore_ament_install'
[1.445s] Level 1:colcon.colcon_core.package_identification:_identify(src/pinky_pro/pinky_emotion) by extensions ['colcon_pkg']
[1.445s] Level 1:colcon.colcon_core.package_identification:_identify(src/pinky_pro/pinky_emotion) by extension 'colcon_pkg'
[1.446s] Level 1:colcon.colcon_core.package_identification:_identify(src/pinky_pro/pinky_emotion) by extensions ['colcon_meta']
[1.446s] Level 1:colcon.colcon_core.package_identification:_identify(src/pinky_pro/pinky_emotion) by extension 'colcon_meta'
[1.446s] Level 1:colcon.colcon_core.package_identification:_identify(src/pinky_pro/pinky_emotion) by extensions ['ros']
[1.446s] Level 1:colcon.colcon_core.package_identification:_identify(src/pinky_pro/pinky_emotion) by extension 'ros'
[1.448s] DEBUG:colcon.colcon_core.package_identification:Package 'src/pinky_pro/pinky_emotion' with type 'ros.ament_python' and name 'pinky_emotion'
[1.448s] Level 1:colcon.colcon_core.package_identification:_identify(src/pinky_pro/pinky_gz_sim) by extensions ['ignore', 'ignore_ament_install']
[1.449s] Level 1:colcon.colcon_core.package_identification:_identify(src/pinky_pro/pinky_gz_sim) by extension 'ignore'
[1.449s] Level 1:colcon.colcon_core.package_identification:_identify(src/pinky_pro/pinky_gz_sim) by extension 'ignore_ament_install'
[1.449s] Level 1:colcon.colcon_core.package_identification:_identify(src/pinky_pro/pinky_gz_sim) by extensions ['colcon_pkg']
[1.449s] Level 1:colcon.colcon_core.package_identification:_identify(src/pinky_pro/pinky_gz_sim) by extension 'colcon_pkg'
[1.450s] Level 1:colcon.colcon_core.package_identification:_identify(src/pinky_pro/pinky_gz_sim) by extensions ['colcon_meta']
[1.450s] Level 1:colcon.colcon_core.package_identification:_identify(src/pinky_pro/pinky_gz_sim) by extension 'colcon_meta'
[1.450s] Level 1:colcon.colcon_core.package_identification:_identify(src/pinky_pro/pinky_gz_sim) by extensions ['ros']
[1.450s] Level 1:colcon.colcon_core.package_identification:_identify(src/pinky_pro/pinky_gz_sim) by extension 'ros'
[1.452s] DEBUG:colcon.colcon_core.package_identification:Package 'src/pinky_pro/pinky_gz_sim' with type 'ros.ament_cmake' and name 'pinky_gz_sim'
[1.453s] Level 1:colcon.colcon_core.package_identification:_identify(src/pinky_pro/pinky_imu_bno055) by extensions ['ignore', 'ignore_ament_install']
[1.453s] Level 1:colcon.colcon_core.package_identification:_identify(src/pinky_pro/pinky_imu_bno055) by extension 'ignore'
[1.454s] Level 1:colcon.colcon_core.package_identification:_identify(src/pinky_pro/pinky_imu_bno055) by extension 'ignore_ament_install'
[1.454s] Level 1:colcon.colcon_core.package_identification:_identify(src/pinky_pro/pinky_imu_bno055) by extensions ['colcon_pkg']
[1.454s] Level 1:colcon.colcon_core.package_identification:_identify(src/pinky_pro/pinky_imu_bno055) by extension 'colcon_pkg'
[1.455s] Level 1:colcon.colcon_core.package_identification:_identify(src/pinky_pro/pinky_imu_bno055) by extensions ['colcon_meta']
[1.455s] Level 1:colcon.colcon_core.package_identification:_identify(src/pinky_pro/pinky_imu_bno055) by extension 'colcon_meta'
[1.455s] Level 1:colcon.colcon_core.package_identification:_identify(src/pinky_pro/pinky_imu_bno055) by extensions ['ros']
[1.456s] Level 1:colcon.colcon_core.package_identification:_identify(src/pinky_pro/pinky_imu_bno055) by extension 'ros'
[1.458s] DEBUG:colcon.colcon_core.package_identification:Package 'src/pinky_pro/pinky_imu_bno055' with type 'ros.ament_cmake' and name 'pinky_imu_bno055'
[1.459s] Level 1:colcon.colcon_core.package_identification:_identify(src/pinky_pro/pinky_interfaces) by extensions ['ignore', 'ignore_ament_install']
[1.459s] Level 1:colcon.colcon_core.package_identification:_identify(src/pinky_pro/pinky_interfaces) by extension 'ignore'
[1.460s] Level 1:colcon.colcon_core.package_identification:_identify(src/pinky_pro/pinky_interfaces) by extension 'ignore_ament_install'
[1.460s] Level 1:colcon.colcon_core.package_identification:_identify(src/pinky_pro/pinky_interfaces) by extensions ['colcon_pkg']
[1.460s] Level 1:colcon.colcon_core.package_identification:_identify(src/pinky_pro/pinky_interfaces) by extension 'colcon_pkg'
[1.461s] Level 1:colcon.colcon_core.package_identification:_identify(src/pinky_pro/pinky_interfaces) by extensions ['colcon_meta']
[1.461s] Level 1:colcon.colcon_core.package_identification:_identify(src/pinky_pro/pinky_interfaces) by extension 'colcon_meta'
[1.461s] Level 1:colcon.colcon_core.package_identification:_identify(src/pinky_pro/pinky_interfaces) by extensions ['ros']
[1.461s] Level 1:colcon.colcon_core.package_identification:_identify(src/pinky_pro/pinky_interfaces) by extension 'ros'
[1.463s] DEBUG:colcon.colcon_core.package_identification:Package 'src/pinky_pro/pinky_interfaces' with type 'ros.ament_cmake' and name 'pinky_interfaces'
[1.464s] Level 1:colcon.colcon_core.package_identification:_identify(src/pinky_pro/pinky_led) by extensions ['ignore', 'ignore_ament_install']
[1.464s] Level 1:colcon.colcon_core.package_identification:_identify(src/pinky_pro/pinky_led) by extension 'ignore'
[1.465s] Level 1:colcon.colcon_core.package_identification:_identify(src/pinky_pro/pinky_led) by extension 'ignore_ament_install'
[1.465s] Level 1:colcon.colcon_core.package_identification:_identify(src/pinky_pro/pinky_led) by extensions ['colcon_pkg']
[1.465s] Level 1:colcon.colcon_core.package_identification:_identify(src/pinky_pro/pinky_led) by extension 'colcon_pkg'
[1.466s] Level 1:colcon.colcon_core.package_identification:_identify(src/pinky_pro/pinky_led) by extensions ['colcon_meta']
[1.466s] Level 1:colcon.colcon_core.package_identification:_identify(src/pinky_pro/pinky_led) by extension 'colcon_meta'
[1.466s] Level 1:colcon.colcon_core.package_identification:_identify(src/pinky_pro/pinky_led) by extensions ['ros']
[1.466s] Level 1:colcon.colcon_core.package_identification:_identify(src/pinky_pro/pinky_led) by extension 'ros'
[1.469s] DEBUG:colcon.colcon_core.package_identification:Package 'src/pinky_pro/pinky_led' with type 'ros.ament_python' and name 'pinky_led'
[1.469s] Level 1:colcon.colcon_core.package_identification:_identify(src/pinky_pro/pinky_navigation) by extensions ['ignore', 'ignore_ament_install']
[1.470s] Level 1:colcon.colcon_core.package_identification:_identify(src/pinky_pro/pinky_navigation) by extension 'ignore'
[1.470s] Level 1:colcon.colcon_core.package_identification:_identify(src/pinky_pro/pinky_navigation) by extension 'ignore_ament_install'
[1.470s] Level 1:colcon.colcon_core.package_identification:_identify(src/pinky_pro/pinky_navigation) by extensions ['colcon_pkg']
[1.470s] Level 1:colcon.colcon_core.package_identification:_identify(src/pinky_pro/pinky_navigation) by extension 'colcon_pkg'
[1.471s] Level 1:colcon.colcon_core.package_identification:_identify(src/pinky_pro/pinky_navigation) by extensions ['colcon_meta']
[1.471s] Level 1:colcon.colcon_core.package_identification:_identify(src/pinky_pro/pinky_navigation) by extension 'colcon_meta'
[1.471s] Level 1:colcon.colcon_core.package_identification:_identify(src/pinky_pro/pinky_navigation) by extensions ['ros']
[1.471s] Level 1:colcon.colcon_core.package_identification:_identify(src/pinky_pro/pinky_navigation) by extension 'ros'
[1.473s] DEBUG:colcon.colcon_core.package_identification:Package 'src/pinky_pro/pinky_navigation' with type 'ros.ament_cmake' and name 'pinky_navigation'
[1.474s] Level 1:colcon.colcon_core.package_identification:_identify(src/pinky_pro/pinky_sensor_adc) by extensions ['ignore', 'ignore_ament_install']
[1.474s] Level 1:colcon.colcon_core.package_identification:_identify(src/pinky_pro/pinky_sensor_adc) by extension 'ignore'
[1.474s] Level 1:colcon.colcon_core.package_identification:_identify(src/pinky_pro/pinky_sensor_adc) by extension 'ignore_ament_install'
[1.475s] Level 1:colcon.colcon_core.package_identification:_identify(src/pinky_pro/pinky_sensor_adc) by extensions ['colcon_pkg']
[1.475s] Level 1:colcon.colcon_core.package_identification:_identify(src/pinky_pro/pinky_sensor_adc) by extension 'colcon_pkg'
[1.475s] Level 1:colcon.colcon_core.package_identification:_identify(src/pinky_pro/pinky_sensor_adc) by extensions ['colcon_meta']
[1.475s] Level 1:colcon.colcon_core.package_identification:_identify(src/pinky_pro/pinky_sensor_adc) by extension 'colcon_meta'
[1.475s] Level 1:colcon.colcon_core.package_identification:_identify(src/pinky_pro/pinky_sensor_adc) by extensions ['ros']
[1.476s] Level 1:colcon.colcon_core.package_identification:_identify(src/pinky_pro/pinky_sensor_adc) by extension 'ros'
[1.479s] DEBUG:colcon.colcon_core.package_identification:Package 'src/pinky_pro/pinky_sensor_adc' with type 'ros.ament_cmake' and name 'pinky_sensor_adc'
[1.479s] Level 1:colcon.colcon_core.package_identification:_identify(src/sllidar_ros2) by extensions ['ignore', 'ignore_ament_install']
[1.480s] Level 1:colcon.colcon_core.package_identification:_identify(src/sllidar_ros2) by extension 'ignore'
[1.480s] Level 1:colcon.colcon_core.package_identification:_identify(src/sllidar_ros2) by extension 'ignore_ament_install'
[1.480s] Level 1:colcon.colcon_core.package_identification:_identify(src/sllidar_ros2) by extensions ['colcon_pkg']
[1.480s] Level 1:colcon.colcon_core.package_identification:_identify(src/sllidar_ros2) by extension 'colcon_pkg'
[1.481s] Level 1:colcon.colcon_core.package_identification:_identify(src/sllidar_ros2) by extensions ['colcon_meta']
[1.481s] Level 1:colcon.colcon_core.package_identification:_identify(src/sllidar_ros2) by extension 'colcon_meta'
[1.481s] Level 1:colcon.colcon_core.package_identification:_identify(src/sllidar_ros2) by extensions ['ros']
[1.481s] Level 1:colcon.colcon_core.package_identification:_identify(src/sllidar_ros2) by extension 'ros'
[1.483s] DEBUG:colcon.colcon_core.package_identification:Package 'src/sllidar_ros2' with type 'ros.ament_cmake' and name 'sllidar_ros2'
[1.484s] Level 1:colcon.colcon_core.package_discovery:discover_packages(recursive) using defaults
[1.484s] Level 1:colcon.colcon_core.package_discovery:discover_packages(ignore) discover
[1.484s] Level 1:colcon.colcon_core.package_discovery:discover_packages(ignore) using defaults
[1.484s] Level 1:colcon.colcon_core.package_discovery:discover_packages(path) discover
[1.484s] Level 1:colcon.colcon_core.package_discovery:discover_packages(path) using defaults
[1.657s] INFO:colcon.colcon_core.package_selection:Skipping not selected package 'pinky_bringup' in 'src/pinky_pro/pinky_bringup'
[1.657s] INFO:colcon.colcon_core.package_selection:Skipping not selected package 'pinky_description' in 'src/pinky_pro/pinky_description'
[1.657s] INFO:colcon.colcon_core.package_selection:Skipping not selected package 'pinky_emotion' in 'src/pinky_pro/pinky_emotion'
[1.657s] INFO:colcon.colcon_core.package_selection:Skipping not selected package 'pinky_gz_sim' in 'src/pinky_pro/pinky_gz_sim'
[1.657s] INFO:colcon.colcon_core.package_selection:Skipping not selected package 'pinky_imu_bno055' in 'src/pinky_pro/pinky_imu_bno055'
[1.658s] INFO:colcon.colcon_core.package_selection:Skipping not selected package 'pinky_interfaces' in 'src/pinky_pro/pinky_interfaces'
[1.658s] INFO:colcon.colcon_core.package_selection:Skipping not selected package 'pinky_led' in 'src/pinky_pro/pinky_led'
[1.658s] INFO:colcon.colcon_core.package_selection:Skipping not selected package 'pinky_sensor_adc' in 'src/pinky_pro/pinky_sensor_adc'
[1.658s] INFO:colcon.colcon_core.package_selection:Skipping not selected package 'sllidar_ros2' in 'src/sllidar_ros2'
[1.661s] Level 1:colcon.colcon_core.package_discovery:discover_packages(prefix_path) check parameters
[1.661s] Level 1:colcon.colcon_core.package_discovery:discover_packages(prefix_path) discover
[1.682s] DEBUG:colcon.colcon_installed_package_information.package_discovery:Found 10 installed packages in /home/pinky/pinky_pro/install
[1.698s] DEBUG:colcon.colcon_installed_package_information.package_discovery:Found 426 installed packages in /opt/ros/jazzy
[1.707s] Level 1:colcon.colcon_core.package_discovery:discover_packages(prefix_path) using defaults
[2.020s] Level 5:colcon.colcon_core.verb:set package 'pinky_navigation' build argument 'cmake_args' from command line to 'None'
[2.020s] Level 5:colcon.colcon_core.verb:set package 'pinky_navigation' build argument 'cmake_target' from command line to 'None'
[2.021s] Level 5:colcon.colcon_core.verb:set package 'pinky_navigation' build argument 'cmake_target_skip_unavailable' from command line to 'False'
[2.021s] Level 5:colcon.colcon_core.verb:set package 'pinky_navigation' build argument 'cmake_clean_cache' from command line to 'False'
[2.021s] Level 5:colcon.colcon_core.verb:set package 'pinky_navigation' build argument 'cmake_clean_first' from command line to 'False'
[2.021s] Level 5:colcon.colcon_core.verb:set package 'pinky_navigation' build argument 'cmake_force_configure' from command line to 'False'
[2.021s] Level 5:colcon.colcon_core.verb:set package 'pinky_navigation' build argument 'ament_cmake_args' from command line to 'None'
[2.021s] Level 5:colcon.colcon_core.verb:set package 'pinky_navigation' build argument 'catkin_cmake_args' from command line to 'None'
[2.021s] Level 5:colcon.colcon_core.verb:set package 'pinky_navigation' build argument 'catkin_skip_building_tests' from command line to 'False'
[2.022s] DEBUG:colcon.colcon_core.verb:Building package 'pinky_navigation' with the following arguments: {'ament_cmake_args': None, 'build_base': '/home/pinky/pinky_pro/build/pinky_navigation', 'catkin_cmake_args': None, 'catkin_skip_building_tests': False, 'cmake_args': None, 'cmake_clean_cache': False, 'cmake_clean_first': False, 'cmake_force_configure': False, 'cmake_target': None, 'cmake_target_skip_unavailable': False, 'install_base': '/home/pinky/pinky_pro/install/pinky_navigation', 'merge_install': False, 'path': '/home/pinky/pinky_pro/src/pinky_pro/pinky_navigation', 'symlink_install': False, 'test_result_base': None}
[2.022s] INFO:colcon.colcon_core.executor:Executing jobs using 'parallel' executor
[2.027s] DEBUG:colcon.colcon_parallel_executor.executor.parallel:run_until_complete
[2.029s] INFO:colcon.colcon_ros.task.ament_cmake.build:Building ROS package in '/home/pinky/pinky_pro/src/pinky_pro/pinky_navigation' with build type 'ament_cmake'
[2.029s] INFO:colcon.colcon_cmake.task.cmake.build:Building CMake package in '/home/pinky/pinky_pro/src/pinky_pro/pinky_navigation'
[2.053s] INFO:colcon.colcon_core.plugin_system:Skipping extension 'colcon_core.shell.bat': Not used on non-Windows systems
[2.054s] INFO:colcon.colcon_core.shell:Skip shell extension 'powershell' for command environment: Not usable outside of PowerShell
[2.054s] DEBUG:colcon.colcon_core.shell:Skip shell extension 'dsv' for command environment
[2.120s] DEBUG:colcon.colcon_core.event_handler.log_command:Invoking command in '/home/pinky/pinky_pro/build/pinky_navigation': CMAKE_PREFIX_PATH=${CMAKE_PREFIX_PATH}:/home/pinky/pinky_pro/install/pinky_led:/home/pinky/pinky_pro/install/pinky_emotion:/home/pinky/pinky_pro/install/pinky_bringup:/opt/ros/jazzy DEBUGINFOD_URLS=https://debuginfod.ubuntu.com /usr/bin/cmake --build /home/pinky/pinky_pro/build/pinky_navigation -- -j4 -l4
[2.397s] DEBUG:colcon.colcon_core.event_handler.log_command:Invoked command in '/home/pinky/pinky_pro/build/pinky_navigation' returned '0': CMAKE_PREFIX_PATH=${CMAKE_PREFIX_PATH}:/home/pinky/pinky_pro/install/pinky_led:/home/pinky/pinky_pro/install/pinky_emotion:/home/pinky/pinky_pro/install/pinky_bringup:/opt/ros/jazzy DEBUGINFOD_URLS=https://debuginfod.ubuntu.com /usr/bin/cmake --build /home/pinky/pinky_pro/build/pinky_navigation -- -j4 -l4
[2.466s] DEBUG:colcon.colcon_core.event_handler.log_command:Invoking command in '/home/pinky/pinky_pro/build/pinky_navigation': CMAKE_PREFIX_PATH=${CMAKE_PREFIX_PATH}:/home/pinky/pinky_pro/install/pinky_led:/home/pinky/pinky_pro/install/pinky_emotion:/home/pinky/pinky_pro/install/pinky_bringup:/opt/ros/jazzy DEBUGINFOD_URLS=https://debuginfod.ubuntu.com /usr/bin/cmake --install /home/pinky/pinky_pro/build/pinky_navigation
[2.553s] Level 1:colcon.colcon_core.environment:create_environment_scripts_only(pinky_navigation)
[2.568s] DEBUG:colcon.colcon_core.event_handler.log_command:Invoked command in '/home/pinky/pinky_pro/build/pinky_navigation' returned '0': CMAKE_PREFIX_PATH=${CMAKE_PREFIX_PATH}:/home/pinky/pinky_pro/install/pinky_led:/home/pinky/pinky_pro/install/pinky_emotion:/home/pinky/pinky_pro/install/pinky_bringup:/opt/ros/jazzy DEBUGINFOD_URLS=https://debuginfod.ubuntu.com /usr/bin/cmake --install /home/pinky/pinky_pro/build/pinky_navigation
[2.587s] Level 1:colcon.colcon_core.environment:checking '/home/pinky/pinky_pro/install/pinky_navigation' for CMake module files
[2.591s] Level 1:colcon.colcon_core.environment:checking '/home/pinky/pinky_pro/install/pinky_navigation' for CMake config files
[2.594s] Level 1:colcon.colcon_core.shell:create_environment_hook('pinky_navigation', 'cmake_prefix_path')
[2.595s] INFO:colcon.colcon_core.shell:Creating environment hook '/home/pinky/pinky_pro/install/pinky_navigation/share/pinky_navigation/hook/cmake_prefix_path.ps1'
[2.597s] INFO:colcon.colcon_core.shell:Creating environment descriptor '/home/pinky/pinky_pro/install/pinky_navigation/share/pinky_navigation/hook/cmake_prefix_path.dsv'
[2.600s] INFO:colcon.colcon_core.shell:Creating environment hook '/home/pinky/pinky_pro/install/pinky_navigation/share/pinky_navigation/hook/cmake_prefix_path.sh'
[2.603s] Level 1:colcon.colcon_core.environment:checking '/home/pinky/pinky_pro/install/pinky_navigation/lib'
[2.604s] Level 1:colcon.colcon_core.environment:checking '/home/pinky/pinky_pro/install/pinky_navigation/bin'
[2.604s] Level 1:colcon.colcon_core.environment:checking '/home/pinky/pinky_pro/install/pinky_navigation/lib/pkgconfig/pinky_navigation.pc'
[2.605s] Level 1:colcon.colcon_core.environment:checking '/home/pinky/pinky_pro/install/pinky_navigation/lib/python3.12/site-packages'
[2.606s] Level 1:colcon.colcon_core.environment:checking '/home/pinky/pinky_pro/install/pinky_navigation/bin'
[2.608s] INFO:colcon.colcon_core.shell:Creating package script '/home/pinky/pinky_pro/install/pinky_navigation/share/pinky_navigation/package.ps1'
[2.610s] INFO:colcon.colcon_core.shell:Creating package descriptor '/home/pinky/pinky_pro/install/pinky_navigation/share/pinky_navigation/package.dsv'
[2.612s] INFO:colcon.colcon_core.shell:Creating package script '/home/pinky/pinky_pro/install/pinky_navigation/share/pinky_navigation/package.sh'
[2.615s] INFO:colcon.colcon_core.shell:Creating package script '/home/pinky/pinky_pro/install/pinky_navigation/share/pinky_navigation/package.bash'
[2.619s] INFO:colcon.colcon_core.shell:Creating package script '/home/pinky/pinky_pro/install/pinky_navigation/share/pinky_navigation/package.zsh'
[2.622s] Level 1:colcon.colcon_core.environment:create_file_with_runtime_dependencies(/home/pinky/pinky_pro/install/pinky_navigation/share/colcon-core/packages/pinky_navigation)
[2.625s] Level 1:colcon.colcon_core.environment:create_environment_scripts_only(pinky_navigation)
[2.626s] Level 1:colcon.colcon_core.environment:checking '/home/pinky/pinky_pro/install/pinky_navigation' for CMake module files
[2.631s] Level 1:colcon.colcon_core.environment:checking '/home/pinky/pinky_pro/install/pinky_navigation' for CMake config files
[2.633s] Level 1:colcon.colcon_core.shell:create_environment_hook('pinky_navigation', 'cmake_prefix_path')
[2.633s] INFO:colcon.colcon_core.shell:Creating environment hook '/home/pinky/pinky_pro/install/pinky_navigation/share/pinky_navigation/hook/cmake_prefix_path.ps1'
[2.635s] INFO:colcon.colcon_core.shell:Creating environment descriptor '/home/pinky/pinky_pro/install/pinky_navigation/share/pinky_navigation/hook/cmake_prefix_path.dsv'
[2.637s] INFO:colcon.colcon_core.shell:Creating environment hook '/home/pinky/pinky_pro/install/pinky_navigation/share/pinky_navigation/hook/cmake_prefix_path.sh'
[2.640s] Level 1:colcon.colcon_core.environment:checking '/home/pinky/pinky_pro/install/pinky_navigation/lib'
[2.640s] Level 1:colcon.colcon_core.environment:checking '/home/pinky/pinky_pro/install/pinky_navigation/bin'
[2.640s] Level 1:colcon.colcon_core.environment:checking '/home/pinky/pinky_pro/install/pinky_navigation/lib/pkgconfig/pinky_navigation.pc'
[2.641s] Level 1:colcon.colcon_core.environment:checking '/home/pinky/pinky_pro/install/pinky_navigation/lib/python3.12/site-packages'
[2.643s] Level 1:colcon.colcon_core.environment:checking '/home/pinky/pinky_pro/install/pinky_navigation/bin'
[2.644s] INFO:colcon.colcon_core.shell:Creating package script '/home/pinky/pinky_pro/install/pinky_navigation/share/pinky_navigation/package.ps1'
[2.646s] INFO:colcon.colcon_core.shell:Creating package descriptor '/home/pinky/pinky_pro/install/pinky_navigation/share/pinky_navigation/package.dsv'
[2.648s] INFO:colcon.colcon_core.shell:Creating package script '/home/pinky/pinky_pro/install/pinky_navigation/share/pinky_navigation/package.sh'
[2.650s] INFO:colcon.colcon_core.shell:Creating package script '/home/pinky/pinky_pro/install/pinky_navigation/share/pinky_navigation/package.bash'
[2.652s] INFO:colcon.colcon_core.shell:Creating package script '/home/pinky/pinky_pro/install/pinky_navigation/share/pinky_navigation/package.zsh'
[2.655s] Level 1:colcon.colcon_core.environment:create_file_with_runtime_dependencies(/home/pinky/pinky_pro/install/pinky_navigation/share/colcon-core/packages/pinky_navigation)
[2.657s] DEBUG:colcon.colcon_parallel_executor.executor.parallel:closing loop
[2.659s] DEBUG:colcon.colcon_parallel_executor.executor.parallel:loop closed
[2.659s] DEBUG:colcon.colcon_parallel_executor.executor.parallel:run_until_complete finished with '0'
[2.659s] DEBUG:colcon.colcon_core.event_reactor:joining thread
[2.702s] INFO:colcon.colcon_core.plugin_system:Skipping extension 'colcon_notification.desktop_notification.terminal_notifier': Not used on non-Darwin systems
[2.702s] INFO:colcon.colcon_core.plugin_system:Skipping extension 'colcon_notification.desktop_notification.win32': Not used on non-Windows systems
[2.702s] INFO:colcon.colcon_notification.desktop_notification:Sending desktop notification using 'notify2'
[2.708s] DEBUG:colcon.colcon_notification.desktop_notification.notify2:Failed to initialize notify2: org.freedesktop.DBus.Error.ServiceUnknown: The name org.freedesktop.Notifications was not provided by any .service files
[2.708s] DEBUG:colcon.colcon_core.event_reactor:joined thread
[2.709s] INFO:colcon.colcon_core.shell:Creating prefix script '/home/pinky/pinky_pro/install/local_setup.ps1'
[2.712s] INFO:colcon.colcon_core.shell:Creating prefix util module '/home/pinky/pinky_pro/install/_local_setup_util_ps1.py'
[2.719s] INFO:colcon.colcon_core.shell:Creating prefix chain script '/home/pinky/pinky_pro/install/setup.ps1'
[2.746s] INFO:colcon.colcon_core.shell:Creating prefix script '/home/pinky/pinky_pro/install/local_setup.sh'
[2.749s] INFO:colcon.colcon_core.shell:Creating prefix util module '/home/pinky/pinky_pro/install/_local_setup_util_sh.py'
[2.753s] INFO:colcon.colcon_core.shell:Creating prefix chain script '/home/pinky/pinky_pro/install/setup.sh'
[2.764s] INFO:colcon.colcon_core.shell:Creating prefix script '/home/pinky/pinky_pro/install/local_setup.bash'
[2.767s] INFO:colcon.colcon_core.shell:Creating prefix chain script '/home/pinky/pinky_pro/install/setup.bash'
[2.774s] INFO:colcon.colcon_core.shell:Creating prefix script '/home/pinky/pinky_pro/install/local_setup.zsh'
[2.776s] INFO:colcon.colcon_core.shell:Creating prefix chain script '/home/pinky/pinky_pro/install/setup.zsh'
