-- Install configuration: ""
-- Up-to-date: /home/pinky/pinky_pro/install/pinky_navigation/lib/pinky_navigation/nav2_web_server.py
-- Up-to-date: /home/pinky/pinky_pro/install/pinky_navigation/lib/pinky_navigation/index.html
-- Up-to-date: /home/pinky/pinky_pro/install/pinky_navigation/lib/pinky_navigation/pinklab_logo.png
-- Up-to-date: /home/pinky/pinky_pro/install/pinky_navigation/share/pinky_navigation/launch
-- Up-to-date: /home/pinky/pinky_pro/install/pinky_navigation/share/pinky_navigation/launch/nav2_view.launch.xml
-- Up-to-date: /home/pinky/pinky_pro/install/pinky_navigation/share/pinky_navigation/launch/gz_nav2_view.launch.xml
-- Up-to-date: /home/pinky/pinky_pro/install/pinky_navigation/share/pinky_navigation/launch/web_slam.launch.xml
-- Up-to-date: /home/pinky/pinky_pro/install/pinky_navigation/share/pinky_navigation/launch/web_nav2.launch.xml
-- Up-to-date: /home/pinky/pinky_pro/install/pinky_navigation/share/pinky_navigation/launch/gz_bringup_launch.xml
-- Up-to-date: /home/pinky/pinky_pro/install/pinky_navigation/share/pinky_navigation/launch/localization_launch.xml
-- Up-to-date: /home/pinky/pinky_pro/install/pinky_navigation/share/pinky_navigation/launch/gz_web_nav2.launch.xml
-- Up-to-date: /home/pinky/pinky_pro/install/pinky_navigation/share/pinky_navigation/launch/gz_map_view.launch.xml
-- Up-to-date: /home/pinky/pinky_pro/install/pinky_navigation/share/pinky_navigation/launch/map_view.launch.xml
-- Up-to-date: /home/pinky/pinky_pro/install/pinky_navigation/share/pinky_navigation/launch/map_building.launch.xml
-- Up-to-date: /home/pinky/pinky_pro/install/pinky_navigation/share/pinky_navigation/launch/gz_map_building.launch.xml
-- Up-to-date: /home/pinky/pinky_pro/install/pinky_navigation/share/pinky_navigation/launch/gz_web_slam.launch.xml
-- Up-to-date: /home/pinky/pinky_pro/install/pinky_navigation/share/pinky_navigation/launch/bringup_launch.xml
-- Up-to-date: /home/pinky/pinky_pro/install/pinky_navigation/share/pinky_navigation/launch/navigation_launch.xml
-- Up-to-date: /home/pinky/pinky_pro/install/pinky_navigation/share/pinky_navigation/params
-- Up-to-date: /home/pinky/pinky_pro/install/pinky_navigation/share/pinky_navigation/params/nav2_params.yaml
-- Up-to-date: /home/pinky/pinky_pro/install/pinky_navigation/share/pinky_navigation/params/mapper_params.yaml
-- Up-to-date: /home/pinky/pinky_pro/install/pinky_navigation/share/pinky_navigation/map
-- Up-to-date: /home/pinky/pinky_pro/install/pinky_navigation/share/pinky_navigation/map/my_map.yaml
-- Up-to-date: /home/pinky/pinky_pro/install/pinky_navigation/share/pinky_navigation/map/my_map.pgm
-- Up-to-date: /home/pinky/pinky_pro/install/pinky_navigation/share/pinky_navigation/map/pinklab.yaml
-- Up-to-date: /home/pinky/pinky_pro/install/pinky_navigation/share/pinky_navigation/map/pinklab.png
-- Up-to-date: /home/pinky/pinky_pro/install/pinky_navigation/share/pinky_navigation/rviz
-- Up-to-date: /home/pinky/pinky_pro/install/pinky_navigation/share/pinky_navigation/rviz/nav2_view.rviz
-- Up-to-date: /home/pinky/pinky_pro/install/pinky_navigation/share/pinky_navigation/rviz/map_building.rviz
-- Up-to-date: /home/pinky/pinky_pro/install/pinky_navigation/share/ament_index/resource_index/package_run_dependencies/pinky_navigation
-- Up-to-date: /home/pinky/pinky_pro/install/pinky_navigation/share/ament_index/resource_index/parent_prefix_path/pinky_navigation
-- Up-to-date: /home/pinky/pinky_pro/install/pinky_navigation/share/pinky_navigation/environment/ament_prefix_path.sh
-- Up-to-date: /home/pinky/pinky_pro/install/pinky_navigation/share/pinky_navigation/environment/ament_prefix_path.dsv
-- Up-to-date: /home/pinky/pinky_pro/install/pinky_navigation/share/pinky_navigation/environment/path.sh
-- Up-to-date: /home/pinky/pinky_pro/install/pinky_navigation/share/pinky_navigation/environment/path.dsv
-- Up-to-date: /home/pinky/pinky_pro/install/pinky_navigation/share/pinky_navigation/local_setup.bash
-- Up-to-date: /home/pinky/pinky_pro/install/pinky_navigation/share/pinky_navigation/local_setup.sh
-- Up-to-date: /home/pinky/pinky_pro/install/pinky_navigation/share/pinky_navigation/local_setup.zsh
-- Up-to-date: /home/pinky/pinky_pro/install/pinky_navigation/share/pinky_navigation/local_setup.dsv
-- Up-to-date: /home/pinky/pinky_pro/install/pinky_navigation/share/pinky_navigation/package.dsv
-- Up-to-date: /home/pinky/pinky_pro/install/pinky_navigation/share/ament_index/resource_index/packages/pinky_navigation
-- Up-to-date: /home/pinky/pinky_pro/install/pinky_navigation/share/pinky_navigation/cmake/pinky_navigationConfig.cmake
-- Up-to-date: /home/pinky/pinky_pro/install/pinky_navigation/share/pinky_navigation/cmake/pinky_navigationConfig-version.cmake
-- Up-to-date: /home/pinky/pinky_pro/install/pinky_navigation/share/pinky_navigation/package.xml
