running egg_info
writing ../../../build/pinky_led/pinky_led.egg-info/PKG-INFO
writing dependency_links to ../../../build/pinky_led/pinky_led.egg-info/dependency_links.txt
writing entry points to ../../../build/pinky_led/pinky_led.egg-info/entry_points.txt
writing requirements to ../../../build/pinky_led/pinky_led.egg-info/requires.txt
writing top-level names to ../../../build/pinky_led/pinky_led.egg-info/top_level.txt
reading manifest file '../../../build/pinky_led/pinky_led.egg-info/SOURCES.txt'
writing manifest file '../../../build/pinky_led/pinky_led.egg-info/SOURCES.txt'
running build
running build_py
copying pinky_led/__init__.py -> /home/pinky/pinky_pro/build/pinky_led/build/lib/pinky_led
copying pinky_led/led_server.py -> /home/pinky/pinky_pro/build/pinky_led/build/lib/pinky_led
copying pinky_led/pinkyled.py -> /home/pinky/pinky_pro/build/pinky_led/build/lib/pinky_led
running install
running install_lib
running install_data
copying resource/pinky_led -> /home/pinky/pinky_pro/install/pinky_led/share/ament_index/resource_index/packages
copying package.xml -> /home/pinky/pinky_pro/install/pinky_led/share/pinky_led
running install_egg_info
removing '/home/pinky/pinky_pro/install/pinky_led/lib/python3.12/site-packages/pinky_led-0.0.0-py3.12.egg-info' (and everything under it)
Copying ../../../build/pinky_led/pinky_led.egg-info to /home/pinky/pinky_pro/install/pinky_led/lib/python3.12/site-packages/pinky_led-0.0.0-py3.12.egg-info
running install_scripts
Installing led_server script to /home/pinky/pinky_pro/install/pinky_led/lib/pinky_led
writing list of installed files to '/home/pinky/pinky_pro/build/pinky_led/install.log'
