[8.782s] Invoking command in '/home/pinky/pinky_pro/src/pinky_pro/pinky_led': DEBUGINFOD_URLS=https://debuginfod.ubuntu.com PYTHONPATH=/home/pinky/pinky_pro/build/pinky_led/prefix_override:/usr/lib/python3/dist-packages/colcon_core/task/python/colcon_distutils_commands:/home/pinky/pinky_pro/install/pinky_led/lib/python3.12/site-packages:${PYTHONPATH} /usr/bin/python3 -W ignore:setup.py install is deprecated -W ignore:easy_install command is deprecated setup.py egg_info --egg-base ../../../build/pinky_led build --build-base /home/pinky/pinky_pro/build/pinky_led/build install --record /home/pinky/pinky_pro/build/pinky_led/install.log --single-version-externally-managed install_data
[11.333s] running egg_info
[11.631s] writing ../../../build/pinky_led/pinky_led.egg-info/PKG-INFO
[11.638s] writing dependency_links to ../../../build/pinky_led/pinky_led.egg-info/dependency_links.txt
[11.642s] writing entry points to ../../../build/pinky_led/pinky_led.egg-info/entry_points.txt
[11.645s] writing requirements to ../../../build/pinky_led/pinky_led.egg-info/requires.txt
[11.648s] writing top-level names to ../../../build/pinky_led/pinky_led.egg-info/top_level.txt
[12.057s] reading manifest file '../../../build/pinky_led/pinky_led.egg-info/SOURCES.txt'
[12.061s] writing manifest file '../../../build/pinky_led/pinky_led.egg-info/SOURCES.txt'
[12.062s] running build
[12.063s] running build_py
[12.064s] copying pinky_led/__init__.py -> /home/pinky/pinky_pro/build/pinky_led/build/lib/pinky_led
[12.065s] copying pinky_led/led_server.py -> /home/pinky/pinky_pro/build/pinky_led/build/lib/pinky_led
[12.066s] copying pinky_led/pinkyled.py -> /home/pinky/pinky_pro/build/pinky_led/build/lib/pinky_led
[12.066s] running install
[12.092s] running install_lib
[12.227s] running install_data
[12.228s] copying resource/pinky_led -> /home/pinky/pinky_pro/install/pinky_led/share/ament_index/resource_index/packages
[12.229s] copying package.xml -> /home/pinky/pinky_pro/install/pinky_led/share/pinky_led
[12.230s] running install_egg_info
[12.373s] removing '/home/pinky/pinky_pro/install/pinky_led/lib/python3.12/site-packages/pinky_led-0.0.0-py3.12.egg-info' (and everything under it)
[12.376s] Copying ../../../build/pinky_led/pinky_led.egg-info to /home/pinky/pinky_pro/install/pinky_led/lib/python3.12/site-packages/pinky_led-0.0.0-py3.12.egg-info
[12.382s] running install_scripts
[13.326s] Installing led_server script to /home/pinky/pinky_pro/install/pinky_led/lib/pinky_led
[13.328s] writing list of installed files to '/home/pinky/pinky_pro/build/pinky_led/install.log'
[13.482s] Invoked command in '/home/pinky/pinky_pro/src/pinky_pro/pinky_led' returned '0': DEBUGINFOD_URLS=https://debuginfod.ubuntu.com PYTHONPATH=/home/pinky/pinky_pro/build/pinky_led/prefix_override:/usr/lib/python3/dist-packages/colcon_core/task/python/colcon_distutils_commands:/home/pinky/pinky_pro/install/pinky_led/lib/python3.12/site-packages:${PYTHONPATH} /usr/bin/python3 -W ignore:setup.py install is deprecated -W ignore:easy_install command is deprecated setup.py egg_info --egg-base ../../../build/pinky_led build --build-base /home/pinky/pinky_pro/build/pinky_led/build install --record /home/pinky/pinky_pro/build/pinky_led/install.log --single-version-externally-managed install_data
