[1.581s] Invoking command in '/home/pinky/pinky_pro/build/pinky_navigation': CMAKE_PREFIX_PATH=${CMAKE_PREFIX_PATH}:/home/pinky/pinky_pro/install/pinky_led:/home/pinky/pinky_pro/install/pinky_emotion:/home/pinky/pinky_pro/install/pinky_bringup:/opt/ros/jazzy DEBUGINFOD_URLS=https://debuginfod.ubuntu.com /usr/bin/cmake /home/pinky/pinky_pro/src/pinky_pro/pinky_navigation -DCMAKE_INSTALL_PREFIX=/home/pinky/pinky_pro/install/pinky_navigation
[2.008s] -- The C compiler identification is GNU 13.3.0
[2.375s] -- The CXX compiler identification is GNU 13.3.0
[2.494s] -- Detecting C compiler ABI info
[3.146s] -- Detecting C compiler ABI info - done
[3.204s] -- Check for working C compiler: /usr/bin/cc - skipped
[3.207s] -- Detecting C compile features
[3.208s] -- Detecting C compile features - done
[3.277s] -- Detecting CXX compiler ABI info
[4.021s] -- Detecting CXX compiler ABI info - done
[4.075s] -- Check for working CXX compiler: /usr/bin/c++ - skipped
[4.077s] -- Detecting CXX compile features
[4.078s] -- Detecting CXX compile features - done
[4.155s] -- Found ament_cmake: 2.5.5 (/opt/ros/jazzy/share/ament_cmake/cmake)
[5.495s] -- Found Python3: /usr/bin/python3 (found version "3.12.3") found components: Interpreter 
[6.904s] -- Found ament_lint_auto: 0.17.4 (/opt/ros/jazzy/share/ament_lint_auto/cmake)
[8.169s] -- Added test 'flake8' to check Python code syntax and style conventions
[8.170s] -- Configured 'flake8' exclude dirs and/or files: 
[8.180s] -- Added test 'lint_cmake' to check CMake code style
[8.188s] -- Added test 'pep257' to check Python code against some of the docstring style conventions in PEP 257
[8.213s] -- Added test 'xmllint' to check XML markup files
[8.230s] -- Configuring done (6.6s)
[8.256s] -- Generating done (0.0s)
[8.268s] -- Build files have been written to: /home/pinky/pinky_pro/build/pinky_navigation
[8.297s] Invoked command in '/home/pinky/pinky_pro/build/pinky_navigation' returned '0': CMAKE_PREFIX_PATH=${CMAKE_PREFIX_PATH}:/home/pinky/pinky_pro/install/pinky_led:/home/pinky/pinky_pro/install/pinky_emotion:/home/pinky/pinky_pro/install/pinky_bringup:/opt/ros/jazzy DEBUGINFOD_URLS=https://debuginfod.ubuntu.com /usr/bin/cmake /home/pinky/pinky_pro/src/pinky_pro/pinky_navigation -DCMAKE_INSTALL_PREFIX=/home/pinky/pinky_pro/install/pinky_navigation
[8.302s] Invoking command in '/home/pinky/pinky_pro/build/pinky_navigation': CMAKE_PREFIX_PATH=${CMAKE_PREFIX_PATH}:/home/pinky/pinky_pro/install/pinky_led:/home/pinky/pinky_pro/install/pinky_emotion:/home/pinky/pinky_pro/install/pinky_bringup:/opt/ros/jazzy DEBUGINFOD_URLS=https://debuginfod.ubuntu.com /usr/bin/cmake --build /home/pinky/pinky_pro/build/pinky_navigation -- -j4 -l4
[8.637s] Invoked command in '/home/pinky/pinky_pro/build/pinky_navigation' returned '0': CMAKE_PREFIX_PATH=${CMAKE_PREFIX_PATH}:/home/pinky/pinky_pro/install/pinky_led:/home/pinky/pinky_pro/install/pinky_emotion:/home/pinky/pinky_pro/install/pinky_bringup:/opt/ros/jazzy DEBUGINFOD_URLS=https://debuginfod.ubuntu.com /usr/bin/cmake --build /home/pinky/pinky_pro/build/pinky_navigation -- -j4 -l4
[8.644s] Invoking command in '/home/pinky/pinky_pro/build/pinky_navigation': CMAKE_PREFIX_PATH=${CMAKE_PREFIX_PATH}:/home/pinky/pinky_pro/install/pinky_led:/home/pinky/pinky_pro/install/pinky_emotion:/home/pinky/pinky_pro/install/pinky_bringup:/opt/ros/jazzy DEBUGINFOD_URLS=https://debuginfod.ubuntu.com /usr/bin/cmake --install /home/pinky/pinky_pro/build/pinky_navigation
[8.714s] -- Install configuration: ""
[8.716s] -- Installing: /home/pinky/pinky_pro/install/pinky_navigation/lib/pinky_navigation/nav2_web_server.py
[8.720s] -- Installing: /home/pinky/pinky_pro/install/pinky_navigation/lib/pinky_navigation/index.html
[8.724s] -- Installing: /home/pinky/pinky_pro/install/pinky_navigation/lib/pinky_navigation/pinklab_logo.png
[8.730s] -- Installing: /home/pinky/pinky_pro/install/pinky_navigation/share/pinky_navigation/launch
[8.732s] -- Installing: /home/pinky/pinky_pro/install/pinky_navigation/share/pinky_navigation/launch/nav2_view.launch.xml
[8.737s] -- Installing: /home/pinky/pinky_pro/install/pinky_navigation/share/pinky_navigation/launch/gz_nav2_view.launch.xml
[8.738s] -- Installing: /home/pinky/pinky_pro/install/pinky_navigation/share/pinky_navigation/launch/web_slam.launch.xml
[8.743s] -- Installing: /home/pinky/pinky_pro/install/pinky_navigation/share/pinky_navigation/launch/web_nav2.launch.xml
[8.744s] -- Installing: /home/pinky/pinky_pro/install/pinky_navigation/share/pinky_navigation/launch/gz_bringup_launch.xml
[8.748s] -- Installing: /home/pinky/pinky_pro/install/pinky_navigation/share/pinky_navigation/launch/localization_launch.xml
[8.750s] -- Installing: /home/pinky/pinky_pro/install/pinky_navigation/share/pinky_navigation/launch/gz_web_nav2.launch.xml
[8.753s] -- Installing: /home/pinky/pinky_pro/install/pinky_navigation/share/pinky_navigation/launch/gz_map_view.launch.xml
[8.756s] -- Installing: /home/pinky/pinky_pro/install/pinky_navigation/share/pinky_navigation/launch/map_view.launch.xml
[8.758s] -- Installing: /home/pinky/pinky_pro/install/pinky_navigation/share/pinky_navigation/launch/map_building.launch.xml
[8.762s] -- Installing: /home/pinky/pinky_pro/install/pinky_navigation/share/pinky_navigation/launch/gz_map_building.launch.xml
[8.763s] -- Installing: /home/pinky/pinky_pro/install/pinky_navigation/share/pinky_navigation/launch/gz_web_slam.launch.xml
[8.767s] -- Installing: /home/pinky/pinky_pro/install/pinky_navigation/share/pinky_navigation/launch/bringup_launch.xml
[8.772s] -- Installing: /home/pinky/pinky_pro/install/pinky_navigation/share/pinky_navigation/launch/navigation_launch.xml
[8.774s] -- Installing: /home/pinky/pinky_pro/install/pinky_navigation/share/pinky_navigation/params
[8.774s] -- Installing: /home/pinky/pinky_pro/install/pinky_navigation/share/pinky_navigation/params/nav2_params.yaml
[8.778s] -- Installing: /home/pinky/pinky_pro/install/pinky_navigation/share/pinky_navigation/params/mapper_params.yaml
[8.780s] -- Installing: /home/pinky/pinky_pro/install/pinky_navigation/share/pinky_navigation/map
[8.782s] -- Installing: /home/pinky/pinky_pro/install/pinky_navigation/share/pinky_navigation/map/my_map.yaml
[8.784s] -- Installing: /home/pinky/pinky_pro/install/pinky_navigation/share/pinky_navigation/map/my_map.pgm
[8.787s] -- Installing: /home/pinky/pinky_pro/install/pinky_navigation/share/pinky_navigation/map/pinklab.yaml
[8.788s] -- Installing: /home/pinky/pinky_pro/install/pinky_navigation/share/pinky_navigation/map/pinklab.png
[8.790s] -- Installing: /home/pinky/pinky_pro/install/pinky_navigation/share/pinky_navigation/rviz
[8.793s] -- Installing: /home/pinky/pinky_pro/install/pinky_navigation/share/pinky_navigation/rviz/nav2_view.rviz
[8.799s] -- Installing: /home/pinky/pinky_pro/install/pinky_navigation/share/pinky_navigation/rviz/map_building.rviz
[8.799s] -- Installing: /home/pinky/pinky_pro/install/pinky_navigation/share/ament_index/resource_index/package_run_dependencies/pinky_navigation
[8.802s] -- Installing: /home/pinky/pinky_pro/install/pinky_navigation/share/ament_index/resource_index/parent_prefix_path/pinky_navigation
[8.807s] -- Installing: /home/pinky/pinky_pro/install/pinky_navigation/share/pinky_navigation/environment/ament_prefix_path.sh
[8.809s] -- Installing: /home/pinky/pinky_pro/install/pinky_navigation/share/pinky_navigation/environment/ament_prefix_path.dsv
[8.812s] -- Installing: /home/pinky/pinky_pro/install/pinky_navigation/share/pinky_navigation/environment/path.sh
[8.816s] -- Installing: /home/pinky/pinky_pro/install/pinky_navigation/share/pinky_navigation/environment/path.dsv
[8.818s] -- Installing: /home/pinky/pinky_pro/install/pinky_navigation/share/pinky_navigation/local_setup.bash
[8.821s] -- Installing: /home/pinky/pinky_pro/install/pinky_navigation/share/pinky_navigation/local_setup.sh
[8.823s] -- Installing: /home/pinky/pinky_pro/install/pinky_navigation/share/pinky_navigation/local_setup.zsh
[8.828s] -- Installing: /home/pinky/pinky_pro/install/pinky_navigation/share/pinky_navigation/local_setup.dsv
[8.828s] -- Installing: /home/pinky/pinky_pro/install/pinky_navigation/share/pinky_navigation/package.dsv
[8.831s] -- Installing: /home/pinky/pinky_pro/install/pinky_navigation/share/ament_index/resource_index/packages/pinky_navigation
[8.834s] -- Installing: /home/pinky/pinky_pro/install/pinky_navigation/share/pinky_navigation/cmake/pinky_navigationConfig.cmake
[8.837s] -- Installing: /home/pinky/pinky_pro/install/pinky_navigation/share/pinky_navigation/cmake/pinky_navigationConfig-version.cmake
[8.839s] -- Installing: /home/pinky/pinky_pro/install/pinky_navigation/share/pinky_navigation/package.xml
[8.850s] Invoked command in '/home/pinky/pinky_pro/build/pinky_navigation' returned '0': CMAKE_PREFIX_PATH=${CMAKE_PREFIX_PATH}:/home/pinky/pinky_pro/install/pinky_led:/home/pinky/pinky_pro/install/pinky_emotion:/home/pinky/pinky_pro/install/pinky_bringup:/opt/ros/jazzy DEBUGINFOD_URLS=https://debuginfod.ubuntu.com /usr/bin/cmake --install /home/pinky/pinky_pro/build/pinky_navigation
